93
ChatLitev6
NellyV MaxM NellyD ClementI ThomasO StefanH ThomasE PrabhakarB PetarJ SusanY StepanK LarryC
DataNextv9
ClementO SergeyR HiroshiI JenE PrzemekM FionaZ JenF StepanK PrzemekH BenjaminR LarryZ TatiyanaI NellyU SergeyA PrzemekW HiroshiD PetarV BenjaminY SergeyQ SergeyK LarryD TatiyanaX PhilippC JenS ThomasI
MarsUltrav4
PhilippY SergeyA TatiyanaT BenjaminY PetarG TatiyanaC StepanU MichalQ PhilippE LarryG ClementV MichalF SusanC BakhodirB PetarA ClementX RuthP
ScholarXv6
SundarD StefanK PrabhakarC LarryJ RuthB SundarA RuthF JenL MatasK BakhodirG JenR TatiyanaP
ScholarSv9
ThomasD ClementX BakhodirM SergeyR MaxB SergeyJ StefanU PrzemekU ThomasN SusanK FionaZ
FormsUltrav3
ThomasL MatasF HiroshiI NellyU StepanG PetarN TatiyanaA StepanO
DatasetSearchLitev6
PrzemekP MaxA BenjaminJ ClementJ TatiyanaC SundarI PhilippK PetarN HiroshiM
SkyLitev8
MatasK BenjaminD RuthO SusanT HiroshiD LarryJ PhilippT ThomasZ MichalZ PrzemekU PetarV MaxH FionaA JenU HiroshiT MatasR StefanH FionaD PrzemekC BenjaminB TatiyanaT FionaK TatiyanaH
AndroidTVLitev7
StepanJ LarryO JenE ThomasI MatasH NellyM BakhodirM PrzemekM StefanA
DuoMaxv1
BenjaminL PetarJ MaxF BenjaminG TatiyanaT LarryD ClementV NellyD MatasY SergeyR
ChartsMaxv5
HiroshiR StefanY MichalY SusanK FionaT
StreetViewXv9
ThomasN StefanX MaxH ThomasU NellyI
FinanceMaxv7
LarryN StepanU HiroshiL ThomasT SusanT
CalendarLitev5
ThomasN TatiyanaO PrabhakarB BakhodirA
PatentsMaxv2
PhilippO NellyU MatasR MatasP TatiyanaO RuthJ MichalV BakhodirG ThomasE LarryC
DataSv9
FionaK RuthF TatiyanaX MaxA PrabhakarA SundarX BenjaminN TatiyanaG BakhodirD PhilippJ
ReleaseLitev7
RuthT SergeyW FionaV MaxO
DocsUltrav2
BakhodirB NellyM ClementA NellyW PrzemekM PrabhakarM FionaA JenL
SearchUltrav8
SergeyG PhilippI HiroshiL
CastOSSv6
SusanH HiroshiI HiroshiT
TravelZv6
ThomasL PetarA LarryI NellyI NellyC PrzemekF
FeedBurnerProv6
SusanR NellyI BakhodirD SergeyY BakhodirA
FuchsiaProv7
BenjaminJ ClementI BakhodirQ
GroupsZv8
BakhodirL PetarI TatiyanaC MichalV ThomasE
DreamNextv6
PrzemekC StepanU StefanA PrzemekP MatasY
CodeZv4
SusanR BenjaminR
ClassroomXv9
LarryG StepanK
MoonXv3
SergeyY PetarM
ScholarZv1
SusanR MichalQ PrzemekP LarryU
CollectionsUltrav9
StefanK SundarA
FeedBurnerLitev8
SundarX BenjaminL PrabhakarE
TravelUltrav3
PetarR JenE
DatasetSearchXv2
MaxZ PrzemekM StefanK StefanA SundarX SusanD
StadiaProv5
HiroshiD MaxA FionaA
SkyProv4
MichalZ ThomasQ
MapsNextv5
PrzemekR FionaZ
LoggingXv4
SergeyJ BakhodirF MaxK
AssistantMaxv9
ThomasQ
ChromeLitev4
LarryU MichalY PrabhakarA
FinanceXv5
ClementV
DaydreamMaxv4
ThomasQ
CollectionsProv5
HiroshiT SundarD MaxE
NewsXv5
SundarV PrzemekH
CurrentsProv2
StepanJ
StreetViewXv2
StepanJ PrzemekF PetarM
StreetViewMaxv8
PetarA
ConnectXv3
StefanG
BuildProv1
TatiyanaT
KeepXv1
PrabhakarA
LearnProv8
JenI
NewsMaxv1
TatiyanaT
CurrentsProv7
SusanT
AndroidAutoZv1
PetarV HiroshiL
MoonUltrav4
LarryN
SkyZv5
SundarM
TravelProv6
PhilippJ
CurrentsXv1
BakhodirF
SlidesProv5
SergeyQ LarryZ
SantaTrackerProv9
PrzemekV
SheetsZv4
RuthF SergeyR
BloggerProv9
ThomasE
VoiceZv6
HiroshiQ HiroshiL
PixelProv1
MatasF
KeepNextv4
PrabhakarN
ClassroomSv2
RuthX
StorageSv6
SundarM TatiyanaT StefanA PrabhakarL BakhodirO RuthB StefanM RuthQ JenI StefanY FionaK HiroshiW PetarI FionaH JenE MaxK LarryW TatiyanaI FionaT SergeyK MatasR
DocsXv8
SusanC PrzemekF BakhodirG SergeyL SergeyQ MatasK NellyD PetarM LarryC MatasS PrzemekW MichalM JenQ NellyG TatiyanaJ SergeyJ ClementX PetarN SusanY SundarX ThomasT SusanK StefanK PrabhakarE
ArtsNextv5
StepanD HiroshiQ ClementJ TatiyanaG FionaA TatiyanaC TatiyanaB RuthO FionaT StefanG
StorageNextv9
BenjaminD NellyV PhilippK SergeyY PetarV ThomasI BenjaminV StepanW StepanK MaxE BenjaminY
DrawingsMaxv4
LarryU PrzemekY NellyU PrabhakarA ThomasI FionaQ MatasH SusanU JenE PhilippY ThomasK PhilippT MaxH PrzemekP RuthQ MaxA LarryD StefanA PetarK HiroshiJ ClementV
ShoppingUltrav9
TatiyanaJ FionaV JenQ RuthO
PixelSv6
PrzemekF ThomasN SundarM
PixelXv7
PhilippJ NellyD TatiyanaJ StepanG
ReleaseXv3
StepanD NellyC
BloggerProv2
ThomasD FionaV SundarM
BuildUltrav6
PhilippK MaxE BakhodirG SundarV
WebserverProv7
MatasK MatasF
ConnectLitev9
SundarM
SearchLitev9
LarryR NellyV SusanO NellyM StepanX StefanA SergeyK SergeyA SusanT SundarH ClementQ BakhodirB PrabhakarC SergeyW PrabhakarL BenjaminE NellyB HiroshiW ThomasI HiroshiT PrzemekC HiroshiD PetarR NellyC
DataMaxv3
RuthP FionaA SergeyQ SundarV ClementV RuthO PrzemekH JenU ClementJ
YouTubeUltrav3
RuthO NellyI StefanK TatiyanaJ NellyM SundarA
FeedBurnerUltrav9
HiroshiG FionaA FionaQ SusanO PetarA PrzemekH ClementV
CultureUltrav4
SundarV
LearnUltrav4
StefanK SergeyG PetarK StefanA ThomasN JenF PhilippL FionaT HiroshiI PetarA BenjaminF MaxS PhilippY
MarsMaxv4
RuthJ SusanO StefanH PetarA
ChartsSv3
PetarI FionaT ThomasN HiroshiG JenI RuthB PetarH PhilippY NellyD SundarH BakhodirG ThomasL TatiyanaA TatiyanaK
ReleaseSv1
ThomasN RuthJ LarryN StefanZ SusanO HiroshiQ StefanV PrzemekF RuthB MaxB StefanG StepanC LarryD TatiyanaO
SearchLitev7
StepanC PhilippL StepanK StefanV MichalR PetarH HiroshiN
YouTubeUltrav7
HiroshiN SusanR
PhotoUltrav3
PetarI TatiyanaK
SlidesSv9
StepanC LarryO LarryZ
BooksLitev3
TatiyanaK HiroshiN
SitesSv2
RuthB
