500
0
[('eji-a', 67.0)]
eji-a 67
1
[('a-b', 54.0), ('ejj-b', 13.0)]
a-b 54
ejj-b 13
2
[('b-c', 67.0)]
b-c 67
3
[('c-d', 50.0), ('ejj-d', 16.0)]
c-d 50
ejj-d 16
4
[('d-e', 67.0)]
d-e 67
5
[('ejj-f', 22.0), ('e-f', 45.0)]
ejj-f 22
e-f 45
6
[('f-g', 67.0)]
f-g 67
7
[('ejj-h', 38.0), ('g-h', 29.0)]
ejj-h 38
g-h 29
8
[('h-i', 67.0)]
h-i 67
9
[('i-j', 61.0), ('ejj-j', 5.0)]
i-j 61
ejj-j 5
10
[('j-ba', 67.0)]
j-ba 67
11
[('ba-bb', 45.0), ('ejj-bb', 22.0)]
ba-bb 45
ejj-bb 22
12
[('bb-bc', 67.0)]
bb-bc 67
13
[('bc-bd', 43.0), ('ejj-bd', 24.0)]
bc-bd 43
ejj-bd 24
14
[('bd-be', 67.0)]
bd-be 67
15
[('be-bf', 50.0), ('ejj-bf', 16.0)]
be-bf 50
ejj-bf 16
16
[('bf-bg', 67.0)]
bf-bg 67
17
[('ejj-bh', 10.0), ('bg-bh', 57.0)]
ejj-bh 10
bg-bh 57
18
[('bh-bi', 67.0)]
bh-bi 67
19
[('bi-bj', 45.0), ('ejj-bj', 22.0)]
bi-bj 45
ejj-bj 22
20
[('bj-ca', 67.0)]
bj-ca 67
21
[('ca-cb', 40.0), ('ejj-cb', 27.0)]
ca-cb 40
ejj-cb 27
22
[('cb-cc', 67.0)]
cb-cc 67
23
[('ejj-cd', 33.0), ('cc-cd', 33.0)]
ejj-cd 33
cc-cd 33
24
[('cd-ce', 67.0)]
cd-ce 67
25
[('ejj-cf', 39.0), ('ce-cf', 28.0)]
ejj-cf 39
ce-cf 28
26
[('cf-cg', 67.0)]
cf-cg 67
27
[('ejj-ch', 20.0), ('cg-ch', 46.0)]
ejj-ch 20
cg-ch 46
28
[('ch-ci', 67.0)]
ch-ci 67
29
[('ejj-cj', 26.0), ('ci-cj', 41.0)]
ejj-cj 26
ci-cj 41
30
[('cj-da', 67.0)]
cj-da 67
31
[('da-db', 43.0), ('ejj-db', 23.0)]
da-db 43
ejj-db 23
32
[('db-dc', 67.0)]
db-dc 67
33
[('ejj-dd', 11.0), ('dc-dd', 55.0)]
ejj-dd 11
dc-dd 55
34
[('dd-de', 67.0)]
dd-de 67
35
[('ejj-df', 15.0), ('de-df', 52.0)]
ejj-df 15
de-df 52
36
[('df-dg', 67.0)]
df-dg 67
37
[('ejj-dh', 25.0), ('dg-dh', 42.0)]
ejj-dh 25
dg-dh 42
38
[('dh-di', 67.0)]
dh-di 67
39
[('di-dj', 41.0), ('ejj-dj', 26.0)]
di-dj 41
ejj-dj 26
40
[('dj-ea', 67.0)]
dj-ea 67
41
[('ea-eb', 57.0), ('ejj-eb', 10.0)]
ea-eb 57
ejj-eb 10
42
[('eb-ec', 67.0)]
eb-ec 67
43
[('ec-ed', 61.0), ('ejj-ed', 5.0)]
ec-ed 61
ejj-ed 5
44
[('ed-ee', 67.0)]
ed-ee 67
45
[('ee-ef', 49.0), ('ejj-ef', 18.0)]
ee-ef 49
ejj-ef 18
46
[('ef-eg', 67.0)]
ef-eg 67
47
[('ejj-eh', 52.0), ('eg-eh', 15.0)]
ejj-eh 52
eg-eh 15
48
[('eh-ei', 67.0)]
eh-ei 67
49
[('ei-ej', 43.0), ('ejj-ej', 23.0)]
ei-ej 43
ejj-ej 23
50
[('ej-fa', 67.0)]
ej-fa 67
51
[('fa-fb', 55.0), ('ejj-fb', 11.0)]
fa-fb 55
ejj-fb 11
52
[('fb-fc', 67.0)]
fb-fc 67
53
[('fc-fd', 67.0), ('ejj-fd', 0)]
fc-fd 67
ejj-fd 0
54
[('fd-fe', 67.0)]
fd-fe 67
55
[('fe-ff', 38.0), ('ejj-ff', 28.0)]
fe-ff 38
ejj-ff 28
56
[('ff-fg', 67.0)]
ff-fg 67
57
[('ejj-fh', 37.0), ('fg-fh', 30.0)]
ejj-fh 37
fg-fh 30
58
[('fh-fi', 67.0)]
fh-fi 67
59
[('fi-fj', 48.0), ('ejj-fj', 19.0)]
fi-fj 48
ejj-fj 19
60
[('fj-ga', 67.0)]
fj-ga 67
61
[('ejj-gb', 33.0), ('ga-gb', 33.0)]
ejj-gb 33
ga-gb 33
62
[('gb-gc', 67.0)]
gb-gc 67
63
[('gc-gd', 46.0), ('ejj-gd', 20.0)]
gc-gd 46
ejj-gd 20
64
[('gd-ge', 67.0)]
gd-ge 67
65
[('ge-gf', 61.0), ('ejj-gf', 5.0)]
ge-gf 61
ejj-gf 5
66
[('gf-gg', 67.0)]
gf-gg 67
67
[('gg-gh', 52.0), ('ejj-gh', 15.0)]
gg-gh 52
ejj-gh 15
68
[('gh-gi', 67.0)]
gh-gi 67
69
[('gi-gj', 53.0), ('ejj-gj', 14.0)]
gi-gj 53
ejj-gj 14
70
[('gj-ha', 67.0)]
gj-ha 67
71
[('ha-hb', 51.0), ('ejj-hb', 15.0)]
ha-hb 51
ejj-hb 15
72
[('hb-hc', 67.0)]
hb-hc 67
73
[('ejj-hd', 12.0), ('hc-hd', 54.0)]
ejj-hd 12
hc-hd 54
74
[('hd-he', 67.0)]
hd-he 67
75
[('he-hf', 52.0), ('ejj-hf', 15.0)]
he-hf 52
ejj-hf 15
76
[('hf-hg', 67.0)]
hf-hg 67
77
[('hg-hh', 39.0), ('ejj-hh', 28.0)]
hg-hh 39
ejj-hh 28
78
[('hh-hi', 67.0)]
hh-hi 67
79
[('hi-hj', 48.0), ('ejj-hj', 19.0)]
hi-hj 48
ejj-hj 19
80
[('hj-ia', 67.0)]
hj-ia 67
81
[('ia-ib', 48.0), ('ejj-ib', 19.0)]
ia-ib 48
ejj-ib 19
82
[('ib-ic', 67.0)]
ib-ic 67
83
[('ic-id', 43.0), ('ejj-id', 24.0)]
ic-id 43
ejj-id 24
84
[('id-ie', 67.0)]
id-ie 67
85
[('ejj-if', 24.0), ('ie-if', 43.0)]
ejj-if 24
ie-if 43
86
[('if-ig', 67.0)]
if-ig 67
87
[('ejj-ih', 16.0), ('ig-ih', 50.0)]
ejj-ih 16
ig-ih 50
88
[('ih-ii', 67.0)]
ih-ii 67
89
[('ejj-ij', 37.0), ('ii-ij', 30.0)]
ejj-ij 37
ii-ij 30
90
[('ij-ja', 67.0)]
ij-ja 67
91
[('ejj-jb', 19.0), ('ja-jb', 48.0)]
ejj-jb 19
ja-jb 48
92
[('jb-jc', 67.0)]
jb-jc 67
93
[('jc-jd', 56.0), ('ejj-jd', 11.0)]
jc-jd 56
ejj-jd 11
94
[('jd-je', 67.0)]
jd-je 67
95
[('je-jf', 54.0), ('ejj-jf', 13.0)]
je-jf 54
ejj-jf 13
96
[('jf-jg', 67.0)]
jf-jg 67
97
[('ejj-jh', 27.0), ('jg-jh', 40.0)]
ejj-jh 27
jg-jh 40
98
[('jh-ji', 67.0)]
jh-ji 67
99
[('ji-jj', 57.0), ('ejj-jj', 9.0)]
ji-jj 57
ejj-jj 9
100
[('jj-baa', 67.0)]
jj-baa 67
101
[('baa-bab', 60.0), ('ejj-bab', 6.0)]
baa-bab 60
ejj-bab 6
102
[('bab-bac', 67.0)]
bab-bac 67
103
[('bac-bad', 50.0), ('ejj-bad', 16.0)]
bac-bad 50
ejj-bad 16
104
[('bad-bae', 67.0)]
bad-bae 67
105
[('bae-baf', 47.0), ('ejj-baf', 20.0)]
bae-baf 47
ejj-baf 20
106
[('baf-bag', 67.0)]
baf-bag 67
107
[('ejj-bah', 22.0), ('bag-bah', 45.0)]
ejj-bah 22
bag-bah 45
108
[('bah-bai', 67.0)]
bah-bai 67
109
[('bai-baj', 49.0), ('ejj-baj', 18.0)]
bai-baj 49
ejj-baj 18
110
[('baj-bba', 67.0)]
baj-bba 67
111
[('bba-bbb', 45.0), ('ejj-bbb', 22.0)]
bba-bbb 45
ejj-bbb 22
112
[('bbb-bbc', 67.0)]
bbb-bbc 67
113
[('bbc-bbd', 52.0), ('ejj-bbd', 15.0)]
bbc-bbd 52
ejj-bbd 15
114
[('bbd-bbe', 67.0)]
bbd-bbe 67
115
[('bbe-bbf', 54.0), ('ejj-bbf', 13.0)]
bbe-bbf 54
ejj-bbf 13
116
[('bbf-bbg', 67.0)]
bbf-bbg 67
117
[('ejj-bbh', 33.0), ('bbg-bbh', 33.0)]
ejj-bbh 33
bbg-bbh 33
118
[('bbh-bbi', 67.0)]
bbh-bbi 67
119
[('ejj-bbj', 27.0), ('bbi-bbj', 40.0)]
ejj-bbj 27
bbi-bbj 40
120
[('bbj-bca', 67.0)]
bbj-bca 67
121
[('bca-bcb', 33.0), ('ejj-bcb', 33.0)]
bca-bcb 33
ejj-bcb 33
122
[('bcb-bcc', 67.0)]
bcb-bcc 67
123
[('ejj-bcd', 45.0), ('bcc-bcd', 22.0)]
ejj-bcd 45
bcc-bcd 22
124
[('bcd-bce', 67.0)]
bcd-bce 67
125
[('ejj-bcf', 19.0), ('bce-bcf', 48.0)]
ejj-bcf 19
bce-bcf 48
126
[('bcf-bcg', 67.0)]
bcf-bcg 67
127
[('ejj-bch', 22.0), ('bcg-bch', 45.0)]
ejj-bch 22
bcg-bch 45
128
[('bch-bci', 67.0)]
bch-bci 67
129
[('bci-bcj', 30.0), ('ejj-bcj', 37.0)]
bci-bcj 30
ejj-bcj 37
130
[('bcj-bda', 67.0)]
bcj-bda 67
131
[('bda-bdb', 40.0), ('ejj-bdb', 27.0)]
bda-bdb 40
ejj-bdb 27
132
[('bdb-bdc', 67.0)]
bdb-bdc 67
133
[('bdc-bdd', 43.0), ('ejj-bdd', 24.0)]
bdc-bdd 43
ejj-bdd 24
134
[('bdd-bde', 67.0)]
bdd-bde 67
135
[('ejj-bdf', 15.0), ('bde-bdf', 52.0)]
ejj-bdf 15
bde-bdf 52
136
[('bdf-bdg', 67.0)]
bdf-bdg 67
137
[('bdg-bdh', 48.0), ('ejj-bdh', 19.0)]
bdg-bdh 48
ejj-bdh 19
138
[('bdh-bdi', 67.0)]
bdh-bdi 67
139
[('bdi-bdj', 49.0), ('ejj-bdj', 18.0)]
bdi-bdj 49
ejj-bdj 18
140
[('bdj-bea', 67.0)]
bdj-bea 67
141
[('ejj-beb', 22.0), ('bea-beb', 45.0)]
ejj-beb 22
bea-beb 45
142
[('beb-bec', 67.0)]
beb-bec 67
143
[('ejj-bed', 22.0), ('bec-bed', 45.0)]
ejj-bed 22
bec-bed 45
144
[('bed-bee', 67.0)]
bed-bee 67
145
[('bee-bef', 37.0), ('ejj-bef', 30.0)]
bee-bef 37
ejj-bef 30
146
[('bef-beg', 67.0)]
bef-beg 67
147
[('beg-beh', 52.0), ('ejj-beh', 15.0)]
beg-beh 52
ejj-beh 15
148
[('beh-bei', 67.0)]
beh-bei 67
149
[('ejj-bej', 27.0), ('bei-bej', 40.0)]
ejj-bej 27
bei-bej 40
150
[('bej-bfa', 67.0)]
bej-bfa 67
151
[('bfa-bfb', 50.0), ('ejj-bfb', 16.0)]
bfa-bfb 50
ejj-bfb 16
152
[('bfb-bfc', 67.0)]
bfb-bfc 67
153
[('bfc-bfd', 39.0), ('ejj-bfd', 28.0)]
bfc-bfd 39
ejj-bfd 28
154
[('bfd-bfe', 67.0)]
bfd-bfe 67
155
[('ejj-bff', 27.0), ('bfe-bff', 40.0)]
ejj-bff 27
bfe-bff 40
156
[('bff-bfg', 67.0)]
bff-bfg 67
157
[('bfg-bfh', 45.0), ('ejj-bfh', 22.0)]
bfg-bfh 45
ejj-bfh 22
158
[('bfh-bfi', 67.0)]
bfh-bfi 67
159
[('bfi-bfj', 52.0), ('ejj-bfj', 15.0)]
bfi-bfj 52
ejj-bfj 15
160
[('bfj-bga', 67.0)]
bfj-bga 67
161
[('bga-bgb', 67.0), ('ejj-bgb', 0)]
bga-bgb 67
ejj-bgb 0
162
[('bgb-bgc', 67.0)]
bgb-bgc 67
163
[('bgc-bgd', 45.0), ('ejj-bgd', 22.0)]
bgc-bgd 45
ejj-bgd 22
164
[('bgd-bge', 67.0)]
bgd-bge 67
165
[('bge-bgf', 37.0), ('ejj-bgf', 30.0)]
bge-bgf 37
ejj-bgf 30
166
[('bgf-bgg', 67.0)]
bgf-bgg 67
167
[('bgg-bgh', 36.0), ('ejj-bgh', 30.0)]
bgg-bgh 36
ejj-bgh 30
168
[('bgh-bgi', 67.0)]
bgh-bgi 67
169
[('bgi-bgj', 60.0), ('ejj-bgj', 6.0)]
bgi-bgj 60
ejj-bgj 6
170
[('bgj-bha', 67.0)]
bgj-bha 67
171
[('bha-bhb', 56.0), ('ejj-bhb', 11.0)]
bha-bhb 56
ejj-bhb 11
172
[('bhb-bhc', 67.0)]
bhb-bhc 67
173
[('bhc-bhd', 61.0), ('ejj-bhd', 5.0)]
bhc-bhd 61
ejj-bhd 5
174
[('bhd-bhe', 67.0)]
bhd-bhe 67
175
[('bhe-bhf', 42.0), ('ejj-bhf', 25.0)]
bhe-bhf 42
ejj-bhf 25
176
[('bhf-bhg', 67.0)]
bhf-bhg 67
177
[('ejj-bhh', 33.0), ('bhg-bhh', 33.0)]
ejj-bhh 33
bhg-bhh 33
178
[('bhh-bhi', 67.0)]
bhh-bhi 67
179
[('bhi-bhj', 60.0), ('ejj-bhj', 7.0)]
bhi-bhj 60
ejj-bhj 7
180
[('bhj-bia', 67.0)]
bhj-bia 67
181
[('bia-bib', 42.0), ('ejj-bib', 25.0)]
bia-bib 42
ejj-bib 25
182
[('bib-bic', 67.0)]
bib-bic 67
183
[('ejj-bid', 19.0), ('bic-bid', 48.0)]
ejj-bid 19
bic-bid 48
184
[('bid-bie', 67.0)]
bid-bie 67
185
[('ejj-bif', 30.0), ('bie-bif', 37.0)]
ejj-bif 30
bie-bif 37
186
[('bif-big', 67.0)]
bif-big 67
187
[('ejj-bih', 16.0), ('big-bih', 50.0)]
ejj-bih 16
big-bih 50
188
[('bih-bii', 67.0)]
bih-bii 67
189
[('ejj-bij', 35.0), ('bii-bij', 31.0)]
ejj-bij 35
bii-bij 31
190
[('bij-bja', 67.0)]
bij-bja 67
191
[('bja-bjb', 54.0), ('ejj-bjb', 12.0)]
bja-bjb 54
ejj-bjb 12
192
[('bjb-bjc', 67.0)]
bjb-bjc 67
193
[('ejj-bjd', 16.0), ('bjc-bjd', 50.0)]
ejj-bjd 16
bjc-bjd 50
194
[('bjd-bje', 67.0)]
bjd-bje 67
195
[('bje-bjf', 62.0), ('ejj-bjf', 4.0)]
bje-bjf 62
ejj-bjf 4
196
[('bjf-bjg', 67.0)]
bjf-bjg 67
197
[('bjg-bjh', 56.0), ('ejj-bjh', 11.0)]
bjg-bjh 56
ejj-bjh 11
198
[('bjh-bji', 67.0)]
bjh-bji 67
199
[('bji-bjj', 52.0), ('ejj-bjj', 15.0)]
bji-bjj 52
ejj-bjj 15
200
[('bjj-caa', 67.0)]
bjj-caa 67
201
[('caa-cab', 59.0), ('ejj-cab', 8.0)]
caa-cab 59
ejj-cab 8
202
[('cab-cac', 67.0)]
cab-cac 67
203
[('cac-cad', 42.0), ('ejj-cad', 25.0)]
cac-cad 42
ejj-cad 25
204
[('cad-cae', 67.0)]
cad-cae 67
205
[('cae-caf', 48.0), ('ejj-caf', 19.0)]
cae-caf 48
ejj-caf 19
206
[('caf-cag', 67.0)]
caf-cag 67
207
[('cag-cah', 50.0), ('ejj-cah', 16.0)]
cag-cah 50
ejj-cah 16
208
[('cah-cai', 67.0)]
cah-cai 67
209
[('cai-caj', 33.0), ('ejj-caj', 33.0)]
cai-caj 33
ejj-caj 33
210
[('caj-cba', 67.0)]
caj-cba 67
211
[('ejj-cbb', 11.0), ('cba-cbb', 56.0)]
ejj-cbb 11
cba-cbb 56
212
[('cbb-cbc', 67.0)]
cbb-cbc 67
213
[('cbc-cbd', 48.0), ('ejj-cbd', 19.0)]
cbc-cbd 48
ejj-cbd 19
214
[('cbd-cbe', 67.0)]
cbd-cbe 67
215
[('ejj-cbf', 27.0), ('cbe-cbf', 40.0)]
ejj-cbf 27
cbe-cbf 40
216
[('cbf-cbg', 67.0)]
cbf-cbg 67
217
[('cbg-cbh', 30.0), ('ejj-cbh', 37.0)]
cbg-cbh 30
ejj-cbh 37
218
[('cbh-cbi', 67.0)]
cbh-cbi 67
219
[('cbi-cbj', 49.0), ('ejj-cbj', 18.0)]
cbi-cbj 49
ejj-cbj 18
220
[('cbj-cca', 67.0)]
cbj-cca 67
221
[('cca-ccb', 54.0), ('ejj-ccb', 13.0)]
cca-ccb 54
ejj-ccb 13
222
[('ccb-ccc', 67.0)]
ccb-ccc 67
223
[('ccc-ccd', 50.0), ('ejj-ccd', 16.0)]
ccc-ccd 50
ejj-ccd 16
224
[('ccd-cce', 67.0)]
ccd-cce 67
225
[('ejj-ccf', 19.0), ('cce-ccf', 48.0)]
ejj-ccf 19
cce-ccf 48
226
[('ccf-ccg', 67.0)]
ccf-ccg 67
227
[('ccg-cch', 56.0), ('ejj-cch', 11.0)]
ccg-cch 56
ejj-cch 11
228
[('cch-cci', 67.0)]
cch-cci 67
229
[('ejj-ccj', 27.0), ('cci-ccj', 39.0)]
ejj-ccj 27
cci-ccj 39
230
[('ccj-cda', 67.0)]
ccj-cda 67
231
[('ejj-cdb', 22.0), ('cda-cdb', 45.0)]
ejj-cdb 22
cda-cdb 45
232
[('cdb-cdc', 67.0)]
cdb-cdc 67
233
[('ejj-cdd', 22.0), ('cdc-cdd', 45.0)]
ejj-cdd 22
cdc-cdd 45
234
[('cdd-cde', 67.0)]
cdd-cde 67
235
[('cde-cdf', 57.0), ('ejj-cdf', 10.0)]
cde-cdf 57
ejj-cdf 10
236
[('cdf-cdg', 67.0)]
cdf-cdg 67
237
[('cdg-cdh', 55.0), ('ejj-cdh', 12.0)]
cdg-cdh 55
ejj-cdh 12
238
[('cdh-cdi', 67.0)]
cdh-cdi 67
239
[('ejj-cdj', 35.0), ('cdi-cdj', 32.0)]
ejj-cdj 35
cdi-cdj 32
240
[('cdj-cea', 67.0)]
cdj-cea 67
241
[('cea-ceb', 52.0), ('ejj-ceb', 15.0)]
cea-ceb 52
ejj-ceb 15
242
[('ceb-cec', 67.0)]
ceb-cec 67
243
[('cec-ced', 53.0), ('ejj-ced', 14.0)]
cec-ced 53
ejj-ced 14
244
[('ced-cee', 67.0)]
ced-cee 67
245
[('ejj-cef', 19.0), ('cee-cef', 48.0)]
ejj-cef 19
cee-cef 48
246
[('cef-ceg', 67.0)]
cef-ceg 67
247
[('ceg-ceh', 60.0), ('ejj-ceh', 6.0)]
ceg-ceh 60
ejj-ceh 6
248
[('ceh-cei', 67.0)]
ceh-cei 67
249
[('cei-cej', 67.0), ('ejj-cej', 0)]
cei-cej 67
ejj-cej 0
250
[('cej-cfa', 67.0)]
cej-cfa 67
251
[('cfa-cfb', 56.0), ('ejj-cfb', 11.0)]
cfa-cfb 56
ejj-cfb 11
252
[('cfb-cfc', 67.0)]
cfb-cfc 67
253
[('cfc-cfd', 27.0), ('ejj-cfd', 40.0)]
cfc-cfd 27
ejj-cfd 40
254
[('cfd-cfe', 67.0)]
cfd-cfe 67
255
[('ejj-cff', 28.0), ('cfe-cff', 38.0)]
ejj-cff 28
cfe-cff 38
256
[('cff-cfg', 67.0)]
cff-cfg 67
257
[('cfg-cfh', 49.0), ('ejj-cfh', 18.0)]
cfg-cfh 49
ejj-cfh 18
258
[('cfh-cfi', 67.0)]
cfh-cfi 67
259
[('ejj-cfj', 22.0), ('cfi-cfj', 45.0)]
ejj-cfj 22
cfi-cfj 45
260
[('cfj-cga', 67.0)]
cfj-cga 67
261
[('ejj-cgb', 6.0), ('cga-cgb', 60.0)]
ejj-cgb 6
cga-cgb 60
262
[('cgb-cgc', 67.0)]
cgb-cgc 67
263
[('ejj-cgd', 33.0), ('cgc-cgd', 33.0)]
ejj-cgd 33
cgc-cgd 33
264
[('cgd-cge', 67.0)]
cgd-cge 67
265
[('ejj-cgf', 10.0), ('cge-cgf', 57.0)]
ejj-cgf 10
cge-cgf 57
266
[('cgf-cgg', 67.0)]
cgf-cgg 67
267
[('cgg-cgh', 61.0), ('ejj-cgh', 6.0)]
cgg-cgh 61
ejj-cgh 6
268
[('cgh-cgi', 67.0)]
cgh-cgi 67
269
[('cgi-cgj', 67.0), ('ejj-cgj', 0)]
cgi-cgj 67
ejj-cgj 0
270
[('cgj-cha', 67.0)]
cgj-cha 67
271
[('cha-chb', 28.0), ('ejj-chb', 38.0)]
cha-chb 28
ejj-chb 38
272
[('chb-chc', 67.0)]
chb-chc 67
273
[('ejj-chd', 27.0), ('chc-chd', 40.0)]
ejj-chd 27
chc-chd 40
274
[('chd-che', 67.0)]
chd-che 67
275
[('che-chf', 41.0), ('ejj-chf', 26.0)]
che-chf 41
ejj-chf 26
276
[('chf-chg', 67.0)]
chf-chg 67
277
[('chg-chh', 61.0), ('ejj-chh', 6.0)]
chg-chh 61
ejj-chh 6
278
[('chh-chi', 67.0)]
chh-chi 67
279
[('ejj-chj', 28.0), ('chi-chj', 38.0)]
ejj-chj 28
chi-chj 38
280
[('chj-cia', 67.0)]
chj-cia 67
281
[('cia-cib', 56.0), ('ejj-cib', 10.0)]
cia-cib 56
ejj-cib 10
282
[('cib-cic', 67.0)]
cib-cic 67
283
[('cic-cid', 61.0), ('ejj-cid', 6.0)]
cic-cid 61
ejj-cid 6
284
[('cid-cie', 67.0)]
cid-cie 67
285
[('ejj-cif', 12.0), ('cie-cif', 55.0)]
ejj-cif 12
cie-cif 55
286
[('cif-cig', 67.0)]
cif-cig 67
287
[('cig-cih', 52.0), ('ejj-cih', 15.0)]
cig-cih 52
ejj-cih 15
288
[('cih-cii', 67.0)]
cih-cii 67
289
[('cii-cij', 67.0), ('ejj-cij', 0)]
cii-cij 67
ejj-cij 0
290
[('cij-cja', 67.0)]
cij-cja 67
291
[('ejj-cjb', 19.0), ('cja-cjb', 48.0)]
ejj-cjb 19
cja-cjb 48
292
[('cjb-cjc', 67.0)]
cjb-cjc 67
293
[('cjc-cjd', 49.0), ('ejj-cjd', 18.0)]
cjc-cjd 49
ejj-cjd 18
294
[('cjd-cje', 67.0)]
cjd-cje 67
295
[('cje-cjf', 42.0), ('ejj-cjf', 25.0)]
cje-cjf 42
ejj-cjf 25
296
[('cjf-cjg', 67.0)]
cjf-cjg 67
297
[('cjg-cjh', 45.0), ('ejj-cjh', 22.0)]
cjg-cjh 45
ejj-cjh 22
298
[('cjh-cji', 67.0)]
cjh-cji 67
299
[('cji-cjj', 36.0), ('ejj-cjj', 30.0)]
cji-cjj 36
ejj-cjj 30
300
[('cjj-daa', 67.0)]
cjj-daa 67
301
[('daa-dab', 59.0), ('ejj-dab', 8.0)]
daa-dab 59
ejj-dab 8
302
[('dab-dac', 67.0)]
dab-dac 67
303
[('dac-dad', 42.0), ('ejj-dad', 25.0)]
dac-dad 42
ejj-dad 25
304
[('dad-dae', 67.0)]
dad-dae 67
305
[('dae-daf', 55.0), ('ejj-daf', 12.0)]
dae-daf 55
ejj-daf 12
306
[('daf-dag', 67.0)]
daf-dag 67
307
[('dag-dah', 38.0), ('ejj-dah', 29.0)]
dag-dah 38
ejj-dah 29
308
[('dah-dai', 67.0)]
dah-dai 67
309
[('dai-daj', 46.0), ('ejj-daj', 21.0)]
dai-daj 46
ejj-daj 21
310
[('daj-dba', 67.0)]
daj-dba 67
311
[('ejj-dbb', 30.0), ('dba-dbb', 37.0)]
ejj-dbb 30
dba-dbb 37
312
[('dbb-dbc', 67.0)]
dbb-dbc 67
313
[('dbc-dbd', 53.0), ('ejj-dbd', 14.0)]
dbc-dbd 53
ejj-dbd 14
314
[('dbd-dbe', 67.0)]
dbd-dbe 67
315
[('ejj-dbf', 13.0), ('dbe-dbf', 54.0)]
ejj-dbf 13
dbe-dbf 54
316
[('dbf-dbg', 67.0)]
dbf-dbg 67
317
[('dbg-dbh', 54.0), ('ejj-dbh', 13.0)]
dbg-dbh 54
ejj-dbh 13
318
[('dbh-dbi', 67.0)]
dbh-dbi 67
319
[('dbi-dbj', 57.0), ('ejj-dbj', 10.0)]
dbi-dbj 57
ejj-dbj 10
320
[('dbj-dca', 67.0)]
dbj-dca 67
321
[('ejj-dcb', 24.0), ('dca-dcb', 43.0)]
ejj-dcb 24
dca-dcb 43
322
[('dcb-dcc', 67.0)]
dcb-dcc 67
323
[('dcc-dcd', 62.0), ('ejj-dcd', 4.0)]
dcc-dcd 62
ejj-dcd 4
324
[('dcd-dce', 67.0)]
dcd-dce 67
325
[('ejj-dcf', 9.0), ('dce-dcf', 57.0)]
ejj-dcf 9
dce-dcf 57
326
[('dcf-dcg', 67.0)]
dcf-dcg 67
327
[('ejj-dch', 27.0), ('dcg-dch', 40.0)]
ejj-dch 27
dcg-dch 40
328
[('dch-dci', 67.0)]
dch-dci 67
329
[('dci-dcj', 47.0), ('ejj-dcj', 20.0)]
dci-dcj 47
ejj-dcj 20
330
[('dcj-dda', 67.0)]
dcj-dda 67
331
[('dda-ddb', 46.0), ('ejj-ddb', 20.0)]
dda-ddb 46
ejj-ddb 20
332
[('ddb-ddc', 67.0)]
ddb-ddc 67
333
[('ddc-ddd', 61.0), ('ejj-ddd', 5.0)]
ddc-ddd 61
ejj-ddd 5
334
[('ddd-dde', 67.0)]
ddd-dde 67
335
[('ejj-ddf', 29.0), ('dde-ddf', 38.0)]
ejj-ddf 29
dde-ddf 38
336
[('ddf-ddg', 67.0)]
ddf-ddg 67
337
[('ddg-ddh', 60.0), ('ejj-ddh', 7.0)]
ddg-ddh 60
ejj-ddh 7
338
[('ddh-ddi', 67.0)]
ddh-ddi 67
339
[('ddi-ddj', 45.0), ('ejj-ddj', 22.0)]
ddi-ddj 45
ejj-ddj 22
340
[('ddj-dea', 67.0)]
ddj-dea 67
341
[('ejj-deb', 38.0), ('dea-deb', 28.0)]
ejj-deb 38
dea-deb 28
342
[('deb-dec', 67.0)]
deb-dec 67
343
[('dec-ded', 38.0), ('ejj-ded', 29.0)]
dec-ded 38
ejj-ded 29
344
[('ded-dee', 67.0)]
ded-dee 67
345
[('dee-def', 52.0), ('ejj-def', 15.0)]
dee-def 52
ejj-def 15
346
[('def-deg', 67.0)]
def-deg 67
347
[('deg-deh', 62.0), ('ejj-deh', 5.0)]
deg-deh 62
ejj-deh 5
348
[('deh-dei', 67.0)]
deh-dei 67
349
[('ejj-dej', 16.0), ('dei-dej', 50.0)]
ejj-dej 16
dei-dej 50
350
[('dej-dfa', 67.0)]
dej-dfa 67
351
[('dfa-dfb', 67.0), ('ejj-dfb', 0)]
dfa-dfb 67
ejj-dfb 0
352
[('dfb-dfc', 67.0)]
dfb-dfc 67
353
[('dfc-dfd', 50.0), ('ejj-dfd', 16.0)]
dfc-dfd 50
ejj-dfd 16
354
[('dfd-dfe', 67.0)]
dfd-dfe 67
355
[('dfe-dff', 54.0), ('ejj-dff', 13.0)]
dfe-dff 54
ejj-dff 13
356
[('dff-dfg', 67.0)]
dff-dfg 67
357
[('dfg-dfh', 37.0), ('ejj-dfh', 30.0)]
dfg-dfh 37
ejj-dfh 30
358
[('dfh-dfi', 67.0)]
dfh-dfi 67
359
[('dfi-dfj', 38.0), ('ejj-dfj', 29.0)]
dfi-dfj 38
ejj-dfj 29
360
[('dfj-dga', 67.0)]
dfj-dga 67
361
[('ejj-dgb', 18.0), ('dga-dgb', 49.0)]
ejj-dgb 18
dga-dgb 49
362
[('dgb-dgc', 67.0)]
dgb-dgc 67
363
[('dgc-dgd', 49.0), ('ejj-dgd', 17.0)]
dgc-dgd 49
ejj-dgd 17
364
[('dgd-dge', 67.0)]
dgd-dge 67
365
[('dge-dgf', 50.0), ('ejj-dgf', 16.0)]
dge-dgf 50
ejj-dgf 16
366
[('dgf-dgg', 67.0)]
dgf-dgg 67
367
[('dgg-dgh', 56.0), ('ejj-dgh', 11.0)]
dgg-dgh 56
ejj-dgh 11
368
[('dgh-dgi', 67.0)]
dgh-dgi 67
369
[('ejj-dgj', 21.0), ('dgi-dgj', 46.0)]
ejj-dgj 21
dgi-dgj 46
370
[('dgj-dha', 67.0)]
dgj-dha 67
371
[('dha-dhb', 57.0), ('ejj-dhb', 9.0)]
dha-dhb 57
ejj-dhb 9
372
[('dhb-dhc', 67.0)]
dhb-dhc 67
373
[('dhc-dhd', 45.0), ('ejj-dhd', 22.0)]
dhc-dhd 45
ejj-dhd 22
374
[('dhd-dhe', 67.0)]
dhd-dhe 67
375
[('dhe-dhf', 46.0), ('ejj-dhf', 21.0)]
dhe-dhf 46
ejj-dhf 21
376
[('dhf-dhg', 67.0)]
dhf-dhg 67
377
[('ejj-dhh', 15.0), ('dhg-dhh', 51.0)]
ejj-dhh 15
dhg-dhh 51
378
[('dhh-dhi', 67.0)]
dhh-dhi 67
379
[('dhi-dhj', 62.0), ('ejj-dhj', 5.0)]
dhi-dhj 62
ejj-dhj 5
380
[('dhj-dia', 67.0)]
dhj-dia 67
381
[('dia-dib', 60.0), ('ejj-dib', 6.0)]
dia-dib 60
ejj-dib 6
382
[('dib-dic', 67.0)]
dib-dic 67
383
[('ejj-did', 26.0), ('dic-did', 41.0)]
ejj-did 26
dic-did 41
384
[('did-die', 67.0)]
did-die 67
385
[('die-dif', 60.0), ('ejj-dif', 6.0)]
die-dif 60
ejj-dif 6
386
[('dif-dig', 67.0)]
dif-dig 67
387
[('dig-dih', 45.0), ('ejj-dih', 22.0)]
dig-dih 45
ejj-dih 22
388
[('dih-dii', 67.0)]
dih-dii 67
389
[('dii-dij', 55.0), ('ejj-dij', 11.0)]
dii-dij 55
ejj-dij 11
390
[('dij-dja', 67.0)]
dij-dja 67
391
[('ejj-djb', 23.0), ('dja-djb', 43.0)]
ejj-djb 23
dja-djb 43
392
[('djb-djc', 67.0)]
djb-djc 67
393
[('djc-djd', 58.0), ('ejj-djd', 9.0)]
djc-djd 58
ejj-djd 9
394
[('djd-dje', 67.0)]
djd-dje 67
395
[('dje-djf', 67.0), ('ejj-djf', 0)]
dje-djf 67
ejj-djf 0
396
[('djf-djg', 67.0)]
djf-djg 67
397
[('djg-djh', 40.0), ('ejj-djh', 27.0)]
djg-djh 40
ejj-djh 27
398
[('djh-dji', 67.0)]
djh-dji 67
399
[('ejj-djj', 15.0), ('dji-djj', 52.0)]
ejj-djj 15
dji-djj 52
400
[('djj-eaa', 67.0)]
djj-eaa 67
401
[('eaa-eab', 55.0), ('ejj-eab', 12.0)]
eaa-eab 55
ejj-eab 12
402
[('eab-eac', 67.0)]
eab-eac 67
403
[('ejj-ead', 16.0), ('eac-ead', 50.0)]
ejj-ead 16
eac-ead 50
404
[('ead-eae', 67.0)]
ead-eae 67
405
[('ejj-eaf', 33.0), ('eae-eaf', 33.0)]
ejj-eaf 33
eae-eaf 33
406
[('eaf-eag', 67.0)]
eaf-eag 67
407
[('eag-eah', 57.0), ('ejj-eah', 9.0)]
eag-eah 57
ejj-eah 9
408
[('eah-eai', 67.0)]
eah-eai 67
409
[('ejj-eaj', 33.0), ('eai-eaj', 33.0)]
ejj-eaj 33
eai-eaj 33
410
[('eaj-eba', 67.0)]
eaj-eba 67
411
[('eba-ebb', 54.0), ('ejj-ebb', 12.0)]
eba-ebb 54
ejj-ebb 12
412
[('ebb-ebc', 67.0)]
ebb-ebc 67
413
[('ebc-ebd', 50.0), ('ejj-ebd', 16.0)]
ebc-ebd 50
ejj-ebd 16
414
[('ebd-ebe', 67.0)]
ebd-ebe 67
415
[('ebe-ebf', 54.0), ('ejj-ebf', 13.0)]
ebe-ebf 54
ejj-ebf 13
416
[('ebf-ebg', 67.0)]
ebf-ebg 67
417
[('ebg-ebh', 43.0), ('ejj-ebh', 23.0)]
ebg-ebh 43
ejj-ebh 23
418
[('ebh-ebi', 67.0)]
ebh-ebi 67
419
[('ebi-ebj', 54.0), ('ejj-ebj', 12.0)]
ebi-ebj 54
ejj-ebj 12
420
[('ebj-eca', 67.0)]
ebj-eca 67
421
[('eca-ecb', 55.0), ('ejj-ecb', 12.0)]
eca-ecb 55
ejj-ecb 12
422
[('ecb-ecc', 67.0)]
ecb-ecc 67
423
[('ecc-ecd', 47.0), ('ejj-ecd', 20.0)]
ecc-ecd 47
ejj-ecd 20
424
[('ecd-ece', 67.0)]
ecd-ece 67
425
[('ejj-ecf', 16.0), ('ece-ecf', 50.0)]
ejj-ecf 16
ece-ecf 50
426
[('ecf-ecg', 67.0)]
ecf-ecg 67
427
[('ecg-ech', 54.0), ('ejj-ech', 13.0)]
ecg-ech 54
ejj-ech 13
428
[('ech-eci', 67.0)]
ech-eci 67
429
[('ejj-ecj', 22.0), ('eci-ecj', 45.0)]
ejj-ecj 22
eci-ecj 45
430
[('ecj-eda', 67.0)]
ecj-eda 67
431
[('ejj-edb', 31.0), ('eda-edb', 36.0)]
ejj-edb 31
eda-edb 36
432
[('edb-edc', 67.0)]
edb-edc 67
433
[('edc-edd', 45.0), ('ejj-edd', 22.0)]
edc-edd 45
ejj-edd 22
434
[('edd-ede', 67.0)]
edd-ede 67
435
[('ejj-edf', 10.0), ('ede-edf', 57.0)]
ejj-edf 10
ede-edf 57
436
[('edf-edg', 67.0)]
edf-edg 67
437
[('edg-edh', 52.0), ('ejj-edh', 15.0)]
edg-edh 52
ejj-edh 15
438
[('edh-edi', 67.0)]
edh-edi 67
439
[('ejj-edj', 18.0), ('edi-edj', 49.0)]
ejj-edj 18
edi-edj 49
440
[('edj-eea', 67.0)]
edj-eea 67
441
[('ejj-eeb', 28.0), ('eea-eeb', 39.0)]
ejj-eeb 28
eea-eeb 39
442
[('eeb-eec', 67.0)]
eeb-eec 67
443
[('ejj-eed', 22.0), ('eec-eed', 45.0)]
ejj-eed 22
eec-eed 45
444
[('eed-eee', 67.0)]
eed-eee 67
445
[('eee-eef', 47.0), ('ejj-eef', 20.0)]
eee-eef 47
ejj-eef 20
446
[('eef-eeg', 67.0)]
eef-eeg 67
447
[('eeg-eeh', 49.0), ('ejj-eeh', 18.0)]
eeg-eeh 49
ejj-eeh 18
448
[('eeh-eei', 67.0)]
eeh-eei 67
449
[('eei-eej', 67.0), ('ejj-eej', 0)]
eei-eej 67
ejj-eej 0
450
[('eej-efa', 67.0)]
eej-efa 67
451
[('efa-efb', 50.0), ('ejj-efb', 16.0)]
efa-efb 50
ejj-efb 16
452
[('efb-efc', 67.0)]
efb-efc 67
453
[('efc-efd', 30.0), ('ejj-efd', 36.0)]
efc-efd 30
ejj-efd 36
454
[('efd-efe', 67.0)]
efd-efe 67
455
[('ejj-eff', 28.0), ('efe-eff', 39.0)]
ejj-eff 28
efe-eff 39
456
[('eff-efg', 67.0)]
eff-efg 67
457
[('efg-efh', 48.0), ('ejj-efh', 19.0)]
efg-efh 48
ejj-efh 19
458
[('efh-efi', 67.0)]
efh-efi 67
459
[('efi-efj', 53.0), ('ejj-efj', 14.0)]
efi-efj 53
ejj-efj 14
460
[('efj-ega', 67.0)]
efj-ega 67
461
[('ejj-egb', 15.0), ('ega-egb', 52.0)]
ejj-egb 15
ega-egb 52
462
[('egb-egc', 67.0)]
egb-egc 67
463
[('egc-egd', 57.0), ('ejj-egd', 9.0)]
egc-egd 57
ejj-egd 9
464
[('egd-ege', 67.0)]
egd-ege 67
465
[('ejj-egf', 22.0), ('ege-egf', 45.0)]
ejj-egf 22
ege-egf 45
466
[('egf-egg', 67.0)]
egf-egg 67
467
[('ejj-egh', 47.0), ('egg-egh', 20.0)]
ejj-egh 47
egg-egh 20
468
[('egh-egi', 67.0)]
egh-egi 67
469
[('egi-egj', 52.0), ('ejj-egj', 15.0)]
egi-egj 52
ejj-egj 15
470
[('egj-eha', 67.0)]
egj-eha 67
471
[('eha-ehb', 36.0), ('ejj-ehb', 30.0)]
eha-ehb 36
ejj-ehb 30
472
[('ehb-ehc', 67.0)]
ehb-ehc 67
473
[('ehc-ehd', 53.0), ('ejj-ehd', 14.0)]
ehc-ehd 53
ejj-ehd 14
474
[('ehd-ehe', 67.0)]
ehd-ehe 67
475
[('ejj-ehf', 15.0), ('ehe-ehf', 52.0)]
ejj-ehf 15
ehe-ehf 52
476
[('ehf-ehg', 67.0)]
ehf-ehg 67
477
[('ehg-ehh', 52.0), ('ejj-ehh', 15.0)]
ehg-ehh 52
ejj-ehh 15
478
[('ehh-ehi', 67.0)]
ehh-ehi 67
479
[('ejj-ehj', 27.0), ('ehi-ehj', 40.0)]
ejj-ehj 27
ehi-ehj 40
480
[('ehj-eia', 67.0)]
ehj-eia 67
481
[('eia-eib', 52.0), ('ejj-eib', 15.0)]
eia-eib 52
ejj-eib 15
482
[('eib-eic', 67.0)]
eib-eic 67
483
[('eic-eid', 54.0), ('ejj-eid', 13.0)]
eic-eid 54
ejj-eid 13
484
[('eid-eie', 67.0)]
eid-eie 67
485
[('eie-eif', 56.0), ('ejj-eif', 11.0)]
eie-eif 56
ejj-eif 11
486
[('eif-eig', 67.0)]
eif-eig 67
487
[('eig-eih', 67.0), ('ejj-eih', 0)]
eig-eih 67
ejj-eih 0
488
[('eih-eii', 67.0)]
eih-eii 67
489
[('ejj-eij', 40.0), ('eii-eij', 27.0)]
ejj-eij 40
eii-eij 27
490
[('eij-eja', 67.0)]
eij-eja 67
491
[('ejj-ejb', 31.0), ('eja-ejb', 36.0)]
ejj-ejb 31
eja-ejb 36
492
[('ejb-ejc', 67.0)]
ejb-ejc 67
493
[('ejj-ejd', 27.0), ('ejc-ejd', 40.0)]
ejj-ejd 27
ejc-ejd 40
494
[('ejd-eje', 67.0)]
ejd-eje 67
495
[('ejj-ejf', 18.0), ('eje-ejf', 49.0)]
ejj-ejf 18
eje-ejf 49
496
[('ejf-ejg', 67.0)]
ejf-ejg 67
497
[('ejj-ejh', 16.0), ('ejg-ejh', 50.0)]
ejj-ejh 16
ejg-ejh 50
498
[('ejh-eji', 67.0)]
ejh-eji 67
499
[('bac-ejj', 0.0), ('bic-ejj', 0.0), ('dba-ejj', 1.0), ('i-ejj', 0.0), ('he-ejj', 0.0), ('bgg-ejj', 0.0), ('ccg-ejj', 0.0), ('cdg-ejj', 0.0), ('bc-ejj', 0.0), ('ca-ejj', 0.0), ('ge-ejj', 0.0), ('ha-ejj', 0.0), ('bcg-ejj', 0.0), ('bec-ejj', 0.0), ('bee-ejj', 0.0), ('bha-ejj', 0.0), ('cdi-ejj', 0.0), ('cjc-ejj', 0.0), ('cjg-ejj', 0.0), ('dfg-ejj', 0.0), ('eag-ejj', 0.0), ('ejc-ejj', 0.0), ('e-ejj', 0.0), ('ba-ejj', 0.0), ('bi-ejj', 0.0), ('dc-ejj', 0.0), ('dg-ejj', 0.0), ('ee-ejj', 0.0), ('gi-ejj', 0.0), ('hc-ejj', 0.0), ('hi-ejj', 0.0), ('ig-ejj', 0.0), ('ja-ejj', 0.0), ('je-ejj', 0.0), ('ji-ejj', 0.0), ('bae-ejj', 0.0), ('bag-ejj', 0.0), ('bbc-ejj', 0.0), ('bbg-ejj', 0.0), ('bda-ejj', 0.0), ('bde-ejj', 0.0), ('bgi-ejj', 0.0), ('bhc-ejj', 0.0), ('bie-ejj', 0.0), ('bii-ejj', 0.0), ('cbg-ejj', 0.0), ('cea-ejj', 0.0), ('ceg-ejj', 0.0), ('cei-ejj', 0.0), ('cgi-ejj', 0.0), ('chg-ejj', 0.0), ('cia-ejj', 0.0), ('cja-ejj', 0.0), ('dac-ejj', 0.0), ('dai-ejj', 0.0), ('dce-ejj', 0.0), ('dde-ejj', 0.0), ('dhe-ejj', 0.0), ('dhi-ejj', 0.0), ('dii-ejj', 0.0), ('dja-ejj', 0.0), ('eac-ejj', 0.0), ('eai-ejj', 0.0), ('ede-ejj', 0.0), ('edi-ejj', 0.0), ('eea-ejj', 0.0), ('eeg-ejj', 0.0), ('efc-ejj', 0.0), ('efi-ejj', 0.0), ('ege-ejj', 0.0), ('egg-ejj', 0.0), ('egi-ejj', 0.0), ('eha-ejj', 0.0), ('ehe-ejj', 0.0), ('eia-ejj', 0.0), ('eii-ejj', 0.0), ('a-ejj', 0.0), ('be-ejj', 0.0), ('cc-ejj', 0.0), ('ce-ejj', 0.0), ('ci-ejj', 0.0), ('ec-ejj', 0.0), ('eg-ejj', 0.0), ('fc-ejj', 0.0), ('fe-ejj', 0.0), ('fg-ejj', 0.0), ('fi-ejj', 0.0), ('gg-ejj', 0.0), ('ia-ejj', 0.0), ('jc-ejj', 0.0), ('bai-ejj', 0.0), ('bba-ejj', 0.0), ('bdc-ejj', 0.0), ('bdg-ejj', 0.0), ('bei-ejj', 0.0), ('bfa-ejj', 0.0), ('bfi-ejj', 0.0), ('bga-ejj', 0.0), ('bgc-ejj', 0.0), ('big-ejj', 0.0), ('bja-ejj', 0.0), ('bje-ejj', 0.0), ('caa-ejj', 0.0), ('cae-ejj', 0.0), ('cbc-ejj', 0.0), ('cci-ejj', 0.0), ('cde-ejj', 0.0), ('cee-ejj', 0.0), ('cfa-ejj', 0.0), ('cfg-ejj', 0.0), ('cfi-ejj', 0.0), ('cge-ejj', 0.0), ('cgg-ejj', 0.0), ('chc-ejj', 0.0), ('che-ejj', 0.0), ('cic-ejj', 0.0), ('cie-ejj', 0.0), ('cii-ejj', 0.0), ('cje-ejj', 0.0), ('daa-ejj', 0.0), ('dag-ejj', 0.0), ('dbg-ejj', 0.0), ('dca-ejj', 0.0), ('dcc-ejj', 0.0), ('dci-ejj', 0.0), ('dda-ejj', 0.0), ('ddc-ejj', 0.0), ('ddg-ejj', 0.0), ('ddi-ejj', 0.0), ('dea-ejj', 0.0), ('dec-ejj', 0.0), ('dee-ejj', 0.0), ('dei-ejj', 0.0), ('dfi-ejj', 0.0), ('dge-ejj', 0.0), ('dha-ejj', 0.0), ('dhc-ejj', 0.0), ('dhg-ejj', 0.0), ('dia-ejj', 0.0), ('die-ejj', 0.0), ('dji-ejj', 0.0), ('ebg-ejj', 0.0), ('ecc-ejj', 0.0), ('eda-ejj', 0.0), ('edc-ejj', 0.0), ('edg-ejj', 0.0), ('eei-ejj', 0.0), ('efa-ejj', 0.0), ('efe-ejj', 0.0), ('ehi-ejj', 0.0), ('eic-ejj', 0.0), ('eie-ejj', 0.0), ('eig-ejj', 0.0), ('eje-ejj', 0.0), ('ejg-ejj', 0.0), ('eji-ejj', 0.0), ('c-ejj', 0), ('g-ejj', 0.0), ('bg-ejj', 0), ('cg-ejj', 0.0), ('da-ejj', 0), ('de-ejj', 0.0), ('di-ejj', 0.0), ('ea-ejj', 0), ('ei-ejj', 0), ('fa-ejj', 0.0), ('ga-ejj', 0.0), ('gc-ejj', 0.0), ('hg-ejj', 0.0), ('ic-ejj', 0.0), ('ie-ejj', 0.0), ('ii-ejj', 0), ('jg-ejj', 0.0), ('baa-ejj', 0.0), ('bbe-ejj', 0.0), ('bbi-ejj', 0), ('bca-ejj', 0), ('bcc-ejj', 0.0), ('bce-ejj', 0), ('bci-ejj', 0.0), ('bdi-ejj', 0.0), ('bea-ejj', 0.0), ('beg-ejj', 0.0), ('bfc-ejj', 0.0), ('bfe-ejj', 0.0), ('bfg-ejj', 0.0), ('bge-ejj', 0.0), ('bhe-ejj', 0.0), ('bhg-ejj', 0.0), ('bhi-ejj', 0.0), ('bia-ejj', 0.0), ('bjc-ejj', 0.0), ('bjg-ejj', 0.0), ('bji-ejj', 0), ('cac-ejj', 0.0), ('cag-ejj', 0), ('cai-ejj', 0), ('cba-ejj', 0), ('cbe-ejj', 0.0), ('cbi-ejj', 0), ('cca-ejj', 0.0), ('ccc-ejj', 0.0), ('cce-ejj', 0.0), ('cda-ejj', 0.0), ('cdc-ejj', 0.0), ('cec-ejj', 0.0), ('cfc-ejj', 0.0), ('cfe-ejj', 0), ('cga-ejj', 0), ('cgc-ejj', 0.0), ('cha-ejj', 0.0), ('chi-ejj', 0.0), ('cig-ejj', 0.0), ('cji-ejj', 0.0), ('dae-ejj', 0.0), ('dbc-ejj', 0), ('dbe-ejj', 0), ('dbi-ejj', 0), ('dcg-ejj', 0.0), ('deg-ejj', 0.0), ('dfa-ejj', 0), ('dfc-ejj', 0.0), ('dfe-ejj', 0), ('dga-ejj', 0.0), ('dgc-ejj', 0), ('dgg-ejj', 0), ('dgi-ejj', 0.0), ('dic-ejj', 0.0), ('dig-ejj', 0.0), ('djc-ejj', 0.0), ('dje-ejj', 0.0), ('djg-ejj', 0.0), ('eaa-ejj', 0.0), ('eae-ejj', 0.0), ('eba-ejj', 0.0), ('ebc-ejj', 0.0), ('ebe-ejj', 0.0), ('ebi-ejj', 0.0), ('eca-ejj', 0.0), ('ece-ejj', 0.0), ('ecg-ejj', 0.0), ('eci-ejj', 0.0), ('eec-ejj', 0.0), ('eee-ejj', 0.0), ('efg-ejj', 0), ('ega-ejj', 0), ('egc-ejj', 0.0), ('ehc-ejj', 0.0), ('ehg-ejj', 0.0), ('eja-ejj', 0.0)]
bac-ejj 0
bic-ejj 0
dba-ejj 1
i-ejj 0
he-ejj 0
bgg-ejj 0
ccg-ejj 0
cdg-ejj 0
bc-ejj 0
ca-ejj 0
ge-ejj 0
ha-ejj 0
bcg-ejj 0
bec-ejj 0
bee-ejj 0
bha-ejj 0
cdi-ejj 0
cjc-ejj 0
cjg-ejj 0
dfg-ejj 0
eag-ejj 0
ejc-ejj 0
e-ejj 0
ba-ejj 0
bi-ejj 0
dc-ejj 0
dg-ejj 0
ee-ejj 0
gi-ejj 0
hc-ejj 0
hi-ejj 0
ig-ejj 0
ja-ejj 0
je-ejj 0
ji-ejj 0
bae-ejj 0
bag-ejj 0
bbc-ejj 0
bbg-ejj 0
bda-ejj 0
bde-ejj 0
bgi-ejj 0
bhc-ejj 0
bie-ejj 0
bii-ejj 0
cbg-ejj 0
cea-ejj 0
ceg-ejj 0
cei-ejj 0
cgi-ejj 0
chg-ejj 0
cia-ejj 0
cja-ejj 0
dac-ejj 0
dai-ejj 0
dce-ejj 0
dde-ejj 0
dhe-ejj 0
dhi-ejj 0
dii-ejj 0
dja-ejj 0
eac-ejj 0
eai-ejj 0
ede-ejj 0
edi-ejj 0
eea-ejj 0
eeg-ejj 0
efc-ejj 0
efi-ejj 0
ege-ejj 0
egg-ejj 0
egi-ejj 0
eha-ejj 0
ehe-ejj 0
eia-ejj 0
eii-ejj 0
a-ejj 0
be-ejj 0
cc-ejj 0
ce-ejj 0
ci-ejj 0
ec-ejj 0
eg-ejj 0
fc-ejj 0
fe-ejj 0
fg-ejj 0
fi-ejj 0
gg-ejj 0
ia-ejj 0
jc-ejj 0
bai-ejj 0
bba-ejj 0
bdc-ejj 0
bdg-ejj 0
bei-ejj 0
bfa-ejj 0
bfi-ejj 0
bga-ejj 0
bgc-ejj 0
big-ejj 0
bja-ejj 0
bje-ejj 0
caa-ejj 0
cae-ejj 0
cbc-ejj 0
cci-ejj 0
cde-ejj 0
cee-ejj 0
cfa-ejj 0
cfg-ejj 0
cfi-ejj 0
cge-ejj 0
cgg-ejj 0
chc-ejj 0
che-ejj 0
cic-ejj 0
cie-ejj 0
cii-ejj 0
cje-ejj 0
daa-ejj 0
dag-ejj 0
dbg-ejj 0
dca-ejj 0
dcc-ejj 0
dci-ejj 0
dda-ejj 0
ddc-ejj 0
ddg-ejj 0
ddi-ejj 0
dea-ejj 0
dec-ejj 0
dee-ejj 0
dei-ejj 0
dfi-ejj 0
dge-ejj 0
dha-ejj 0
dhc-ejj 0
dhg-ejj 0
dia-ejj 0
die-ejj 0
dji-ejj 0
ebg-ejj 0
ecc-ejj 0
eda-ejj 0
edc-ejj 0
edg-ejj 0
eei-ejj 0
efa-ejj 0
efe-ejj 0
ehi-ejj 0
eic-ejj 0
eie-ejj 0
eig-ejj 0
eje-ejj 0
ejg-ejj 0
eji-ejj 0
c-ejj 0
g-ejj 0
bg-ejj 0
cg-ejj 0
da-ejj 0
de-ejj 0
di-ejj 0
ea-ejj 0
ei-ejj 0
fa-ejj 0
ga-ejj 0
gc-ejj 0
hg-ejj 0
ic-ejj 0
ie-ejj 0
ii-ejj 0
jg-ejj 0
baa-ejj 0
bbe-ejj 0
bbi-ejj 0
bca-ejj 0
bcc-ejj 0
bce-ejj 0
bci-ejj 0
bdi-ejj 0
bea-ejj 0
beg-ejj 0
bfc-ejj 0
bfe-ejj 0
bfg-ejj 0
bge-ejj 0
bhe-ejj 0
bhg-ejj 0
bhi-ejj 0
bia-ejj 0
bjc-ejj 0
bjg-ejj 0
bji-ejj 0
cac-ejj 0
cag-ejj 0
cai-ejj 0
cba-ejj 0
cbe-ejj 0
cbi-ejj 0
cca-ejj 0
ccc-ejj 0
cce-ejj 0
cda-ejj 0
cdc-ejj 0
cec-ejj 0
cfc-ejj 0
cfe-ejj 0
cga-ejj 0
cgc-ejj 0
cha-ejj 0
chi-ejj 0
cig-ejj 0
cji-ejj 0
dae-ejj 0
dbc-ejj 0
dbe-ejj 0
dbi-ejj 0
dcg-ejj 0
deg-ejj 0
dfa-ejj 0
dfc-ejj 0
dfe-ejj 0
dga-ejj 0
dgc-ejj 0
dgg-ejj 0
dgi-ejj 0
dic-ejj 0
dig-ejj 0
djc-ejj 0
dje-ejj 0
djg-ejj 0
eaa-ejj 0
eae-ejj 0
eba-ejj 0
ebc-ejj 0
ebe-ejj 0
ebi-ejj 0
eca-ejj 0
ece-ejj 0
ecg-ejj 0
eci-ejj 0
eec-ejj 0
eee-ejj 0
efg-ejj 0
ega-ejj 0
egc-ejj 0
ehc-ejj 0
ehg-ejj 0
eja-ejj 0
