79
SlidesNextv2
JenZ PhilippH
GlassOSSv3
MatasW JenZ
StreamXv9
LarryO
CastOSProv6
BakhodirD
ShoppingProv8
FionaN PhilippI
AndroidTVNextv1
MatasC NellyX SergeyV LarryO PhilippP ThomasM SergeyU SundarL
ExploreUltrav8
BakhodirD ClementM SergeyV HiroshiF FionaJ SusanQ ClementE
ChromeNextv7
SergeyV BakhodirD PhilippY
ClassroomMaxv2
TatiyanaC SusanQ
StreamXv6
BakhodirW JenK SergeyN ClementM FionaJ
DocsNextv2
SundarP JenK ClementL
BuildMaxv1
MichalB RuthX NellyY BakhodirG SergeyV
GameProv3
PhilippY
ShortsNextv7
FionaF PhilippY HiroshiF
GmailSv4
BakhodirG NellyY
WearOSLitev5
NellyY BakhodirD TatiyanaC JenK PhilippI
DaydreamLitev7
BakhodirW
BloggerNextv8
PhilippP ClementE MatasW SergeyV
MapsProv8
HiroshiW SergeyT BakhodirD
ConnectLitev9
SundarA
CollectionsZv7
HiroshiW SergeyV BakhodirD PhilippI SundarA SergeyN FionaJ
GameProv6
LarryO SusanQ StefanQ
ChromeOSLitev3
PhilippP HiroshiW PhilippY
SitesUltrav5
SergeyU PhilippI MatasW TatiyanaC LarryX SergeyT PhilippY SundarP
MarsXv1
HiroshiF FionaJ MichalB MatasH
StreetViewProv9
SundarA JenK ClementE MatasW MatasC PhilippK NellyY LarryO
FeedBurnerMaxv3
TatiyanaC LarryO
AndroidTVMaxv5
HiroshiF SundarP PhilippK
DuoZv2
PhilippY SundarP FionaF
StadiaZv1
TatiyanaC ClementM BenjaminT PhilippP
CalendarNextv8
BakhodirG MichalB
ResearchXv8
SundarP ClementM BakhodirW JenK ClementE
ReleaseUltrav1
FionaJ BakhodirD
MapsSv7
SundarA PhilippK FionaF LarryO ClementM ThomasK MatasW LarryX ClementE BakhodirD
ChromecastXv8
BenjaminT HiroshiF
DreamSv2
SusanQ PhilippP SergeyN LarryO PhilippI MatasW
SlidesUltrav7
LarryX FionaF JenK MatasH BakhodirD RuthX MatasC
SitesSv1
SergeyU ClementL
SmartSv2
FionaF BakhodirW PhilippK BenjaminT FionaN
AndroidAutoZv2
PhilippH JenK PhilippI LarryX SergeyU
StreetViewXv1
TatiyanaC JenK FionaF
AlertsLitev7
SergeyN HiroshiF SergeyT BenjaminT
ChromeOSUltrav5
JenK PhilippH SergeyU HiroshiW PhilippK ClementL
SmartLitev9
JenZ ThomasK PhilippP
GameLitev8
PhilippP PhilippK MatasW SergeyN
DatasetSearchNextv1
SergeyU HiroshiW FionaF HiroshiF BakhodirG PrabhakarR ClementE
PhotoProv3
SergeyT HiroshiF LarryX SusanQ MichalP SergeyV SergeyU
VoiceProv8
MatasW ClementE JenK ClementM TatiyanaC
SkyLitev6
TatiyanaC ThomasM PhilippI
AssistantUltrav2
JenK SergeyU StefanQ MichalP BakhodirW PhilippP
DuoZv4
ThomasK SundarP LarryX FionaJ PhilippK RuthX ThomasM
ChatSv4
TatiyanaC BakhodirG PhilippP JenZ
MarsLitev5
LarryX TatiyanaC
SantaTrackerXv4
HiroshiW ThomasM ClementE BakhodirG ClementL FionaJ SergeyU PhilippH SusanQ MichalP
MarsUltrav8
PhilippI SergeyU SusanQ PhilippP StefanQ BenjaminT RuthX BakhodirG MatasW
CultureProv7
MatasW TatiyanaC PhilippY SergeyU FionaJ ThomasM BakhodirW ClementE
PhoneLitev3
JenK PhilippH
StreetViewUltrav4
HiroshiW SergeyU JenZ
BuildLitev6
BakhodirG TatiyanaC JenK PhilippI MichalB NellyY SergeyU FionaN PhilippK PhilippH
DuoMaxv1
FionaJ NellyY PhilippI PhilippP ClementL
GlassOSLitev9
FionaJ BakhodirG SundarA PhilippK HiroshiF PhilippH
StreetViewNextv3
SusanQ PhilippH JenZ
FuchsiaLitev6
PhilippY BenjaminT ThomasK FionaJ BakhodirW PhilippI SergeyV
FuchsiaXv6
SergeyV SundarA
WebserverProv6
PhilippP
FeedBurnerMaxv1
MichalB ThomasK ClementL HiroshiF
StadiaNextv9
PhilippH SusanQ SergeyN MatasH ClementL StefanQ MichalP FionaJ BenjaminT ThomasK
WearOSProv2
FionaN NellyY SergeyV PhilippY FionaJ ThomasM MatasW PhilippH StefanQ
MoonMaxv4
MichalP HiroshiW FionaF SundarA BakhodirW ThomasM StefanQ ThomasK HiroshiF LarryX
MapsUltrav3
TatiyanaC HiroshiW PhilippP
DuoLitev3
FionaJ SergeyN ClementE PhilippP RuthX ThomasK
SearchNextv1
SergeyV ThomasM MichalB SundarP ThomasK
StadiaZv2
BakhodirG JenZ MichalP FionaF ThomasK MatasH
KeepXv5
PhilippP HiroshiF MichalP
CastOSNextv8
LarryO LarryX ClementM BakhodirG ThomasM BakhodirW NellyY TatiyanaC
WebserverProv4
HiroshiF NellyX PhilippP PhilippI PhilippH ClementE SergeyU MatasW PhilippY
PhoneUltrav1
BakhodirW LarryO ThomasM SundarH StefanQ
PhoneXv6
MichalB JenK ThomasK PhilippI MatasH RuthX TatiyanaC ThomasM
DataZv2
SusanQ ThomasM ClementM FionaF StefanQ PhilippH SergeyN SergeyT
