500
0
1
eji-a 6
1
2
a-b 5
ejj-b 1
2
1
b-c 6
3
2
c-d 5
ejj-d 1
4
1
d-e 6
5
2
ejj-f 2
e-f 4
6
1
f-g 6
7
2
ejj-h 3
g-h 2
8
1
h-i 6
9
2
i-j 6
ejj-j 1
10
1
j-ba 6
11
2
ba-bb 4
ejj-bb 2
12
1
bb-bc 6
13
2
bc-bd 4
ejj-bd 2
14
1
bd-be 6
15
2
be-bf 5
ejj-bf 1
16
1
bf-bg 6
17
2
ejj-bh 1
bg-bh 5
18
1
bh-bi 6
19
2
bi-bj 4
ejj-bj 2
20
1
bj-ca 6
21
2
ca-cb 4
ejj-cb 2
22
1
cb-cc 6
23
2
ejj-cd 3
cc-cd 3
24
1
cd-ce 6
25
2
ejj-cf 3
ce-cf 2
26
1
cf-cg 6
27
2
ejj-ch 2
cg-ch 4
28
1
ch-ci 6
29
2
ejj-cj 2
ci-cj 4
30
1
cj-da 6
31
2
da-db 4
ejj-db 2
32
1
db-dc 6
33
2
ejj-dd 1
dc-dd 5
34
1
dd-de 6
35
2
ejj-df 1
de-df 5
36
1
df-dg 6
37
2
ejj-dh 2
dg-dh 4
38
1
dh-di 6
39
2
di-dj 4
ejj-dj 2
40
1
dj-ea 6
41
2
ea-eb 5
ejj-eb 1
42
1
eb-ec 6
43
2
ec-ed 6
ejj-ed 1
44
1
ed-ee 6
45
2
ee-ef 4
ejj-ef 1
46
1
ef-eg 6
47
2
ejj-eh 5
eg-eh 1
48
1
eh-ei 6
49
2
ei-ej 4
ejj-ej 2
50
1
ej-fa 6
51
2
fa-fb 5
ejj-fb 1
52
1
fb-fc 6
53
2
fc-fd 6
ejj-fd 1
54
1
fd-fe 6
55
2
fe-ff 3
ejj-ff 2
56
1
ff-fg 6
57
2
ejj-fh 3
fg-fh 3
58
1
fh-fi 6
59
2
fi-fj 4
ejj-fj 1
60
1
fj-ga 6
61
2
ejj-gb 3
ga-gb 3
62
1
gb-gc 6
63
2
gc-gd 4
ejj-gd 2
64
1
gd-ge 6
65
2
ge-gf 6
ejj-gf 1
66
1
gf-gg 6
67
2
gg-gh 5
ejj-gh 1
68
1
gh-gi 6
69
2
gi-gj 5
ejj-gj 1
70
1
gj-ha 6
71
2
ha-hb 5
ejj-hb 1
72
1
hb-hc 6
73
2
ejj-hd 1
hc-hd 5
74
1
hd-he 6
75
2
he-hf 5
ejj-hf 1
76
1
hf-hg 6
77
2
hg-hh 3
ejj-hh 2
78
1
hh-hi 6
79
2
hi-hj 4
ejj-hj 1
80
1
hj-ia 6
81
2
ia-ib 4
ejj-ib 1
82
1
ib-ic 6
83
2
ic-id 4
ejj-id 2
84
1
id-ie 6
85
2
ejj-if 2
ie-if 4
86
1
if-ig 6
87
2
ejj-ih 1
ig-ih 5
88
1
ih-ii 6
89
2
ejj-ij 3
ii-ij 3
90
1
ij-ja 6
91
2
ejj-jb 1
ja-jb 4
92
1
jb-jc 6
93
2
jc-jd 5
ejj-jd 1
94
1
jd-je 6
95
2
je-jf 5
ejj-jf 1
96
1
jf-jg 6
97
2
ejj-jh 2
jg-jh 4
98
1
jh-ji 6
99
2
ji-jj 5
ejj-jj 1
100
1
jj-baa 6
101
2
baa-bab 6
ejj-bab 1
102
1
bab-bac 6
103
2
bac-bad 5
ejj-bad 1
104
1
bad-bae 6
105
2
bae-baf 4
ejj-baf 2
106
1
baf-bag 6
107
2
ejj-bah 2
bag-bah 4
108
1
bah-bai 6
109
2
bai-baj 4
ejj-baj 1
110
1
baj-bba 6
111
2
bba-bbb 4
ejj-bbb 2
112
1
bbb-bbc 6
113
2
bbc-bbd 5
ejj-bbd 1
114
1
bbd-bbe 6
115
2
bbe-bbf 5
ejj-bbf 1
116
1
bbf-bbg 6
117
2
ejj-bbh 3
bbg-bbh 3
118
1
bbh-bbi 6
119
2
ejj-bbj 2
bbi-bbj 4
120
1
bbj-bca 6
121
2
bca-bcb 3
ejj-bcb 3
122
1
bcb-bcc 6
123
2
ejj-bcd 4
bcc-bcd 2
124
1
bcd-bce 6
125
2
ejj-bcf 1
bce-bcf 4
126
1
bcf-bcg 6
127
2
ejj-bch 2
bcg-bch 4
128
1
bch-bci 6
129
2
bci-bcj 3
ejj-bcj 3
130
1
bcj-bda 6
131
2
bda-bdb 4
ejj-bdb 2
132
1
bdb-bdc 6
133
2
bdc-bdd 4
ejj-bdd 2
134
1
bdd-bde 6
135
2
ejj-bdf 1
bde-bdf 5
136
1
bdf-bdg 6
137
2
bdg-bdh 4
ejj-bdh 1
138
1
bdh-bdi 6
139
2
bdi-bdj 4
ejj-bdj 1
140
1
bdj-bea 6
141
2
ejj-beb 2
bea-beb 4
142
1
beb-bec 6
143
2
ejj-bed 2
bec-bed 4
144
1
bed-bee 6
145
2
bee-bef 3
ejj-bef 3
146
1
bef-beg 6
147
2
beg-beh 5
ejj-beh 1
148
1
beh-bei 6
149
2
ejj-bej 2
bei-bej 4
150
1
bej-bfa 6
151
2
bfa-bfb 5
ejj-bfb 1
152
1
bfb-bfc 6
153
2
bfc-bfd 3
ejj-bfd 2
154
1
bfd-bfe 6
155
2
ejj-bff 2
bfe-bff 4
156
1
bff-bfg 6
157
2
bfg-bfh 4
ejj-bfh 2
158
1
bfh-bfi 6
159
2
bfi-bfj 5
ejj-bfj 1
160
1
bfj-bga 6
161
2
bga-bgb 6
ejj-bgb 1
162
1
bgb-bgc 6
163
2
bgc-bgd 4
ejj-bgd 2
164
1
bgd-bge 6
165
2
bge-bgf 3
ejj-bgf 3
166
1
bgf-bgg 6
167
2
bgg-bgh 3
ejj-bgh 3
168
1
bgh-bgi 6
169
2
bgi-bgj 6
ejj-bgj 1
170
1
bgj-bha 6
171
2
bha-bhb 5
ejj-bhb 1
172
1
bhb-bhc 6
173
2
bhc-bhd 6
ejj-bhd 1
174
1
bhd-bhe 6
175
2
bhe-bhf 4
ejj-bhf 2
176
1
bhf-bhg 6
177
2
ejj-bhh 3
bhg-bhh 3
178
1
bhh-bhi 6
179
2
bhi-bhj 6
ejj-bhj 1
180
1
bhj-bia 6
181
2
bia-bib 4
ejj-bib 2
182
1
bib-bic 6
183
2
ejj-bid 1
bic-bid 4
184
1
bid-bie 6
185
2
ejj-bif 3
bie-bif 3
186
1
bif-big 6
187
2
ejj-bih 1
big-bih 5
188
1
bih-bii 6
189
2
ejj-bij 3
bii-bij 3
190
1
bij-bja 6
191
2
bja-bjb 5
ejj-bjb 1
192
1
bjb-bjc 6
193
2
ejj-bjd 1
bjc-bjd 5
194
1
bjd-bje 6
195
2
bje-bjf 6
ejj-bjf 1
196
1
bjf-bjg 6
197
2
bjg-bjh 5
ejj-bjh 1
198
1
bjh-bji 6
199
2
bji-bjj 5
ejj-bjj 1
200
1
bjj-caa 6
201
2
caa-cab 5
ejj-cab 1
202
1
cab-cac 6
203
2
cac-cad 4
ejj-cad 2
204
1
cad-cae 6
205
2
cae-caf 4
ejj-caf 1
206
1
caf-cag 6
207
2
cag-cah 5
ejj-cah 1
208
1
cah-cai 6
209
2
cai-caj 3
ejj-caj 3
210
1
caj-cba 6
211
2
ejj-cbb 1
cba-cbb 5
212
1
cbb-cbc 6
213
2
cbc-cbd 4
ejj-cbd 1
214
1
cbd-cbe 6
215
2
ejj-cbf 2
cbe-cbf 4
216
1
cbf-cbg 6
217
2
cbg-cbh 3
ejj-cbh 3
218
1
cbh-cbi 6
219
2
cbi-cbj 4
ejj-cbj 1
220
1
cbj-cca 6
221
2
cca-ccb 5
ejj-ccb 1
222
1
ccb-ccc 6
223
2
ccc-ccd 5
ejj-ccd 1
224
1
ccd-cce 6
225
2
ejj-ccf 1
cce-ccf 4
226
1
ccf-ccg 6
227
2
ccg-cch 5
ejj-cch 1
228
1
cch-cci 6
229
2
ejj-ccj 2
cci-ccj 3
230
1
ccj-cda 6
231
2
ejj-cdb 2
cda-cdb 4
232
1
cdb-cdc 6
233
2
ejj-cdd 2
cdc-cdd 4
234
1
cdd-cde 6
235
2
cde-cdf 5
ejj-cdf 1
236
1
cdf-cdg 6
237
2
cdg-cdh 5
ejj-cdh 1
238
1
cdh-cdi 6
239
2
ejj-cdj 3
cdi-cdj 3
240
1
cdj-cea 6
241
2
cea-ceb 5
ejj-ceb 1
242
1
ceb-cec 6
243
2
cec-ced 5
ejj-ced 1
244
1
ced-cee 6
245
2
ejj-cef 1
cee-cef 4
246
1
cef-ceg 6
247
2
ceg-ceh 6
ejj-ceh 1
248
1
ceh-cei 6
249
2
cei-cej 6
ejj-cej 1
250
1
cej-cfa 6
251
2
cfa-cfb 5
ejj-cfb 1
252
1
cfb-cfc 6
253
2
cfc-cfd 2
ejj-cfd 4
254
1
cfd-cfe 6
255
2
ejj-cff 2
cfe-cff 3
256
1
cff-cfg 6
257
2
cfg-cfh 4
ejj-cfh 1
258
1
cfh-cfi 6
259
2
ejj-cfj 2
cfi-cfj 4
260
1
cfj-cga 6
261
2
ejj-cgb 1
cga-cgb 6
262
1
cgb-cgc 6
263
2
ejj-cgd 3
cgc-cgd 3
264
1
cgd-cge 6
265
2
ejj-cgf 1
cge-cgf 5
266
1
cgf-cgg 6
267
2
cgg-cgh 6
ejj-cgh 1
268
1
cgh-cgi 6
269
2
cgi-cgj 6
ejj-cgj 1
270
1
cgj-cha 6
271
2
cha-chb 2
ejj-chb 3
272
1
chb-chc 6
273
2
ejj-chd 2
chc-chd 4
274
1
chd-che 6
275
2
che-chf 4
ejj-chf 2
276
1
chf-chg 6
277
2
chg-chh 6
ejj-chh 1
278
1
chh-chi 6
279
2
ejj-chj 2
chi-chj 3
280
1
chj-cia 6
281
2
cia-cib 5
ejj-cib 1
282
1
cib-cic 6
283
2
cic-cid 6
ejj-cid 1
284
1
cid-cie 6
285
2
ejj-cif 1
cie-cif 5
286
1
cif-cig 6
287
2
cig-cih 5
ejj-cih 1
288
1
cih-cii 6
289
2
cii-cij 6
ejj-cij 1
290
1
cij-cja 6
291
2
ejj-cjb 1
cja-cjb 4
292
1
cjb-cjc 6
293
2
cjc-cjd 4
ejj-cjd 1
294
1
cjd-cje 6
295
2
cje-cjf 4
ejj-cjf 2
296
1
cjf-cjg 6
297
2
cjg-cjh 4
ejj-cjh 2
298
1
cjh-cji 6
299
2
cji-cjj 3
ejj-cjj 3
300
1
cjj-daa 6
301
2
daa-dab 5
ejj-dab 1
302
1
dab-dac 6
303
2
dac-dad 4
ejj-dad 2
304
1
dad-dae 6
305
2
dae-daf 5
ejj-daf 1
306
1
daf-dag 6
307
2
dag-dah 3
ejj-dah 2
308
1
dah-dai 6
309
2
dai-daj 4
ejj-daj 2
310
1
daj-dba 6
311
2
ejj-dbb 3
dba-dbb 3
312
1
dbb-dbc 6
313
2
dbc-dbd 5
ejj-dbd 1
314
1
dbd-dbe 6
315
2
ejj-dbf 1
dbe-dbf 5
316
1
dbf-dbg 6
317
2
dbg-dbh 5
ejj-dbh 1
318
1
dbh-dbi 6
319
2
dbi-dbj 5
ejj-dbj 1
320
1
dbj-dca 6
321
2
ejj-dcb 2
dca-dcb 4
322
1
dcb-dcc 6
323
2
dcc-dcd 6
ejj-dcd 1
324
1
dcd-dce 6
325
2
ejj-dcf 1
dce-dcf 5
326
1
dcf-dcg 6
327
2
ejj-dch 2
dcg-dch 4
328
1
dch-dci 6
329
2
dci-dcj 4
ejj-dcj 2
330
1
dcj-dda 6
331
2
dda-ddb 4
ejj-ddb 2
332
1
ddb-ddc 6
333
2
ddc-ddd 6
ejj-ddd 1
334
1
ddd-dde 6
335
2
ejj-ddf 2
dde-ddf 3
336
1
ddf-ddg 6
337
2
ddg-ddh 6
ejj-ddh 1
338
1
ddh-ddi 6
339
2
ddi-ddj 4
ejj-ddj 2
340
1
ddj-dea 6
341
2
ejj-deb 3
dea-deb 2
342
1
deb-dec 6
343
2
dec-ded 3
ejj-ded 2
344
1
ded-dee 6
345
2
dee-def 5
ejj-def 1
346
1
def-deg 6
347
2
deg-deh 6
ejj-deh 1
348
1
deh-dei 6
349
2
ejj-dej 1
dei-dej 5
350
1
dej-dfa 6
351
2
dfa-dfb 6
ejj-dfb 1
352
1
dfb-dfc 6
353
2
dfc-dfd 5
ejj-dfd 1
354
1
dfd-dfe 6
355
2
dfe-dff 5
ejj-dff 1
356
1
dff-dfg 6
357
2
dfg-dfh 3
ejj-dfh 3
358
1
dfh-dfi 6
359
2
dfi-dfj 3
ejj-dfj 2
360
1
dfj-dga 6
361
2
ejj-dgb 1
dga-dgb 4
362
1
dgb-dgc 6
363
2
dgc-dgd 4
ejj-dgd 1
364
1
dgd-dge 6
365
2
dge-dgf 5
ejj-dgf 1
366
1
dgf-dgg 6
367
2
dgg-dgh 5
ejj-dgh 1
368
1
dgh-dgi 6
369
2
ejj-dgj 2
dgi-dgj 4
370
1
dgj-dha 6
371
2
dha-dhb 5
ejj-dhb 1
372
1
dhb-dhc 6
373
2
dhc-dhd 4
ejj-dhd 2
374
1
dhd-dhe 6
375
2
dhe-dhf 4
ejj-dhf 2
376
1
dhf-dhg 6
377
2
ejj-dhh 1
dhg-dhh 5
378
1
dhh-dhi 6
379
2
dhi-dhj 6
ejj-dhj 1
380
1
dhj-dia 6
381
2
dia-dib 6
ejj-dib 1
382
1
dib-dic 6
383
2
ejj-did 2
dic-did 4
384
1
did-die 6
385
2
die-dif 6
ejj-dif 1
386
1
dif-dig 6
387
2
dig-dih 4
ejj-dih 2
388
1
dih-dii 6
389
2
dii-dij 5
ejj-dij 1
390
1
dij-dja 6
391
2
ejj-djb 2
dja-djb 4
392
1
djb-djc 6
393
2
djc-djd 5
ejj-djd 1
394
1
djd-dje 6
395
2
dje-djf 6
ejj-djf 1
396
1
djf-djg 6
397
2
djg-djh 4
ejj-djh 2
398
1
djh-dji 6
399
2
ejj-djj 1
dji-djj 5
400
1
djj-eaa 6
401
2
eaa-eab 5
ejj-eab 1
402
1
eab-eac 6
403
2
ejj-ead 1
eac-ead 5
404
1
ead-eae 6
405
2
ejj-eaf 3
eae-eaf 3
406
1
eaf-eag 6
407
2
eag-eah 5
ejj-eah 1
408
1
eah-eai 6
409
2
ejj-eaj 3
eai-eaj 3
410
1
eaj-eba 6
411
2
eba-ebb 5
ejj-ebb 1
412
1
ebb-ebc 6
413
2
ebc-ebd 5
ejj-ebd 1
414
1
ebd-ebe 6
415
2
ebe-ebf 5
ejj-ebf 1
416
1
ebf-ebg 6
417
2
ebg-ebh 4
ejj-ebh 2
418
1
ebh-ebi 6
419
2
ebi-ebj 5
ejj-ebj 1
420
1
ebj-eca 6
421
2
eca-ecb 5
ejj-ecb 1
422
1
ecb-ecc 6
423
2
ecc-ecd 4
ejj-ecd 2
424
1
ecd-ece 6
425
2
ejj-ecf 1
ece-ecf 5
426
1
ecf-ecg 6
427
2
ecg-ech 5
ejj-ech 1
428
1
ech-eci 6
429
2
ejj-ecj 2
eci-ecj 4
430
1
ecj-eda 6
431
2
ejj-edb 3
eda-edb 3
432
1
edb-edc 6
433
2
edc-edd 4
ejj-edd 2
434
1
edd-ede 6
435
2
ejj-edf 1
ede-edf 5
436
1
edf-edg 6
437
2
edg-edh 5
ejj-edh 1
438
1
edh-edi 6
439
2
ejj-edj 1
edi-edj 4
440
1
edj-eea 6
441
2
ejj-eeb 2
eea-eeb 3
442
1
eeb-eec 6
443
2
ejj-eed 2
eec-eed 4
444
1
eed-eee 6
445
2
eee-eef 4
ejj-eef 2
446
1
eef-eeg 6
447
2
eeg-eeh 4
ejj-eeh 1
448
1
eeh-eei 6
449
2
eei-eej 6
ejj-eej 1
450
1
eej-efa 6
451
2
efa-efb 5
ejj-efb 1
452
1
efb-efc 6
453
2
efc-efd 3
ejj-efd 3
454
1
efd-efe 6
455
2
ejj-eff 2
efe-eff 3
456
1
eff-efg 6
457
2
efg-efh 4
ejj-efh 1
458
1
efh-efi 6
459
2
efi-efj 5
ejj-efj 1
460
1
efj-ega 6
461
2
ejj-egb 1
ega-egb 5
462
1
egb-egc 6
463
2
egc-egd 5
ejj-egd 1
464
1
egd-ege 6
465
2
ejj-egf 2
ege-egf 4
466
1
egf-egg 6
467
2
ejj-egh 4
egg-egh 2
468
1
egh-egi 6
469
2
egi-egj 5
ejj-egj 1
470
1
egj-eha 6
471
2
eha-ehb 3
ejj-ehb 3
472
1
ehb-ehc 6
473
2
ehc-ehd 5
ejj-ehd 1
474
1
ehd-ehe 6
475
2
ejj-ehf 1
ehe-ehf 5
476
1
ehf-ehg 6
477
2
ehg-ehh 5
ejj-ehh 1
478
1
ehh-ehi 6
479
2
ejj-ehj 2
ehi-ehj 4
480
1
ehj-eia 6
481
2
eia-eib 5
ejj-eib 1
482
1
eib-eic 6
483
2
eic-eid 5
ejj-eid 1
484
1
eid-eie 6
485
2
eie-eif 5
ejj-eif 1
486
1
eif-eig 6
487
2
eig-eih 6
ejj-eih 1
488
1
eih-eii 6
489
2
ejj-eij 4
eii-eij 2
490
1
eij-eja 6
491
2
ejj-ejb 3
eja-ejb 3
492
1
ejb-ejc 6
493
2
ejj-ejd 2
ejc-ejd 4
494
1
ejd-eje 6
495
2
ejj-ejf 1
eje-ejf 4
496
1
ejf-ejg 6
497
2
ejj-ejh 1
ejg-ejh 5
498
1
ejh-eji 6
499
250
bac-ejj 1
bic-ejj 1
dba-ejj 1
i-ejj 1
he-ejj 1
bgg-ejj 1
ccg-ejj 1
cdg-ejj 1
bc-ejj 1
ca-ejj 1
ge-ejj 1
ha-ejj 1
bcg-ejj 1
bec-ejj 1
bee-ejj 1
bha-ejj 1
cdi-ejj 1
cjc-ejj 1
cjg-ejj 1
dfg-ejj 1
eag-ejj 1
ejc-ejj 1
e-ejj 1
ba-ejj 1
bi-ejj 1
dc-ejj 1
dg-ejj 1
ee-ejj 1
gi-ejj 1
hc-ejj 1
hi-ejj 1
ig-ejj 1
ja-ejj 1
je-ejj 1
ji-ejj 1
bae-ejj 1
bag-ejj 1
bbc-ejj 1
bbg-ejj 1
bda-ejj 1
bde-ejj 1
bgi-ejj 1
bhc-ejj 1
bie-ejj 1
bii-ejj 1
cbg-ejj 1
cea-ejj 1
ceg-ejj 1
cei-ejj 1
cgi-ejj 1
chg-ejj 1
cia-ejj 1
cja-ejj 1
dac-ejj 1
dai-ejj 1
dce-ejj 1
dde-ejj 1
dhe-ejj 1
dhi-ejj 1
dii-ejj 1
dja-ejj 1
eac-ejj 1
eai-ejj 1
ede-ejj 1
edi-ejj 1
eea-ejj 1
eeg-ejj 1
efc-ejj 1
efi-ejj 1
ege-ejj 1
egg-ejj 1
egi-ejj 1
eha-ejj 1
ehe-ejj 1
eia-ejj 1
eii-ejj 1
a-ejj 1
be-ejj 1
cc-ejj 1
ce-ejj 1
ci-ejj 1
ec-ejj 1
eg-ejj 1
fc-ejj 1
fe-ejj 1
fg-ejj 1
fi-ejj 1
gg-ejj 1
ia-ejj 1
jc-ejj 1
bai-ejj 1
bba-ejj 1
bdc-ejj 1
bdg-ejj 1
bei-ejj 1
bfa-ejj 1
bfi-ejj 1
bga-ejj 1
bgc-ejj 1
big-ejj 1
bja-ejj 1
bje-ejj 1
caa-ejj 1
cae-ejj 1
cbc-ejj 1
cci-ejj 1
cde-ejj 1
cee-ejj 1
cfa-ejj 1
cfg-ejj 1
cfi-ejj 1
cge-ejj 1
cgg-ejj 1
chc-ejj 1
che-ejj 1
cic-ejj 1
cie-ejj 1
cii-ejj 1
cje-ejj 1
daa-ejj 1
dag-ejj 1
dbg-ejj 1
dca-ejj 1
dcc-ejj 1
dci-ejj 1
dda-ejj 1
ddc-ejj 1
ddg-ejj 1
ddi-ejj 1
dea-ejj 1
dec-ejj 1
dee-ejj 1
dei-ejj 1
dfi-ejj 1
dge-ejj 1
dha-ejj 1
dhc-ejj 1
dhg-ejj 1
dia-ejj 1
die-ejj 1
dji-ejj 1
ebg-ejj 1
ecc-ejj 1
eda-ejj 1
edc-ejj 1
edg-ejj 1
eei-ejj 1
efa-ejj 1
efe-ejj 1
ehi-ejj 1
eic-ejj 1
eie-ejj 1
eig-ejj 1
eje-ejj 1
ejg-ejj 1
eji-ejj 1
c-ejj 1
g-ejj 1
bg-ejj 1
cg-ejj 1
da-ejj 1
de-ejj 1
di-ejj 1
ea-ejj 1
ei-ejj 1
fa-ejj 1
ga-ejj 1
gc-ejj 1
hg-ejj 1
ic-ejj 1
ie-ejj 1
ii-ejj 1
jg-ejj 1
baa-ejj 1
bbe-ejj 1
bbi-ejj 1
bca-ejj 1
bcc-ejj 1
bce-ejj 1
bci-ejj 1
bdi-ejj 1
bea-ejj 1
beg-ejj 1
bfc-ejj 1
bfe-ejj 1
bfg-ejj 1
bge-ejj 1
bhe-ejj 1
bhg-ejj 1
bhi-ejj 1
bia-ejj 1
bjc-ejj 1
bjg-ejj 1
bji-ejj 1
cac-ejj 1
cag-ejj 1
cai-ejj 1
cba-ejj 1
cbe-ejj 1
cbi-ejj 1
cca-ejj 1
ccc-ejj 1
cce-ejj 1
cda-ejj 1
cdc-ejj 1
cec-ejj 1
cfc-ejj 1
cfe-ejj 1
cga-ejj 1
cgc-ejj 1
cha-ejj 1
chi-ejj 1
cig-ejj 1
cji-ejj 1
dae-ejj 1
dbc-ejj 1
dbe-ejj 1
dbi-ejj 1
dcg-ejj 1
deg-ejj 1
dfa-ejj 1
dfc-ejj 1
dfe-ejj 1
dga-ejj 1
dgc-ejj 1
dgg-ejj 1
dgi-ejj 1
dic-ejj 1
dig-ejj 1
djc-ejj 1
dje-ejj 1
djg-ejj 1
eaa-ejj 1
eae-ejj 1
eba-ejj 1
ebc-ejj 1
ebe-ejj 1
ebi-ejj 1
eca-ejj 1
ece-ejj 1
ecg-ejj 1
eci-ejj 1
eec-ejj 1
eee-ejj 1
efg-ejj 1
ega-ejj 1
egc-ejj 1
ehc-ejj 1
ehg-ejj 1
eja-ejj 1
