500
0
1
eji-a 8
1
2
a-b 2
ejj-b 1
2
1
b-c 3
3
2
c-d 2
ejj-d 1
4
1
d-e 4
5
2
ejj-f 1
e-f 1
6
1
f-g 5
7
2
ejj-h 3
g-h 2
8
1
h-i 9
9
2
i-j 3
ejj-j 1
10
1
j-ba 8
11
2
ba-bb 2
ejj-bb 1
12
1
bb-bc 7
13
2
bc-bd 3
ejj-bd 1
14
1
bd-be 7
15
2
be-bf 3
ejj-bf 1
16
1
bf-bg 8
17
2
ejj-bh 1
bg-bh 3
18
1
bh-bi 8
19
2
bi-bj 2
ejj-bj 1
20
1
bj-ca 6
21
2
ca-cb 2
ejj-cb 1
22
1
cb-cc 6
23
2
ejj-cd 1
cc-cd 1
24
1
cd-ce 5
25
2
ejj-cf 2
ce-cf 1
26
1
cf-cg 7
27
2
ejj-ch 1
cg-ch 3
28
1
ch-ci 6
29
2
ejj-cj 1
ci-cj 2
30
1
cj-da 7
31
2
da-db 3
ejj-db 2
32
1
db-dc 11
33
2
ejj-dd 1
dc-dd 4
34
1
dd-de 9
35
2
ejj-df 1
de-df 3
36
1
df-dg 8
37
2
ejj-dh 2
dg-dh 3
38
1
dh-di 7
39
2
di-dj 2
ejj-dj 1
40
1
dj-ea 9
41
2
ea-eb 3
ejj-eb 1
42
1
eb-ec 7
43
2
ec-ed 3
ejj-ed 1
44
1
ed-ee 7
45
2
ee-ef 2
ejj-ef 1
46
1
ef-eg 4
47
2
ejj-eh 2
eg-eh 1
48
1
eh-ei 5
49
2
ei-ej 3
ejj-ej 2
50
1
ej-fa 11
51
2
fa-fb 4
ejj-fb 1
52
1
fb-fc 8
53
2
fc-fd 3
ejj-fd 1
54
1
fd-fe 6
55
2
fe-ff 1
ejj-ff 1
56
1
ff-fg 4
57
2
ejj-fh 1
fg-fh 1
58
1
fh-fi 5
59
2
fi-fj 3
ejj-fj 1
60
1
fj-ga 8
61
2
ejj-gb 2
ga-gb 2
62
1
gb-gc 6
63
2
gc-gd 3
ejj-gd 1
64
1
gd-ge 6
65
2
ge-gf 3
ejj-gf 1
66
1
gf-gg 9
67
2
gg-gh 3
ejj-gh 1
68
1
gh-gi 7
69
2
gi-gj 3
ejj-gj 1
70
1
gj-ha 8
71
2
ha-hb 4
ejj-hb 1
72
1
hb-hc 10
73
2
ejj-hd 1
hc-hd 4
74
1
hd-he 8
75
2
he-hf 3
ejj-hf 1
76
1
hf-hg 9
77
2
hg-hh 2
ejj-hh 1
78
1
hh-hi 7
79
2
hi-hj 1
ejj-hj 1
80
1
hj-ia 3
81
2
ia-ib 1
ejj-ib 1
82
1
ib-ic 4
83
2
ic-id 2
ejj-id 1
84
1
id-ie 6
85
2
ejj-if 1
ie-if 2
86
1
if-ig 6
87
2
ejj-ih 1
ig-ih 2
88
1
ih-ii 4
89
2
ejj-ij 1
ii-ij 1
90
1
ij-ja 5
91
2
ejj-jb 1
ja-jb 1
92
1
jb-jc 5
93
2
jc-jd 3
ejj-jd 1
94
1
jd-je 7
95
2
je-jf 4
ejj-jf 1
96
1
jf-jg 8
97
2
ejj-jh 2
jg-jh 3
98
1
jh-ji 10
99
2
ji-jj 4
ejj-jj 1
100
1
jj-baa 7
101
2
baa-bab 3
ejj-bab 1
102
1
bab-bac 4
103
2
bac-bad 2
ejj-bad 1
104
1
bad-bae 5
105
2
bae-baf 2
ejj-baf 1
106
1
baf-bag 6
107
2
ejj-bah 1
bag-bah 2
108
1
bah-bai 6
109
2
bai-baj 2
ejj-baj 1
110
1
baj-bba 7
111
2
bba-bbb 2
ejj-bbb 1
112
1
bbb-bbc 4
113
2
bbc-bbd 2
ejj-bbd 1
114
1
bbd-bbe 4
115
2
bbe-bbf 1
ejj-bbf 1
116
1
bbf-bbg 2
117
2
ejj-bbh 1
bbg-bbh 1
118
1
bbh-bbi 2
119
2
ejj-bbj 1
bbi-bbj 1
120
1
bbj-bca 3
121
2
bca-bcb 1
ejj-bcb 1
122
1
bcb-bcc 4
123
2
ejj-bcd 2
bcc-bcd 1
124
1
bcd-bce 4
125
2
ejj-bcf 1
bce-bcf 1
126
1
bcf-bcg 3
127
2
ejj-bch 1
bcg-bch 1
128
1
bch-bci 5
129
2
bci-bcj 1
ejj-bcj 1
130
1
bcj-bda 5
131
2
bda-bdb 2
ejj-bdb 1
132
1
bdb-bdc 6
133
2
bdc-bdd 2
ejj-bdd 1
134
1
bdd-bde 10
135
2
ejj-bdf 1
bde-bdf 3
136
1
bdf-bdg 8
137
2
bdg-bdh 3
ejj-bdh 1
138
1
bdh-bdi 7
139
2
bdi-bdj 2
ejj-bdj 1
140
1
bdj-bea 8
141
2
ejj-beb 1
bea-beb 2
142
1
beb-bec 6
143
2
ejj-bed 1
bec-bed 2
144
1
bed-bee 5
145
2
bee-bef 1
ejj-bef 1
146
1
bef-beg 5
147
2
beg-beh 2
ejj-beh 1
148
1
beh-bei 5
149
2
ejj-bej 1
bei-bej 2
150
1
bej-bfa 6
151
2
bfa-bfb 3
ejj-bfb 1
152
1
bfb-bfc 6
153
2
bfc-bfd 2
ejj-bfd 1
154
1
bfd-bfe 6
155
2
ejj-bff 1
bfe-bff 2
156
1
bff-bfg 6
157
2
bfg-bfh 2
ejj-bfh 1
158
1
bfh-bfi 8
159
2
bfi-bfj 2
ejj-bfj 1
160
1
bfj-bga 5
161
2
bga-bgb 1
ejj-bgb 1
162
1
bgb-bgc 4
163
2
bgc-bgd 2
ejj-bgd 1
164
1
bgd-bge 6
165
2
bge-bgf 1
ejj-bgf 1
166
1
bgf-bgg 5
167
2
bgg-bgh 2
ejj-bgh 1
168
1
bgh-bgi 7
169
2
bgi-bgj 3
ejj-bgj 1
170
1
bgj-bha 6
171
2
bha-bhb 1
ejj-bhb 1
172
1
bhb-bhc 7
173
2
bhc-bhd 3
ejj-bhd 1
174
1
bhd-bhe 8
175
2
bhe-bhf 1
ejj-bhf 1
176
1
bhf-bhg 6
177
2
ejj-bhh 2
bhg-bhh 2
178
1
bhh-bhi 6
179
2
bhi-bhj 2
ejj-bhj 1
180
1
bhj-bia 6
181
2
bia-bib 1
ejj-bib 1
182
1
bib-bic 5
183
2
ejj-bid 1
bic-bid 1
184
1
bid-bie 4
185
2
ejj-bif 1
bie-bif 1
186
1
bif-big 6
187
2
ejj-bih 1
big-bih 3
188
1
bih-bii 8
189
2
ejj-bij 3
bii-bij 2
190
1
bij-bja 10
191
2
bja-bjb 4
ejj-bjb 1
192
1
bjb-bjc 10
193
2
ejj-bjd 1
bjc-bjd 4
194
1
bjd-bje 10
195
2
bje-bjf 4
ejj-bjf 1
196
1
bjf-bjg 8
197
2
bjg-bjh 3
ejj-bjh 1
198
1
bjh-bji 7
199
2
bji-bjj 2
ejj-bjj 1
200
1
bjj-caa 6
201
2
caa-cab 2
ejj-cab 1
202
1
cab-cac 4
203
2
cac-cad 1
ejj-cad 1
204
1
cad-cae 6
205
2
cae-caf 1
ejj-caf 1
206
1
caf-cag 4
207
2
cag-cah 1
ejj-cah 1
208
1
cah-cai 1
209
2
cai-caj 1
ejj-caj 1
210
1
caj-cba 3
211
2
ejj-cbb 1
cba-cbb 1
212
1
cbb-cbc 2
213
2
cbc-cbd 1
ejj-cbd 1
214
1
cbd-cbe 4
215
2
ejj-cbf 1
cbe-cbf 1
216
1
cbf-cbg 3
217
2
cbg-cbh 1
ejj-cbh 1
218
1
cbh-cbi 6
219
2
cbi-cbj 3
ejj-cbj 1
220
1
cbj-cca 10
221
2
cca-ccb 4
ejj-ccb 1
222
1
ccb-ccc 8
223
2
ccc-ccd 3
ejj-ccd 1
224
1
ccd-cce 8
225
2
ejj-ccf 1
cce-ccf 3
226
1
ccf-ccg 7
227
2
ccg-cch 3
ejj-cch 1
228
1
cch-cci 7
229
2
ejj-ccj 2
cci-ccj 3
230
1
ccj-cda 10
231
2
ejj-cdb 1
cda-cdb 3
232
1
cdb-cdc 5
233
2
ejj-cdd 1
cdc-cdd 2
234
1
cdd-cde 7
235
2
cde-cdf 3
ejj-cdf 1
236
1
cdf-cdg 8
237
2
cdg-cdh 3
ejj-cdh 1
238
1
cdh-cdi 8
239
2
ejj-cdj 3
cdi-cdj 3
240
1
cdj-cea 12
241
2
cea-ceb 4
ejj-ceb 1
242
1
ceb-cec 8
243
2
cec-ced 3
ejj-ced 1
244
1
ced-cee 9
245
2
ejj-cef 1
cee-cef 3
246
1
cef-ceg 7
247
2
ceg-ceh 3
ejj-ceh 1
248
1
ceh-cei 5
249
2
cei-cej 2
ejj-cej 1
250
1
cej-cfa 5
251
2
cfa-cfb 1
ejj-cfb 1
252
1
cfb-cfc 2
253
2
cfc-cfd 1
ejj-cfd 1
254
1
cfd-cfe 3
255
2
ejj-cff 1
cfe-cff 1
256
1
cff-cfg 4
257
2
cfg-cfh 2
ejj-cfh 1
258
1
cfh-cfi 6
259
2
ejj-cfj 1
cfi-cfj 2
260
1
cfj-cga 6
261
2
ejj-cgb 1
cga-cgb 3
262
1
cgb-cgc 6
263
2
ejj-cgd 2
cgc-cgd 2
264
1
cgd-cge 8
265
2
ejj-cgf 1
cge-cgf 3
266
1
cgf-cgg 7
267
2
cgg-cgh 3
ejj-cgh 1
268
1
cgh-cgi 4
269
2
cgi-cgj 1
ejj-cgj 1
270
1
cgj-cha 4
271
2
cha-chb 1
ejj-chb 1
272
1
chb-chc 6
273
2
ejj-chd 1
chc-chd 2
274
1
chd-che 5
275
2
che-chf 3
ejj-chf 2
276
1
chf-chg 11
277
2
chg-chh 3
ejj-chh 1
278
1
chh-chi 6
279
2
ejj-chj 2
chi-chj 2
280
1
chj-cia 9
281
2
cia-cib 5
ejj-cib 1
282
1
cib-cic 13
283
2
cic-cid 6
ejj-cid 1
284
1
cid-cie 10
285
2
ejj-cif 1
cie-cif 3
286
1
cif-cig 8
287
2
cig-cih 3
ejj-cih 1
288
1
cih-cii 6
289
2
cii-cij 2
ejj-cij 1
290
1
cij-cja 5
291
2
ejj-cjb 1
cja-cjb 1
292
1
cjb-cjc 6
293
2
cjc-cjd 2
ejj-cjd 1
294
1
cjd-cje 7
295
2
cje-cjf 1
ejj-cjf 1
296
1
cjf-cjg 3
297
2
cjg-cjh 2
ejj-cjh 1
298
1
cjh-cji 5
299
2
cji-cjj 2
ejj-cjj 1
300
1
cjj-daa 6
301
2
daa-dab 2
ejj-dab 1
302
1
dab-dac 3
303
2
dac-dad 1
ejj-dad 1
304
1
dad-dae 6
305
2
dae-daf 3
ejj-daf 1
306
1
daf-dag 7
307
2
dag-dah 3
ejj-dah 2
308
1
dah-dai 10
309
2
dai-daj 3
ejj-daj 1
310
1
daj-dba 10
311
2
ejj-dbb 2
dba-dbb 3
312
1
dbb-dbc 8
313
2
dbc-dbd 3
ejj-dbd 1
314
1
dbd-dbe 8
315
2
ejj-dbf 1
dbe-dbf 2
316
1
dbf-dbg 7
317
2
dbg-dbh 2
ejj-dbh 1
318
1
dbh-dbi 7
319
2
dbi-dbj 3
ejj-dbj 1
320
1
dbj-dca 9
321
2
ejj-dcb 1
dca-dcb 2
322
1
dcb-dcc 6
323
2
dcc-dcd 4
ejj-dcd 1
324
1
dcd-dce 8
325
2
ejj-dcf 1
dce-dcf 2
326
1
dcf-dcg 4
327
2
ejj-dch 1
dcg-dch 2
328
1
dch-dci 4
329
2
dci-dcj 2
ejj-dcj 1
330
1
dcj-dda 6
331
2
dda-ddb 3
ejj-ddb 1
332
1
ddb-ddc 8
333
2
ddc-ddd 3
ejj-ddd 1
334
1
ddd-dde 6
335
2
ejj-ddf 2
dde-ddf 3
336
1
ddf-ddg 9
337
2
ddg-ddh 2
ejj-ddh 1
338
1
ddh-ddi 6
339
2
ddi-ddj 2
ejj-ddj 1
340
1
ddj-dea 6
341
2
ejj-deb 1
dea-deb 1
342
1
deb-dec 5
343
2
dec-ded 3
ejj-ded 2
344
1
ded-dee 9
345
2
dee-def 3
ejj-def 1
346
1
def-deg 9
347
2
deg-deh 4
ejj-deh 1
348
1
deh-dei 5
349
2
ejj-dej 1
dei-dej 2
350
1
dej-dfa 4
351
2
dfa-dfb 2
ejj-dfb 1
352
1
dfb-dfc 4
353
2
dfc-dfd 1
ejj-dfd 1
354
1
dfd-dfe 2
355
2
dfe-dff 1
ejj-dff 1
356
1
dff-dfg 2
357
2
dfg-dfh 1
ejj-dfh 1
358
1
dfh-dfi 6
359
2
dfi-dfj 3
ejj-dfj 2
360
1
dfj-dga 10
361
2
ejj-dgb 1
dga-dgb 3
362
1
dgb-dgc 8
363
2
dgc-dgd 4
ejj-dgd 1
364
1
dgd-dge 10
365
2
dge-dgf 4
ejj-dgf 1
366
1
dgf-dgg 9
367
2
dgg-dgh 5
ejj-dgh 1
368
1
dgh-dgi 11
369
2
ejj-dgj 2
dgi-dgj 4
370
1
dgj-dha 11
371
2
dha-dhb 4
ejj-dhb 1
372
1
dhb-dhc 8
373
2
dhc-dhd 3
ejj-dhd 1
374
1
dhd-dhe 9
375
2
dhe-dhf 3
ejj-dhf 1
376
1
dhf-dhg 10
377
2
ejj-dhh 1
dhg-dhh 4
378
1
dhh-dhi 9
379
2
dhi-dhj 4
ejj-dhj 1
380
1
dhj-dia 6
381
2
dia-dib 3
ejj-dib 1
382
1
dib-dic 6
383
2
ejj-did 1
dic-did 2
384
1
did-die 8
385
2
die-dif 3
ejj-dif 1
386
1
dif-dig 6
387
2
dig-dih 2
ejj-dih 1
388
1
dih-dii 9
389
2
dii-dij 4
ejj-dij 1
390
1
dij-dja 12
391
2
ejj-djb 2
dja-djb 4
392
1
djb-djc 11
393
2
djc-djd 4
ejj-djd 1
394
1
djd-dje 9
395
2
dje-djf 4
ejj-djf 1
396
1
djf-djg 8
397
2
djg-djh 2
ejj-djh 1
398
1
djh-dji 5
399
2
ejj-djj 1
dji-djj 2
400
1
djj-eaa 6
401
2
eaa-eab 3
ejj-eab 1
402
1
eab-eac 6
403
2
ejj-ead 1
eac-ead 3
404
1
ead-eae 8
405
2
ejj-eaf 1
eae-eaf 1
406
1
eaf-eag 5
407
2
eag-eah 4
ejj-eah 1
408
1
eah-eai 7
409
2
ejj-eaj 2
eai-eaj 2
410
1
eaj-eba 10
411
2
eba-ebb 4
ejj-ebb 1
412
1
ebb-ebc 11
413
2
ebc-ebd 5
ejj-ebd 1
414
1
ebd-ebe 13
415
2
ebe-ebf 4
ejj-ebf 1
416
1
ebf-ebg 11
417
2
ebg-ebh 3
ejj-ebh 2
418
1
ebh-ebi 11
419
2
ebi-ebj 4
ejj-ebj 1
420
1
ebj-eca 10
421
2
eca-ecb 3
ejj-ecb 1
422
1
ecb-ecc 6
423
2
ecc-ecd 2
ejj-ecd 1
424
1
ecd-ece 8
425
2
ejj-ecf 1
ece-ecf 2
426
1
ecf-ecg 6
427
2
ecg-ech 2
ejj-ech 1
428
1
ech-eci 6
429
2
ejj-ecj 1
eci-ecj 2
430
1
ecj-eda 4
431
2
ejj-edb 2
eda-edb 2
432
1
edb-edc 6
433
2
edc-edd 3
ejj-edd 1
434
1
edd-ede 10
435
2
ejj-edf 1
ede-edf 3
436
1
edf-edg 7
437
2
edg-edh 3
ejj-edh 1
438
1
edh-edi 6
439
2
ejj-edj 1
edi-edj 2
440
1
edj-eea 6
441
2
ejj-eeb 1
eea-eeb 2
442
1
eeb-eec 6
443
2
ejj-eed 1
eec-eed 2
444
1
eed-eee 6
445
2
eee-eef 2
ejj-eef 1
446
1
eef-eeg 6
447
2
eeg-eeh 2
ejj-eeh 1
448
1
eeh-eei 6
449
2
eei-eej 1
ejj-eej 1
450
1
eej-efa 2
451
2
efa-efb 1
ejj-efb 1
452
1
efb-efc 4
453
2
efc-efd 1
ejj-efd 2
454
1
efd-efe 7
455
2
ejj-eff 1
efe-eff 2
456
1
eff-efg 7
457
2
efg-efh 3
ejj-efh 1
458
1
efh-efi 8
459
2
efi-efj 3
ejj-efj 1
460
1
efj-ega 7
461
2
ejj-egb 1
ega-egb 3
462
1
egb-egc 6
463
2
egc-egd 2
ejj-egd 1
464
1
egd-ege 4
465
2
ejj-egf 1
ege-egf 1
466
1
egf-egg 3
467
2
ejj-egh 2
egg-egh 1
468
1
egh-egi 6
469
2
egi-egj 2
ejj-egj 1
470
1
egj-eha 4
471
2
eha-ehb 2
ejj-ehb 1
472
1
ehb-ehc 8
473
2
ehc-ehd 3
ejj-ehd 1
474
1
ehd-ehe 7
475
2
ejj-ehf 1
ehe-ehf 3
476
1
ehf-ehg 8
477
2
ehg-ehh 2
ejj-ehh 1
478
1
ehh-ehi 6
479
2
ejj-ehj 1
ehi-ehj 2
480
1
ehj-eia 7
481
2
eia-eib 2
ejj-eib 1
482
1
eib-eic 5
483
2
eic-eid 2
ejj-eid 1
484
1
eid-eie 5
485
2
eie-eif 1
ejj-eif 1
486
1
eif-eig 3
487
2
eig-eih 1
ejj-eih 1
488
1
eih-eii 5
489
2
ejj-eij 2
eii-eij 1
490
1
eij-eja 7
491
2
ejj-ejb 2
eja-ejb 2
492
1
ejb-ejc 7
493
2
ejj-ejd 2
ejc-ejd 3
494
1
ejd-eje 10
495
2
ejj-ejf 1
eje-ejf 3
496
1
ejf-ejg 10
497
2
ejj-ejh 1
ejg-ejh 3
498
1
ejh-eji 8
499
250
bac-ejj 1
bic-ejj 1
dba-ejj 1
i-ejj 1
he-ejj 1
bgg-ejj 1
ccg-ejj 1
cdg-ejj 1
bc-ejj 1
ca-ejj 1
ge-ejj 1
ha-ejj 1
bcg-ejj 1
bec-ejj 1
bee-ejj 1
bha-ejj 1
cdi-ejj 1
cjc-ejj 1
cjg-ejj 1
dfg-ejj 1
eag-ejj 1
ejc-ejj 1
e-ejj 1
ba-ejj 1
bi-ejj 1
dc-ejj 1
dg-ejj 1
ee-ejj 1
gi-ejj 1
hc-ejj 1
hi-ejj 1
ig-ejj 1
ja-ejj 1
je-ejj 1
ji-ejj 1
bae-ejj 1
bag-ejj 1
bbc-ejj 1
bbg-ejj 1
bda-ejj 1
bde-ejj 1
bgi-ejj 1
bhc-ejj 1
bie-ejj 1
bii-ejj 1
cbg-ejj 1
cea-ejj 1
ceg-ejj 1
cei-ejj 1
cgi-ejj 1
chg-ejj 1
cia-ejj 1
cja-ejj 1
dac-ejj 1
dai-ejj 1
dce-ejj 1
dde-ejj 1
dhe-ejj 1
dhi-ejj 1
dii-ejj 1
dja-ejj 1
eac-ejj 1
eai-ejj 1
ede-ejj 1
edi-ejj 1
eea-ejj 1
eeg-ejj 1
efc-ejj 1
efi-ejj 1
ege-ejj 1
egg-ejj 1
egi-ejj 1
eha-ejj 1
ehe-ejj 1
eia-ejj 1
eii-ejj 1
a-ejj 1
be-ejj 1
cc-ejj 1
ce-ejj 1
ci-ejj 1
ec-ejj 1
eg-ejj 1
fc-ejj 1
fe-ejj 1
fg-ejj 1
fi-ejj 1
gg-ejj 1
ia-ejj 1
jc-ejj 1
bai-ejj 1
bba-ejj 1
bdc-ejj 1
bdg-ejj 1
bei-ejj 1
bfa-ejj 1
bfi-ejj 1
bga-ejj 1
bgc-ejj 1
big-ejj 1
bja-ejj 1
bje-ejj 1
caa-ejj 1
cae-ejj 1
cbc-ejj 1
cci-ejj 1
cde-ejj 1
cee-ejj 1
cfa-ejj 1
cfg-ejj 1
cfi-ejj 1
cge-ejj 1
cgg-ejj 1
chc-ejj 1
che-ejj 1
cic-ejj 1
cie-ejj 1
cii-ejj 1
cje-ejj 1
daa-ejj 1
dag-ejj 1
dbg-ejj 1
dca-ejj 1
dcc-ejj 1
dci-ejj 1
dda-ejj 1
ddc-ejj 1
ddg-ejj 1
ddi-ejj 1
dea-ejj 1
dec-ejj 1
dee-ejj 1
dei-ejj 1
dfi-ejj 1
dge-ejj 1
dha-ejj 1
dhc-ejj 1
dhg-ejj 1
dia-ejj 1
die-ejj 1
dji-ejj 1
ebg-ejj 1
ecc-ejj 1
eda-ejj 1
edc-ejj 1
edg-ejj 1
eei-ejj 1
efa-ejj 1
efe-ejj 1
ehi-ejj 1
eic-ejj 1
eie-ejj 1
eig-ejj 1
eje-ejj 1
ejg-ejj 1
eji-ejj 1
c-ejj 1
g-ejj 1
bg-ejj 1
cg-ejj 1
da-ejj 1
de-ejj 1
di-ejj 1
ea-ejj 1
ei-ejj 1
fa-ejj 1
ga-ejj 1
gc-ejj 1
hg-ejj 1
ic-ejj 1
ie-ejj 1
ii-ejj 1
jg-ejj 1
baa-ejj 1
bbe-ejj 1
bbi-ejj 1
bca-ejj 1
bcc-ejj 1
bce-ejj 1
bci-ejj 1
bdi-ejj 1
bea-ejj 1
beg-ejj 1
bfc-ejj 1
bfe-ejj 1
bfg-ejj 1
bge-ejj 1
bhe-ejj 1
bhg-ejj 1
bhi-ejj 1
bia-ejj 1
bjc-ejj 1
bjg-ejj 1
bji-ejj 1
cac-ejj 1
cag-ejj 1
cai-ejj 1
cba-ejj 1
cbe-ejj 1
cbi-ejj 1
cca-ejj 1
ccc-ejj 1
cce-ejj 1
cda-ejj 1
cdc-ejj 1
cec-ejj 1
cfc-ejj 1
cfe-ejj 1
cga-ejj 1
cgc-ejj 1
cha-ejj 1
chi-ejj 1
cig-ejj 1
cji-ejj 1
dae-ejj 1
dbc-ejj 1
dbe-ejj 1
dbi-ejj 1
dcg-ejj 1
deg-ejj 1
dfa-ejj 1
dfc-ejj 1
dfe-ejj 1
dga-ejj 1
dgc-ejj 1
dgg-ejj 1
dgi-ejj 1
dic-ejj 1
dig-ejj 1
djc-ejj 1
dje-ejj 1
djg-ejj 1
eaa-ejj 1
eae-ejj 1
eba-ejj 1
ebc-ejj 1
ebe-ejj 1
ebi-ejj 1
eca-ejj 1
ece-ejj 1
ecg-ejj 1
eci-ejj 1
eec-ejj 1
eee-ejj 1
efg-ejj 1
ega-ejj 1
egc-ejj 1
ehc-ejj 1
ehg-ejj 1
eja-ejj 1
