62
594 201
77811 24856 95675 8910 1968 13423 94120 99743 52301 1667 25255 54035 18435 68634 94007 21682 94633 17932 6181 58851 72829 18504 11379 61321 86360 63867 60881 47755 65898 82351 84312 67930 92275 28198 29339 96113 28216 90023 50310 1116 35999 20268 23797 21533 20404 45335 33848 59042 81581 12199 97000 1932 66330 59966 37433 61977 90045 61469 95792 14783 3123 13144 37303 97028 56314 32342 99738 30108 12923 29197 30973 76545 42607 27713 45910 82212 91735 92244 8702 47132 12326 5887 72382 99093 25427 77113 34525 99765 93098 97668 22546 24110 60819 30370 17564 20269 55712 77762 87421 92386 24457 86513 72893 52188 79587 22653 94022 23921 33437 69038 59595 22294 2793 67752 98941 80022 19944 9032 16578 11482 61864 38400 25491 5438 81293 40558 96855 67346 24262 80476 76102 9011 35158 57863 34439 36465 16882 94069 76390 19119 99914 23560 65179 43114 98246 82340 28204 5067 82490 21981 1475 21409 717 19848 96655 26764 63283 78925 11999 77741 9601 3133 13035 56629 15688 64700 93917 66669 7662 93177 32444 71357 28584 472 38636 3548 46919 15993 49995 3987 15389 66277 91459 6633 33243 11273 61651 70527 21826 32601 97564 81820 40445 99165 32404 19985 11083 45820 32297
583 200
23101 68692 31618 59137 75160 3157 31291 11678 17709 90929 95436 7875 81869 75939 30264 10948 16760 56478 7937 60602 97675 23574 80494 87306 3791 80560 36400 31577 66802 98899 62125 2177 21461 53170 17221 55334 79125 78721 66512 59888 99468 5145 38236 80062 18643 8845 65062 68896 77797 3799 31789 21721 3379 93116 92527 96752 77704 76743 23548 34562 54590 1069 90834 37909 66295 17045 53597 13066 18562 17420 44817 9112 57635 70275 43177 48140 93651 5942 65985 42282 79178 2388 11911 63526 48316 64601 56017 86995 18103 75956 39794 50930 10632 65117 87451 63935 79258 77465 89402 30051 77979 26529 95128 74747 94214 9966 11219 71519 16212 78238 38927 5037 31712 92015 6567 5041 57810 81155 39826 10262 98934 60486 34000 9169 76275 26049 68817 89610 16537 81216 45261 2549 79874 70146 91038 80769 31107 44366 91936 77602 86824 96179 36525 26624 44954 95841 41665 50467 76388 17447 8847 31987 1807 45769 20028 58296 73367 92628 17331 15794 74548 67177 12163 19229 28844 4453 20817 56782 12927 99524 16382 21248 18858 68164 20088 23927 38918 83934 51758 70169 15793 26344 44888 58658 31688 34248 80345 92801 52985 76731 93161 13862 64913 33360 81411 13539
555 197
27073 28567 49808 13786 292 45506 1395 62157 48567 32338 42480 1859 6316 8937 81449 55925 8272 75284 40648 1603 17670 52563 2425 88143 29647 87305 19132 98943 58547 21369 70499 11675 80533 71394 80751 42802 2222 29698 25336 18400 30491 96721 83039 80737 54106 56714 50208 20104 31114 62932 85706 19343 38506 79890 24905 93620 69374 76374 29984 13967 89144 68180 94750 75887 79610 92999 81441 78697 43458 48713 12950 62239 71654 23796 1774 94347 48895 61212 71552 99038 78855 11952 11687 65101 41329 5561 51281 12734 75792 53370 77010 44317 27872 97951 19899 66050 42857 65310 18650 85953 21127 3182 39669 10302 6149 60830 8899 22406 81036 73164 92161 35176 70480 28684 58267 15202 95086 18595 93153 22010 96085 25319 35065 92137 1424 11069 42305 44065 5108 59904 5585 19727 85662 38541 72605 84657 41555 89247 91229 87741 47441 80930 42819 16480 10431 85943 21098 69079 18725 69211 71208 56952 82529 7845 25987 96552 18432 94712 74683 23677 56428 18768 68900 7229 94180 40037 79701 33285 25555 11723 54192 89539 67303 14399 6540 71426 93260 11491 26157 53095 12669 21675 94462 65830 23410 43868 71564 86482 96939 50682 4162 49249 57757 27485
209 195
74594 56274 29464 39957 23766 34146 88554 77998 55663 92751 86616 59445 2422 75322 15873 31727 2984 88808 8248 99004 40398 4391 45077 50963 69999 88360 95405 92953 88852 53786 5223 63183 67641 39268 72777 75323 1982 16582 6493 60805 43021 95909 60765 19917 13168 52507 36925 63515 84594 34567 36162 70228 88442 94339 79487 57945 45216 18949 76856 45370 51869 18579 7917 28228 45721 42730 29525 38487 69464 73055 40571 37070 93733 97234 99961 15403 71694 56664 82748 27975 71473 6180 76048 2033 9384 79580 85343 37080 90316 65089 19074 35017 59000 76136 15417 74921 78706 86039 73124 39495 85490 23520 21996 5394 87093 47507 41509 6062 81771 65391 16805 47771 47822 53486 89660 54204 4382 98694 7391 50057 75684 796 97851 60691 60091 21863 28072 10876 5062 90060 97036 92846 11360 17464 69440 53865 89525 35826 46219 79988 3731 50499 75245 55803 47576 65694 61972 30290 56456 31985 11000 55495 9635 1202 74746 14301 25061 69736 3535 93996 36496 37415 25793 84574 87170 45381 67751 46233 44928 91676 46275 43434 48155 58537 95574 6919 79225 84348 3109 48328 23623 37582 84010 42195 92685 15043 88322 72439 56903 6950 21026 10022 80907
205 193
50583 27332 90949 75062 50311 23999 99207 54977 27717 27680 39629 82273 11199 26432 37665 30000 65972 87038 25881 49689 57593 16635 37244 81020 57024 87738 89312 10086 59299 92844 3283 683 1922 47294 85204 96374 65853 78965 87257 44839 37018 31696 89563 64752 76356 98824 9143 84373 91117 22592 88415 73562 38102 6832 3019 5152 71762 39535 79605 19530 18040 10888 25994 97713 16027 45068 98772 5858 32443 66135 13741 25603 88811 42970 25230 17244 18758 41019 76748 30235 77816 37324 55747 25980 3137 32870 26040 4922 96822 49397 35137 60526 44202 68669 27336 89449 67934 79944 90470 55773 6727 58238 27150 30867 28910 67394 98628 96846 96566 37366 29555 12323 56299 16310 80234 90527 46925 66432 51052 44999 91618 69748 92061 81526 80750 71868 6807 54531 78478 53377 24416 87092 12171 18240 50170 72166 48454 62656 66313 14136 43567 70349 88279 71328 25155 44446 80684 69188 84539 72299 57679 15450 37392 48476 69367 50834 29084 40477 41444 70747 67910 96429 60967 36381 61452 68823 34551 41037 26545 47578 19176 97303 36169 84108 54833 34205 81081 25259 13475 37493 63739 72510 76175 26152 75645 27906 23433 24135 1144 79936
264 194
86761 45546 576 82009 8296 69257 24606 92830 74704 24518 14304 76994 80708 68410 63457 34708 36164 2400 38550 49080 3400 74610 64935 46139 52338 35844 37857 53518 76954 15802 46511 25422 10289 15163 33886 92888 5549 5906 96414 49272 74143 54353 74083 63754 45802 88017 35444 57856 56550 39321 81023 366 52664 24076 31139 44384 58743 57054 75515 36923 44053 37943 13745 80402 85610 66619 12312 32956 60146 68238 83897 30249 85302 90143 57972 36330 46546 58526 33543 55819 85812 2236 43639 27023 31482 52149 65574 59623 46999 1622 43008 46314 91833 32498 78206 31465 41643 59834 19851 54898 60957 73915 81286 88608 73145 67581 48393 59454 17927 73026 84637 37429 73480 76560 87062 87673 70949 74305 93964 4713 61418 5215 49258 74670 25645 80153 60331 45237 50699 94621 1007 81318 47841 74040 66952 11611 55337 85647 33426 96331 20524 60451 50429 32438 91231 46099 70506 77365 93173 24576 21546 5526 80131 20551 96840 30200 10214 24246 50280 61149 15520 75065 63539 52918 52081 91418 33161 90599 45303 82347 27422 13607 58695 14457 19022 17805 55329 72046 9023 97594 2681 90455 36942 37156
953 186
23556 55487 33393 18302 32316 2295 63103 66755 67832 50507 32206 47996 27148 25435 64010 31786 94979 69271 73962 99485 6391 88708 19822 21445 55601 46865 38132 66247 19783 30327 43896 74716 47330 70272 45774 60267 47408 13634 63293 55977 62298 78158 70529 42198 10207 27913 55789 3456 98126 24500 20394 93990 73458 66916 65213 76576 50895 51818 67713 39262 68494 4147 76296 15714 57355 83780 32539 83137 3939 17159 13459 38151 2036 39962 24072 70758 26736 70486 21735 82581 74231 64468 73288 53644 75881 87950 64885 38839 88198 82146 84438 94227 88761 2513 44348 36627 8634 9137 55507 39748 85242 41533 19798 54829 12507 27523 37647 26756 93795 9174 16222 42872 92569 74371 97806 8016 96114 90924 98933 87078 60887 89077 22417 23102 66694 20172 42078 16386 16875 81608 52672 51972 11370 79546 87899 95522 61767 83871 18549 24597 33325 52783 97253 5579 22368 23114 10609 20969 83975 32717 35682 63762 94356 78340 97863 19888 67907 42369 57927 2441 14621 71446 14529 4414 68927 36725 94514 53551 43142 85413 82362 78492 18717 61085
888 187
6670 26227 2198 27888 63550 59830 85615 87404 37992 73554 66469 47627 63606 56446 35334 43172 14945 50867 3294 60544 66431 77505 74820 23907 42993 95417 61405 46060 6092 64057 12212 96263 45298 9530 52713 56821 69502 16256 93671 11181 70555 49379 30750 11384 29042 58517 70896 50003 82447 84216 44377 94785 10163 1741 71335 44895 78612 22111 31643 88739 2301 9402 9685 99596 59259 28391 69746 21132 99663 56394 25186 30679 87970 96193 75300 34801 71172 88421 49135 66782 41057 42836 49165 73309 36505 41895 70746 27140 62991 12555 94181 95470 29513 49196 88028 43903 88512 4792 65766 78759 86668 53009 40721 48909 13667 42913 9860 36934 95672 24636 18448 38429 79415 28024 71853 42815 24533 63007 62352 42531 85113 24783 71728 48037 49349 77145 2796 40660 57639 70062 91506 63823 71367 1903 82817 8871 1950 77441 84910 38956 39259 13840 71894 92593 17213 91817 89404 76222 14995 6304 78420 30627 60317 16954 38425 1711 11765 81648 16981 33371 30026 84301 76607 55948 63026 85911 31950 44797
467 181
73120 71462 61013 24983 19924 61995 15611 2310 48977 13601 80016 12840 74506 7879 38144 59957 36278 39007 49319 37544 80393 7210 50268 87523 35136 86623 52361 7491 54197 62457 25772 25034 11108 88170 77125 564 76598 64449 50500 80932 3032 98147 79280 30225 44684 40671 20494 13888 23457 35886 89061 33652 42114 24676 58661 93825 97331 29578 32669 27887 10809 6846 76749 50730 31047 93110 7191 70726 87251 43493 29638 57570 70751 44321 77783 68706 64427 47067 51788 48792 93741 21148 74673 64572 59714 84792 57177 3040 80424 46400 6072 4325 50043 40513 83957 76355 47293 78514 63102 68523 8471 52510 7571 51520 95183 24940 24782 33891 29995 95717 73558 70680 10848 95830 46482 40604 94932 57462 3313 49601 32434 26404 72571 22254 95910 69763 53060 47182 48850 543 65465 6173 78540 55670 76113 76551 57566 94028 44268 11082 81391 67799 58382 85288 32162 49617 10277 77227 92958 670 40395 51257 61362 48813 1648 86304 4571 2047 91679 46039 77740 85848
339 177
56685 72093 33939 85842 11226 16460 65989 10571 16906 87887 17524 13418 12308 69900 97963 22452 64657 17051 70459 36312 20228 97734 11172 93518 6498 83739 6556 80315 73030 31600 25005 88817 17908 65410 76712 47538 94891 31498 41067 79982 20701 33258 95677 66102 33764 63342 82733 26611 42706 97530 11434 18614 72058 60030 97717 40878 65090 45621 69123 59266 40242 41202 99589 83930 90764 29363 51138 92646 97809 52926 81369 30692 80285 84875 56070 42697 26770 57920 39425 70378 91955 46985 35515 44847 13049 72782 94015 93525 38018 39921 30632 18706 39042 21397 19885 23611 11114 33037 35404 40566 90750 23005 39783 83408 28603 93030 58439 92616 65069 64333 20635 32172 93045 41404 97588 31296 88025 33023 57906 47077 54872 54287 56358 96618 39813 10213 91531 12545 72034 20748 76214 29759 221 48534 84852 5643 32307 79172 62628 97243 49683 98590 96515 30529 35018 50829 28941 22668 3332 59133 90697 78347 1685 59064 25778 43111 10539 83331
955 173
26101 50808 79903 53080 99878 67080 68039 87691 16770 8427 86350 76912 36696 96373 37492 96197 83558 6145 34933 17136 36675 47628 7498 31066 25844 98366 16737 62088 29788 56514 13307 82319 49561 77893 43075 40134 17154 92141 34941 61872 64084 23815 25329 19801 19401 49418 73456 17290 29534 22464 43733 13753 72298 9407 6931 29799 62671 37023 74541 58850 15115 24655 66533 29866 43746 37701 8710 14309 40798 74194 84261 34831 60628 920 85260 62868 7997 58254 62213 79998 43410 93070 81127 74251 65724 70214 91992 68535 94889 40121 12932 78071 87822 33338 41176 19650 84496 45876 56016 74244 86386 53001 22605 47427 57681 6326 16957 1927 3867 33549 26757 60800 7404 45343 10968 93819 81208 53622 48036 97325 45236 99206 33805 68921 16495 80795 50266 94665 11319 17865 18528 56058 65199 64589 87390 48809 10785 17930 81461 91401 8072 50151 58160 69297 29027 1548 37556 45831 69984 17525 7657 63691
373 161
99636 9005 6887 26054 63529 85504 39164 81102 58891 95528 63509 72914 48238 91631 12177 48860 25789 32368 29000 69355 77170 63613 43192 75833 65371 48348 42793 36955 33190 51705 66065 94661 92757 74329 48660 18956 30502 33317 53893 2977 78388 29016 45273 68551 83257 59907 29484 26954 83605 65396 3704 73714 90572 49167 34185 33130 54844 66995 99187 60353 67292 75655 81039 6553 87534 10853 65172 39013 79203 64588 47222 72052 14578 88997 6341 75723 34565 39121 55678 31852 34912 70205 23836 76290 56295 69920 36218 25845 78771 82247 98034 96136 64102 44134 14317 99963 51330 48377 27928 37024 85101 54949 38775 88962 58066 80668 15759 17505 70518 70014 63573 28768 52732 52268 38457 17325 25938 59817 44553 12267 96151 22092 32272 78493 92819 79960 96815 76735 95576 85523 95297 18487 31155 61948 70211 40271 93426 9262 99235 29015 71176 69747 79873 54281 91760 79330 78137 17701 7098
253 161
65599 30252 99359 1720 1134 70278 92211 43465 65226 77047 94755 48292 57962 36811 62578 38432 56212 45277 59217 74656 67649 74365 13179 14689 20704 33480 76259 91042 8548 51001 74252 27475 8081 69828 62927 44903 71393 24364 62342 8629 3581 69856 14986 34580 78393 97254 71836 37398 42987 15372 72142 57421 38361 59812 84778 30952 88662 61374 14199 46379 39141 18631 67515 34568 45939 27072 92814 71273 66818 28378 4595 25779 73384 22901 18246 92931 64389 20449 82538 44641 46856 91447 92514 39767 50961 88140 48329 48102 33927 27376 49362 88177 2168 22259 78070 18975 84172 7096 66374 4568 97733 93698 40352 41148 3258 38075 9627 25334 99423 2837 58626 90603 9774 11667 69799 75193 2747 62981 62174 81257 34443 77992 24583 3110 79880 55437 70557 19898 83463 27270 12694 52312 77593 82560 59033 24129 28513 63343 65029 7198
210 156
44394 41228 80799 59762 98700 28809 14593 90206 67 72891 75429 96573 85632 40628 27024 60019 33164 54666 11441 61488 76892 88894 92334 94308 7589 28256 23297 14166 47824 45043 52810 33126 3982 18254 63945 87807 23612 93542 63511 42754 338 8458 55341 48880 47984 23735 38825 2685 57020 81610 32170 8063 44707 4212 24643 65955 19910 6790 31177 53962 44486 36917 53825 54036 79111 88348 74882 37866 35452 48634 75088 15383 46674 24585 99831 11909 90619 64194 22713 33251 46778 86590 36605 68154 65300 58788 24189 25973 71381 44759 52806 67884 7995 26818 94410 2725 48818 49143 13289 2188 85606 91859 9646 72506 28488 31313 46823 29595 29088 47351 49860 96315 41408 92406 56824 29311 20182 453 51765 38729 10976 46391 50560 22637 52037 22383 46386 12610 89485 48460 26492 42597 73682 35282 78052 86972 24352
131 150
27753 93908 12999 39123 41945 5177 43225 40991 23171 48396 87860 10793 36170 21659 10715 92781 58707 98519 35126 47540 10063 2714 92449 81702 30227 74486 64710 21200 82999 25939 69396 60111 56991 68343 85755 17819 85875 17269 84434 90059 42016 84775 18402 19035 75247 65592 44131 13138 8784 97132 98347 34051 54393 99422 57616 21420 24971 87769 83754 42844 8990 82683 37031 42589 40236 10914 2257 61128 58727 58748 89808 14636 55794 51387 90552 64423 48366 28041 29089 34416 11673 69140 10225 30322 61200 19447 29307 53399 44608 94040 1282 74717 98923 70294 12044 40585 88218 61069 82440 80352 59282 29304 41480 30036 2405 74436 90964 23828 74752 30495 84181 92423 97038 76082 32789 11800 25006 59214 5888 92625 80839 59689 73773 82887 83 19121 491 77399 19177 36702 88753
600 158
93375 35347 5569 98323 60758 20198 86357 6730 1063 19927 14297 23843 3081 11430 98077 5688 52736 31590 6069 50817 40626 24411 71153 678 78011 16622 69584 12463 6595 95458 5385 3992 77361 45984 76474 3500 94275 53981 31381 7734 55130 23826 56592 94991 96224 17744 42288 33849 28962 23293 94956 14977 97384 2300 12297 86818 79930 66142 52610 22139 10821 88144 14349 80770 31255 21468 42341 37767 97355 21938 3497 17487 3153 19956 92199 29478 73703 11126 26377 47339 19130 9684 72014 75575 20720 30420 79500 55327 32766 26391 7156 93303 28150 9424 45797 8438 32298 68414 99890 37101 29074 81474 20292 58609 55284 75559 58015 81743 70785 4390 93226 13406 58454 43 42230 43607 66753 48550 10708 76707 60090 55214 61167 60035 1084 46104 41395 63141 58897 66451
577 147
22310 43968 39891 20682 24625 73444 72748 77856 52760 86603 63435 41487 4803 74405 92441 73299 89058 99854 68172 85931 76295 41470 6279 19449 65436 75533 30435 55822 51369 64947 37616 4492 34552 18249 32647 97201 35262 40321 88422 5844 7440 51582 23637 13791 16326 54568 34545 45505 33177 60361 41134 14543 55451 32561 39281 10727 668 61605 98777 55923 97864 30318 26417 97312 7960 57993 77012 85091 15632 18460 75712 4432 81739 64798 27671 5683 37805 81265 20614 81070 80853 21115 30466 29922 21813 40900 74093 45995 99118 56018 6448 60018 57434 57987 38446 43959 82183 69076 26420 73371 26205 67009 15711 82501 42886 83346 80152 65185 34262 83368 42287 65170 13831 53018 91143 77868 75552 6205 90618 90657 86900 37890 30305 63897 13264 85570 21052 16669
3 147
95207 42871 97814 54174 16003 75469 58029 83803 21553 3441 58353 57108 10918 93333 57479 83466 66113 68437 54841 48486 42128 36759 67278 27695 59104 18151 84615 73624 82935 65786 52580 99447 80309 50847 89308 63000 56357 59357 11266 37342 89820 39257 29482 99106 71812 91331 81346 46044 30058 39828 58013 40669 49288 31286 52245 47794 3433 16930 57446 31385 23645 62652 99576 58135 58996 2672 8942 96556 61546 62252 82055 34005 94767 36317 96173 33433 82950 67101 72141 46892 49109 87863 77965 16606 32724 81436 90944 53807 15600 53186 89708 99439 91140 60005 40647 58824 46022 12313 15783 14165 58173 33851 90174 8265 18150 26969 67221 46298 2044 10564 37300 4680 44217 72235 44756 86548 92469 52652 39655 54311 10713 97069
99 131
48688 99864 96092 80328 86168 61757 43262 9003 53727 38493 11039 32252 60788 68420 24138 26703 63072 15734 65616 85057 60332 98784 63256 99244 90281 5655 85833 22816 52715 33111 94458 61654 31520 70832 52724 92540 52401 6464 45134 94325 377 27344 18314 78148 89981 17419 97311 82835 40875 42434 81179 61410 4063 31415 38766 31545 88351 86351 92667 94707 78817 10910 85959 23957 19418 37111 5566 44365 1375 75947 67462 62009 78069 11310 30995 58934 95505 25752 9597 97348 42249 1169 62057 65253 49812 23562 28846 79791 42740 24579 41505 85406 2683 84370 96733 1364 86654 60418 26326 53041 97336 10182 22472 47271 9592 10659 94880 89629 68139 2561 65747 48697 98586 99667 45500 30388
956 136
76904 3116 24021 5674 98295 74817 62676 50619 47195 87849 25288 84152 62859 88647 28875 64252 32945 77011 16572 12490 96466 49690 78082 9626 80009 49173 11897 36907 94749 9361 64515 48933 47881 63289 93085 58693 95217 5739 36846 550 69697 70843 97145 64077 496 3521 21137 74395 35066 25668 23369 68163 70164 80408 25886 13329 46783 58719 11337 48577 62225 40718 9427 40713 63207 26198 79010 46869 10421 85263 47751 1196 47346 103 62894 30288 18514 68467 89441 18145 983 63788 20778 18826 21337 85626 39285 48331 53468 62519 65243 43637 81276 98170 71887 78746 4047 39830 33614 6900 92274 88840 61526 24301 30910 72491 48196 49049 96068
314 138
28539 47585 73729 90915 57301 14226 54265 60487 4739 97805 61912 68996 11901 63062 28373 80667 83159 31144 33970 63827 19775 89945 78267 71449 18143 88201 73483 22448 54439 15812 46222 82182 2855 28557 8308 88176 60960 49636 12500 2490 19403 18191 65718 64045 4048 95893 69448 3788 43542 96875 79726 15362 19864 45369 1041 44877 588 98502 5464 38650 52135 9785 22420 8620 36837 19748 37305 4482 72716 59845 34456 86102 50232 53610 12590 41210 98320 75695 76812 18941 88382 67812 60860 69913 25395 96670 94409 47083 31194 47926 13098 16634 15168 91931 47139 62373 77044 16895 84965 54522 61852 31619 13240 72449 37896 72817
77 130
65553 73758 26683 72800 30094 92322 65368 15085 85719 44768 75251 130 13317 46747 98156 63684 60095 19105 77585 65366 76223 51265 54691 46115 6219 38277 27410 84551 47192 18713 68550 44116 13977 33978 39722 2462 22688 71433 47594 95515 83211 41443 28978 54044 55766 79747 33250 37074 38174 73009 88438 23233 28811 11161 54809 72935 96993 44735 92883 75130 24948 26904 93293 1400 47846 69209 24977 5530 78668 7683 39172 29326 7945 22611 50636 80107 69222 7751 67780 57083 77214 20354 19596 78304 35323 47797 82152 10376 33847 47136 52842 73622 49216 70016 11496 27969 40142 46399 73241 92041
938 116
45622 78384 35364 98363 42645 23309 14383 77309 89995 6197 69300 48271 93697 99874 77830 4891 73405 33819 99535 43875 413 70603 27515 48201 72650 46922 53401 30934 39839 38562 21631 35996 52227 38156 44031 5913 65890 78687 41857 73642 44808 37599 4469 91601 4749 74249 13300 86552 48527 46464 9575 23253 82195 55726 87443 35867 43781 92307 17521 68383 46785 49622 67255 66348 77056 9369 95051 31012 25997 10817 89648 8594 73042 97118 48159 24592 74850 76783 11234 42582 43541 81991 17529 99091 81698 2334 42571 34354 49513 60818 63139 46671 49313 75834
858 115
92074 83340 88670 50524 19269 59567 62710 85433 59043 56764 70289 18210 49579 8343 31033 91848 25792 87867 88461 71906 41111 46894 42338 48488 68461 78742 45839 67827 36694 3778 15618 4557 71509 32896 51444 95370 99575 47373 82705 33069 21910 92099 32737 60730 70157 42929 2931 81933 47095 97756 60974 55710 40920 76773 47961 75997 31085 17256 75728 4052 49472 33536 47216 19043 4757 7339 30204 20463 84169 82106 57208 72215 91467 87852 85327 39452 4731 30260 84755 35231 78182 89017 68642 94835 18169 76960 25483 35965
995 109
90028 12099 43855 20943 52540 28235 4068 98235 20668 20618 94986 79244 24376 45869 84146 2393 45644 79325 63771 15934 91597 98914 32644 87707 75891 32574 2937 96957 58997 59156 77479 20526 59327 62920 55568 96201 99908 78606 54877 2374 10352 25850 56382 68542 98801 55922 5787 30018 9451 54782 38642 43895 96438 33778 55727 97170 18264 84857 47887 78271 57897 72030 37591 85388 24555 92829 3183 69328 27513 32779 86381 40263 6361 57452 429 67723 7977 30924 6583 42373 89937 66380 89397 92492 4948 91156
690 112
71265 2438 65442 18638 87330 70655 6753 2670 70879 94216 89117 302 37514 76971 28793 68236 64742 72068 10011 53314 59098 77287 45704 76172 85723 3189 41199 8929 57870 34466 21669 58962 56937 36087 97155 85668 59864 99777 66228 78411 62926 45819 1056 20680 58142 54787 73649 72411 49752 33701 29349 19517 76119 56100 76208 77262 21694 93297 91210 12262 8801 67208 52718 14823 85593 95542 15494 75526 30427 23029 29886 99451 52489 74671 90853 47145 69043 56867 28045 61224 44426 60644 75699 26548 42683
216 105
92358 42834 77945 21595 11704 65336 51049 78066 75380 70461 59396 43100 58755 4798 57275 52140 9305 16192 89713 47003 23925 9679 19821 48999 11148 60906 40500 21685 90666 45039 83014 83078 55396 66709 22693 7171 29296 90250 41670 98328 14043 1528 16359 33894 76465 72398 13483 57098 45463 72424 6196 1477 75166 95656 20339 25680 3928 3208 40365 16029 66143 80392 3036 58046 56501 90688 18508 81552 25315 51023 56665 84504 25396 69241 47678 90959 90926 28104 48392 33411 56896 94735
808 101
58772 98272 73050 29599 5996 37784 75075 88843 2788 92696 80211 38866 12599 46424 43803 38380 93222 9443 87323 67500 96874 77427 99417 89439 97903 20564 80118 18003 69082 69371 50376 77845 98849 34160 96481 89836 38830 61785 46357 10383 13503 11841 8037 55216 87880 17073 14255 55415 54376 60236 94936 79687 34471 1988 96621 15941 62882 56447 14622 47845 87007 74018 94531 51163 23551 12561 3329 89206 89714 42656 4581 58000 71031 34824 57924 87591 56370 1201 21392 68865 94224
511 105
27618 65937 52754 33118 50258 45851 99608 93043 65576 83453 55684 54480 68971 79547 12613 51912 87104 37037 48254 84905 90009 49647 31174 85961 31553 99324 8124 547 3893 74011 61999 51200 88880 87934 45953 17134 55438 65977 95161 61485 3981 66915 47689 51390 64234 46249 91131 64132 73615 37292 49398 14508 9425 57203 16719 23378 89339 76910 99991 16806 95446 1151 5649 12956 21025 10082 75954 20380 1023 52994 23896 98105 4954 36857 28399 56237 38478
8 93
81498 80723 98639 36263 95679 68750 95311 1787 32146 94549 26499 84529 19465 29457 82842 9157 49133 15766 78220 41030 42769 59433 68293 45945 37171 79418 76554 7774 64473 19651 73556 9358 3693 86758 10745 39985 62365 49127 3046 17757 62813 94495 55297 54447 31115 10885 86507 16081 24654 14503 60885 24328 98198 59667 26497 70032 72437 28406 78801 39637 91434 96462 12540 55920 60041 51206 89828 76938 9192
753 92
87670 83060 12207 5153 86319 73971 22609 45638 13298 75951 2027 32802 7631 80219 96171 61022 76161 27979 72864 26937 87437 34791 88225 65240 9016 21967 91357 78967 60795 11193 77485 84636 95292 57374 58989 37806 69664 30143 24223 53923 49290 68961 73521 40063 72556 89860 21782 843 56806 4916 32365 77959 41598 51791 71761 42111 68466 445 75921 85107 62809 73409 34318 98454 63925
503 80
56830 37681 30100 8287 84440 74531 11111 65341 7746 10288 64392 17367 59610 36754 77393 79795 20428 75331 39290 97461 83171 9129 20671 87200 13870 20286 65637 58583 39038 10801 17388 59801 27553 79919 91811 22895 10887 93948 68540 92407 46658 23339 65713 90329 5980 18125 43696 4569 88468 58001 96156 14943 8333 72410 91759 741 31556 41672 74155 73737 48724
556 91
32626 28452 81068 828 35361 80962 94639 30711 73545 10691 42978 25066 96893 98802 74356 67096 70021 72945 76452 60088 26842 45587 51204 97709 20059 86809 88724 18626 86830 9928 1482 18286 61470 16660 64433 75558 10140 34763 40975 55343 22719 62017 21502 70649 36426 55048 32879 15965 91303 74901 3158 11274 12898 70347 87244 62333 77532 36133 93736
499 81
15780 64635 69420 61213 95273 46446 81419 90681 37294 67427 23063 49317 51079 77474 23387 53033 92338 26657 69971 96796 68959 16891 62943 85420 90907 47004 83472 96503 42703 19937 25170 79494 51098 7337 10026 44006 60821 60282 16584 24863 63774 50333 55356 20736 7764 54757 43873 25787 12115 79709 87174 36025 93315
403 62
15540 72627 37897 79703 18683 72147 24869 99178 95113 36743 67029 97487 96782 53294 9070 99410 37818 54986 71132 3068 26952 16082 74075 6614 65303 87898 74298 17478 84783 82943 74085 13603 96434 58250 507 29090 13281 33431 83824 69818 65354 30114 36853 42964 3323 49524 61728 80739 50611 21327
178 67
15516 85431 73877 3695 60432 54730 6246 16418 24801 5376 50110 76333 90904 72608 17798 91466 14674 13498 82255 54094 1782 84814 46635 47690 15005 72941 77613 38272 19305 57894 39381 50084 94795 16187 92044 33218 65559 32226 90224 49959 5873 16690 10281 21286 6321 35493 18581 29241 47017
400 69
27077 37503 57976 29838 93318 59638 14212 30294 75741 17224 72111 46879 22455 79531 25651 70945 65706 89843 58133 76644 3796 63087 25431 88748 92053 55654 17065 17560 93810 29840 54334 17739 24787 17175 78346 97932 17510 40447 78546 60531 24327 78652 53242 70154 73285 97298
597 67
22373 86330 77254 17965 56977 66401 68501 4330 78840 66970 50573 39943 88906 57907 29447 420 88043 71375 82372 16445 39019 59027 44512 31233 55301 74941 54924 8655 70830 48062 65949 97261 7262 57031 76693 47559 22669 9903 93418 3000 42106 87764 51354 61335 41180
794 60
12081 67897 42329 48698 55853 18453 59263 16054 91537 30477 88914 14595 57494 67923 57555 51787 72043 70564 96254 73270 32628 69541 95702 39820 29562 55006 9048 89356 73593 99553 91897 35505 77786 21923 55148 50330 51780 95392 19416 28224 36506 46812
988 63
21891 25835 56785 32032 55622 53086 85654 26462 69369 28564 91952 28486 46576 34465 45339 17959 23791 40921 29656 94183 94709 70105 5506 13749 79482 67288 55360 12412 54974 73543 28921 56509 40336 88735 30067 61996 1935 62142 69111
117 54
71817 31631 68568 15575 811 57563 78983 76347 1710 92713 2228 87297 5837 42580 94172 16381 57429 54018 66207 55888 4105 84256 37103 25419 32635 69571 76611 56841 92400 52219 84121 46994 53781 30983 51823 63988 26811
335 51
90184 89473 21064 8950 7306 63011 58155 12028 17177 71037 59710 92459 56720 90287 35737 34847 89053 33003 32714 83858 2373 78601 91163 41338 63265 2450 68371 34079 72115 7724 75936 76850 11030 58402 54563
76 44
31811 49998 79912 88147 147 8935 61786 33882 30602 89234 68606 37570 33726 19295 55842 4762 10219 86311 9478 58874 8738 45117 77684 14313 53812 61262 3072 4940 7448 40982 85142 85724
20 38
11759 3247 2939 27095 22397 69067 32866 75812 46418 20165 30717 99216 162 15045 36339 55246 91341 50102 46954 50732 84378 43545 25003 69326 76655 71505 29235 61443 96020
266 41
69364 47363 87610 38702 36425 97703 50267 59252 7526 95381 62331 86104 6076 93905 24986 59414 28182 53002 9988 55850 65459 72032 87786 34176 81352 48272
993 39
22707 69895 33501 45491 18329 40225 20915 81302 67656 87259 5570 16087 30135 60305 21386 85807 4094 79483 18310 7581 19867 42367 33656 43991
142 33
28779 45814 28101 54188 34230 12157 87997 45425 46097 70846 63743 52762 74742 26564 31667 67499 72065 21500 86280 25899 86991 59405
359 32
2410 80385 87322 69099 48814 29212 70490 50194 80446 26207 45667 94051 63962 82701 68060 95704 45612 66577 1460 86497
4 29
14716 80830 81122 51836 60058 38590 10566 10378 66572 77231 93704 99850 47642 12769 63122 23155 2463 64104 47828
869 25
88561 94988 54886 67392 2910 52816 22981 22957 74031 26668 60757 84822 68221 5280 60576
150 24
59996 35187 52764 86727 75108 12844 81803 56972 84163 43085 66235 89663 87529
60 14
82386 48119 95512 33471 99184 91102 52013 22947 48319 27494 89538
495 13
86434 24131 36476 93172 57775 56210 35432 27837 97466 32858
626 14
75777 11406 40220 34880 68611 34854 60180 58143 11336
268 8
97793 30575 97134 53043 31980 82880 33763
854 9
15774 75955 19335 80261 87878 82885
491 6
31676 10021 87866 45573 73388
478 5
48241 74525 11613 54764
476 4
16566 45696 81594
270 3
21589 82414
343 2
552
241 0

