500
0
1
eji-a 2284
1
2
a-b 7311
ejj-b 913
2
1
b-c 1142
3
2
c-d 685
ejj-d 2284
4
1
d-e 2284
5
2
ejj-f 761
e-f 3046
6
1
f-g 1142
7
2
ejj-h 1713
g-h 999
8
1
h-i 1523
9
2
i-j 837
ejj-j 190
10
1
j-ba 456
11
2
ba-bb 3046
ejj-bb 1523
12
1
bb-bc 1142
13
2
bc-bd 1958
ejj-bd 326
14
1
bd-be 456
15
2
be-bf 6854
ejj-bf 571
16
1
bf-bg 4569
17
2
ejj-bh 1406
bg-bh 3866
18
1
bh-bi 4569
19
2
bi-bj 1523
ejj-bj 761
20
1
bj-ca 456
21
2
ca-cb 5483
ejj-cb 913
22
1
cb-cc 2284
23
2
ejj-cd 1523
cc-cd 2284
24
1
cd-ce 456
25
2
ejj-cf 5331
ce-cf 1269
26
1
cf-cg 1142
27
2
ejj-ch 703
cg-ch 2109
28
1
ch-ci 456
29
2
ejj-cj 1757
ci-cj 562
30
1
cj-da 1142
31
2
da-db 1971
ejj-db 806
32
1
db-dc 1523
33
2
ejj-dd 161
dc-dd 3763
34
1
dd-de 4569
35
2
ejj-df 210
de-df 2343
36
1
df-dg 456
37
2
ejj-dh 3427
dg-dh 1904
38
1
dh-di 456
39
2
di-dj 1406
ejj-dj 878
40
1
dj-ea 1142
41
2
ea-eb 2577
ejj-eb 468
42
1
eb-ec 1523
43
2
ec-ed 8377
ejj-ed 761
44
1
ed-ee 1523
45
2
ee-ef 6646
ejj-ef 830
46
1
ef-eg 1142
47
2
ejj-eh 3554
eg-eh 2031
48
1
eh-ei 4569
49
2
ei-ej 1971
ejj-ej 1075
50
1
ej-fa 1523
51
2
fa-fb 752
ejj-fb 403
52
1
fb-fc 1142
53
2
fc-fd 4569
ejj-fd 1
54
1
fd-fe 456
55
2
fe-ff 522
ejj-ff 3916
56
1
ff-fg 2284
57
2
ejj-fh 5077
fg-fh 406
58
1
fh-fi 1523
59
2
fi-fj 652
ejj-fj 652
60
1
fj-ga 4569
61
2
ejj-gb 1523
ga-gb 1142
62
1
gb-gc 1142
63
2
gc-gd 6327
ejj-gd 2812
64
1
gd-ge 4569
65
2
ge-gf 2792
ejj-gf 761
66
1
gf-gg 4569
67
2
gg-gh 703
ejj-gh 527
68
1
gh-gi 4569
69
2
gi-gj 1795
ejj-gj 489
70
1
gj-ha 4569
71
2
ha-hb 3494
ejj-hb 215
72
1
hb-hc 456
73
2
ejj-hd 1713
hc-hd 2475
74
1
hd-he 4569
75
2
he-hf 703
ejj-hf 2109
76
1
hf-hg 4569
77
2
hg-hh 2665
ejj-hh 380
78
1
hh-hi 4569
79
2
hi-hj 1632
ejj-hj 870
80
1
hj-ia 1523
81
2
ia-ib 1632
ejj-ib 2611
82
1
ib-ic 1142
83
2
ic-id 581
ejj-id 1661
84
1
id-ie 4569
85
2
ejj-if 3323
ie-if 2908
86
1
if-ig 456
87
2
ejj-ih 1142
ig-ih 2284
88
1
ih-ii 1142
89
2
ejj-ij 5077
ii-ij 406
90
1
ij-ja 1523
91
2
ejj-jb 1305
ja-jb 1632
92
1
jb-jc 4569
93
2
jc-jd 1904
ejj-jd 761
94
1
jd-je 1142
95
2
je-jf 1827
ejj-jf 456
96
1
jf-jg 1142
97
2
ejj-jh 3655
jg-jh 5483
98
1
jh-ji 2284
99
2
ji-jj 2611
ejj-jj 130
100
1
jj-baa 1142
101
2
baa-bab 2056
ejj-bab 91
102
1
bab-bac 4569
103
2
bac-bad 6854
ejj-bad 2284
104
1
bad-bae 1142
105
2
bae-baf 639
ejj-baf 274
106
1
baf-bag 4569
107
2
ejj-bah 3046
bag-bah 609
108
1
bah-bai 4569
109
2
bai-baj 1661
ejj-baj 2492
110
1
baj-bba 456
111
2
bba-bbb 3046
ejj-bbb 1523
112
1
bbb-bbc 456
113
2
bbc-bbd 710
ejj-bbd 203
114
1
bbd-bbe 1523
115
2
bbe-bbf 731
ejj-bbf 456
116
1
bbf-bbg 4569
117
2
ejj-bbh 4569
bbg-bbh 4569
118
1
bbh-bbi 1142
119
2
ejj-bbj 913
bbi-bbj 2741
120
1
bbj-bca 4569
121
2
bca-bcb 2284
ejj-bcb 4569
122
1
bcb-bcc 456
123
2
ejj-bcd 6093
bcc-bcd 3046
124
1
bcd-bce 4569
125
2
ejj-bcf 870
bce-bcf 652
126
1
bcf-bcg 4569
127
2
ejj-bch 1523
bcg-bch 609
128
1
bch-bci 4569
129
2
bci-bcj 2031
ejj-bcj 1692
130
1
bcj-bda 1523
131
2
bda-bdb 1370
ejj-bdb 913
132
1
bdb-bdc 1523
133
2
bdc-bdd 5816
ejj-bdd 1661
134
1
bdd-bde 456
135
2
ejj-bdf 527
bde-bdf 1757
136
1
bdf-bdg 1523
137
2
bdg-bdh 2176
ejj-bdh 261
138
1
bdh-bdi 1142
139
2
bdi-bdj 1661
ejj-bdj 623
140
1
bdj-bea 456
141
2
ejj-beb 304
bea-beb 6093
142
1
beb-bec 1142
143
2
ejj-bed 304
bec-bed 1523
144
1
bed-bee 2284
145
2
bee-bef 5077
ejj-bef 2031
146
1
bef-beg 1142
147
2
beg-beh 7108
ejj-beh 1015
148
1
beh-bei 1523
149
2
ejj-bej 1218
bei-bej 2741
150
1
bej-bfa 456
151
2
bfa-bfb 3427
ejj-bfb 2284
152
1
bfb-bfc 4569
153
2
bfc-bfd 1777
ejj-bfd 380
154
1
bfd-bfe 2284
155
2
ejj-bff 1827
bfe-bff 1827
156
1
bff-bfg 2284
157
2
bfg-bfh 2031
ejj-bfh 761
158
1
bfh-bfi 456
159
2
bfi-bfj 1777
ejj-bfj 203
160
1
bfj-bga 456
161
2
bga-bgb 3046
ejj-bgb 1
162
1
bgb-bgc 1142
163
2
bgc-bgd 3046
ejj-bgd 3046
164
1
bgd-bge 456
165
2
bge-bgf 5077
ejj-bgf 4062
166
1
bgf-bgg 4569
167
2
bgg-bgh 1246
ejj-bgh 1038
168
1
bgh-bgi 2284
169
2
bgi-bgj 2056
ejj-bgj 228
170
1
bgj-bha 2284
171
2
bha-bhb 1904
ejj-bhb 1523
172
1
bhb-bhc 1523
173
2
bhc-bhd 8377
ejj-bhd 190
174
1
bhd-bhe 456
175
2
bhe-bhf 5712
ejj-bhf 1142
176
1
bhf-bhg 456
177
2
ejj-bhh 2284
bhg-bhh 456
178
1
bhh-bhi 2284
179
2
bhi-bhj 2031
ejj-bhj 253
180
1
bhj-bia 456
181
2
bia-bib 2856
ejj-bib 856
182
1
bib-bic 456
183
2
ejj-bid 652
bic-bid 2176
184
1
bid-bie 1142
185
2
ejj-bif 4062
bie-bif 507
186
1
bif-big 1523
187
2
ejj-bih 1142
big-bih 1713
188
1
bih-bii 1142
189
2
ejj-bij 1209
bii-bij 1433
190
1
bij-bja 456
191
2
bja-bjb 742
ejj-bjb 571
192
1
bjb-bjc 1523
193
2
ejj-bjd 571
bjc-bjd 2284
194
1
bjd-bje 456
195
2
bje-bjf 4243
ejj-bjf 326
196
1
bjf-bjg 2284
197
2
bjg-bjh 761
ejj-bjh 507
198
1
bjh-bji 4569
199
2
bji-bjj 7108
ejj-bjj 507
200
1
bjj-caa 1142
201
2
caa-cab 799
ejj-cab 1142
202
1
cab-cac 1142
203
2
cac-cad 5712
ejj-cad 3427
204
1
cad-cae 4569
205
2
cae-caf 6528
ejj-caf 870
206
1
caf-cag 2284
207
2
cag-cah 1713
ejj-cah 2284
208
1
cah-cai 1523
209
2
cai-caj 2284
ejj-caj 456
210
1
caj-cba 1142
211
2
ejj-cbb 380
cba-cbb 761
212
1
cbb-cbc 456
213
2
cbc-cbd 2176
ejj-cbd 2611
214
1
cbd-cbe 2284
215
2
ejj-cbf 1218
cbe-cbf 548
216
1
cbf-cbg 2284
217
2
cbg-cbh 406
ejj-cbh 507
218
1
cbh-cbi 2284
219
2
cbi-cbj 6702
ejj-cbj 1218
220
1
cbj-cca 4569
221
2
cca-ccb 2437
ejj-ccb 609
222
1
ccb-ccc 456
223
2
ccc-ccd 6854
ejj-ccd 571
224
1
ccd-cce 1142
225
2
ejj-ccf 2611
cce-ccf 1632
226
1
ccf-ccg 4569
227
2
ccg-cch 7616
ejj-cch 152
228
1
cch-cci 2284
229
2
ejj-ccj 1881
cci-ccj 5376
230
1
ccj-cda 2284
231
2
ejj-cdb 1015
cda-cdb 3046
232
1
cdb-cdc 456
233
2
ejj-cdd 761
cdc-cdd 6093
234
1
cdd-cde 456
235
2
cde-cdf 3866
ejj-cdf 703
236
1
cdf-cdg 456
237
2
cdg-cdh 747
ejj-cdh 1661
238
1
cdh-cdi 4569
239
2
ejj-cdj 1202
cdi-cdj 2164
240
1
cdj-cea 1142
241
2
cea-ceb 7108
ejj-ceb 507
242
1
ceb-cec 2284
243
2
cec-ced 2393
ejj-ced 195
244
1
ced-cee 1523
245
2
ejj-cef 652
cee-cef 652
246
1
cef-ceg 1523
247
2
ceg-ceh 2741
ejj-ceh 304
248
1
ceh-cei 1142
249
2
cei-cej 9139
ejj-cej 1
250
1
cej-cfa 456
251
2
cfa-cfb 2538
ejj-cfb 152
252
1
cfb-cfc 456
253
2
cfc-cfd 365
ejj-cfd 1370
254
1
cfd-cfe 2284
255
2
ejj-cff 3916
cfe-cff 522
256
1
cff-cfg 1142
257
2
cfg-cfh 6646
ejj-cfh 1246
258
1
cfh-cfi 1142
259
2
ejj-cfj 3046
cfi-cfj 2031
260
1
cfj-cga 4569
261
2
ejj-cgb 228
cga-cgb 2741
262
1
cgb-cgc 1523
263
2
ejj-cgd 1523
cgc-cgd 456
264
1
cgd-cge 2284
265
2
ejj-cgf 703
cge-cgf 3866
266
1
cgf-cgg 1142
267
2
cgg-cgh 2077
ejj-cgh 276
268
1
cgh-cgi 1523
269
2
cgi-cgj 9139
ejj-cgj 1
270
1
cgj-cha 1142
271
2
cha-chb 979
ejj-chb 5222
272
1
chb-chc 1142
273
2
ejj-chd 913
chc-chd 548
274
1
chd-che 4569
275
2
che-chf 2792
ejj-chf 1777
276
1
chf-chg 4569
277
2
chg-chh 4154
ejj-chh 415
278
1
chh-chi 4569
279
2
ejj-chj 1958
chi-chj 522
280
1
chj-cia 1523
281
2
cia-cib 769
ejj-cib 481
282
1
cib-cic 1523
283
2
cic-cid 2067
ejj-cid 435
284
1
cid-cie 1142
285
2
ejj-cif 830
cie-cif 747
286
1
cif-cig 1523
287
2
cig-cih 2343
ejj-cih 210
288
1
cih-cii 1523
289
2
cii-cij 3046
ejj-cij 1
290
1
cij-cja 1142
291
2
ejj-cjb 870
cja-cjb 652
292
1
cjb-cjc 2284
293
2
cjc-cjd 6646
ejj-cjd 249
294
1
cjd-cje 1523
295
2
cje-cjf 571
ejj-cjf 342
296
1
cjf-cjg 1523
297
2
cjg-cjh 2031
ejj-cjh 304
298
1
cjh-cji 456
299
2
cji-cjj 498
ejj-cjj 415
300
1
cjj-daa 1523
301
2
daa-dab 799
ejj-dab 380
302
1
dab-dac 4569
303
2
dac-dad 2856
ejj-dad 342
304
1
dad-dae 2284
305
2
dae-daf 1869
ejj-daf 553
306
1
daf-dag 4569
307
2
dag-dah 1285
ejj-dah 399
308
1
dah-dai 2284
309
2
dai-daj 2094
ejj-daj 2856
310
1
daj-dba 1142
311
2
ejj-dbb 4062
dba-dbb 2538
312
1
dbb-dbc 4569
313
2
dbc-dbd 7181
ejj-dbd 979
314
1
dbd-dbe 456
315
2
ejj-dbf 1827
dbe-dbf 1827
316
1
dbf-dbg 4569
317
2
dbg-dbh 3655
ejj-dbh 456
318
1
dbh-dbi 4569
319
2
dbi-dbj 2577
ejj-dbj 351
320
1
dbj-dca 2284
321
2
ejj-dcb 332
dca-dcb 2908
322
1
dcb-dcc 456
323
2
dcc-dcd 8486
ejj-dcd 217
324
1
dcd-dce 4569
325
2
ejj-dcf 326
dce-dcf 7833
326
1
dcf-dcg 1142
327
2
ejj-dch 1827
dcg-dch 5483
328
1
dch-dci 1523
329
2
dci-dcj 639
ejj-dcj 1370
330
1
dcj-dda 4569
331
2
dda-ddb 632
ejj-ddb 1406
332
1
ddb-ddc 4569
333
2
ddc-ddd 4188
ejj-ddd 761
334
1
ddd-dde 456
335
2
ejj-ddf 3998
dde-ddf 1713
336
1
ddf-ddg 456
337
2
ddg-ddh 2708
ejj-ddh 338
338
1
ddh-ddi 4569
339
2
ddi-ddj 609
ejj-ddj 1523
340
1
ddj-dea 1142
341
2
ejj-deb 2611
dea-deb 1305
342
1
deb-dec 2284
343
2
dec-ded 1713
ejj-ded 399
344
1
ded-dee 1523
345
2
dee-def 1757
ejj-def 2109
346
1
def-deg 1142
347
2
deg-deh 2109
ejj-deh 70
348
1
deh-dei 2284
349
2
ejj-dej 2284
dei-dej 1713
350
1
dej-dfa 2284
351
2
dfa-dfb 913
ejj-dfb 1
352
1
dfb-dfc 456
353
2
dfc-dfd 3427
ejj-dfd 571
354
1
dfd-dfe 1523
355
2
dfe-dff 1827
ejj-dff 1827
356
1
dff-dfg 4569
357
2
dfg-dfh 5077
ejj-dfh 2031
358
1
dfh-dfi 456
359
2
dfi-dfj 1713
ejj-dfj 3998
360
1
dfj-dga 2284
361
2
ejj-dgb 1218
dga-dgb 3351
362
1
dgb-dgc 4569
363
2
dgc-dgd 3367
ejj-dgd 240
364
1
dgd-dge 1523
365
2
dge-dgf 2284
ejj-dgf 1142
366
1
dgf-dgg 2284
367
2
dgg-dgh 7616
ejj-dgh 507
368
1
dgh-dgi 1523
369
2
ejj-dgj 962
dgi-dgj 6253
370
1
dgj-dha 456
371
2
dha-dhb 1958
ejj-dhb 1305
372
1
dhb-dhc 2284
373
2
dhc-dhd 609
ejj-dhd 304
374
1
dhd-dhe 1142
375
2
dhe-dhf 6283
ejj-dhf 2856
376
1
dhf-dhg 456
377
2
ejj-dhh 2150
dhg-dhh 6989
378
1
dhh-dhi 2284
379
2
dhi-dhj 2812
ejj-dhj 175
380
1
dhj-dia 456
381
2
dia-dib 822
ejj-dib 228
382
1
dib-dic 456
383
2
ejj-did 1171
dic-did 5624
384
1
did-die 4569
385
2
die-dif 2741
ejj-dif 456
386
1
dif-dig 1142
387
2
dig-dih 3046
ejj-dih 304
388
1
dih-dii 2284
389
2
dii-dij 752
ejj-dij 161
390
1
dij-dja 1142
391
2
ejj-djb 319
dja-djb 1485
392
1
djb-djc 2284
393
2
djc-djd 2640
ejj-djd 121
394
1
djd-dje 4569
395
2
dje-djf 9139
ejj-djf 1
396
1
djf-djg 2284
397
2
djg-djh 5483
ejj-djh 1218
398
1
djh-dji 1142
399
2
ejj-djj 2031
dji-djj 710
400
1
djj-eaa 1523
401
2
eaa-eab 3738
ejj-eab 830
402
1
eab-eac 1523
403
2
ejj-ead 2284
eac-ead 1713
404
1
ead-eae 4569
405
2
ejj-eaf 1523
eae-eaf 4569
406
1
eaf-eag 1523
407
2
eag-eah 783
ejj-eah 435
408
1
eah-eai 4569
409
2
ejj-eaj 4569
eai-eaj 456
410
1
eaj-eba 456
411
2
eba-ebb 7425
ejj-ebb 856
412
1
ebb-ebc 1523
413
2
ebc-ebd 685
ejj-ebd 761
414
1
ebd-ebe 456
415
2
ebe-ebf 3655
ejj-ebf 1827
416
1
ebf-ebg 4569
417
2
ebg-ebh 2956
ejj-ebh 322
418
1
ebh-ebi 1142
419
2
ebi-ebj 2475
ejj-ebj 171
420
1
ebj-eca 456
421
2
eca-ecb 1869
ejj-ecb 1661
422
1
ecb-ecc 456
423
2
ecc-ecd 6397
ejj-ecd 274
424
1
ecd-ece 1142
425
2
ejj-ecf 2284
ece-ecf 685
426
1
ecf-ecg 4569
427
2
ecg-ech 2437
ejj-ech 456
428
1
ech-eci 1142
429
2
ejj-ecj 3046
eci-ecj 609
430
1
ecj-eda 1142
431
2
ejj-edb 2109
eda-edb 492
432
1
edb-edc 1142
433
2
edc-edd 6093
ejj-edd 304
434
1
edd-ede 1523
435
2
ejj-edf 468
ede-edf 1933
436
1
edf-edg 1142
437
2
edg-edh 1757
ejj-edh 2109
438
1
edh-edi 1523
439
2
ejj-edj 249
edi-edj 3323
440
1
edj-eea 2284
441
2
ejj-eeb 1904
eea-eeb 1777
442
1
eeb-eec 1142
443
2
ejj-eed 3046
eec-eed 2031
444
1
eed-eee 4569
445
2
eee-eef 639
ejj-eef 274
446
1
eef-eeg 1523
447
2
eeg-eeh 3323
ejj-eeh 249
448
1
eeh-eei 2284
449
2
eei-eej 913
ejj-eej 1
450
1
eej-efa 456
451
2
efa-efb 2284
ejj-efb 228
452
1
efb-efc 1523
453
2
efc-efd 4154
ejj-efd 1661
454
1
efd-efe 456
455
2
ejj-eff 1269
efe-eff 5331
456
1
eff-efg 4569
457
2
efg-efh 6528
ejj-efh 1305
458
1
efh-efi 2284
459
2
efi-efj 718
ejj-efj 1958
460
1
efj-ega 2284
461
2
ejj-egb 527
ega-egb 7030
462
1
egb-egc 1142
463
2
egc-egd 7833
ejj-egd 326
464
1
egd-ege 1142
465
2
ejj-egf 304
ege-egf 6093
466
1
egf-egg 456
467
2
ejj-egh 2132
egg-egh 274
468
1
egh-egi 4569
469
2
egi-egj 7108
ejj-egj 1015
470
1
egj-eha 2284
471
2
eha-ehb 2492
ejj-ehb 2077
472
1
ehb-ehc 1142
473
2
ehc-ehd 7181
ejj-ehd 195
474
1
ehd-ehe 456
475
2
ejj-ehf 703
ehe-ehf 7030
476
1
ehf-ehg 1523
477
2
ehg-ehh 2369
ejj-ehh 507
478
1
ehh-ehi 1142
479
2
ejj-ehj 913
ehi-ehj 548
480
1
ehj-eia 4569
481
2
eia-eib 2369
ejj-eib 677
482
1
eib-eic 1523
483
2
eic-eid 7311
ejj-eid 913
484
1
eid-eie 1142
485
2
eie-eif 3808
ejj-eif 761
486
1
eif-eig 1142
487
2
eig-eih 2284
ejj-eih 1
488
1
eih-eii 1523
489
2
ejj-eij 2741
eii-eij 3655
490
1
eij-eja 456
491
2
ejj-ejb 421
eja-ejb 492
492
1
ejb-ejc 1142
493
2
ejj-ejd 1218
ejc-ejd 1370
494
1
ejd-eje 2284
495
2
ejj-ejf 609
eje-ejf 670
496
1
ejf-ejg 4569
497
2
ejj-ejh 571
ejg-ejh 685
498
1
ejh-eji 1142
499
250
bac-ejj 1102
bic-ejj 9183
dba-ejj 1836
i-ejj 4591
he-ejj 3673
bgg-ejj 9183
ccg-ejj 2448
cdg-ejj 12857
bc-ejj 918
ca-ejj 4591
ge-ejj 918
ha-ejj 9183
bcg-ejj 5510
bec-ejj 3673
bee-ejj 734
bha-ejj 2295
cdi-ejj 2448
cjc-ejj 1836
cjg-ejj 1377
dfg-ejj 2448
eag-ejj 2755
ejc-ejj 2755
e-ejj 551
ba-ejj 1377
bi-ejj 918
dc-ejj 734
dg-ejj 2448
ee-ejj 2295
gi-ejj 1377
hc-ejj 734
hi-ejj 5510
ig-ejj 3673
ja-ejj 551
je-ejj 1836
ji-ejj 2295
bae-ejj 3673
bag-ejj 2755
bbc-ejj 734
bbg-ejj 734
bda-ejj 918
bde-ejj 7346
bgi-ejj 2755
bhc-ejj 1836
bie-ejj 551
bii-ejj 2448
cbg-ejj 367
cea-ejj 5510
ceg-ejj 2448
cei-ejj 1377
cgi-ejj 551
chg-ejj 3061
cia-ejj 1224
cja-ejj 2448
dac-ejj 5510
dai-ejj 2295
dce-ejj 5510
dde-ejj 1377
dhe-ejj 9183
dhi-ejj 918
dii-ejj 1377
dja-ejj 734
eac-ejj 918
eai-ejj 3673
ede-ejj 1377
edi-ejj 2448
eea-ejj 367
eeg-ejj 2755
efc-ejj 1377
efi-ejj 1836
ege-ejj 2755
egg-ejj 5510
egi-ejj 1836
eha-ejj 1836
ehe-ejj 2755
eia-ejj 7346
eii-ejj 3061
a-ejj 1224
be-ejj 183
cc-ejj 551
ce-ejj 367
ci-ejj 1836
ec-ejj 1836
eg-ejj 734
fc-ejj 551
fe-ejj 2448
fg-ejj 918
fi-ejj 459
gg-ejj 3673
ia-ejj 1836
jc-ejj 459
bai-ejj 918
bba-ejj 5510
bdc-ejj 1836
bdg-ejj 3673
bei-ejj 3673
bfa-ejj 2755
bfi-ejj 551
bga-ejj 1224
bgc-ejj 612
big-ejj 1224
bja-ejj 367
bje-ejj 2448
caa-ejj 734
cae-ejj 3673
cbc-ejj 459
cci-ejj 551
cde-ejj 1224
cee-ejj 1377
cfa-ejj 1836
cfg-ejj 612
cfi-ejj 918
cge-ejj 551
cgg-ejj 612
chc-ejj 1836
che-ejj 367
cic-ejj 5510
cie-ejj 734
cii-ejj 734
cje-ejj 4591
daa-ejj 3673
dag-ejj 2448
dbg-ejj 918
dca-ejj 12857
dcc-ejj 918
dci-ejj 1836
dda-ejj 918
ddc-ejj 2755
ddg-ejj 3673
ddi-ejj 1836
dea-ejj 551
dec-ejj 918
dee-ejj 918
dei-ejj 1836
dfi-ejj 1377
dge-ejj 551
dha-ejj 3673
dhc-ejj 2295
dhg-ejj 551
dia-ejj 367
die-ejj 7346
dji-ejj 459
ebg-ejj 1102
ecc-ejj 367
eda-ejj 1836
edc-ejj 459
edg-ejj 459
eei-ejj 2755
efa-ejj 183
efe-ejj 1836
ehi-ejj 918
eic-ejj 1836
eie-ejj 1377
eig-ejj 612
eje-ejj 1224
ejg-ejj 2448
eji-ejj 918
c-ejj 1
g-ejj 1224
bg-ejj 1
cg-ejj 918
da-ejj 1
de-ejj 183
di-ejj 1224
ea-ejj 1
ei-ejj 1
fa-ejj 1836
ga-ejj 1224
gc-ejj 1224
hg-ejj 1836
ic-ejj 918
ie-ejj 918
ii-ejj 1
jg-ejj 367
baa-ejj 1836
bbe-ejj 1224
bbi-ejj 1
bca-ejj 1
bcc-ejj 612
bce-ejj 1
bci-ejj 918
bdi-ejj 1836
bea-ejj 9183
beg-ejj 1836
bfc-ejj 1836
bfe-ejj 1224
bfg-ejj 3673
bge-ejj 1377
bhe-ejj 2295
bhg-ejj 3673
bhi-ejj 1836
bia-ejj 5510
bjc-ejj 1224
bjg-ejj 3673
bji-ejj 1
cac-ejj 5510
cag-ejj 1
cai-ejj 1
cba-ejj 1
cbe-ejj 1224
cbi-ejj 1
cca-ejj 918
ccc-ejj 551
cce-ejj 367
cda-ejj 612
cdc-ejj 183
cec-ejj 918
cfc-ejj 459
cfe-ejj 1
cga-ejj 1
cgc-ejj 918
cha-ejj 1224
chi-ejj 918
cig-ejj 183
cji-ejj 918
dae-ejj 918
dbc-ejj 1
dbe-ejj 1
dbi-ejj 1
dcg-ejj 1377
deg-ejj 612
dfa-ejj 1
dfc-ejj 367
dfe-ejj 1
dga-ejj 367
dgc-ejj 1
dgg-ejj 1
dgi-ejj 1836
dic-ejj 612
dig-ejj 1836
djc-ejj 1836
dje-ejj 1224
djg-ejj 1836
eaa-ejj 367
eae-ejj 2755
eba-ejj 1224
ebc-ejj 1836
ebe-ejj 4591
ebi-ejj 918
eca-ejj 1377
ece-ejj 367
ecg-ejj 459
eci-ejj 183
eec-ejj 918
eee-ejj 612
efg-ejj 1
ega-ejj 1
egc-ejj 918
ehc-ejj 1836
ehg-ejj 3673
eja-ejj 551
