500
0
1
eji-a 79
1
2
a-b 40
ejj-b 27
2
1
b-c 135
3
2
c-d 84
ejj-d 34
4
1
d-e 96
5
2
ejj-f 45
e-f 68
6
1
f-g 118
7
2
ejj-h 68
g-h 42
8
1
h-i 106
9
2
i-j 112
ejj-j 11
10
1
j-ba 101
11
2
ba-bb 79
ejj-bb 45
12
1
bb-bc 135
13
2
bc-bd 58
ejj-bd 48
14
1
bd-be 86
15
2
be-bf 90
ejj-bf 34
16
1
bf-bg 104
17
2
ejj-bh 21
bg-bh 93
18
1
bh-bi 101
19
2
bi-bj 56
ejj-bj 34
20
1
bj-ca 105
21
2
ca-cb 68
ejj-cb 54
22
1
cb-cc 90
23
2
ejj-cd 68
cc-cd 51
24
1
cd-ce 84
25
2
ejj-cf 68
ce-cf 45
26
1
cf-cg 110
27
2
ejj-ch 42
cg-ch 62
28
1
ch-ci 122
29
2
ejj-cj 52
ci-cj 62
30
1
cj-da 110
31
2
da-db 79
ejj-db 40
32
1
db-dc 127
33
2
ejj-dd 16
dc-dd 87
34
1
dd-de 106
35
2
ejj-df 31
de-df 93
36
1
df-dg 114
37
2
ejj-dh 34
dg-dh 51
38
1
dh-di 110
39
2
di-dj 73
ejj-dj 52
40
1
dj-ea 96
41
2
ea-eb 104
ejj-eb 10
42
1
eb-ec 123
43
2
ec-ed 112
ejj-ed 11
44
1
ed-ee 123
45
2
ee-ef 61
ejj-ef 12
46
1
ef-eg 96
47
2
ejj-eh 90
eg-eh 30
48
1
eh-ei 135
49
2
ei-ej 79
ejj-ej 40
50
1
ej-fa 111
51
2
fa-fb 87
ejj-fb 8
52
1
fb-fc 112
53
2
fc-fd 105
ejj-fd 1
54
1
fd-fe 75
55
2
fe-ff 58
ejj-ff 58
56
1
ff-fg 90
57
2
ejj-fh 60
fg-fh 60
58
1
fh-fi 118
59
2
fi-fj 68
ejj-fj 39
60
1
fj-ga 90
61
2
ejj-gb 68
ga-gb 34
62
1
gb-gc 122
63
2
gc-gd 62
ejj-gd 42
64
1
gd-ge 135
65
2
ge-gf 124
ejj-gf 11
66
1
gf-gg 96
67
2
gg-gh 73
ejj-gh 31
68
1
gh-gi 135
69
2
gi-gj 87
ejj-gj 29
70
1
gj-ha 135
71
2
ha-hb 87
ejj-hb 32
72
1
hb-hc 127
73
2
ejj-hd 25
hc-hd 76
74
1
hd-he 124
75
2
he-hf 104
ejj-hf 31
76
1
hf-hg 87
77
2
hg-hh 68
ejj-hh 45
78
1
hh-hi 74
79
2
hi-hj 39
ejj-hj 39
80
1
hj-ia 108
81
2
ia-ib 96
ejj-ib 39
82
1
ib-ic 135
83
2
ic-id 61
ejj-id 49
84
1
id-ie 120
85
2
ejj-if 37
ie-if 86
86
1
if-ig 81
87
2
ejj-ih 34
ig-ih 68
88
1
ih-ii 68
89
2
ejj-ij 75
ii-ij 30
90
1
ij-ja 101
91
2
ejj-jb 39
ja-jb 96
92
1
jb-jc 135
93
2
jc-jd 101
ejj-jd 22
94
1
jd-je 123
95
2
je-jf 90
ejj-jf 27
96
1
jf-jg 104
97
2
ejj-jh 54
jg-jh 63
98
1
jh-ji 126
99
2
ji-jj 96
ejj-jj 10
100
1
jj-baa 135
101
2
baa-bab 54
ejj-bab 14
102
1
bab-bac 135
103
2
bac-bad 101
ejj-bad 34
104
1
bad-bae 118
105
2
bae-baf 68
ejj-baf 40
106
1
baf-bag 135
107
2
ejj-bah 45
bag-bah 56
108
1
bah-bai 122
109
2
bai-baj 74
ejj-baj 37
110
1
baj-bba 98
111
2
bba-bbb 60
ejj-bbb 30
112
1
bbb-bbc 135
113
2
bbc-bbd 75
ejj-bbd 15
114
1
bbd-bbe 96
115
2
bbe-bbf 81
ejj-bbf 27
116
1
bbf-bbg 135
117
2
ejj-bbh 68
bbg-bbh 34
118
1
bbh-bbi 135
119
2
ejj-bbj 54
bbi-bbj 81
120
1
bbj-bca 81
121
2
bca-bcb 45
ejj-bcb 68
122
1
bcb-bcc 90
123
2
ejj-bcd 75
bcc-bcd 30
124
1
bcd-bce 96
125
2
ejj-bcf 19
bce-bcf 77
126
1
bcf-bcg 108
127
2
ejj-bch 45
bcg-bch 90
128
1
bch-bci 68
129
2
bci-bcj 45
ejj-bcj 75
130
1
bcj-bda 84
131
2
bda-bdb 68
ejj-bdb 54
132
1
bdb-bdc 105
133
2
bdc-bdd 86
ejj-bdd 49
134
1
bdd-bde 108
135
2
ejj-bdf 31
bde-bdf 104
136
1
bdf-bdg 114
137
2
bdg-bdh 77
ejj-bdh 19
138
1
bdh-bdi 110
139
2
bdi-bdj 86
ejj-bdj 37
140
1
bdj-bea 114
141
2
ejj-beb 45
bea-beb 75
142
1
beb-bec 122
143
2
ejj-bed 34
bec-bed 34
144
1
bed-bee 101
145
2
bee-bef 60
ejj-bef 45
146
1
bef-beg 118
147
2
beg-beh 60
ejj-beh 15
148
1
beh-bei 135
149
2
ejj-bej 54
bei-bej 68
150
1
bej-bfa 122
151
2
bfa-bfb 79
ejj-bfb 22
152
1
bfb-bfc 105
153
2
bfc-bfd 68
ejj-bfd 34
154
1
bfd-bfe 105
155
2
ejj-bff 40
bfe-bff 68
156
1
bff-bfg 122
157
2
bfg-bfh 68
ejj-bfh 45
158
1
bfh-bfi 90
159
2
bfi-bfj 90
ejj-bfj 30
160
1
bfj-bga 101
161
2
bga-bgb 135
ejj-bgb 1
162
1
bgb-bgc 112
163
2
bgc-bgd 75
ejj-bgd 45
164
1
bgd-bge 90
165
2
bge-bgf 45
ejj-bgf 60
166
1
bgf-bgg 101
167
2
bgg-bgh 74
ejj-bgh 61
168
1
bgh-bgi 110
169
2
bgi-bgj 108
ejj-bgj 14
170
1
bgj-bha 90
171
2
bha-bhb 112
ejj-bhb 22
172
1
bhb-bhc 135
173
2
bhc-bhd 124
ejj-bhd 11
174
1
bhd-bhe 93
175
2
bhe-bhf 68
ejj-bhf 51
176
1
bhf-bhg 105
177
2
ejj-bhh 68
bhg-bhh 22
178
1
bhh-bhi 120
179
2
bhi-bhj 90
ejj-bhj 15
180
1
bhj-bia 120
181
2
bia-bib 84
ejj-bib 51
182
1
bib-bic 84
183
2
ejj-bid 39
bic-bid 58
184
1
bid-bie 96
185
2
ejj-bif 60
bie-bif 75
186
1
bif-big 135
187
2
ejj-bih 34
big-bih 79
188
1
bih-bii 90
189
2
ejj-bij 56
bii-bij 56
190
1
bij-bja 108
191
2
bja-bjb 101
ejj-bjb 25
192
1
bjb-bjc 118
193
2
ejj-bjd 34
bjc-bjd 68
194
1
bjd-bje 126
195
2
bje-bjf 116
ejj-bjf 10
196
1
bjf-bjg 93
197
2
bjg-bjh 90
ejj-bjh 22
198
1
bjh-bji 86
199
2
bji-bjj 90
ejj-bjj 15
200
1
bjj-caa 135
201
2
caa-cab 68
ejj-cab 17
202
1
cab-cac 135
203
2
cac-cad 68
ejj-cad 51
204
1
cad-cae 120
205
2
cae-caf 77
ejj-caf 39
206
1
caf-cag 68
207
2
cag-cah 68
ejj-cah 1
208
1
cah-cai 135
209
2
cai-caj 68
ejj-caj 45
210
1
caj-cba 135
211
2
ejj-cbb 22
cba-cbb 45
212
1
cbb-cbc 90
213
2
cbc-cbd 96
ejj-cbd 39
214
1
cbd-cbe 96
215
2
ejj-cbf 54
cbe-cbf 81
216
1
cbf-cbg 81
217
2
cbg-cbh 60
ejj-cbh 75
218
1
cbh-cbi 120
219
2
cbi-cbj 90
ejj-cbj 36
220
1
cbj-cca 99
221
2
cca-ccb 72
ejj-ccb 27
222
1
ccb-ccc 112
223
2
ccc-ccd 101
ejj-ccd 34
224
1
ccd-cce 125
225
2
ejj-ccf 39
cce-ccf 68
226
1
ccf-ccg 98
227
2
ccg-cch 90
ejj-cch 22
228
1
cch-cci 135
229
2
ejj-ccj 56
cci-ccj 64
230
1
ccj-cda 99
231
2
ejj-cdb 27
cda-cdb 36
232
1
cdb-cdc 118
233
2
ejj-cdd 45
cdc-cdd 75
234
1
cdd-cde 135
235
2
cde-cdf 83
ejj-cdf 21
236
1
cdf-cdg 124
237
2
cdg-cdh 98
ejj-cdh 25
238
1
cdh-cdi 101
239
2
ejj-cdj 71
cdi-cdj 50
240
1
cdj-cea 112
241
2
cea-ceb 75
ejj-ceb 22
242
1
ceb-cec 114
243
2
cec-ced 77
ejj-ced 29
244
1
ced-cee 116
245
2
ejj-cef 39
cee-cef 48
246
1
cef-ceg 110
247
2
ceg-ceh 94
ejj-ceh 14
248
1
ceh-cei 118
249
2
cei-cej 135
ejj-cej 1
250
1
cej-cfa 101
251
2
cfa-cfb 45
ejj-cfb 22
252
1
cfb-cfc 135
253
2
cfc-cfd 54
ejj-cfd 81
254
1
cfd-cfe 108
255
2
ejj-cff 58
cfe-cff 58
256
1
cff-cfg 135
257
2
cfg-cfh 86
ejj-cfh 25
258
1
cfh-cfi 120
259
2
ejj-cfj 45
cfi-cfj 68
260
1
cfj-cga 122
261
2
ejj-cgb 14
cga-cgb 94
262
1
cgb-cgc 120
263
2
ejj-cgd 68
cgc-cgd 34
264
1
cgd-cge 135
265
2
ejj-cgf 21
cge-cgf 93
266
1
cgf-cgg 123
267
2
cgg-cgh 61
ejj-cgh 12
268
1
cgh-cgi 112
269
2
cgi-cgj 108
ejj-cgj 1
270
1
cgj-cha 77
271
2
cha-chb 58
ejj-chb 77
272
1
chb-chc 135
273
2
ejj-chd 54
chc-chd 54
274
1
chd-che 135
275
2
che-chf 75
ejj-chf 45
276
1
chf-chg 103
277
2
chg-chh 110
ejj-chh 12
278
1
chh-chi 94
279
2
ejj-chj 58
chi-chj 77
280
1
chj-cia 116
281
2
cia-cib 107
ejj-cib 21
282
1
cib-cic 135
283
2
cic-cid 90
ejj-cid 6
284
1
cid-cie 99
285
2
ejj-cif 25
cie-cif 98
286
1
cif-cig 90
287
2
cig-cih 62
ejj-cih 31
288
1
cih-cii 120
289
2
cii-cij 118
ejj-cij 1
290
1
cij-cja 118
291
2
ejj-cjb 39
cja-cjb 96
292
1
cjb-cjc 120
293
2
cjc-cjd 86
ejj-cjd 37
294
1
cjd-cje 98
295
2
cje-cjf 34
ejj-cjf 51
296
1
cjf-cjg 135
297
2
cjg-cjh 75
ejj-cjh 45
298
1
cjh-cji 118
299
2
cji-cjj 61
ejj-cjj 49
300
1
cjj-daa 108
301
2
daa-dab 68
ejj-dab 1
302
1
dab-dac 108
303
2
dac-dad 84
ejj-dad 51
304
1
dad-dae 108
305
2
dae-daf 98
ejj-daf 25
306
1
daf-dag 123
307
2
dag-dah 59
ejj-dah 59
308
1
dah-dai 108
309
2
dai-daj 84
ejj-daj 34
310
1
daj-dba 127
311
2
ejj-dbb 45
dba-dbb 45
312
1
dbb-dbc 114
313
2
dbc-dbd 96
ejj-dbd 29
314
1
dbd-dbe 83
315
2
ejj-dbf 27
dbe-dbf 108
316
1
dbf-dbg 98
317
2
dbg-dbh 94
ejj-dbh 27
318
1
dbh-dbi 98
319
2
dbi-dbj 93
ejj-dbj 21
320
1
dbj-dca 125
321
2
ejj-dcb 37
dca-dcb 61
322
1
dcb-dcc 135
323
2
dcc-dcd 106
ejj-dcd 10
324
1
dcd-dce 79
325
2
ejj-dcf 19
dce-dcf 96
326
1
dcf-dcg 135
327
2
ejj-dch 40
dcg-dch 54
328
1
dch-dci 135
329
2
dci-dcj 68
ejj-dcj 40
330
1
dcj-dda 108
331
2
dda-ddb 83
ejj-ddb 42
332
1
ddb-ddc 125
333
2
ddc-ddd 101
ejj-ddd 11
334
1
ddd-dde 122
335
2
ejj-ddf 42
dde-ddf 68
336
1
ddf-ddg 87
337
2
ddg-ddh 120
ejj-ddh 1
338
1
ddh-ddi 105
339
2
ddi-ddj 75
ejj-ddj 45
340
1
ddj-dea 60
341
2
ejj-deb 77
dea-deb 58
342
1
deb-dec 118
343
2
dec-ded 51
ejj-ded 59
344
1
ded-dee 106
345
2
dee-def 93
ejj-def 31
346
1
def-deg 116
347
2
deg-deh 62
ejj-deh 10
348
1
deh-dei 135
349
2
ejj-dej 17
dei-dej 68
350
1
dej-dfa 90
351
2
dfa-dfb 135
ejj-dfb 1
352
1
dfb-dfc 112
353
2
dfc-dfd 101
ejj-dfd 1
354
1
dfd-dfe 45
355
2
dfe-dff 81
ejj-dff 27
356
1
dff-dfg 135
357
2
dfg-dfh 75
ejj-dfh 60
358
1
dfh-dfi 122
359
2
dfi-dfj 68
ejj-dfj 59
360
1
dfj-dga 117
361
2
ejj-dgb 36
dga-dgb 81
362
1
dgb-dgc 104
363
2
dgc-dgd 78
ejj-dgd 36
364
1
dgd-dge 118
365
2
dge-dgf 76
ejj-dgf 34
366
1
dgf-dgg 116
367
2
dgg-dgh 105
ejj-dgh 22
368
1
dgh-dgi 103
369
2
ejj-dgj 36
dgi-dgj 78
370
1
dgj-dha 103
371
2
dha-dhb 77
ejj-dhb 19
372
1
dhb-dhc 124
373
2
dhc-dhd 81
ejj-dhd 45
374
1
dhd-dhe 116
375
2
dhe-dhf 76
ejj-dhf 42
376
1
dhf-dhg 126
377
2
ejj-dhh 32
dhg-dhh 79
378
1
dhh-dhi 106
379
2
dhi-dhj 93
ejj-dhj 10
380
1
dhj-dia 122
381
2
dia-dib 81
ejj-dib 14
382
1
dib-dic 120
383
2
ejj-did 52
dic-did 52
384
1
did-die 124
385
2
die-dif 94
ejj-dif 14
386
1
dif-dig 105
387
2
dig-dih 79
ejj-dih 45
388
1
dih-dii 125
389
2
dii-dij 95
ejj-dij 24
390
1
dij-dja 105
391
2
ejj-djb 40
dja-djb 68
392
1
djb-djc 103
393
2
djc-djd 99
ejj-djd 18
394
1
djd-dje 116
395
2
dje-djf 125
ejj-djf 1
396
1
djf-djg 83
397
2
djg-djh 54
ejj-djh 54
398
1
djh-dji 101
399
2
ejj-djj 30
dji-djj 90
400
1
djj-eaa 135
401
2
eaa-eab 86
ejj-eab 12
402
1
eab-eac 108
403
2
ejj-ead 34
eac-ead 90
404
1
ead-eae 90
405
2
ejj-eaf 54
eae-eaf 54
406
1
eaf-eag 135
407
2
eag-eah 87
ejj-eah 19
408
1
eah-eai 98
409
2
ejj-eaj 68
eai-eaj 68
410
1
eaj-eba 117
411
2
eba-ebb 84
ejj-ebb 17
412
1
ebb-ebc 119
413
2
ebc-ebd 101
ejj-ebd 27
414
1
ebd-ebe 108
415
2
ebe-ebf 99
ejj-ebf 27
416
1
ebf-ebg 111
417
2
ebg-ebh 79
ejj-ebh 48
418
1
ebh-ebi 103
419
2
ebi-ebj 84
ejj-ebj 25
420
1
ebj-eca 108
421
2
eca-ecb 74
ejj-ecb 25
422
1
ecb-ecc 105
423
2
ecc-ecd 94
ejj-ecd 40
424
1
ecd-ece 90
425
2
ejj-ecf 34
ece-ecf 84
426
1
ecf-ecg 120
427
2
ecg-ech 94
ejj-ech 27
428
1
ech-eci 90
429
2
ejj-ecj 30
eci-ecj 75
430
1
ecj-eda 135
431
2
ejj-edb 62
eda-edb 42
432
1
edb-edc 122
433
2
edc-edd 90
ejj-edd 36
434
1
edd-ede 108
435
2
ejj-edf 21
ede-edf 93
436
1
edf-edg 110
437
2
edg-edh 52
ejj-edh 31
438
1
edh-edi 135
439
2
ejj-edj 37
edi-edj 74
440
1
edj-eea 94
441
2
ejj-eeb 56
eea-eeb 56
442
1
eeb-eec 122
443
2
ejj-eed 22
eec-eed 68
444
1
eed-eee 105
445
2
eee-eef 94
ejj-eef 40
446
1
eef-eeg 122
447
2
eeg-eeh 49
ejj-eeh 37
448
1
eeh-eei 75
449
2
eei-eej 101
ejj-eej 1
450
1
eej-efa 90
451
2
efa-efb 101
ejj-efb 34
452
1
efb-efc 112
453
2
efc-efd 49
ejj-efd 61
454
1
efd-efe 110
455
2
ejj-eff 56
efe-eff 68
456
1
eff-efg 110
457
2
efg-efh 87
ejj-efh 39
458
1
efh-efi 114
459
2
efi-efj 68
ejj-efj 29
460
1
efj-ega 123
461
2
ejj-egb 21
ega-egb 73
462
1
egb-egc 94
463
2
egc-egd 96
ejj-egd 19
464
1
egd-ege 112
465
2
ejj-egf 45
ege-egf 45
466
1
egf-egg 108
467
2
ejj-egh 94
egg-egh 27
468
1
egh-egi 94
469
2
egi-egj 75
ejj-egj 15
470
1
egj-eha 112
471
2
eha-ehb 74
ejj-ehb 61
472
1
ehb-ehc 135
473
2
ehc-ehd 77
ejj-ehd 19
474
1
ehd-ehe 123
475
2
ejj-ehf 31
ehe-ehf 73
476
1
ehf-ehg 90
477
2
ehg-ehh 105
ejj-ehh 30
478
1
ehh-ehi 94
479
2
ejj-ehj 54
ehi-ehj 68
480
1
ehj-eia 98
481
2
eia-eib 90
ejj-eib 30
482
1
eib-eic 118
483
2
eic-eid 81
ejj-eid 27
484
1
eid-eie 101
485
2
eie-eif 90
ejj-eif 22
486
1
eif-eig 108
487
2
eig-eih 108
ejj-eih 1
488
1
eih-eii 118
489
2
ejj-eij 68
eii-eij 54
490
1
eij-eja 123
491
2
ejj-ejb 52
eja-ejb 62
492
1
ejb-ejc 110
493
2
ejj-ejd 54
ejc-ejd 63
494
1
ejd-eje 108
495
2
ejj-ejf 36
eje-ejf 90
496
1
ejf-ejg 108
497
2
ejj-ejh 34
ejg-ejh 90
498
1
ejh-eji 124
499
250
bac-ejj 1
bic-ejj 1
dba-ejj 2
i-ejj 1
he-ejj 1
bgg-ejj 1
ccg-ejj 1
cdg-ejj 2
bc-ejj 1
ca-ejj 1
ge-ejj 1
ha-ejj 1
bcg-ejj 1
bec-ejj 1
bee-ejj 1
bha-ejj 1
cdi-ejj 1
cjc-ejj 1
cjg-ejj 1
dfg-ejj 1
eag-ejj 1
ejc-ejj 1
e-ejj 1
ba-ejj 1
bi-ejj 1
dc-ejj 1
dg-ejj 1
ee-ejj 1
gi-ejj 1
hc-ejj 1
hi-ejj 1
ig-ejj 1
ja-ejj 1
je-ejj 1
ji-ejj 1
bae-ejj 1
bag-ejj 1
bbc-ejj 1
bbg-ejj 1
bda-ejj 1
bde-ejj 1
bgi-ejj 1
bhc-ejj 1
bie-ejj 1
bii-ejj 1
cbg-ejj 1
cea-ejj 1
ceg-ejj 1
cei-ejj 1
cgi-ejj 1
chg-ejj 1
cia-ejj 1
cja-ejj 1
dac-ejj 1
dai-ejj 1
dce-ejj 1
dde-ejj 1
dhe-ejj 1
dhi-ejj 1
dii-ejj 1
dja-ejj 1
eac-ejj 1
eai-ejj 1
ede-ejj 1
edi-ejj 1
eea-ejj 1
eeg-ejj 1
efc-ejj 1
efi-ejj 1
ege-ejj 1
egg-ejj 1
egi-ejj 1
eha-ejj 1
ehe-ejj 1
eia-ejj 1
eii-ejj 1
a-ejj 1
be-ejj 1
cc-ejj 1
ce-ejj 1
ci-ejj 1
ec-ejj 1
eg-ejj 1
fc-ejj 1
fe-ejj 1
fg-ejj 1
fi-ejj 1
gg-ejj 1
ia-ejj 1
jc-ejj 1
bai-ejj 1
bba-ejj 1
bdc-ejj 1
bdg-ejj 1
bei-ejj 1
bfa-ejj 1
bfi-ejj 1
bga-ejj 1
bgc-ejj 1
big-ejj 1
bja-ejj 1
bje-ejj 1
caa-ejj 1
cae-ejj 1
cbc-ejj 1
cci-ejj 1
cde-ejj 1
cee-ejj 1
cfa-ejj 1
cfg-ejj 1
cfi-ejj 1
cge-ejj 1
cgg-ejj 1
chc-ejj 1
che-ejj 1
cic-ejj 1
cie-ejj 1
cii-ejj 1
cje-ejj 1
daa-ejj 1
dag-ejj 1
dbg-ejj 1
dca-ejj 2
dcc-ejj 1
dci-ejj 1
dda-ejj 1
ddc-ejj 1
ddg-ejj 1
ddi-ejj 1
dea-ejj 1
dec-ejj 1
dee-ejj 1
dei-ejj 1
dfi-ejj 1
dge-ejj 1
dha-ejj 1
dhc-ejj 1
dhg-ejj 1
dia-ejj 1
die-ejj 1
dji-ejj 1
ebg-ejj 1
ecc-ejj 1
eda-ejj 1
edc-ejj 1
edg-ejj 1
eei-ejj 1
efa-ejj 1
efe-ejj 1
ehi-ejj 1
eic-ejj 1
eie-ejj 1
eig-ejj 1
eje-ejj 1
ejg-ejj 1
eji-ejj 1
c-ejj 1
g-ejj 1
bg-ejj 1
cg-ejj 1
da-ejj 1
de-ejj 1
di-ejj 1
ea-ejj 1
ei-ejj 1
fa-ejj 1
ga-ejj 1
gc-ejj 1
hg-ejj 1
ic-ejj 1
ie-ejj 1
ii-ejj 1
jg-ejj 1
baa-ejj 1
bbe-ejj 1
bbi-ejj 1
bca-ejj 1
bcc-ejj 1
bce-ejj 1
bci-ejj 1
bdi-ejj 1
bea-ejj 1
beg-ejj 1
bfc-ejj 1
bfe-ejj 1
bfg-ejj 1
bge-ejj 1
bhe-ejj 1
bhg-ejj 1
bhi-ejj 1
bia-ejj 1
bjc-ejj 1
bjg-ejj 1
bji-ejj 1
cac-ejj 1
cag-ejj 1
cai-ejj 1
cba-ejj 1
cbe-ejj 1
cbi-ejj 1
cca-ejj 1
ccc-ejj 1
cce-ejj 1
cda-ejj 1
cdc-ejj 1
cec-ejj 1
cfc-ejj 1
cfe-ejj 1
cga-ejj 1
cgc-ejj 1
cha-ejj 1
chi-ejj 1
cig-ejj 1
cji-ejj 1
dae-ejj 1
dbc-ejj 1
dbe-ejj 1
dbi-ejj 1
dcg-ejj 1
deg-ejj 1
dfa-ejj 1
dfc-ejj 1
dfe-ejj 1
dga-ejj 1
dgc-ejj 1
dgg-ejj 1
dgi-ejj 1
dic-ejj 1
dig-ejj 1
djc-ejj 1
dje-ejj 1
djg-ejj 1
eaa-ejj 1
eae-ejj 1
eba-ejj 1
ebc-ejj 1
ebe-ejj 1
ebi-ejj 1
eca-ejj 1
ece-ejj 1
ecg-ejj 1
eci-ejj 1
eec-ejj 1
eee-ejj 1
efg-ejj 1
ega-ejj 1
egc-ejj 1
ehc-ejj 1
ehg-ejj 1
eja-ejj 1
