500
0
1
eji-a 1523
1
2
a-b 2437
ejj-b 182
2
1
b-c 2284
3
2
c-d 6854
ejj-d 571
4
1
d-e 1142
5
2
ejj-f 1015
e-f 2031
6
1
f-g 1142
7
2
ejj-h 1713
g-h 999
8
1
h-i 1523
9
2
i-j 2094
ejj-j 761
10
1
j-ba 456
11
2
ba-bb 6093
ejj-bb 761
12
1
bb-bc 2284
13
2
bc-bd 1468
ejj-bd 816
14
1
bd-be 4569
15
2
be-bf 3427
ejj-bf 2284
16
1
bf-bg 1142
17
2
ejj-bh 703
bg-bh 7733
18
1
bh-bi 2284
19
2
bi-bj 3046
ejj-bj 1015
20
1
bj-ca 2284
21
2
ca-cb 548
ejj-cb 365
22
1
cb-cc 1142
23
2
ejj-cd 1523
cc-cd 2284
24
1
cd-ce 1523
25
2
ejj-cf 2665
ce-cf 952
26
1
cf-cg 4569
27
2
ejj-ch 2812
cg-ch 6327
28
1
ch-ci 2284
29
2
ejj-cj 1757
ci-cj 562
30
1
cj-da 456
31
2
da-db 1971
ejj-db 1612
32
1
db-dc 1142
33
2
ejj-dd 1612
dc-dd 1881
34
1
dd-de 1142
35
2
ejj-df 1054
de-df 2343
36
1
df-dg 1142
37
2
ejj-dh 1713
dg-dh 5712
38
1
dh-di 1142
39
2
di-dj 1874
ejj-dj 1757
40
1
dj-ea 4569
41
2
ea-eb 1933
ejj-eb 703
42
1
eb-ec 2284
43
2
ec-ed 2792
ejj-ed 190
44
1
ed-ee 456
45
2
ee-ef 664
ejj-ef 830
46
1
ef-eg 456
47
2
ejj-eh 7108
eg-eh 2031
48
1
eh-ei 456
49
2
ei-ej 2956
ejj-ej 1612
50
1
ej-fa 2284
51
2
fa-fb 752
ejj-fb 806
52
1
fb-fc 456
53
2
fc-fd 913
ejj-fd 1
54
1
fd-fe 2284
55
2
fe-ff 522
ejj-ff 1958
56
1
ff-fg 456
57
2
ejj-fh 2538
fg-fh 4062
58
1
fh-fi 1142
59
2
fi-fj 2176
ejj-fj 652
60
1
fj-ga 1142
61
2
ejj-gb 1523
ga-gb 456
62
1
gb-gc 1142
63
2
gc-gd 1581
ejj-gd 1406
64
1
gd-ge 4569
65
2
ge-gf 4188
ejj-gf 190
66
1
gf-gg 1523
67
2
gg-gh 2343
ejj-gh 210
68
1
gh-gi 1523
69
2
gi-gj 2393
ejj-gj 195
70
1
gj-ha 456
71
2
ha-hb 3494
ejj-hb 1075
72
1
hb-hc 4569
73
2
ejj-hd 856
hc-hd 3712
74
1
hd-he 1142
75
2
he-hf 2343
ejj-hf 703
76
1
hf-hg 4569
77
2
hg-hh 5331
ejj-hh 1904
78
1
hh-hi 1523
79
2
hi-hj 6528
ejj-hj 652
80
1
hj-ia 1523
81
2
ia-ib 6528
ejj-ib 2611
82
1
ib-ic 456
83
2
ic-id 5816
ejj-id 1661
84
1
id-ie 1523
85
2
ejj-if 1107
ie-if 2908
86
1
if-ig 456
87
2
ejj-ih 1142
ig-ih 3427
88
1
ih-ii 2284
89
2
ejj-ij 1269
ii-ij 4062
90
1
ij-ja 1523
91
2
ejj-jb 652
ja-jb 3264
92
1
jb-jc 1142
93
2
jc-jd 2538
ejj-jd 380
94
1
jd-je 4569
95
2
je-jf 2437
ejj-jf 1827
96
1
jf-jg 1523
97
2
ejj-jh 3655
jg-jh 1827
98
1
jh-ji 456
99
2
ji-jj 3916
ejj-jj 326
100
1
jj-baa 1142
101
2
baa-bab 8225
ejj-bab 228
102
1
bab-bac 1142
103
2
bac-bad 6854
ejj-bad 2284
104
1
bad-bae 4569
105
2
bae-baf 639
ejj-baf 2741
106
1
baf-bag 2284
107
2
ejj-bah 1523
bag-bah 3046
108
1
bah-bai 4569
109
2
bai-baj 3323
ejj-baj 2492
110
1
baj-bba 4569
111
2
bba-bbb 3046
ejj-bbb 3046
112
1
bbb-bbc 456
113
2
bbc-bbd 1777
ejj-bbd 507
114
1
bbd-bbe 1523
115
2
bbe-bbf 2437
ejj-bbf 609
116
1
bbf-bbg 1523
117
2
ejj-bbh 1523
bbg-bbh 1523
118
1
bbh-bbi 2284
119
2
ejj-bbj 3655
bbi-bbj 548
120
1
bbj-bca 1523
121
2
bca-bcb 1523
ejj-bcb 2284
122
1
bcb-bcc 456
123
2
ejj-bcd 6093
bcc-bcd 304
124
1
bcd-bce 456
125
2
ejj-bcf 261
bce-bcf 3264
126
1
bcf-bcg 1142
127
2
ejj-bch 3046
bcg-bch 609
128
1
bch-bci 2284
129
2
bci-bcj 2031
ejj-bcj 5077
130
1
bcj-bda 1142
131
2
bda-bdb 1827
ejj-bdb 1218
132
1
bdb-bdc 1142
133
2
bdc-bdd 2908
ejj-bdd 332
134
1
bdd-bde 1523
135
2
ejj-bdf 527
bde-bdf 2343
136
1
bdf-bdg 1523
137
2
bdg-bdh 652
ejj-bdh 261
138
1
bdh-bdi 456
139
2
bdi-bdj 6646
ejj-bdj 249
140
1
bdj-bea 4569
141
2
ejj-beb 761
bea-beb 1523
142
1
beb-bec 1142
143
2
ejj-bed 761
bec-bed 609
144
1
bed-bee 2284
145
2
bee-bef 1269
ejj-bef 4062
146
1
bef-beg 2284
147
2
beg-beh 1777
ejj-beh 677
148
1
beh-bei 1142
149
2
ejj-bej 1827
bei-bej 2741
150
1
bej-bfa 1523
151
2
bfa-bfb 2284
ejj-bfb 1142
152
1
bfb-bfc 1523
153
2
bfc-bfd 1332
ejj-bfd 3808
154
1
bfd-bfe 456
155
2
ejj-bff 913
bfe-bff 1827
156
1
bff-bfg 1142
157
2
bfg-bfh 609
ejj-bfh 304
158
1
bfh-bfi 4569
159
2
bfi-bfj 2369
ejj-bfj 203
160
1
bfj-bga 4569
161
2
bga-bgb 9139
ejj-bgb 1
162
1
bgb-bgc 4569
163
2
bgc-bgd 3046
ejj-bgd 3046
164
1
bgd-bge 1523
165
2
bge-bgf 1692
ejj-bgf 1015
166
1
bgf-bgg 2284
167
2
bgg-bgh 4985
ejj-bgh 1384
168
1
bgh-bgi 1523
169
2
bgi-bgj 2741
ejj-bgj 91
170
1
bgj-bha 1142
171
2
bha-bhb 761
ejj-bhb 507
172
1
bhb-bhc 2284
173
2
bhc-bhd 2792
ejj-bhd 190
174
1
bhd-bhe 4569
175
2
bhe-bhf 1904
ejj-bhf 856
176
1
bhf-bhg 1523
177
2
ejj-bhh 1523
bhg-bhh 1523
178
1
bhh-bhi 4569
179
2
bhi-bhj 812
ejj-bhj 101
180
1
bhj-bia 1523
181
2
bia-bib 1904
ejj-bib 3427
182
1
bib-bic 456
183
2
ejj-bid 652
bic-bid 2176
184
1
bid-bie 1142
185
2
ejj-bif 2031
bie-bif 2538
186
1
bif-big 1523
187
2
ejj-bih 1142
big-bih 1713
188
1
bih-bii 4569
189
2
ejj-bij 2419
bii-bij 2150
190
1
bij-bja 456
191
2
bja-bjb 742
ejj-bjb 428
192
1
bjb-bjc 4569
193
2
ejj-bjd 2284
bjc-bjd 685
194
1
bjd-bje 456
195
2
bje-bjf 4243
ejj-bjf 652
196
1
bjf-bjg 1142
197
2
bjg-bjh 3808
ejj-bjh 1523
198
1
bjh-bji 456
199
2
bji-bjj 710
ejj-bjj 1015
200
1
bjj-caa 456
201
2
caa-cab 2665
ejj-cab 285
202
1
cab-cac 1142
203
2
cac-cad 571
ejj-cad 856
204
1
cad-cae 1523
205
2
cae-caf 2176
ejj-caf 261
206
1
caf-cag 2284
207
2
cag-cah 2284
ejj-cah 2284
208
1
cah-cai 1142
209
2
cai-caj 1523
ejj-caj 4569
210
1
caj-cba 456
211
2
ejj-cbb 1523
cba-cbb 7616
212
1
cbb-cbc 4569
213
2
cbc-cbd 2176
ejj-cbd 2611
214
1
cbd-cbe 4569
215
2
ejj-cbf 1827
cbe-cbf 548
216
1
cbf-cbg 1142
217
2
cbg-cbh 1015
ejj-cbh 1692
218
1
cbh-cbi 456
219
2
cbi-cbj 6702
ejj-cbj 812
220
1
cbj-cca 4569
221
2
cca-ccb 7311
ejj-ccb 913
222
1
ccb-ccc 1523
223
2
ccc-ccd 6854
ejj-ccd 1142
224
1
ccd-cce 456
225
2
ejj-ccf 1305
cce-ccf 1632
226
1
ccf-ccg 2284
227
2
ccg-cch 7616
ejj-cch 380
228
1
cch-cci 4569
229
2
ejj-ccj 940
cci-ccj 1792
230
1
ccj-cda 456
231
2
ejj-cdb 3046
cda-cdb 2031
232
1
cdb-cdc 4569
233
2
ejj-cdd 761
cdc-cdd 2031
234
1
cdd-cde 2284
235
2
cde-cdf 2577
ejj-cdf 351
236
1
cdf-cdg 1142
237
2
cdg-cdh 7477
ejj-cdh 166
238
1
cdh-cdi 456
239
2
ejj-cdj 1603
cdi-cdj 2164
240
1
cdj-cea 2284
241
2
cea-ceb 2369
ejj-ceb 677
242
1
ceb-cec 1142
243
2
cec-ced 1795
ejj-ced 1958
244
1
ced-cee 2284
245
2
ejj-cef 2611
cee-cef 652
246
1
cef-ceg 1142
247
2
ceg-ceh 2741
ejj-ceh 304
248
1
ceh-cei 2284
249
2
cei-cej 4569
ejj-cej 1
250
1
cej-cfa 2284
251
2
cfa-cfb 2538
ejj-cfb 507
252
1
cfb-cfc 1523
253
2
cfc-cfd 1218
ejj-cfd 1370
254
1
cfd-cfe 1142
255
2
ejj-cff 1305
cfe-cff 2611
256
1
cff-cfg 1523
257
2
cfg-cfh 1661
ejj-cfh 2492
258
1
cfh-cfi 456
259
2
ejj-cfj 3046
cfi-cfj 3046
260
1
cfj-cga 456
261
2
ejj-cgb 456
cga-cgb 8225
262
1
cgb-cgc 2284
263
2
ejj-cgd 1142
cgc-cgd 2284
264
1
cgd-cge 1523
265
2
ejj-cgf 703
cge-cgf 2577
266
1
cgf-cgg 2284
267
2
cgg-cgh 4154
ejj-cgh 207
268
1
cgh-cgi 1142
269
2
cgi-cgj 2284
ejj-cgj 1
270
1
cgj-cha 456
271
2
cha-chb 1305
ejj-chb 1305
272
1
chb-chc 4569
273
2
ejj-chd 913
chc-chd 5483
274
1
chd-che 4569
275
2
che-chf 558
ejj-chf 1777
276
1
chf-chg 2284
277
2
chg-chh 830
ejj-chh 276
278
1
chh-chi 1523
279
2
ejj-chj 3916
chi-chj 1305
280
1
chj-cia 2284
281
2
cia-cib 2565
ejj-cib 360
282
1
cib-cic 4569
283
2
cic-cid 2756
ejj-cid 217
284
1
cid-cie 1523
285
2
ejj-cif 830
cie-cif 1869
286
1
cif-cig 1523
287
2
cig-cih 7030
ejj-cih 210
288
1
cih-cii 1523
289
2
cii-cij 3046
ejj-cij 1
290
1
cij-cja 456
291
2
ejj-cjb 1305
cja-cjb 652
292
1
cjb-cjc 1142
293
2
cjc-cjd 3323
ejj-cjd 623
294
1
cjd-cje 1523
295
2
cje-cjf 5712
ejj-cjf 342
296
1
cjf-cjg 4569
297
2
cjg-cjh 1523
ejj-cjh 304
298
1
cjh-cji 456
299
2
cji-cjj 498
ejj-cjj 415
300
1
cjj-daa 4569
301
2
daa-dab 799
ejj-dab 571
302
1
dab-dac 1523
303
2
dac-dad 1904
ejj-dad 856
304
1
dad-dae 1142
305
2
dae-daf 747
ejj-daf 1661
306
1
daf-dag 1523
307
2
dag-dah 5140
ejj-dah 1999
308
1
dah-dai 2284
309
2
dai-daj 628
ejj-daj 285
310
1
daj-dba 456
311
2
ejj-dbb 2031
dba-dbb 1692
312
1
dbb-dbc 1523
313
2
dbc-dbd 718
ejj-dbd 979
314
1
dbd-dbe 1523
315
2
ejj-dbf 182
dbe-dbf 7311
316
1
dbf-dbg 456
317
2
dbg-dbh 7311
ejj-dbh 182
318
1
dbh-dbi 1142
319
2
dbi-dbj 1933
ejj-dbj 351
320
1
dbj-dca 4569
321
2
ejj-dcb 1107
dca-dcb 5816
322
1
dcb-dcc 1142
323
2
dcc-dcd 2828
ejj-dcd 326
324
1
dcd-dce 4569
325
2
ejj-dcf 435
dce-dcf 3916
326
1
dcf-dcg 4569
327
2
ejj-dch 365
dcg-dch 5483
328
1
dch-dci 456
329
2
dci-dcj 6397
ejj-dcj 685
330
1
dcj-dda 1142
331
2
dda-ddb 3163
ejj-ddb 2812
332
1
ddb-ddc 4569
333
2
ddc-ddd 2792
ejj-ddd 761
334
1
ddd-dde 1142
335
2
ejj-ddf 3998
dde-ddf 514
336
1
ddf-ddg 1142
337
2
ddg-ddh 812
ejj-ddh 1015
338
1
ddh-ddi 4569
339
2
ddi-ddj 2031
ejj-ddj 1523
340
1
ddj-dea 456
341
2
ejj-deb 1305
dea-deb 391
342
1
deb-dec 1523
343
2
dec-ded 514
ejj-ded 399
344
1
ded-dee 1142
345
2
dee-def 703
ejj-def 2109
346
1
def-deg 4569
347
2
deg-deh 2812
ejj-deh 70
348
1
deh-dei 4569
349
2
ejj-dej 761
dei-dej 6854
350
1
dej-dfa 1523
351
2
dfa-dfb 2284
ejj-dfb 1
352
1
dfb-dfc 2284
353
2
dfc-dfd 3427
ejj-dfd 761
354
1
dfd-dfe 456
355
2
dfe-dff 1827
ejj-dff 456
356
1
dff-dfg 4569
357
2
dfg-dfh 1269
ejj-dfh 1015
358
1
dfh-dfi 1142
359
2
dfi-dfj 1285
ejj-dfj 999
360
1
dfj-dga 1523
361
2
ejj-dgb 243
dga-dgb 3351
362
1
dgb-dgc 4569
363
2
dgc-dgd 3367
ejj-dgd 1202
364
1
dgd-dge 456
365
2
dge-dgf 2284
ejj-dgf 761
366
1
dgf-dgg 456
367
2
dgg-dgh 7616
ejj-dgh 380
368
1
dgh-dgi 2284
369
2
ejj-dgj 1443
dgi-dgj 6253
370
1
dgj-dha 456
371
2
dha-dhb 1958
ejj-dhb 652
372
1
dhb-dhc 4569
373
2
dhc-dhd 609
ejj-dhd 304
374
1
dhd-dhe 456
375
2
dhe-dhf 1570
ejj-dhf 2856
376
1
dhf-dhg 4569
377
2
ejj-dhh 1075
dhg-dhh 1747
378
1
dhh-dhi 1523
379
2
dhi-dhj 2109
ejj-dhj 351
380
1
dhj-dia 1142
381
2
dia-dib 2056
ejj-dib 304
382
1
dib-dic 1523
383
2
ejj-did 1757
dic-did 562
384
1
did-die 1142
385
2
die-dif 822
ejj-dif 913
386
1
dif-dig 456
387
2
dig-dih 1523
ejj-dih 1523
388
1
dih-dii 456
389
2
dii-dij 2508
ejj-dij 537
390
1
dij-dja 1523
391
2
ejj-djb 799
dja-djb 5940
392
1
djb-djc 1142
393
2
djc-djd 7920
ejj-djd 121
394
1
djd-dje 4569
395
2
dje-djf 3046
ejj-djf 1
396
1
djf-djg 4569
397
2
djg-djh 1370
ejj-djh 1218
398
1
djh-dji 1142
399
2
ejj-djj 677
dji-djj 710
400
1
djj-eaa 1142
401
2
eaa-eab 2492
ejj-eab 166
402
1
eab-eac 2284
403
2
ejj-ead 761
eac-ead 6854
404
1
ead-eae 456
405
2
ejj-eaf 456
eae-eaf 1523
406
1
eaf-eag 1142
407
2
eag-eah 3916
ejj-eah 435
408
1
eah-eai 1142
409
2
ejj-eaj 2284
eai-eaj 1523
410
1
eaj-eba 1142
411
2
eba-ebb 2475
ejj-ebb 571
412
1
ebb-ebc 4569
413
2
ebc-ebd 685
ejj-ebd 228
414
1
ebd-ebe 456
415
2
ebe-ebf 3655
ejj-ebf 1827
416
1
ebf-ebg 1523
417
2
ebg-ebh 591
ejj-ebh 1075
418
1
ebh-ebi 4569
419
2
ebi-ebj 3712
ejj-ebj 428
420
1
ebj-eca 456
421
2
eca-ecb 7477
ejj-ecb 553
422
1
ecb-ecc 456
423
2
ecc-ecd 2132
ejj-ecd 685
424
1
ecd-ece 2284
425
2
ejj-ecf 228
ece-ecf 6854
426
1
ecf-ecg 456
427
2
ecg-ech 731
ejj-ech 182
428
1
ech-eci 456
429
2
ejj-ecj 761
eci-ecj 2031
430
1
ecj-eda 456
431
2
ejj-edb 1054
eda-edb 492
432
1
edb-edc 2284
433
2
edc-edd 2031
ejj-edd 3046
434
1
edd-ede 1523
435
2
ejj-edf 351
ede-edf 3866
436
1
edf-edg 2284
437
2
edg-edh 3515
ejj-edh 1054
438
1
edh-edi 456
439
2
ejj-edj 1246
edi-edj 6646
440
1
edj-eea 4569
441
2
ejj-eeb 1269
eea-eeb 2665
442
1
eeb-eec 1142
443
2
ejj-eed 1015
eec-eed 2031
444
1
eed-eee 1523
445
2
eee-eef 6397
ejj-eef 685
446
1
eef-eeg 4569
447
2
eeg-eeh 6646
ejj-eeh 249
448
1
eeh-eei 1523
449
2
eei-eej 2284
ejj-eej 1
450
1
eej-efa 2284
451
2
efa-efb 2284
ejj-efb 761
452
1
efb-efc 4569
453
2
efc-efd 415
ejj-efd 4985
454
1
efd-efe 2284
455
2
ejj-eff 952
efe-eff 533
456
1
eff-efg 1142
457
2
efg-efh 652
ejj-efh 652
458
1
efh-efi 2284
459
2
efi-efj 1795
ejj-efj 652
460
1
efj-ega 2284
461
2
ejj-egb 703
ega-egb 703
462
1
egb-egc 1142
463
2
egc-egd 7833
ejj-egd 130
464
1
egd-ege 1142
465
2
ejj-egf 1015
ege-egf 1523
466
1
egf-egg 2284
467
2
ejj-egh 639
egg-egh 685
468
1
egh-egi 4569
469
2
egi-egj 1777
ejj-egj 1015
470
1
egj-eha 2284
471
2
eha-ehb 498
ejj-ehb 1038
472
1
ehb-ehc 4569
473
2
ehc-ehd 2393
ejj-ehd 652
474
1
ehd-ehe 1142
475
2
ejj-ehf 527
ehe-ehf 2343
476
1
ehf-ehg 1142
477
2
ehg-ehh 2369
ejj-ehh 1015
478
1
ehh-ehi 1523
479
2
ejj-ehj 3655
ehi-ehj 1827
480
1
ehj-eia 1523
481
2
eia-eib 2369
ejj-eib 507
482
1
eib-eic 2284
483
2
eic-eid 731
ejj-eid 1827
484
1
eid-eie 1142
485
2
eie-eif 7616
ejj-eif 507
486
1
eif-eig 456
487
2
eig-eih 9139
ejj-eih 1
488
1
eih-eii 1142
489
2
ejj-eij 1827
eii-eij 913
490
1
eij-eja 4569
491
2
ejj-ejb 1054
eja-ejb 4921
492
1
ejb-ejc 1142
493
2
ejj-ejd 913
ejc-ejd 1827
494
1
ejd-eje 456
495
2
ejj-ejf 1218
eje-ejf 670
496
1
ejf-ejg 1142
497
2
ejj-ejh 1142
ejg-ejh 6854
498
1
ejh-eji 2284
499
250
bac-ejj 3673
bic-ejj 9183
dba-ejj 6122
i-ejj 918
he-ejj 3673
bgg-ejj 3061
ccg-ejj 2448
cdg-ejj 1285
bc-ejj 3061
ca-ejj 9183
ge-ejj 3061
ha-ejj 9183
bcg-ejj 551
bec-ejj 3673
bee-ejj 2448
bha-ejj 2295
cdi-ejj 7346
cjc-ejj 1836
cjg-ejj 5510
dfg-ejj 1836
eag-ejj 551
ejc-ejj 2755
e-ejj 1377
ba-ejj 1377
bi-ejj 918
dc-ejj 3673
dg-ejj 1836
ee-ejj 3061
gi-ejj 5510
hc-ejj 3673
hi-ejj 1377
ig-ejj 1836
ja-ejj 2755
je-ejj 1836
ji-ejj 3061
bae-ejj 734
bag-ejj 2755
bbc-ejj 7346
bbg-ejj 734
bda-ejj 918
bde-ejj 2448
bgi-ejj 2755
bhc-ejj 7346
bie-ejj 551
bii-ejj 7346
cbg-ejj 367
cea-ejj 1377
ceg-ejj 3673
cei-ejj 1836
cgi-ejj 5510
chg-ejj 9183
cia-ejj 1836
cja-ejj 3673
dac-ejj 1377
dai-ejj 3061
dce-ejj 551
dde-ejj 2755
dhe-ejj 2295
dhi-ejj 1836
dii-ejj 5510
dja-ejj 1836
eac-ejj 1224
eai-ejj 3673
ede-ejj 2755
edi-ejj 3673
eea-ejj 1836
eeg-ejj 5510
efc-ejj 1377
efi-ejj 551
ege-ejj 5510
egg-ejj 5510
egi-ejj 1836
eha-ejj 367
ehe-ejj 2755
eia-ejj 1836
eii-ejj 918
a-ejj 1224
be-ejj 1836
cc-ejj 551
ce-ejj 1836
ci-ejj 551
ec-ejj 3673
eg-ejj 3673
fc-ejj 551
fe-ejj 2448
fg-ejj 459
fi-ejj 459
gg-ejj 367
ia-ejj 1836
jc-ejj 918
bai-ejj 367
bba-ejj 1836
bdc-ejj 3673
bdg-ejj 1836
bei-ejj 1836
bfa-ejj 2755
bfi-ejj 1836
bga-ejj 1224
bgc-ejj 612
big-ejj 3673
bja-ejj 3673
bje-ejj 2448
caa-ejj 1836
cae-ejj 3673
cbc-ejj 918
cci-ejj 551
cde-ejj 918
cee-ejj 1836
cfa-ejj 2448
cfg-ejj 1836
cfi-ejj 612
cge-ejj 5510
cgg-ejj 183
chc-ejj 3673
che-ejj 1224
cic-ejj 551
cie-ejj 3673
cii-ejj 1836
cje-ejj 9183
daa-ejj 367
dag-ejj 2448
dbg-ejj 918
dca-ejj 6428
dcc-ejj 612
dci-ejj 183
dda-ejj 3673
ddc-ejj 2755
ddg-ejj 1224
ddi-ejj 5510
dea-ejj 1377
dec-ejj 183
dee-ejj 1836
dei-ejj 1836
dfi-ejj 2755
dge-ejj 5510
dha-ejj 3673
dhc-ejj 2295
dhg-ejj 2755
dia-ejj 3673
die-ejj 734
dji-ejj 918
ebg-ejj 5510
ecc-ejj 367
eda-ejj 183
edc-ejj 1836
edg-ejj 1836
eei-ejj 1377
efa-ejj 459
efe-ejj 1377
ehi-ejj 1224
eic-ejj 459
eie-ejj 1836
eig-ejj 612
eje-ejj 367
ejg-ejj 3673
eji-ejj 3673
c-ejj 1
g-ejj 3673
bg-ejj 1
cg-ejj 612
da-ejj 1
de-ejj 459
di-ejj 1836
ea-ejj 1
ei-ejj 1
fa-ejj 367
ga-ejj 367
gc-ejj 918
hg-ejj 2755
ic-ejj 367
ie-ejj 918
ii-ejj 1
jg-ejj 1836
baa-ejj 918
bbe-ejj 367
bbi-ejj 1
bca-ejj 1
bcc-ejj 459
bce-ejj 1
bci-ejj 459
bdi-ejj 918
bea-ejj 9183
beg-ejj 1836
bfc-ejj 3673
bfe-ejj 3673
bfg-ejj 1836
bge-ejj 551
bhe-ejj 3061
bhg-ejj 1836
bhi-ejj 1836
bia-ejj 551
bjc-ejj 3673
bjg-ejj 1224
bji-ejj 1
cac-ejj 1836
cag-ejj 1
cai-ejj 1
cba-ejj 1
cbe-ejj 1224
cbi-ejj 1
cca-ejj 1836
ccc-ejj 5510
cce-ejj 1224
cda-ejj 918
cdc-ejj 612
cec-ejj 183
cfc-ejj 612
cfe-ejj 1
cga-ejj 1
cgc-ejj 459
cha-ejj 1836
chi-ejj 918
cig-ejj 183
cji-ejj 367
dae-ejj 612
dbc-ejj 1
dbe-ejj 1
dbi-ejj 1
dcg-ejj 1377
deg-ejj 612
dfa-ejj 1
dfc-ejj 3673
dfe-ejj 1
dga-ejj 367
dgc-ejj 1
dgg-ejj 1
dgi-ejj 1224
dic-ejj 183
dig-ejj 612
djc-ejj 367
dje-ejj 3673
djg-ejj 5510
eaa-ejj 1836
eae-ejj 551
eba-ejj 3673
ebc-ejj 3673
ebe-ejj 2295
ebi-ejj 918
eca-ejj 5510
ece-ejj 367
ecg-ejj 918
eci-ejj 183
eec-ejj 918
eee-ejj 183
efg-ejj 1
ega-ejj 1
egc-ejj 612
ehc-ejj 918
ehg-ejj 3673
eja-ejj 1377
