100
SlidesNextv2
SlidesNextv2
JenZ PhilippH
CollectionsNextv1
CollectionsNextv1
TatiyanaC SergeyN MatasW SergeyN
GlassOSSv3
GlassOSSv3
MatasW JenZ
StreamXv9
StreamXv9
LarryO
CastOSProv6
CastOSProv6
BakhodirD
ShoppingProv8
ShoppingProv8
FionaN PhilippI
AndroidTVNextv1
AndroidTVNextv1
MatasC NellyX SergeyV LarryO PhilippP ThomasM SergeyU SergeyV
ExploreUltrav8
ExploreUltrav8
BakhodirD ClementM SergeyV HiroshiF FionaJ SusanQ ClementE
ChromeNextv7
ChromeNextv7
SergeyV BakhodirD PhilippY
ClassroomMaxv2
ClassroomMaxv2
TatiyanaC SusanQ
StreamXv6
StreamXv6
BakhodirW JenK SergeyN ClementM FionaJ
DocsNextv2
DocsNextv2
SundarP JenK ClementL
BuildMaxv1
BuildMaxv1
MichalB RuthX NellyY BakhodirG SergeyV
GameProv3
GameProv3
PhilippY
ShortsNextv7
ShortsNextv7
FionaF PhilippY HiroshiF
GmailSv4
GmailSv4
BakhodirG NellyY
WearOSLitev5
WearOSLitev5
NellyY BakhodirD TatiyanaC JenK PhilippI
LoggingLitev6
LoggingLitev6
ClementM ClementL SundarP LarryO SergeyN BakhodirW ClementE HiroshiF SundarP SusanQ
DaydreamLitev7
DaydreamLitev7
BakhodirW
BloggerNextv8
BloggerNextv8
PhilippP ClementE MatasW SergeyV
MapsProv8
MapsProv8
HiroshiW SergeyT BakhodirD
ChatProv6
ChatProv6
SergeyN JenZ SergeyN BakhodirG SundarA BakhodirG HiroshiF ClementL SundarP
FeedBurnerNextv3
FeedBurnerNextv3
FionaJ TatiyanaC MichalB JenK SergeyN BakhodirD MichalB
ConnectLitev9
ConnectLitev9
SundarA
AndroidTVXv9
AndroidTVXv9
TatiyanaC MatasW SergeyV MatasW
CollectionsZv7
CollectionsZv7
HiroshiW SergeyV BakhodirD PhilippI SundarA SergeyN FionaJ
GameProv6
GameProv6
LarryO SusanQ StefanQ
ChromeOSLitev3
ChromeOSLitev3
PhilippP HiroshiW PhilippY
SitesUltrav5
SitesUltrav5
SergeyU PhilippI MatasW TatiyanaC LarryX SergeyT PhilippY SundarP
MarsXv1
MarsXv1
HiroshiF FionaJ MichalB MatasH
StreetViewProv9
StreetViewProv9
SundarA JenK ClementE MatasW JenK PhilippK NellyY LarryO
FeedBurnerMaxv3
FeedBurnerMaxv3
TatiyanaC LarryO
AndroidTVMaxv5
AndroidTVMaxv5
HiroshiF SundarP PhilippK
DuoZv2
DuoZv2
PhilippY SundarP FionaF
CalendarProv3
CalendarProv3
NellyY SundarA HiroshiF SergeyU ClementE BakhodirD SergeyN ClementL PhilippI PhilippI
StadiaZv1
StadiaZv1
TatiyanaC ClementM BenjaminT PhilippP
ResearchUltrav8
ResearchUltrav8
HiroshiF BakhodirW SergeyV ClementM NellyY HiroshiF ClementE
CalendarNextv8
CalendarNextv8
BakhodirG MichalB
ResearchXv8
ResearchXv8
SundarP ClementM BakhodirW JenK ClementE
ReleaseUltrav1
ReleaseUltrav1
FionaJ BakhodirD
MapsSv7
MapsSv7
SundarA PhilippK FionaF LarryO ClementM ThomasK MatasW LarryX ClementE LarryX
ChromecastXv8
ChromecastXv8
BenjaminT HiroshiF
DreamSv2
DreamSv2
SusanQ PhilippP SergeyN LarryO PhilippI MatasW
SlidesUltrav7
SlidesUltrav7
LarryX FionaF JenK MatasH LarryX RuthX JenK
SitesSv1
SitesSv1
SergeyU ClementL
SmartSv2
SmartSv2
FionaF BakhodirW PhilippK BenjaminT FionaN
VideoUltrav1
VideoUltrav1
SundarA PhilippP ClementM FionaJ BakhodirW SundarA MichalB BakhodirG
AndroidAutoZv2
AndroidAutoZv2
PhilippH JenK PhilippI LarryX SergeyU
StreetViewXv1
StreetViewXv1
TatiyanaC JenK FionaF
AlertsLitev7
AlertsLitev7
SergeyN HiroshiF SergeyT BenjaminT
SnapshotZv3
SnapshotZv3
NellyX PhilippI PhilippP SundarP PhilippY PhilippY
ChromeOSUltrav5
ChromeOSUltrav5
JenK PhilippH SergeyU HiroshiW PhilippK ClementL
SmartLitev9
SmartLitev9
JenZ ThomasK PhilippP
GameLitev8
GameLitev8
PhilippP PhilippK MatasW SergeyN
DatasetSearchNextv1
DatasetSearchNextv1
SergeyU HiroshiW FionaF HiroshiF BakhodirG HiroshiF ClementE
DriveZv9
DriveZv9
NellyY HiroshiW HiroshiW
PhotoProv3
PhotoProv3
SergeyT HiroshiF LarryX SusanQ MichalP SergeyV SergeyU
VoiceProv8
VoiceProv8
MatasW ClementE JenK ClementM TatiyanaC
SkyLitev6
SkyLitev6
TatiyanaC ThomasM PhilippI
AssistantUltrav2
AssistantUltrav2
JenK SergeyU StefanQ MichalP BakhodirW PhilippP
DuoZv4
DuoZv4
ThomasK SundarP LarryX FionaJ PhilippK RuthX ThomasM
GmailLitev9
GmailLitev9
PhilippP BakhodirG ThomasK StefanQ BakhodirG MatasW LarryX HiroshiF BakhodirG SergeyN
ChatSv4
ChatSv4
TatiyanaC BakhodirG PhilippP JenZ
MarsLitev5
MarsLitev5
LarryX TatiyanaC
SantaTrackerXv4
SantaTrackerXv4
HiroshiW ThomasM ClementE BakhodirG ClementL FionaJ SergeyU PhilippH SusanQ MichalP
ChatXv5
ChatXv5
SundarP PhilippK MichalB LarryO HiroshiF SundarP BenjaminT SergeyU StefanQ BakhodirW
MarsUltrav8
MarsUltrav8
PhilippI SergeyU SusanQ PhilippP StefanQ BenjaminT RuthX BakhodirG MatasW
CastOSXv6
CastOSXv6
LarryO SundarP LarryO BakhodirG StefanQ ClementL SundarA
CultureProv7
CultureProv7
MatasW TatiyanaC PhilippY SergeyU FionaJ ThomasM BakhodirW ClementE
PhoneLitev3
PhoneLitev3
JenK PhilippH
CastOSLitev5
CastOSLitev5
LarryX ClementM ClementM BakhodirG
ChartsProv9
ChartsProv9
RuthX SundarA SergeyV ClementM PhilippI PhilippY SusanQ PhilippI PhilippY SergeyU
StreetViewUltrav4
StreetViewUltrav4
HiroshiW SergeyU JenZ
BuildLitev6
BuildLitev6
BakhodirG TatiyanaC JenK PhilippI MichalB NellyY SergeyU FionaN PhilippK PhilippH
DuoMaxv1
DuoMaxv1
FionaJ NellyY PhilippI PhilippP ClementL
GlassOSLitev9
GlassOSLitev9
FionaJ BakhodirG SundarA PhilippK HiroshiF PhilippH
StreetViewNextv3
StreetViewNextv3
SusanQ PhilippH JenZ
FuchsiaLitev6
FuchsiaLitev6
PhilippY BenjaminT ThomasK FionaJ BakhodirW PhilippI SergeyV
FuchsiaXv6
FuchsiaXv6
SergeyV SundarA
ExploreMaxv4
ExploreMaxv4
BenjaminT TatiyanaC PhilippK BenjaminT PhilippY PhilippY SergeyN SundarP ClementM
WebserverProv6
WebserverProv6
PhilippP
FeedBurnerMaxv1
FeedBurnerMaxv1
MichalB ThomasK ClementL HiroshiF
AlertsUltrav2
AlertsUltrav2
FionaN JenZ HiroshiW HiroshiW FionaJ SergeyU ClementM JenK BakhodirG
StadiaNextv9
StadiaNextv9
PhilippH SusanQ SergeyN MatasH ClementL StefanQ MichalP FionaJ BenjaminT ThomasK
WearOSProv2
WearOSProv2
FionaN NellyY SergeyV PhilippY FionaJ ThomasM MatasW PhilippH StefanQ
MoonMaxv4
MoonMaxv4
MichalP HiroshiW FionaF SundarA BakhodirW ThomasM StefanQ ThomasK HiroshiF LarryX
MapsUltrav3
MapsUltrav3
TatiyanaC HiroshiW PhilippP
DrawingsXv6
DrawingsXv6
JenZ MichalB SergeyU ClementE LarryX FionaN LarryX RuthX PhilippI PhilippI
DuoLitev3
DuoLitev3
FionaJ SergeyN ClementE PhilippP RuthX ThomasK
SearchNextv1
SearchNextv1
SergeyV ThomasM MichalB SundarP ThomasK
StadiaZv2
StadiaZv2
BakhodirG JenZ MichalP FionaF ThomasK MatasH
KeepXv5
KeepXv5
PhilippP HiroshiF MichalP
GlassOSProv9
GlassOSProv9
LarryX LarryX HiroshiF ThomasK ClementL ClementL ThomasK
CastOSNextv8
CastOSNextv8
LarryO LarryX ClementM BakhodirG ThomasM BakhodirW NellyY TatiyanaC
WebserverProv4
WebserverProv4
HiroshiF NellyX PhilippP PhilippI PhilippH ClementE SergeyU MatasW PhilippY
YouTubeZv2
YouTubeZv2
ThomasK PhilippP LarryO PhilippP ThomasM SusanQ PhilippK
SkySv8
SkySv8
JenK HiroshiF JenK SergeyV PhilippP HiroshiF JenZ
PhoneUltrav1
PhoneUltrav1
BakhodirW LarryO ThomasM BakhodirW StefanQ
PhoneXv6
PhoneXv6
MichalB JenK ThomasK PhilippI MatasH RuthX TatiyanaC ThomasM
DataZv2
DataZv2
SusanQ ThomasM ClementM FionaF StefanQ PhilippH SergeyN StefanQ
