69
MarsXv1
HiroshiF FionaJ MichalB MatasH
CastOSProv6
BakhodirD
MarsLitev5
BakhodirD TatiyanaC
ShortsNextv7
FionaF PhilippY HiroshiF
MapsSv7
SundarA PhilippK FionaF LarryO ClementM ThomasK MatasW LarryX ClementE BakhodirD
StreetViewProv9
SundarA MatasC ClementE MatasW JenK PhilippK NellyY LarryO
StreamXv6
BakhodirW JenK SergeyN ClementM FionaJ
BuildMaxv1
MichalB RuthX NellyY BakhodirG SergeyV
FeedBurnerMaxv3
TatiyanaC LarryO
ClassroomMaxv2
TatiyanaC SusanQ
DaydreamLitev7
BakhodirW
ConnectLitev9
SundarA
ExploreUltrav8
BakhodirD ClementM SergeyV HiroshiF FionaJ SusanQ ClementE
AndroidTVNextv1
MatasC NellyX SergeyV LarryO PhilippP ThomasM SergeyU SundarL
GameProv6
LarryO SusanQ StefanQ
ChromeOSUltrav5
JenK PhilippH SergeyU HiroshiW PhilippK ClementL
WebserverProv6
PhilippP
ResearchXv8
SundarP ClementM BakhodirW JenK ClementE
ChromeNextv7
SergeyV BakhodirD PhilippY
AndroidTVMaxv5
HiroshiF SundarP PhilippK
SitesSv1
SergeyU ClementL
ChromeOSLitev3
PhilippP HiroshiW PhilippY
DocsNextv2
SundarP JenK ClementL
MarsUltrav8
PhilippI SergeyU SusanQ PhilippP StefanQ BenjaminT RuthX BakhodirG MatasW
WearOSLitev5
NellyY BakhodirD TatiyanaC JenK PhilippI
GlassOSLitev9
FionaJ BakhodirG SundarA PhilippK HiroshiF PhilippH
StreetViewXv1
TatiyanaC JenK FionaF
ReleaseUltrav1
FionaJ BakhodirD
GameProv3
PhilippY
CollectionsZv7
HiroshiW SergeyV BakhodirD PhilippI SundarA SergeyN FionaJ
SmartSv2
FionaF BakhodirW PhilippK BenjaminT FionaN
SmartLitev9
JenZ ThomasK PhilippP
DuoMaxv1
FionaJ NellyY PhilippI PhilippP ClementL
DreamSv2
SusanQ PhilippP SergeyN LarryO PhilippI MatasW
DuoZv2
PhilippY SundarP FionaF
AndroidAutoZv2
PhilippH JenK PhilippI LarryX SergeyU
MapsProv8
HiroshiW StefanQ LarryX
FuchsiaXv6
SergeyV SundarA
StreamXv9
LarryO
CultureProv7
MatasW TatiyanaC PhilippY SergeyU FionaJ ThomasM BakhodirW ClementE
DuoZv4
ThomasK SundarP LarryX FionaJ PhilippK RuthX ThomasM
BloggerNextv8
PhilippP ClementE MatasW SergeyV
GameLitev8
PhilippP PhilippK MatasW SergeyN
SearchNextv1
SergeyV ThomasM MichalB SundarP ThomasK
SlidesNextv2
JenZ PhilippH
ShoppingProv8
FionaN PhilippI
FeedBurnerMaxv1
MichalB ThomasK ClementL HiroshiF
MapsUltrav3
TatiyanaC HiroshiW PhilippP
SkyLitev6
TatiyanaC ThomasM PhilippI
AssistantUltrav2
MatasC SergeyU StefanQ MichalP BakhodirW PhilippP
StadiaZv1
TatiyanaC ClementM BenjaminT PhilippP
FuchsiaLitev6
PhilippY BenjaminT ThomasK FionaJ BakhodirW PhilippI SergeyV
GlassOSSv3
MatasW JenZ
StreetViewNextv3
SusanQ PhilippH JenZ
KeepXv5
PhilippP HiroshiF MichalP
SitesUltrav5
SergeyU PhilippI MatasW TatiyanaC LarryX StefanQ PhilippY SundarP
PhotoProv3
StefanQ HiroshiF BakhodirD SusanQ MichalP SergeyV SergeyU
VoiceProv8
MatasW ClementE MatasC ClementM TatiyanaC
DataZv2
SusanQ ThomasM ClementM FionaF StefanQ PhilippH SergeyN SergeyT
AlertsLitev7
SergeyN HiroshiF StefanQ BenjaminT
SantaTrackerXv4
HiroshiW ThomasM ClementE BakhodirG ClementL FionaJ SergeyU PhilippH SusanQ MichalP
PhoneUltrav1
BakhodirW LarryO ThomasM SundarH StefanQ
WebserverProv4
HiroshiF NellyX PhilippP PhilippI PhilippH ClementE SergeyU MatasW PhilippY
MoonMaxv4
MichalP HiroshiW FionaF SundarA BakhodirW ThomasM StefanQ ThomasK HiroshiF BakhodirD
ChatSv4
TatiyanaC BakhodirG PhilippP JenZ
StadiaZv2
BakhodirG JenZ MichalP FionaF ThomasK MatasH
CastOSNextv8
LarryO LarryX ClementM BakhodirG ThomasM BakhodirW NellyY TatiyanaC
WearOSProv2
FionaN NellyY SergeyV PhilippY FionaJ ThomasM MatasW PhilippH StefanQ
StreetViewUltrav4
HiroshiW SergeyU JenZ
