500
0
1
eji-a 4
1
2
a-b 2
ejj-b 1
2
1
b-c 6
3
2
c-d 4
ejj-d 2
4
1
d-e 4
5
2
ejj-f 2
e-f 3
6
1
f-g 5
7
2
ejj-h 3
g-h 2
8
1
h-i 5
9
2
i-j 5
ejj-j 1
10
1
j-ba 4
11
2
ba-bb 4
ejj-bb 2
12
1
bb-bc 6
13
2
bc-bd 3
ejj-bd 2
14
1
bd-be 4
15
2
be-bf 4
ejj-bf 2
16
1
bf-bg 5
17
2
ejj-bh 1
bg-bh 4
18
1
bh-bi 4
19
2
bi-bj 2
ejj-bj 2
20
1
bj-ca 5
21
2
ca-cb 3
ejj-cb 2
22
1
cb-cc 4
23
2
ejj-cd 3
cc-cd 2
24
1
cd-ce 4
25
2
ejj-cf 3
ce-cf 2
26
1
cf-cg 5
27
2
ejj-ch 2
cg-ch 3
28
1
ch-ci 5
29
2
ejj-cj 2
ci-cj 3
30
1
cj-da 5
31
2
da-db 4
ejj-db 2
32
1
db-dc 6
33
2
ejj-dd 1
dc-dd 4
34
1
dd-de 5
35
2
ejj-df 1
de-df 4
36
1
df-dg 5
37
2
ejj-dh 2
dg-dh 2
38
1
dh-di 5
39
2
di-dj 3
ejj-dj 2
40
1
dj-ea 4
41
2
ea-eb 5
ejj-eb 1
42
1
eb-ec 5
43
2
ec-ed 5
ejj-ed 1
44
1
ed-ee 5
45
2
ee-ef 3
ejj-ef 1
46
1
ef-eg 4
47
2
ejj-eh 4
eg-eh 1
48
1
eh-ei 6
49
2
ei-ej 4
ejj-ej 2
50
1
ej-fa 5
51
2
fa-fb 4
ejj-fb 1
52
1
fb-fc 5
53
2
fc-fd 5
ejj-fd 1
54
1
fd-fe 3
55
2
fe-ff 3
ejj-ff 3
56
1
ff-fg 4
57
2
ejj-fh 3
fg-fh 3
58
1
fh-fi 5
59
2
fi-fj 3
ejj-fj 2
60
1
fj-ga 4
61
2
ejj-gb 3
ga-gb 2
62
1
gb-gc 5
63
2
gc-gd 3
ejj-gd 2
64
1
gd-ge 6
65
2
ge-gf 6
ejj-gf 1
66
1
gf-gg 4
67
2
gg-gh 3
ejj-gh 1
68
1
gh-gi 6
69
2
gi-gj 4
ejj-gj 1
70
1
gj-ha 6
71
2
ha-hb 4
ejj-hb 1
72
1
hb-hc 6
73
2
ejj-hd 1
hc-hd 3
74
1
hd-he 6
75
2
he-hf 5
ejj-hf 1
76
1
hf-hg 4
77
2
hg-hh 3
ejj-hh 2
78
1
hh-hi 3
79
2
hi-hj 2
ejj-hj 2
80
1
hj-ia 5
81
2
ia-ib 4
ejj-ib 2
82
1
ib-ic 6
83
2
ic-id 3
ejj-id 2
84
1
id-ie 5
85
2
ejj-if 2
ie-if 4
86
1
if-ig 4
87
2
ejj-ih 2
ig-ih 3
88
1
ih-ii 3
89
2
ejj-ij 3
ii-ij 1
90
1
ij-ja 4
91
2
ejj-jb 2
ja-jb 4
92
1
jb-jc 6
93
2
jc-jd 4
ejj-jd 1
94
1
jd-je 5
95
2
je-jf 4
ejj-jf 1
96
1
jf-jg 5
97
2
ejj-jh 2
jg-jh 3
98
1
jh-ji 6
99
2
ji-jj 4
ejj-jj 1
100
1
jj-baa 6
101
2
baa-bab 2
ejj-bab 1
102
1
bab-bac 6
103
2
bac-bad 4
ejj-bad 2
104
1
bad-bae 5
105
2
bae-baf 3
ejj-baf 2
106
1
baf-bag 6
107
2
ejj-bah 2
bag-bah 2
108
1
bah-bai 5
109
2
bai-baj 3
ejj-baj 2
110
1
baj-bba 4
111
2
bba-bbb 3
ejj-bbb 1
112
1
bbb-bbc 6
113
2
bbc-bbd 3
ejj-bbd 1
114
1
bbd-bbe 4
115
2
bbe-bbf 4
ejj-bbf 1
116
1
bbf-bbg 6
117
2
ejj-bbh 3
bbg-bbh 2
118
1
bbh-bbi 6
119
2
ejj-bbj 2
bbi-bbj 4
120
1
bbj-bca 4
121
2
bca-bcb 2
ejj-bcb 3
122
1
bcb-bcc 4
123
2
ejj-bcd 3
bcc-bcd 1
124
1
bcd-bce 4
125
2
ejj-bcf 1
bce-bcf 3
126
1
bcf-bcg 5
127
2
ejj-bch 2
bcg-bch 4
128
1
bch-bci 3
129
2
bci-bcj 2
ejj-bcj 3
130
1
bcj-bda 4
131
2
bda-bdb 3
ejj-bdb 2
132
1
bdb-bdc 5
133
2
bdc-bdd 4
ejj-bdd 2
134
1
bdd-bde 5
135
2
ejj-bdf 1
bde-bdf 5
136
1
bdf-bdg 5
137
2
bdg-bdh 3
ejj-bdh 1
138
1
bdh-bdi 5
139
2
bdi-bdj 4
ejj-bdj 2
140
1
bdj-bea 5
141
2
ejj-beb 2
bea-beb 3
142
1
beb-bec 5
143
2
ejj-bed 2
bec-bed 2
144
1
bed-bee 4
145
2
bee-bef 3
ejj-bef 2
146
1
bef-beg 5
147
2
beg-beh 3
ejj-beh 1
148
1
beh-bei 6
149
2
ejj-bej 2
bei-bej 3
150
1
bej-bfa 5
151
2
bfa-bfb 4
ejj-bfb 1
152
1
bfb-bfc 5
153
2
bfc-bfd 3
ejj-bfd 2
154
1
bfd-bfe 5
155
2
ejj-bff 2
bfe-bff 3
156
1
bff-bfg 5
157
2
bfg-bfh 3
ejj-bfh 2
158
1
bfh-bfi 4
159
2
bfi-bfj 4
ejj-bfj 1
160
1
bfj-bga 4
161
2
bga-bgb 6
ejj-bgb 1
162
1
bgb-bgc 5
163
2
bgc-bgd 3
ejj-bgd 2
164
1
bgd-bge 4
165
2
bge-bgf 2
ejj-bgf 3
166
1
bgf-bgg 4
167
2
bgg-bgh 3
ejj-bgh 3
168
1
bgh-bgi 5
169
2
bgi-bgj 5
ejj-bgj 1
170
1
bgj-bha 4
171
2
bha-bhb 5
ejj-bhb 1
172
1
bhb-bhc 6
173
2
bhc-bhd 6
ejj-bhd 1
174
1
bhd-bhe 4
175
2
bhe-bhf 3
ejj-bhf 2
176
1
bhf-bhg 5
177
2
ejj-bhh 3
bhg-bhh 1
178
1
bhh-bhi 5
179
2
bhi-bhj 4
ejj-bhj 1
180
1
bhj-bia 5
181
2
bia-bib 4
ejj-bib 2
182
1
bib-bic 4
183
2
ejj-bid 2
bic-bid 3
184
1
bid-bie 4
185
2
ejj-bif 3
bie-bif 3
186
1
bif-big 6
187
2
ejj-bih 2
big-bih 4
188
1
bih-bii 4
189
2
ejj-bij 2
bii-bij 2
190
1
bij-bja 5
191
2
bja-bjb 4
ejj-bjb 1
192
1
bjb-bjc 5
193
2
ejj-bjd 2
bjc-bjd 3
194
1
bjd-bje 6
195
2
bje-bjf 5
ejj-bjf 1
196
1
bjf-bjg 4
197
2
bjg-bjh 4
ejj-bjh 1
198
1
bjh-bji 4
199
2
bji-bjj 4
ejj-bjj 1
200
1
bjj-caa 6
201
2
caa-cab 3
ejj-cab 1
202
1
cab-cac 6
203
2
cac-cad 3
ejj-cad 2
204
1
cad-cae 5
205
2
cae-caf 3
ejj-caf 2
206
1
caf-cag 3
207
2
cag-cah 3
ejj-cah 1
208
1
cah-cai 6
209
2
cai-caj 3
ejj-caj 2
210
1
caj-cba 6
211
2
ejj-cbb 1
cba-cbb 2
212
1
cbb-cbc 4
213
2
cbc-cbd 4
ejj-cbd 2
214
1
cbd-cbe 4
215
2
ejj-cbf 2
cbe-cbf 4
216
1
cbf-cbg 4
217
2
cbg-cbh 3
ejj-cbh 3
218
1
cbh-cbi 5
219
2
cbi-cbj 4
ejj-cbj 2
220
1
cbj-cca 4
221
2
cca-ccb 3
ejj-ccb 1
222
1
ccb-ccc 5
223
2
ccc-ccd 4
ejj-ccd 2
224
1
ccd-cce 6
225
2
ejj-ccf 2
cce-ccf 3
226
1
ccf-ccg 4
227
2
ccg-cch 4
ejj-cch 1
228
1
cch-cci 6
229
2
ejj-ccj 2
cci-ccj 3
230
1
ccj-cda 4
231
2
ejj-cdb 1
cda-cdb 2
232
1
cdb-cdc 5
233
2
ejj-cdd 2
cdc-cdd 3
234
1
cdd-cde 6
235
2
cde-cdf 4
ejj-cdf 1
236
1
cdf-cdg 6
237
2
cdg-cdh 4
ejj-cdh 1
238
1
cdh-cdi 4
239
2
ejj-cdj 3
cdi-cdj 2
240
1
cdj-cea 5
241
2
cea-ceb 3
ejj-ceb 1
242
1
ceb-cec 5
243
2
cec-ced 3
ejj-ced 1
244
1
ced-cee 5
245
2
ejj-cef 2
cee-cef 2
246
1
cef-ceg 5
247
2
ceg-ceh 4
ejj-ceh 1
248
1
ceh-cei 5
249
2
cei-cej 6
ejj-cej 1
250
1
cej-cfa 4
251
2
cfa-cfb 2
ejj-cfb 1
252
1
cfb-cfc 6
253
2
cfc-cfd 2
ejj-cfd 4
254
1
cfd-cfe 5
255
2
ejj-cff 3
cfe-cff 3
256
1
cff-cfg 6
257
2
cfg-cfh 4
ejj-cfh 1
258
1
cfh-cfi 5
259
2
ejj-cfj 2
cfi-cfj 3
260
1
cfj-cga 5
261
2
ejj-cgb 1
cga-cgb 4
262
1
cgb-cgc 5
263
2
ejj-cgd 3
cgc-cgd 2
264
1
cgd-cge 6
265
2
ejj-cgf 1
cge-cgf 4
266
1
cgf-cgg 5
267
2
cgg-cgh 3
ejj-cgh 1
268
1
cgh-cgi 5
269
2
cgi-cgj 5
ejj-cgj 1
270
1
cgj-cha 3
271
2
cha-chb 3
ejj-chb 3
272
1
chb-chc 6
273
2
ejj-chd 2
chc-chd 2
274
1
chd-che 6
275
2
che-chf 3
ejj-chf 2
276
1
chf-chg 5
277
2
chg-chh 5
ejj-chh 1
278
1
chh-chi 4
279
2
ejj-chj 3
chi-chj 3
280
1
chj-cia 5
281
2
cia-cib 5
ejj-cib 1
282
1
cib-cic 6
283
2
cic-cid 4
ejj-cid 1
284
1
cid-cie 4
285
2
ejj-cif 1
cie-cif 4
286
1
cif-cig 4
287
2
cig-cih 3
ejj-cih 1
288
1
cih-cii 5
289
2
cii-cij 5
ejj-cij 1
290
1
cij-cja 5
291
2
ejj-cjb 2
cja-cjb 4
292
1
cjb-cjc 5
293
2
cjc-cjd 4
ejj-cjd 2
294
1
cjd-cje 4
295
2
cje-cjf 2
ejj-cjf 2
296
1
cjf-cjg 6
297
2
cjg-cjh 3
ejj-cjh 2
298
1
cjh-cji 5
299
2
cji-cjj 3
ejj-cjj 2
300
1
cjj-daa 5
301
2
daa-dab 3
ejj-dab 1
302
1
dab-dac 5
303
2
dac-dad 4
ejj-dad 2
304
1
dad-dae 5
305
2
dae-daf 4
ejj-daf 1
306
1
daf-dag 5
307
2
dag-dah 3
ejj-dah 3
308
1
dah-dai 5
309
2
dai-daj 4
ejj-daj 2
310
1
daj-dba 6
311
2
ejj-dbb 2
dba-dbb 2
312
1
dbb-dbc 5
313
2
dbc-dbd 4
ejj-dbd 1
314
1
dbd-dbe 4
315
2
ejj-dbf 1
dbe-dbf 5
316
1
dbf-dbg 4
317
2
dbg-dbh 4
ejj-dbh 1
318
1
dbh-dbi 4
319
2
dbi-dbj 4
ejj-dbj 1
320
1
dbj-dca 6
321
2
ejj-dcb 2
dca-dcb 3
322
1
dcb-dcc 6
323
2
dcc-dcd 5
ejj-dcd 1
324
1
dcd-dce 4
325
2
ejj-dcf 1
dce-dcf 4
326
1
dcf-dcg 6
327
2
ejj-dch 2
dcg-dch 2
328
1
dch-dci 6
329
2
dci-dcj 3
ejj-dcj 2
330
1
dcj-dda 5
331
2
dda-ddb 4
ejj-ddb 2
332
1
ddb-ddc 6
333
2
ddc-ddd 4
ejj-ddd 1
334
1
ddd-dde 5
335
2
ejj-ddf 2
dde-ddf 3
336
1
ddf-ddg 4
337
2
ddg-ddh 5
ejj-ddh 1
338
1
ddh-ddi 5
339
2
ddi-ddj 3
ejj-ddj 2
340
1
ddj-dea 3
341
2
ejj-deb 3
dea-deb 3
342
1
deb-dec 5
343
2
dec-ded 2
ejj-ded 3
344
1
ded-dee 5
345
2
dee-def 4
ejj-def 1
346
1
def-deg 5
347
2
deg-deh 3
ejj-deh 1
348
1
deh-dei 6
349
2
ejj-dej 1
dei-dej 3
350
1
dej-dfa 4
351
2
dfa-dfb 6
ejj-dfb 1
352
1
dfb-dfc 5
353
2
dfc-dfd 4
ejj-dfd 1
354
1
dfd-dfe 2
355
2
dfe-dff 4
ejj-dff 1
356
1
dff-dfg 6
357
2
dfg-dfh 3
ejj-dfh 3
358
1
dfh-dfi 5
359
2
dfi-dfj 3
ejj-dfj 3
360
1
dfj-dga 5
361
2
ejj-dgb 2
dga-dgb 4
362
1
dgb-dgc 5
363
2
dgc-dgd 3
ejj-dgd 2
364
1
dgd-dge 5
365
2
dge-dgf 3
ejj-dgf 2
366
1
dgf-dgg 5
367
2
dgg-dgh 5
ejj-dgh 1
368
1
dgh-dgi 5
369
2
ejj-dgj 2
dgi-dgj 3
370
1
dgj-dha 5
371
2
dha-dhb 3
ejj-dhb 1
372
1
dhb-dhc 6
373
2
dhc-dhd 4
ejj-dhd 2
374
1
dhd-dhe 5
375
2
dhe-dhf 3
ejj-dhf 2
376
1
dhf-dhg 6
377
2
ejj-dhh 1
dhg-dhh 4
378
1
dhh-dhi 5
379
2
dhi-dhj 4
ejj-dhj 1
380
1
dhj-dia 5
381
2
dia-dib 4
ejj-dib 1
382
1
dib-dic 5
383
2
ejj-did 2
dic-did 2
384
1
did-die 6
385
2
die-dif 4
ejj-dif 1
386
1
dif-dig 5
387
2
dig-dih 4
ejj-dih 2
388
1
dih-dii 6
389
2
dii-dij 4
ejj-dij 1
390
1
dij-dja 5
391
2
ejj-djb 2
dja-djb 3
392
1
djb-djc 5
393
2
djc-djd 4
ejj-djd 1
394
1
djd-dje 5
395
2
dje-djf 6
ejj-djf 1
396
1
djf-djg 4
397
2
djg-djh 2
ejj-djh 2
398
1
djh-dji 4
399
2
ejj-djj 1
dji-djj 4
400
1
djj-eaa 6
401
2
eaa-eab 4
ejj-eab 1
402
1
eab-eac 5
403
2
ejj-ead 2
eac-ead 4
404
1
ead-eae 4
405
2
ejj-eaf 2
eae-eaf 2
406
1
eaf-eag 6
407
2
eag-eah 4
ejj-eah 1
408
1
eah-eai 4
409
2
ejj-eaj 3
eai-eaj 3
410
1
eaj-eba 5
411
2
eba-ebb 4
ejj-ebb 1
412
1
ebb-ebc 5
413
2
ebc-ebd 4
ejj-ebd 1
414
1
ebd-ebe 5
415
2
ebe-ebf 4
ejj-ebf 1
416
1
ebf-ebg 5
417
2
ebg-ebh 4
ejj-ebh 2
418
1
ebh-ebi 5
419
2
ebi-ebj 4
ejj-ebj 1
420
1
ebj-eca 5
421
2
eca-ecb 3
ejj-ecb 1
422
1
ecb-ecc 5
423
2
ecc-ecd 4
ejj-ecd 2
424
1
ecd-ece 4
425
2
ejj-ecf 2
ece-ecf 4
426
1
ecf-ecg 5
427
2
ecg-ech 4
ejj-ech 1
428
1
ech-eci 4
429
2
ejj-ecj 1
eci-ecj 3
430
1
ecj-eda 6
431
2
ejj-edb 3
eda-edb 2
432
1
edb-edc 5
433
2
edc-edd 4
ejj-edd 2
434
1
edd-ede 5
435
2
ejj-edf 1
ede-edf 4
436
1
edf-edg 5
437
2
edg-edh 2
ejj-edh 1
438
1
edh-edi 6
439
2
ejj-edj 2
edi-edj 3
440
1
edj-eea 4
441
2
ejj-eeb 2
eea-eeb 2
442
1
eeb-eec 5
443
2
ejj-eed 1
eec-eed 3
444
1
eed-eee 5
445
2
eee-eef 4
ejj-eef 2
446
1
eef-eeg 5
447
2
eeg-eeh 2
ejj-eeh 2
448
1
eeh-eei 3
449
2
eei-eej 4
ejj-eej 1
450
1
eej-efa 4
451
2
efa-efb 4
ejj-efb 2
452
1
efb-efc 5
453
2
efc-efd 2
ejj-efd 3
454
1
efd-efe 5
455
2
ejj-eff 2
efe-eff 3
456
1
eff-efg 5
457
2
efg-efh 4
ejj-efh 2
458
1
efh-efi 5
459
2
efi-efj 3
ejj-efj 1
460
1
efj-ega 5
461
2
ejj-egb 1
ega-egb 3
462
1
egb-egc 4
463
2
egc-egd 4
ejj-egd 1
464
1
egd-ege 5
465
2
ejj-egf 2
ege-egf 2
466
1
egf-egg 5
467
2
ejj-egh 4
egg-egh 1
468
1
egh-egi 4
469
2
egi-egj 3
ejj-egj 1
470
1
egj-eha 5
471
2
eha-ehb 3
ejj-ehb 3
472
1
ehb-ehc 6
473
2
ehc-ehd 3
ejj-ehd 1
474
1
ehd-ehe 5
475
2
ejj-ehf 1
ehe-ehf 3
476
1
ehf-ehg 4
477
2
ehg-ehh 5
ejj-ehh 1
478
1
ehh-ehi 4
479
2
ejj-ehj 2
ehi-ehj 3
480
1
ehj-eia 4
481
2
eia-eib 4
ejj-eib 1
482
1
eib-eic 5
483
2
eic-eid 4
ejj-eid 1
484
1
eid-eie 4
485
2
eie-eif 4
ejj-eif 1
486
1
eif-eig 5
487
2
eig-eih 5
ejj-eih 1
488
1
eih-eii 5
489
2
ejj-eij 3
eii-eij 2
490
1
eij-eja 5
491
2
ejj-ejb 2
eja-ejb 3
492
1
ejb-ejc 5
493
2
ejj-ejd 2
ejc-ejd 3
494
1
ejd-eje 5
495
2
ejj-ejf 2
eje-ejf 4
496
1
ejf-ejg 5
497
2
ejj-ejh 2
ejg-ejh 4
498
1
ejh-eji 6
499
250
bac-ejj 1
bic-ejj 1
dba-ejj 1
i-ejj 1
he-ejj 1
bgg-ejj 1
ccg-ejj 1
cdg-ejj 1
bc-ejj 1
ca-ejj 1
ge-ejj 1
ha-ejj 1
bcg-ejj 1
bec-ejj 1
bee-ejj 1
bha-ejj 1
cdi-ejj 1
cjc-ejj 1
cjg-ejj 1
dfg-ejj 1
eag-ejj 1
ejc-ejj 1
e-ejj 1
ba-ejj 1
bi-ejj 1
dc-ejj 1
dg-ejj 1
ee-ejj 1
gi-ejj 1
hc-ejj 1
hi-ejj 1
ig-ejj 1
ja-ejj 1
je-ejj 1
ji-ejj 1
bae-ejj 1
bag-ejj 1
bbc-ejj 1
bbg-ejj 1
bda-ejj 1
bde-ejj 1
bgi-ejj 1
bhc-ejj 1
bie-ejj 1
bii-ejj 1
cbg-ejj 1
cea-ejj 1
ceg-ejj 1
cei-ejj 1
cgi-ejj 1
chg-ejj 1
cia-ejj 1
cja-ejj 1
dac-ejj 1
dai-ejj 1
dce-ejj 1
dde-ejj 1
dhe-ejj 1
dhi-ejj 1
dii-ejj 1
dja-ejj 1
eac-ejj 1
eai-ejj 1
ede-ejj 1
edi-ejj 1
eea-ejj 1
eeg-ejj 1
efc-ejj 1
efi-ejj 1
ege-ejj 1
egg-ejj 1
egi-ejj 1
eha-ejj 1
ehe-ejj 1
eia-ejj 1
eii-ejj 1
a-ejj 1
be-ejj 1
cc-ejj 1
ce-ejj 1
ci-ejj 1
ec-ejj 1
eg-ejj 1
fc-ejj 1
fe-ejj 1
fg-ejj 1
fi-ejj 1
gg-ejj 1
ia-ejj 1
jc-ejj 1
bai-ejj 1
bba-ejj 1
bdc-ejj 1
bdg-ejj 1
bei-ejj 1
bfa-ejj 1
bfi-ejj 1
bga-ejj 1
bgc-ejj 1
big-ejj 1
bja-ejj 1
bje-ejj 1
caa-ejj 1
cae-ejj 1
cbc-ejj 1
cci-ejj 1
cde-ejj 1
cee-ejj 1
cfa-ejj 1
cfg-ejj 1
cfi-ejj 1
cge-ejj 1
cgg-ejj 1
chc-ejj 1
che-ejj 1
cic-ejj 1
cie-ejj 1
cii-ejj 1
cje-ejj 1
daa-ejj 1
dag-ejj 1
dbg-ejj 1
dca-ejj 1
dcc-ejj 1
dci-ejj 1
dda-ejj 1
ddc-ejj 1
ddg-ejj 1
ddi-ejj 1
dea-ejj 1
dec-ejj 1
dee-ejj 1
dei-ejj 1
dfi-ejj 1
dge-ejj 1
dha-ejj 1
dhc-ejj 1
dhg-ejj 1
dia-ejj 1
die-ejj 1
dji-ejj 1
ebg-ejj 1
ecc-ejj 1
eda-ejj 1
edc-ejj 1
edg-ejj 1
eei-ejj 1
efa-ejj 1
efe-ejj 1
ehi-ejj 1
eic-ejj 1
eie-ejj 1
eig-ejj 1
eje-ejj 1
ejg-ejj 1
eji-ejj 1
c-ejj 1
g-ejj 1
bg-ejj 1
cg-ejj 1
da-ejj 1
de-ejj 1
di-ejj 1
ea-ejj 1
ei-ejj 1
fa-ejj 1
ga-ejj 1
gc-ejj 1
hg-ejj 1
ic-ejj 1
ie-ejj 1
ii-ejj 1
jg-ejj 1
baa-ejj 1
bbe-ejj 1
bbi-ejj 1
bca-ejj 1
bcc-ejj 1
bce-ejj 1
bci-ejj 1
bdi-ejj 1
bea-ejj 1
beg-ejj 1
bfc-ejj 1
bfe-ejj 1
bfg-ejj 1
bge-ejj 1
bhe-ejj 1
bhg-ejj 1
bhi-ejj 1
bia-ejj 1
bjc-ejj 1
bjg-ejj 1
bji-ejj 1
cac-ejj 1
cag-ejj 1
cai-ejj 1
cba-ejj 1
cbe-ejj 1
cbi-ejj 1
cca-ejj 1
ccc-ejj 1
cce-ejj 1
cda-ejj 1
cdc-ejj 1
cec-ejj 1
cfc-ejj 1
cfe-ejj 1
cga-ejj 1
cgc-ejj 1
cha-ejj 1
chi-ejj 1
cig-ejj 1
cji-ejj 1
dae-ejj 1
dbc-ejj 1
dbe-ejj 1
dbi-ejj 1
dcg-ejj 1
deg-ejj 1
dfa-ejj 1
dfc-ejj 1
dfe-ejj 1
dga-ejj 1
dgc-ejj 1
dgg-ejj 1
dgi-ejj 1
dic-ejj 1
dig-ejj 1
djc-ejj 1
dje-ejj 1
djg-ejj 1
eaa-ejj 1
eae-ejj 1
eba-ejj 1
ebc-ejj 1
ebe-ejj 1
ebi-ejj 1
eca-ejj 1
ece-ejj 1
ecg-ejj 1
eci-ejj 1
eec-ejj 1
eee-ejj 1
efg-ejj 1
ega-ejj 1
egc-ejj 1
ehc-ejj 1
ehg-ejj 1
eja-ejj 1
