500
0
1
eji-a 457
1
2
a-b 731
ejj-b 182
2
1
b-c 457
3
2
c-d 685
ejj-d 228
4
1
d-e 457
5
2
ejj-f 304
e-f 609
6
1
f-g 457
7
2
ejj-h 514
g-h 400
8
1
h-i 457
9
2
i-j 838
ejj-j 76
10
1
j-ba 457
11
2
ba-bb 609
ejj-bb 304
12
1
bb-bc 457
13
2
bc-bd 587
ejj-bd 326
14
1
bd-be 457
15
2
be-bf 685
ejj-bf 228
16
1
bf-bg 457
17
2
ejj-bh 140
bg-bh 773
18
1
bh-bi 457
19
2
bi-bj 609
ejj-bj 304
20
1
bj-ca 457
21
2
ca-cb 548
ejj-cb 365
22
1
cb-cc 457
23
2
ejj-cd 457
cc-cd 457
24
1
cd-ce 457
25
2
ejj-cf 533
ce-cf 381
26
1
cf-cg 457
27
2
ejj-ch 281
cg-ch 633
28
1
ch-ci 457
29
2
ejj-cj 351
ci-cj 562
30
1
cj-da 457
31
2
da-db 591
ejj-db 322
32
1
db-dc 457
33
2
ejj-dd 161
dc-dd 753
34
1
dd-de 457
35
2
ejj-df 211
de-df 703
36
1
df-dg 457
37
2
ejj-dh 342
dg-dh 571
38
1
dh-di 457
39
2
di-dj 562
ejj-dj 351
40
1
dj-ea 457
41
2
ea-eb 773
ejj-eb 140
42
1
eb-ec 457
43
2
ec-ed 838
ejj-ed 76
44
1
ed-ee 457
45
2
ee-ef 665
ejj-ef 249
46
1
ef-eg 457
47
2
ejj-eh 711
eg-eh 203
48
1
eh-ei 457
49
2
ei-ej 591
ejj-ej 322
50
1
ej-fa 457
51
2
fa-fb 753
ejj-fb 161
52
1
fb-fc 457
53
2
fc-fd 914
ejj-fd 1
54
1
fd-fe 457
55
2
fe-ff 522
ejj-ff 391
56
1
ff-fg 457
57
2
ejj-fh 508
fg-fh 406
58
1
fh-fi 457
59
2
fi-fj 653
ejj-fj 261
60
1
fj-ga 457
61
2
ejj-gb 457
ga-gb 457
62
1
gb-gc 457
63
2
gc-gd 633
ejj-gd 281
64
1
gd-ge 457
65
2
ge-gf 838
ejj-gf 76
66
1
gf-gg 457
67
2
gg-gh 703
ejj-gh 211
68
1
gh-gi 457
69
2
gi-gj 718
ejj-gj 195
70
1
gj-ha 457
71
2
ha-hb 699
ejj-hb 215
72
1
hb-hc 457
73
2
ejj-hd 171
hc-hd 743
74
1
hd-he 457
75
2
he-hf 703
ejj-hf 211
76
1
hf-hg 457
77
2
hg-hh 533
ejj-hh 381
78
1
hh-hi 457
79
2
hi-hj 653
ejj-hj 261
80
1
hj-ia 457
81
2
ia-ib 653
ejj-ib 261
82
1
ib-ic 457
83
2
ic-id 582
ejj-id 332
84
1
id-ie 457
85
2
ejj-if 332
ie-if 582
86
1
if-ig 457
87
2
ejj-ih 228
ig-ih 685
88
1
ih-ii 457
89
2
ejj-ij 508
ii-ij 406
90
1
ij-ja 457
91
2
ejj-jb 261
ja-jb 653
92
1
jb-jc 457
93
2
jc-jd 762
ejj-jd 152
94
1
jd-je 457
95
2
je-jf 731
ejj-jf 182
96
1
jf-jg 457
97
2
ejj-jh 365
jg-jh 548
98
1
jh-ji 457
99
2
ji-jj 783
ejj-jj 130
100
1
jj-baa 457
101
2
baa-bab 823
ejj-bab 91
102
1
bab-bac 457
103
2
bac-bad 685
ejj-bad 228
104
1
bad-bae 457
105
2
bae-baf 640
ejj-baf 274
106
1
baf-bag 457
107
2
ejj-bah 304
bag-bah 609
108
1
bah-bai 457
109
2
bai-baj 665
ejj-baj 249
110
1
baj-bba 457
111
2
bba-bbb 609
ejj-bbb 304
112
1
bbb-bbc 457
113
2
bbc-bbd 711
ejj-bbd 203
114
1
bbd-bbe 457
115
2
bbe-bbf 731
ejj-bbf 182
116
1
bbf-bbg 457
117
2
ejj-bbh 457
bbg-bbh 457
118
1
bbh-bbi 457
119
2
ejj-bbj 365
bbi-bbj 548
120
1
bbj-bca 457
121
2
bca-bcb 457
ejj-bcb 457
122
1
bcb-bcc 457
123
2
ejj-bcd 609
bcc-bcd 304
124
1
bcd-bce 457
125
2
ejj-bcf 261
bce-bcf 653
126
1
bcf-bcg 457
127
2
ejj-bch 304
bcg-bch 609
128
1
bch-bci 457
129
2
bci-bcj 406
ejj-bcj 508
130
1
bcj-bda 457
131
2
bda-bdb 548
ejj-bdb 365
132
1
bdb-bdc 457
133
2
bdc-bdd 582
ejj-bdd 332
134
1
bdd-bde 457
135
2
ejj-bdf 211
bde-bdf 703
136
1
bdf-bdg 457
137
2
bdg-bdh 653
ejj-bdh 261
138
1
bdh-bdi 457
139
2
bdi-bdj 665
ejj-bdj 249
140
1
bdj-bea 457
141
2
ejj-beb 304
bea-beb 609
142
1
beb-bec 457
143
2
ejj-bed 304
bec-bed 609
144
1
bed-bee 457
145
2
bee-bef 508
ejj-bef 406
146
1
bef-beg 457
147
2
beg-beh 711
ejj-beh 203
148
1
beh-bei 457
149
2
ejj-bej 365
bei-bej 548
150
1
bej-bfa 457
151
2
bfa-bfb 685
ejj-bfb 228
152
1
bfb-bfc 457
153
2
bfc-bfd 533
ejj-bfd 381
154
1
bfd-bfe 457
155
2
ejj-bff 365
bfe-bff 548
156
1
bff-bfg 457
157
2
bfg-bfh 609
ejj-bfh 304
158
1
bfh-bfi 457
159
2
bfi-bfj 711
ejj-bfj 203
160
1
bfj-bga 457
161
2
bga-bgb 914
ejj-bgb 1
162
1
bgb-bgc 457
163
2
bgc-bgd 609
ejj-bgd 304
164
1
bgd-bge 457
165
2
bge-bgf 508
ejj-bgf 406
166
1
bgf-bgg 457
167
2
bgg-bgh 498
ejj-bgh 415
168
1
bgh-bgi 457
169
2
bgi-bgj 823
ejj-bgj 91
170
1
bgj-bha 457
171
2
bha-bhb 762
ejj-bhb 152
172
1
bhb-bhc 457
173
2
bhc-bhd 838
ejj-bhd 76
174
1
bhd-bhe 457
175
2
bhe-bhf 571
ejj-bhf 342
176
1
bhf-bhg 457
177
2
ejj-bhh 457
bhg-bhh 457
178
1
bhh-bhi 457
179
2
bhi-bhj 813
ejj-bhj 101
180
1
bhj-bia 457
181
2
bia-bib 571
ejj-bib 342
182
1
bib-bic 457
183
2
ejj-bid 261
bic-bid 653
184
1
bid-bie 457
185
2
ejj-bif 406
bie-bif 508
186
1
bif-big 457
187
2
ejj-bih 228
big-bih 685
188
1
bih-bii 457
189
2
ejj-bij 484
bii-bij 430
190
1
bij-bja 457
191
2
bja-bjb 743
ejj-bjb 171
192
1
bjb-bjc 457
193
2
ejj-bjd 228
bjc-bjd 685
194
1
bjd-bje 457
195
2
bje-bjf 849
ejj-bjf 65
196
1
bjf-bjg 457
197
2
bjg-bjh 762
ejj-bjh 152
198
1
bjh-bji 457
199
2
bji-bjj 711
ejj-bjj 203
200
1
bjj-caa 457
201
2
caa-cab 800
ejj-cab 114
202
1
cab-cac 457
203
2
cac-cad 571
ejj-cad 342
204
1
cad-cae 457
205
2
cae-caf 653
ejj-caf 261
206
1
caf-cag 457
207
2
cag-cah 685
ejj-cah 228
208
1
cah-cai 457
209
2
cai-caj 457
ejj-caj 457
210
1
caj-cba 457
211
2
ejj-cbb 152
cba-cbb 762
212
1
cbb-cbc 457
213
2
cbc-cbd 653
ejj-cbd 261
214
1
cbd-cbe 457
215
2
ejj-cbf 365
cbe-cbf 548
216
1
cbf-cbg 457
217
2
cbg-cbh 406
ejj-cbh 508
218
1
cbh-cbi 457
219
2
cbi-cbj 670
ejj-cbj 243
220
1
cbj-cca 457
221
2
cca-ccb 731
ejj-ccb 182
222
1
ccb-ccc 457
223
2
ccc-ccd 685
ejj-ccd 228
224
1
ccd-cce 457
225
2
ejj-ccf 261
cce-ccf 653
226
1
ccf-ccg 457
227
2
ccg-cch 762
ejj-cch 152
228
1
cch-cci 457
229
2
ejj-ccj 376
cci-ccj 538
230
1
ccj-cda 457
231
2
ejj-cdb 304
cda-cdb 609
232
1
cdb-cdc 457
233
2
ejj-cdd 304
cdc-cdd 609
234
1
cdd-cde 457
235
2
cde-cdf 773
ejj-cdf 140
236
1
cdf-cdg 457
237
2
cdg-cdh 748
ejj-cdh 166
238
1
cdh-cdi 457
239
2
ejj-cdj 481
cdi-cdj 433
240
1
cdj-cea 457
241
2
cea-ceb 711
ejj-ceb 203
242
1
ceb-cec 457
243
2
cec-ced 718
ejj-ced 195
244
1
ced-cee 457
245
2
ejj-cef 261
cee-cef 653
246
1
cef-ceg 457
247
2
ceg-ceh 823
ejj-ceh 91
248
1
ceh-cei 457
249
2
cei-cej 914
ejj-cej 1
250
1
cej-cfa 457
251
2
cfa-cfb 762
ejj-cfb 152
252
1
cfb-cfc 457
253
2
cfc-cfd 365
ejj-cfd 548
254
1
cfd-cfe 457
255
2
ejj-cff 391
cfe-cff 522
256
1
cff-cfg 457
257
2
cfg-cfh 665
ejj-cfh 249
258
1
cfh-cfi 457
259
2
ejj-cfj 304
cfi-cfj 609
260
1
cfj-cga 457
261
2
ejj-cgb 91
cga-cgb 823
262
1
cgb-cgc 457
263
2
ejj-cgd 457
cgc-cgd 457
264
1
cgd-cge 457
265
2
ejj-cgf 140
cge-cgf 773
266
1
cgf-cgg 457
267
2
cgg-cgh 831
ejj-cgh 83
268
1
cgh-cgi 457
269
2
cgi-cgj 914
ejj-cgj 1
270
1
cgj-cha 457
271
2
cha-chb 391
ejj-chb 522
272
1
chb-chc 457
273
2
ejj-chd 365
chc-chd 548
274
1
chd-che 457
275
2
che-chf 558
ejj-chf 355
276
1
chf-chg 457
277
2
chg-chh 831
ejj-chh 83
278
1
chh-chi 457
279
2
ejj-chj 391
chi-chj 522
280
1
chj-cia 457
281
2
cia-cib 770
ejj-cib 144
282
1
cib-cic 457
283
2
cic-cid 827
ejj-cid 87
284
1
cid-cie 457
285
2
ejj-cif 166
cie-cif 748
286
1
cif-cig 457
287
2
cig-cih 703
ejj-cih 211
288
1
cih-cii 457
289
2
cii-cij 914
ejj-cij 1
290
1
cij-cja 457
291
2
ejj-cjb 261
cja-cjb 653
292
1
cjb-cjc 457
293
2
cjc-cjd 665
ejj-cjd 249
294
1
cjd-cje 457
295
2
cje-cjf 571
ejj-cjf 342
296
1
cjf-cjg 457
297
2
cjg-cjh 609
ejj-cjh 304
298
1
cjh-cji 457
299
2
cji-cjj 498
ejj-cjj 415
300
1
cjj-daa 457
301
2
daa-dab 800
ejj-dab 114
302
1
dab-dac 457
303
2
dac-dad 571
ejj-dad 342
304
1
dad-dae 457
305
2
dae-daf 748
ejj-daf 166
306
1
daf-dag 457
307
2
dag-dah 514
ejj-dah 400
308
1
dah-dai 457
309
2
dai-daj 628
ejj-daj 285
310
1
daj-dba 457
311
2
ejj-dbb 406
dba-dbb 508
312
1
dbb-dbc 457
313
2
dbc-dbd 718
ejj-dbd 195
314
1
dbd-dbe 457
315
2
ejj-dbf 182
dbe-dbf 731
316
1
dbf-dbg 457
317
2
dbg-dbh 731
ejj-dbh 182
318
1
dbh-dbi 457
319
2
dbi-dbj 773
ejj-dbj 140
320
1
dbj-dca 457
321
2
ejj-dcb 332
dca-dcb 582
322
1
dcb-dcc 457
323
2
dcc-dcd 849
ejj-dcd 65
324
1
dcd-dce 457
325
2
ejj-dcf 130
dce-dcf 783
326
1
dcf-dcg 457
327
2
ejj-dch 365
dcg-dch 548
328
1
dch-dci 457
329
2
dci-dcj 640
ejj-dcj 274
330
1
dcj-dda 457
331
2
dda-ddb 633
ejj-ddb 281
332
1
ddb-ddc 457
333
2
ddc-ddd 838
ejj-ddd 76
334
1
ddd-dde 457
335
2
ejj-ddf 400
dde-ddf 514
336
1
ddf-ddg 457
337
2
ddg-ddh 813
ejj-ddh 101
338
1
ddh-ddi 457
339
2
ddi-ddj 609
ejj-ddj 304
340
1
ddj-dea 457
341
2
ejj-deb 522
dea-deb 391
342
1
deb-dec 457
343
2
dec-ded 514
ejj-ded 400
344
1
ded-dee 457
345
2
dee-def 703
ejj-def 211
346
1
def-deg 457
347
2
deg-deh 844
ejj-deh 70
348
1
deh-dei 457
349
2
ejj-dej 228
dei-dej 685
350
1
dej-dfa 457
351
2
dfa-dfb 914
ejj-dfb 1
352
1
dfb-dfc 457
353
2
dfc-dfd 685
ejj-dfd 228
354
1
dfd-dfe 457
355
2
dfe-dff 731
ejj-dff 182
356
1
dff-dfg 457
357
2
dfg-dfh 508
ejj-dfh 406
358
1
dfh-dfi 457
359
2
dfi-dfj 514
ejj-dfj 400
360
1
dfj-dga 457
361
2
ejj-dgb 243
dga-dgb 670
362
1
dgb-dgc 457
363
2
dgc-dgd 673
ejj-dgd 240
364
1
dgd-dge 457
365
2
dge-dgf 685
ejj-dgf 228
366
1
dgf-dgg 457
367
2
dgg-dgh 762
ejj-dgh 152
368
1
dgh-dgi 457
369
2
ejj-dgj 288
dgi-dgj 625
370
1
dgj-dha 457
371
2
dha-dhb 783
ejj-dhb 130
372
1
dhb-dhc 457
373
2
dhc-dhd 609
ejj-dhd 304
374
1
dhd-dhe 457
375
2
dhe-dhf 628
ejj-dhf 285
376
1
dhf-dhg 457
377
2
ejj-dhh 215
dhg-dhh 699
378
1
dhh-dhi 457
379
2
dhi-dhj 844
ejj-dhj 70
380
1
dhj-dia 457
381
2
dia-dib 823
ejj-dib 91
382
1
dib-dic 457
383
2
ejj-did 351
dic-did 562
384
1
did-die 457
385
2
die-dif 823
ejj-dif 91
386
1
dif-dig 457
387
2
dig-dih 609
ejj-dih 304
388
1
dih-dii 457
389
2
dii-dij 753
ejj-dij 161
390
1
dij-dja 457
391
2
ejj-djb 320
dja-djb 594
392
1
djb-djc 457
393
2
djc-djd 792
ejj-djd 121
394
1
djd-dje 457
395
2
dje-djf 914
ejj-djf 1
396
1
djf-djg 457
397
2
djg-djh 548
ejj-djh 365
398
1
djh-dji 457
399
2
ejj-djj 203
dji-djj 711
400
1
djj-eaa 457
401
2
eaa-eab 748
ejj-eab 166
402
1
eab-eac 457
403
2
ejj-ead 228
eac-ead 685
404
1
ead-eae 457
405
2
ejj-eaf 457
eae-eaf 457
406
1
eaf-eag 457
407
2
eag-eah 783
ejj-eah 130
408
1
eah-eai 457
409
2
ejj-eaj 457
eai-eaj 457
410
1
eaj-eba 457
411
2
eba-ebb 743
ejj-ebb 171
412
1
ebb-ebc 457
413
2
ebc-ebd 685
ejj-ebd 228
414
1
ebd-ebe 457
415
2
ebe-ebf 731
ejj-ebf 182
416
1
ebf-ebg 457
417
2
ebg-ebh 591
ejj-ebh 322
418
1
ebh-ebi 457
419
2
ebi-ebj 743
ejj-ebj 171
420
1
ebj-eca 457
421
2
eca-ecb 748
ejj-ecb 166
422
1
ecb-ecc 457
423
2
ecc-ecd 640
ejj-ecd 274
424
1
ecd-ece 457
425
2
ejj-ecf 228
ece-ecf 685
426
1
ecf-ecg 457
427
2
ecg-ech 731
ejj-ech 182
428
1
ech-eci 457
429
2
ejj-ecj 304
eci-ecj 609
430
1
ecj-eda 457
431
2
ejj-edb 422
eda-edb 492
432
1
edb-edc 457
433
2
edc-edd 609
ejj-edd 304
434
1
edd-ede 457
435
2
ejj-edf 140
ede-edf 773
436
1
edf-edg 457
437
2
edg-edh 703
ejj-edh 211
438
1
edh-edi 457
439
2
ejj-edj 249
edi-edj 665
440
1
edj-eea 457
441
2
ejj-eeb 381
eea-eeb 533
442
1
eeb-eec 457
443
2
ejj-eed 304
eec-eed 609
444
1
eed-eee 457
445
2
eee-eef 640
ejj-eef 274
446
1
eef-eeg 457
447
2
eeg-eeh 665
ejj-eeh 249
448
1
eeh-eei 457
449
2
eei-eej 914
ejj-eej 1
450
1
eej-efa 457
451
2
efa-efb 685
ejj-efb 228
452
1
efb-efc 457
453
2
efc-efd 415
ejj-efd 498
454
1
efd-efe 457
455
2
ejj-eff 381
efe-eff 533
456
1
eff-efg 457
457
2
efg-efh 653
ejj-efh 261
458
1
efh-efi 457
459
2
efi-efj 718
ejj-efj 195
460
1
efj-ega 457
461
2
ejj-egb 211
ega-egb 703
462
1
egb-egc 457
463
2
egc-egd 783
ejj-egd 130
464
1
egd-ege 457
465
2
ejj-egf 304
ege-egf 609
466
1
egf-egg 457
467
2
ejj-egh 640
egg-egh 274
468
1
egh-egi 457
469
2
egi-egj 711
ejj-egj 203
470
1
egj-eha 457
471
2
eha-ehb 498
ejj-ehb 415
472
1
ehb-ehc 457
473
2
ehc-ehd 718
ejj-ehd 195
474
1
ehd-ehe 457
475
2
ejj-ehf 211
ehe-ehf 703
476
1
ehf-ehg 457
477
2
ehg-ehh 711
ejj-ehh 203
478
1
ehh-ehi 457
479
2
ejj-ehj 365
ehi-ehj 548
480
1
ehj-eia 457
481
2
eia-eib 711
ejj-eib 203
482
1
eib-eic 457
483
2
eic-eid 731
ejj-eid 182
484
1
eid-eie 457
485
2
eie-eif 762
ejj-eif 152
486
1
eif-eig 457
487
2
eig-eih 914
ejj-eih 1
488
1
eih-eii 457
489
2
ejj-eij 548
eii-eij 365
490
1
eij-eja 457
491
2
ejj-ejb 422
eja-ejb 492
492
1
ejb-ejc 457
493
2
ejj-ejd 365
ejc-ejd 548
494
1
ejd-eje 457
495
2
ejj-ejf 243
eje-ejf 670
496
1
ejf-ejg 457
497
2
ejj-ejh 228
ejg-ejh 685
498
1
ejh-eji 457
499
250
bac-ejj 1102
bic-ejj 918
dba-ejj 1836
i-ejj 918
he-ejj 1102
bgg-ejj 918
ccg-ejj 734
cdg-ejj 1285
bc-ejj 918
ca-ejj 918
ge-ejj 918
ha-ejj 918
bcg-ejj 551
bec-ejj 734
bee-ejj 734
bha-ejj 918
cdi-ejj 734
cjc-ejj 551
cjg-ejj 551
dfg-ejj 734
eag-ejj 551
ejc-ejj 551
e-ejj 551
ba-ejj 551
bi-ejj 918
dc-ejj 734
dg-ejj 734
ee-ejj 918
gi-ejj 551
hc-ejj 734
hi-ejj 551
ig-ejj 367
ja-ejj 551
je-ejj 551
ji-ejj 918
bae-ejj 734
bag-ejj 551
bbc-ejj 734
bbg-ejj 734
bda-ejj 367
bde-ejj 734
bgi-ejj 551
bhc-ejj 734
bie-ejj 551
bii-ejj 734
cbg-ejj 367
cea-ejj 551
ceg-ejj 734
cei-ejj 551
cgi-ejj 551
chg-ejj 918
cia-ejj 367
cja-ejj 734
dac-ejj 551
dai-ejj 918
dce-ejj 551
dde-ejj 551
dhe-ejj 918
dhi-ejj 367
dii-ejj 551
dja-ejj 734
eac-ejj 367
eai-ejj 734
ede-ejj 551
edi-ejj 734
eea-ejj 367
eeg-ejj 551
efc-ejj 551
efi-ejj 551
ege-ejj 551
egg-ejj 551
egi-ejj 367
eha-ejj 367
ehe-ejj 551
eia-ejj 734
eii-ejj 918
a-ejj 367
be-ejj 183
cc-ejj 551
ce-ejj 367
ci-ejj 551
ec-ejj 734
eg-ejj 734
fc-ejj 551
fe-ejj 734
fg-ejj 183
fi-ejj 183
gg-ejj 367
ia-ejj 367
jc-ejj 183
bai-ejj 367
bba-ejj 551
bdc-ejj 367
bdg-ejj 367
bei-ejj 734
bfa-ejj 551
bfi-ejj 551
bga-ejj 367
bgc-ejj 183
big-ejj 367
bja-ejj 367
bje-ejj 734
caa-ejj 734
cae-ejj 734
cbc-ejj 183
cci-ejj 551
cde-ejj 367
cee-ejj 551
cfa-ejj 734
cfg-ejj 183
cfi-ejj 183
cge-ejj 551
cgg-ejj 183
chc-ejj 734
che-ejj 367
cic-ejj 551
cie-ejj 734
cii-ejj 734
cje-ejj 918
daa-ejj 367
dag-ejj 734
dbg-ejj 367
dca-ejj 1285
dcc-ejj 183
dci-ejj 183
dda-ejj 367
ddc-ejj 551
ddg-ejj 367
ddi-ejj 551
dea-ejj 551
dec-ejj 183
dee-ejj 367
dei-ejj 551
dfi-ejj 551
dge-ejj 551
dha-ejj 367
dhc-ejj 918
dhg-ejj 551
dia-ejj 367
die-ejj 734
dji-ejj 183
ebg-ejj 1102
ecc-ejj 367
eda-ejj 183
edc-ejj 183
edg-ejj 183
eei-ejj 551
efa-ejj 183
efe-ejj 551
ehi-ejj 367
eic-ejj 183
eie-ejj 551
eig-ejj 183
eje-ejj 367
ejg-ejj 734
eji-ejj 367
c-ejj 1
g-ejj 367
bg-ejj 1
cg-ejj 183
da-ejj 1
de-ejj 183
di-ejj 367
ea-ejj 1
ei-ejj 1
fa-ejj 367
ga-ejj 367
gc-ejj 367
hg-ejj 551
ic-ejj 367
ie-ejj 183
ii-ejj 1
jg-ejj 367
baa-ejj 367
bbe-ejj 367
bbi-ejj 1
bca-ejj 1
bcc-ejj 183
bce-ejj 1
bci-ejj 183
bdi-ejj 367
bea-ejj 918
beg-ejj 367
bfc-ejj 367
bfe-ejj 367
bfg-ejj 367
bge-ejj 551
bhe-ejj 918
bhg-ejj 367
bhi-ejj 183
bia-ejj 551
bjc-ejj 367
bjg-ejj 367
bji-ejj 1
cac-ejj 551
cag-ejj 1
cai-ejj 1
cba-ejj 1
cbe-ejj 367
cbi-ejj 1
cca-ejj 183
ccc-ejj 551
cce-ejj 367
cda-ejj 183
cdc-ejj 183
cec-ejj 183
cfc-ejj 183
cfe-ejj 1
cga-ejj 1
cgc-ejj 183
cha-ejj 367
chi-ejj 183
cig-ejj 183
cji-ejj 367
dae-ejj 183
dbc-ejj 1
dbe-ejj 1
dbi-ejj 1
dcg-ejj 551
deg-ejj 183
dfa-ejj 1
dfc-ejj 367
dfe-ejj 1
dga-ejj 367
dgc-ejj 1
dgg-ejj 1
dgi-ejj 367
dic-ejj 183
dig-ejj 183
djc-ejj 367
dje-ejj 367
djg-ejj 551
eaa-ejj 367
eae-ejj 551
eba-ejj 367
ebc-ejj 367
ebe-ejj 918
ebi-ejj 183
eca-ejj 551
ece-ejj 367
ecg-ejj 183
eci-ejj 183
eec-ejj 183
eee-ejj 183
efg-ejj 1
ega-ejj 1
egc-ejj 183
ehc-ejj 183
ehg-ejj 367
eja-ejj 551
