1643
0
1
cd-a 39
1
2
dab-b 34
ehb-b 5
2
3
dgc-c 1
fcd-c 33
dgj-c 2
3
4
bcb-d 15
cd-d 1
hcj-d 1
ii-d 18
4
1
hic-e 38
5
7
e-f 2
bc-f 2
ff-f 2
bda-f 2
jcc-f 2
jbb-f 4
bdjf-f 24
6
6
bfg-g 2
ehc-g 4
iee-g 9
eie-g 9
gic-g 11
bedj-g 2
7
1
bfa-h 39
8
2
geg-i 31
gie-i 7
9
2
fbj-j 35
heg-j 2
10
2
bdi-ba 19
dhf-ba 19
11
7
bae-bb 1
bcb-bb 1
bee-bb 17
cd-bb 2
bcea-bb 1
bcef-bb 8
bgf-bb 4
12
6
ddf-bc 1
ccj-bc 2
dgf-bc 18
baid-bc 1
hbf-bc 9
daa-bc 6
13
3
cch-bd 17
cjb-bd 2
bejh-bd 19
14
4
fec-be 2
bbbj-be 5
babg-be 3
beai-be 28
15
2
hi-bf 35
dh-bf 4
16
7
baae-bg 2
bi-bg 2
jf-bg 2
iag-bg 2
fib-bg 2
gge-bg 5
bdii-bg 21
17
3
ihi-bh 34
hjd-bh 1
bgeh-bh 4
18
2
fic-bi 20
babg-bi 18
19
8
bdbf-bj 3
bc-bj 6
ch-bj 3
dg-bj 3
db-bj 6
dhf-bj 9
cii-bj 6
hcj-bj 3
20
4
cd-ca 1
bai-ca 1
dfg-ca 3
gjh-ca 31
21
3
dcc-cb 9
did-cb 9
edb-cb 19
22
4
ff-cc 4
dgf-cc 14
jgi-cc 4
badc-cc 14
23
4
bhd-cd 3
dbg-cd 19
ffb-cd 13
bcaj-cd 1
24
4
bi-ce 4
ef-ce 4
jgf-ce 8
jag-ce 22
25
4
def-cf 7
eac-cf 27
fhg-cf 1
bbci-cf 1
26
7
ca-cg 1
eh-cg 3
chb-cg 9
deg-cg 3
deb-cg 3
bd-cg 12
hhc-cg 5
27
6
cd-ch 2
bjd-ch 4
dji-ch 7
ddb-ch 4
hch-ch 4
jgg-ch 14
28
5
hfh-ci 8
hif-ci 1
gbg-ci 3
befi-ci 1
bffg-ci 25
29
3
egd-cj 2
fbi-cj 2
bfgd-cj 34
30
8
bcei-da 8
ea-da 1
bhd-da 7
eej-da 3
bdf-da 5
gda-da 1
fai-da 8
beib-da 6
31
7
bc-db 1
cd-db 2
gi-db 1
bgj-db 1
cbh-db 4
cfj-db 1
bbde-db 27
32
3
iej-dc 34
ifh-dc 2
bbgj-dc 2
33
3
fc-dd 6
dfg-dd 6
babg-dd 26
34
4
di-de 19
bhe-de 6
ghj-de 6
eih-de 6
35
2
igi-df 6
bfgb-df 31
36
7
bgfe-dg 2
cee-dg 1
hah-dg 10
bcii-dg 10
bdfc-dg 1
bcag-dg 3
bebe-dg 8
37
2
bagf-dh 29
hha-dh 9
38
1
haf-di 39
39
3
cbh-dj 15
ef-dj 15
gdb-dj 7
40
6
jjh-ea 10
eee-ea 7
dbb-ea 3
cgg-ea 3
jff-ea 7
fda-ea 7
41
3
hac-eb 1
cdi-eb 15
bbfc-eb 22
42
5
fi-ec 4
fc-ec 1
ege-ec 6
ci-ec 1
cdc-ec 25
43
5
eb-ed 1
ech-ed 5
edf-ed 1
bcia-ed 23
bfdc-ed 7
44
3
ejg-ee 6
cfb-ee 13
bacc-ee 19
45
7
bgd-ef 1
bgb-ef 1
cij-ef 2
egh-ef 1
ige-ef 15
cih-ef 13
beeh-ef 4
46
1
ggg-eg 36
47
4
bbei-eh 3
bjb-eh 2
bbfg-eh 15
gdh-eh 18
48
6
bb-ei 1
cbh-ei 1
dff-ei 1
bbje-ei 1
jfj-ei 27
bcjf-ei 5
49
3
baig-ej 34
cd-ej 4
jia-ej 1
50
6
bcb-fa 1
hg-fa 1
bc-fa 3
bhg-fa 1
jji-fa 4
dhe-fa 28
51
3
bdc-fb 21
dfa-fb 11
bcch-fb 7
52
2
bfch-fc 27
fif-fc 10
53
4
je-fd 9
dd-fd 9
daf-fd 9
dhe-fd 9
54
1
jic-fe 39
55
7
gb-ff 23
ic-ff 1
bdf-ff 1
dbd-ff 2
bed-ff 2
cje-ff 5
bdcg-ff 2
56
1
bfaf-fg 39
57
7
bejb-fh 19
d-fh 4
bdb-fh 2
ccb-fh 4
jh-fh 2
jie-fh 2
jjd-fh 2
58
3
fg-fi 3
hee-fi 4
bfdg-fi 32
59
7
ff-fj 2
bea-fj 2
dbg-fj 18
ddg-fj 2
hfh-fj 2
ifd-fj 7
bcha-fj 4
60
4
cg-ga 1
dac-ga 1
bi-ga 9
fga-ga 26
61
2
bbeb-gb 2
bbjc-gb 37
62
3
eie-gc 7
bdfa-gc 12
gge-gc 19
63
8
dbf-gd 1
cfj-gd 6
dai-gd 4
icd-gd 2
je-gd 1
daj-gd 6
gfb-gd 1
bfgc-gd 16
64
2
g-ge 19
dfi-ge 19
65
1
cgh-gf 39
66
2
bfjf-gg 23
cdh-gg 14
67
3
bddh-gh 32
bh-gh 3
jci-gh 3
68
3
bcff-gi 34
ch-gi 2
cbe-gi 3
69
3
edh-gj 7
gjj-gj 23
baad-gj 7
70
3
bda-ha 3
db-ha 31
ecc-ha 3
71
2
efh-hb 27
iaa-hb 12
72
4
gg-hc 1
cif-hc 2
dbf-hc 10
ejc-hc 25
74
7
bcjc-he 18
bcd-he 1
bgi-he 7
gij-he 3
gig-he 1
bebb-he 3
hc-he 4
75
4
hie-hf 19
bdbc-hf 11
da-hf 3
dah-hf 3
76
4
cgj-hg 7
dfj-hg 1
bja-hg 24
gbd-hg 7
77
7
bdh-hh 2
caa-hh 1
cae-hh 5
bjb-hh 8
jae-hh 2
gcj-hh 15
beic-hh 2
78
3
iba-hi 18
ihf-hi 1
baec-hi 18
79
2
gfg-hj 3
jfc-hj 35
80
4
bfeh-ia 17
di-ia 8
ccc-ia 4
bdjd-ia 8
81
4
gia-ib 11
ghd-ib 17
dea-ib 5
dad-ib 5
82
3
cgi-ic 2
fdf-ic 5
bedh-ic 31
83
2
eab-id 36
gbg-id 2
84
5
eeh-ie 7
bjd-ie 7
dej-ie 7
haj-ie 7
fbb-ie 7
85
3
bfce-if 10
di-if 1
bcge-if 27
86
2
egf-ig 13
baif-ig 26
87
3
bba-ih 3
cgh-ih 28
bcfj-ih 7
88
6
bgfi-ii 1
chf-ii 25
eig-ii 1
bacd-ii 1
dgc-ii 2
bacj-ii 7
89
4
dbi-ij 3
fbc-ij 3
bcd-ij 19
ife-ij 11
90
3
bei-ja 1
fef-ja 1
hij-ja 36
91
4
jc-jb 9
bhe-jb 9
bc-jb 9
ehi-jb 9
92
2
babi-jc 21
bbjg-jc 17
93
2
cae-jd 19
fhj-jd 19
94
6
bbi-je 1
bi-je 8
fcf-je 2
bfc-je 13
gdf-je 9
bfgb-je 4
95
3
dfc-jf 5
iae-jf 11
gbd-jf 22
96
1
daf-jg 38
97
3
bbfg-jh 34
dai-jh 1
hib-jh 3
98
5
bdjh-ji 23
gbe-ji 1
idd-ji 2
bccj-ji 8
beaa-ji 4
99
3
dej-jj 9
bcee-jj 17
fgf-jj 11
100
5
bfg-baa 1
dfi-baa 1
fhg-baa 3
efg-baa 16
dig-baa 17
101
4
chf-bab 17
ede-bab 7
jhg-bab 3
eic-bab 9
102
5
hj-bac 2
da-bac 1
hfi-bac 1
gja-bac 13
bfe-bac 22
103
3
bfi-bad 4
bha-bad 13
jid-bad 22
104
4
cd-bae 1
bdga-bae 32
dgj-bae 2
ceg-bae 2
105
5
cgb-baf 1
cbg-baf 1
bcb-baf 2
cj-baf 5
bdbh-baf 28
106
7
bcc-bag 4
dad-bag 4
ede-bag 4
fic-bag 4
bbfi-bag 4
baab-bag 4
bfce-bag 13
107
5
deg-bah 5
hbf-bah 5
bbcc-bah 1
ifd-bah 4
gjh-bah 22
108
2
bda-bai 14
cfj-bai 25
109
6
db-baj 3
bda-baj 7
ddb-baj 3
chf-baj 7
eg-baj 11
cjg-baj 3
110
5
hi-bba 2
je-bba 4
dic-bba 4
gdc-bba 16
fbe-bba 12
111
4
bdh-bbb 2
edb-bbb 5
fdh-bbb 17
d-bbb 14
112
3
jje-bbc 3
chf-bbc 34
dgb-bbc 1
113
2
bja-bbd 19
gca-bbd 19
114
3
cb-bbe 5
cie-bbe 11
ehd-bbe 22
115
4
bei-bbf 22
fj-bbf 1
dfc-bbf 1
bage-bbf 13
116
5
gdc-bbg 10
eg-bbg 5
bbbj-bbg 3
eba-bbg 3
iff-bbg 16
117
3
bacc-bbh 37
ehi-bbh 1
gjh-bbh 1
118
2
gfd-bbi 2
beeh-bbi 35
119
3
fag-bbj 34
eh-bbj 1
bbag-bbj 1
120
6
gaf-bca 3
cc-bca 3
bae-bca 3
eae-bca 12
gae-bca 6
cji-bca 12
121
3
bbgc-bcb 6
bbdg-bcb 8
fba-bcb 24
122
2
bbab-bcc 5
bbff-bcc 31
123
5
gc-bcd 1
ddj-bcd 4
jec-bcd 7
eed-bcd 23
iie-bcd 1
124
5
gef-bce 11
edi-bce 6
bi-bce 6
bagd-bce 5
gc-bce 5
125
4
deg-bcf 6
cea-bcf 16
ddj-bcf 9
gih-bcf 6
126
7
di-bcg 4
dbg-bcg 8
cah-bcg 4
bhj-bcg 4
g-bcg 8
hcj-bcg 4
dgg-bcg 4
127
4
ecb-bch 5
gad-bch 14
fbh-bch 13
bgbf-bch 4
128
4
bbhe-bci 26
bagb-bci 6
bcbc-bci 3
bbf-bci 1
129
4
bbf-bcj 1
bah-bcj 2
iff-bcj 30
icj-bcj 1
130
4
ffa-bda 25
dhg-bda 3
eh-bda 3
dfj-bda 5
131
8
deh-bdb 7
bfc-bdb 1
djh-bdb 3
bhb-bdb 2
cda-bdb 1
fib-bdb 1
jbg-bdb 2
efd-bdb 22
132
7
bfea-bdc 9
fee-bdc 15
bbfe-bdc 1
bbjh-bdc 2
bbah-bdc 1
fdc-bdc 4
jbg-bdc 3
133
5
bcgc-bdd 25
bja-bdd 1
efa-bdd 1
bjf-bdd 1
bece-bdd 10
134
6
bdh-bde 2
hhi-bde 2
iah-bde 11
bba-bde 5
gge-bde 11
beec-bde 5
135
4
gbf-bdf 2
gea-bdf 8
hcg-bdf 19
bbab-bdf 7
136
4
bahh-bdg 20
jdg-bdg 3
cha-bdg 2
bbij-bdg 10
137
4
edg-bdh 6
feh-bdh 9
ce-bdh 4
jjg-bdh 18
138
2
gci-bdi 7
iic-bdi 29
139
3
geh-bdj 19
hhc-bdj 1
jfe-bdj 15
140
4
dgb-bea 4
dgc-bea 29
cdh-bea 2
fif-bea 2
141
5
hia-beb 28
cbg-beb 1
dci-beb 2
edh-beb 2
djg-beb 2
142
6
bdei-bec 11
hj-bec 7
eei-bec 2
ii-bec 4
ica-bec 1
hea-bec 12
143
4
cd-bed 28
ica-bed 2
feh-bed 2
begd-bed 4
144
1
bgbe-bee 38
145
4
bjd-bef 3
dai-bef 17
jei-bef 3
fgj-bef 15
146
5
bja-beg 3
ea-beg 3
bef-beg 15
fei-beg 11
hgd-beg 3
147
7
hi-beh 4
ef-beh 1
bab-beh 2
cia-beh 1
ccg-beh 1
ieh-beh 25
jbj-beh 2
148
4
fge-bei 9
jbi-bei 1
bcgi-bei 7
jca-bei 21
149
5
cdi-bej 1
bdb-bej 1
dbi-bej 2
bec-bej 8
fif-bej 25
150
5
ddd-bfa 2
cjd-bfa 24
egg-bfa 4
cdf-bfa 4
ifi-bfa 2
151
2
fda-bfb 2
bdji-bfb 37
152
4
ifh-bfc 1
gbi-bfc 2
dcb-bfc 28
bafi-bfc 3
153
4
bif-bfd 4
cie-bfd 13
haa-bfd 13
jgi-bfd 8
154
4
cgh-bfe 4
baea-bfe 13
dch-bfe 15
gbc-bfe 4
155
4
fdh-bff 1
gfe-bff 13
eec-bff 17
bcie-bff 5
156
4
hj-bfg 3
efi-bfg 1
hhe-bfg 3
bgac-bfg 27
157
4
baf-bfh 6
bae-bfh 6
eaa-bfh 19
gcj-bfh 6
158
2
gaa-bfi 13
bgci-bfi 25
159
5
bii-bfj 13
ded-bfj 2
gce-bfj 2
gif-bfj 6
jjj-bfj 15
160
3
hbd-bga 31
dij-bga 1
efe-bga 7
161
4
cgc-bgb 4
hea-bgb 30
bahe-bgb 1
bedd-bgb 2
162
7
fd-bgc 2
cdb-bgc 2
ehc-bgc 2
cff-bgc 2
ffi-bgc 2
cgd-bgc 11
bdeh-bgc 16
163
5
bgdh-bgd 9
f-bgd 1
gd-bgd 3
edg-bgd 22
dbj-bgd 1
164
3
d-bge 3
hci-bge 18
jif-bge 18
165
4
bie-bgf 2
bd-bgf 2
baih-bgf 2
iaa-bgf 33
166
4
ehg-bgg 13
bcaa-bgg 13
heh-bgg 9
bdde-bgg 2
167
5
bfgh-bgh 11
dbg-bgh 17
cej-bgh 3
cgg-bgh 1
be-bgh 3
168
6
baa-bgi 1
eij-bgi 2
bhh-bgi 3
bc-bgi 1
cbi-bgi 10
daj-bgi 19
169
5
bffe-bgj 8
djh-bgj 4
hbh-bgj 4
jai-bgj 8
hch-bgj 13
170
4
fh-bha 1
bde-bha 1
bi-bha 2
gi-bha 30
171
6
jh-bhb 1
cda-bhb 2
ih-bhb 4
hhd-bhb 23
fcb-bhb 3
bfbi-bhb 4
172
6
bfe-bhc 2
edf-bhc 1
eje-bhc 1
gfg-bhc 1
bbfd-bhc 26
bagf-bhc 7
173
4
bcb-bhd 3
hj-bhd 12
gii-bhd 6
eed-bhd 18
174
3
chd-bhe 1
cfe-bhe 3
daa-bhe 34
175
6
dgi-bhf 4
ech-bhf 8
cgi-bhf 2
ca-bhf 2
jga-bhf 2
bci-bhf 20
176
5
cfi-bhg 1
baf-bhg 1
cdi-bhg 29
iga-bhg 3
babb-bhg 2
177
4
cbc-bhh 2
cch-bhh 8
efe-bhh 22
bai-bhh 6
178
5
eaj-bhi 21
cdb-bhi 1
ibh-bhi 12
gbb-bhi 3
bacb-bhi 1
179
6
hg-bhj 1
fha-bhj 2
ghd-bhj 3
cb-bhj 1
bafb-bhj 29
hbc-bhj 1
180
4
hi-bia 10
cch-bia 21
dac-bia 3
bjg-bia 3
181
1
eae-bib 39
182
4
dc-bic 5
baa-bic 17
hdc-bic 5
eee-bic 11
183
4
dec-bid 6
beh-bid 13
bef-bid 13
bajd-bid 6
184
11
bde-bie 6
bbc-bie 1
bae-bie 1
bef-bie 1
dbe-bie 1
bcc-bie 3
cdc-bie 1
cfe-bie 1
hdd-bie 11
eig-bie 4
bcai-bie 4
185
2
bgcg-bif 26
babf-bif 12
186
2
deg-big 28
bdde-big 11
187
3
dcf-bih 6
hef-bih 1
bcff-bih 31
188
5
dfa-bii 4
bga-bii 7
ejd-bii 7
caj-bii 2
bcej-bii 18
189
6
ba-bij 1
bcj-bij 1
eab-bij 1
cha-bij 18
gfi-bij 1
cia-bij 14
190
2
ded-bja 3
dca-bja 36
191
4
db-bjb 4
bbee-bjb 19
bcdb-bjb 12
fed-bjb 3
192
5
ibe-bjc 7
bagc-bjc 1
eia-bjc 1
baad-bjc 26
ggh-bjc 1
193
2
hdg-bjd 30
ghb-bjd 8
194
2
ecd-bje 34
cga-bje 3
195
3
ecg-bjf 3
baff-bjf 31
hic-bjf 4
196
3
cec-bjg 6
dih-bjg 19
df-bjg 13
197
6
bcb-bjh 8
eah-bjh 2
cd-bjh 19
gfd-bjh 2
jeb-bjh 4
djg-bjh 2
198
1
beeb-bji 36
199
3
jhe-bjj 2
gci-bjj 5
baad-bjj 31
200
6
dhc-caa 2
jgd-caa 2
ecb-caa 9
bafd-caa 7
hfg-caa 4
djj-caa 12
201
6
cjd-cab 8
bdg-cab 23
daf-cab 1
bef-cab 2
jca-cab 1
jbg-cab 2
202
4
djc-cac 3
bbdh-cac 2
dbf-cac 17
fid-cac 15
203
3
edd-cad 6
ege-cad 13
icg-cad 19
204
6
gdi-cae 1
chb-cae 2
bcb-cae 12
jcd-cae 3
bccg-cae 9
hhb-cae 9
205
2
gag-caf 1
bafb-caf 37
206
4
bbg-cag 1
cie-cag 28
fbi-cag 4
ebb-cag 4
207
6
cce-cah 3
fde-cah 1
fac-cah 3
ih-cah 3
bahc-cah 5
bebe-cah 20
208
2
jda-cai 19
gdb-cai 19
209
4
jh-caj 3
eba-caj 3
eji-caj 15
ghh-caj 15
210
3
bbjf-cba 24
bccb-cba 1
bgdd-cba 13
211
5
ca-cbb 2
be-cbb 5
da-cbb 2
cge-cbb 15
ihc-cbb 13
212
2
efg-cbc 26
bcdg-cbc 13
213
3
eag-cbd 1
bcdc-cbd 2
jfc-cbd 33
214
1
bbcc-cbe 39
215
3
ceb-cbf 9
cdj-cbf 9
bff-cbf 19
216
3
hjj-cbg 1
bbfi-cbg 16
becj-cbg 21
217
5
bhi-cbh 26
ej-cbh 2
bfg-cbh 1
caj-cbh 1
jhi-cbh 7
218
1
ede-cbi 38
219
5
db-cbj 3
dcf-cbj 5
hi-cbj 3
jec-cbj 1
gjj-cbj 25
220
6
eea-cca 10
cbe-cca 3
bbi-cca 3
ihg-cca 3
ehi-cca 3
bbdb-cca 14
221
6
bjj-ccb 7
eig-ccb 3
ejj-ccb 7
d-ccb 3
ddd-ccb 7
jeh-ccb 7
222
3
eag-ccc 10
bcda-ccc 4
jfh-ccc 24
223
6
cjf-ccd 4
ecd-ccd 3
dhh-ccd 1
eae-ccd 1
feh-ccd 4
bajb-ccd 23
224
4
bdc-cce 4
daf-cce 4
hdf-cce 4
bceh-cce 26
225
3
dca-ccf 4
ihi-ccf 32
ga-ccf 2
226
7
bih-ccg 3
fhh-ccg 3
ide-ccg 3
hde-ccg 3
ijd-ccg 7
bahi-ccg 11
hjh-ccg 3
227
2
baaf-cch 12
egd-cch 25
228
3
bbfd-cci 17
haf-cci 2
bgbg-cci 19
229
4
cch-ccj 4
eeb-ccj 6
gdf-ccj 4
hji-ccj 22
230
3
dd-cda 11
jae-cda 11
ejd-cda 17
231
3
jaa-cdb 2
bff-cdb 1
ejg-cdb 35
232
6
ccj-cdc 3
gac-cdc 1
eb-cdc 1
fad-cdc 12
ddj-cdc 18
hjg-cdc 3
233
2
db-cdd 9
bebi-cdd 30
234
7
bjb-cde 1
fff-cde 1
bi-cde 3
bj-cde 1
gge-cde 10
hhb-cde 12
bdia-cde 8
235
2
fjc-cdf 37
bhj-cdf 1
236
3
bdf-cdg 1
dff-cdg 35
bfjd-cdg 1
237
1
bbja-cdh 38
238
3
beha-cdi 29
j-cdi 7
jbc-cdi 1
239
3
chh-cdj 1
ega-cdj 32
hgg-cdj 5
240
4
cfi-cea 1
gbi-cea 1
jaj-cea 21
che-cea 13
241
2
bdea-ceb 36
bfj-ceb 1
242
4
bdg-cec 4
bbc-cec 2
bajb-cec 23
bad-cec 9
243
3
cah-ced 5
efg-ced 1
bbgc-ced 32
244
3
eej-cee 11
jhc-cee 2
ic-cee 26
245
4
dab-cef 8
bfi-cef 14
bbec-cef 1
bha-cef 15
246
4
bfa-ceg 1
cah-ceg 13
iag-ceg 11
gdg-ceg 11
247
4
bje-ceh 6
cic-ceh 6
eeg-ceh 13
gdd-ceh 13
248
5
bfb-cei 4
dgf-cei 9
ehj-cei 4
ddf-cei 4
fhi-cei 14
249
4
bbeg-cej 9
bh-cej 15
dif-cej 4
bbee-cej 8
250
4
gei-cfa 14
hdi-cfa 1
ice-cfa 3
bdhb-cfa 19
251
7
fhe-cfb 13
fc-cfb 1
fgg-cfb 5
g-cfb 6
cea-cfb 3
gje-cfb 5
baga-cfb 3
252
3
eca-cfc 4
gef-cfc 24
ieg-cfc 9
253
6
ccg-cfd 2
cje-cfd 6
geb-cfd 5
a-cfd 1
bchd-cfd 23
bcdh-cfd 2
254
2
jf-cfe 5
ijc-cfe 34
255
4
hjf-cff 1
bafc-cff 11
hda-cff 4
ejg-cff 21
256
4
bbdg-cfg 17
bfdb-cfg 12
ej-cfg 6
gic-cfg 3
257
1
cie-cfh 36
258
5
eec-cfi 3
chd-cfi 3
badf-cfi 3
bcfi-cfi 6
dhi-cfi 22
259
6
bd-cfj 1
beb-cfj 5
fh-cfj 1
dib-cfj 1
efb-cfj 1
cfi-cfj 28
260
4
chf-cga 2
bhb-cga 5
chj-cga 1
bcjf-cga 29
261
3
da-cgb 18
gdf-cgb 8
deb-cgb 10
262
6
hfc-cgc 11
fji-cgc 4
hdb-cgc 4
cdb-cgc 2
ica-cgc 13
ee-cgc 4
263
5
dcj-cgd 2
dcf-cgd 21
bec-cgd 1
bafi-cgd 3
bafd-cgd 9
264
6
fh-cge 2
ea-cge 2
cci-cge 4
bfc-cge 18
hai-cge 2
bba-cge 9
265
5
bgbh-cgf 18
dej-cgf 1
fcc-cgf 16
gie-cgf 1
ibe-cgf 1
266
5
bii-cgg 2
bdh-cgg 4
fhc-cgg 24
dib-cgg 2
bgae-cgg 4
267
3
cag-cgh 1
bdhc-cgh 36
hc-cgh 1
268
2
baaa-cgi 34
fdh-cgi 4
269
4
eag-cgj 14
dgg-cgj 2
fei-cgj 4
ifi-cgj 18
270
6
dcb-cha 8
bhi-cha 1
dhj-cha 3
egj-cha 8
gfh-cha 5
ged-cha 12
271
3
eci-chb 3
fff-chb 9
bcbi-chb 26
272
4
hba-chc 1
jfb-chc 2
jhd-chc 24
bbfj-chc 8
273
4
bfbg-chd 32
dfj-chd 2
ebh-chd 2
cjc-chd 2
274
4
dbj-che 1
eah-che 1
dej-che 1
befj-che 36
275
2
eca-chf 35
fch-chf 2
276
4
fc-chg 3
hja-chg 6
iab-chg 18
edh-chg 12
277
4
ca-chh 9
ddj-chh 9
cid-chh 9
cbb-chh 9
278
4
ibj-chi 1
bbea-chi 7
bbc-chi 28
jeh-chi 1
279
6
dia-chj 3
fg-chj 6
bgh-chj 3
jg-chj 3
fjd-chj 3
hhi-chj 19
280
4
eie-cia 16
jej-cia 13
cce-cia 3
jj-cia 6
281
5
eha-cib 19
hh-cib 1
bdhh-cib 13
bcce-cib 1
bdhb-cib 3
282
5
bbi-cic 2
igc-cic 2
ifd-cic 2
jce-cic 2
dhi-cic 29
283
8
bdh-cid 1
ehb-cid 1
fcf-cid 5
ebi-cid 2
dfd-cid 2
hgg-cid 2
cjb-cid 20
cab-cid 3
284
2
jfi-cie 26
gg-cie 12
285
1
bcja-cif 36
286
6
eef-cig 2
dge-cig 2
hbj-cig 22
hdd-cig 2
hai-cig 2
bbac-cig 5
287
1
icg-cih 39
288
5
cah-cii 1
dad-cii 1
gbi-cii 4
ggd-cii 5
baha-cii 24
289
4
bgi-cij 3
cch-cij 3
dgf-cij 23
ch-cij 9
290
6
ead-cja 5
ehg-cja 7
dge-cja 1
hcj-cja 11
ija-cja 3
bcaa-cja 11
291
3
beba-cjb 33
jbi-cjb 3
bagh-cjb 2
292
3
bfgi-cjc 31
bada-cjc 5
bcih-cjc 2
293
2
eje-cjd 5
bdaa-cjd 33
294
3
bbi-cje 12
cea-cje 24
fje-cje 2
295
3
egf-cjf 6
cgb-cjf 13
dba-cjf 19
296
1
cgb-cjg 39
297
5
dci-cjh 3
da-cjh 7
hhf-cjh 7
jfd-cjh 15
he-cjh 3
298
6
bdce-cji 27
bee-cji 1
id-cji 4
hbd-cji 3
dbj-cji 1
bdcg-cji 1
299
2
jah-cjj 29
bfeb-cjj 7
300
4
jjb-daa 8
bbhc-daa 6
edd-daa 1
bfde-daa 21
301
3
bef-dab 2
hi-dab 34
bace-dab 1
302
5
de-dac 2
bgi-dac 8
fgc-dac 4
dce-dac 12
iid-dac 12
303
4
gfd-dad 24
dab-dad 2
gfe-dad 8
gcb-dad 4
304
3
bcib-dae 32
baaa-dae 1
fce-dae 5
305
4
badi-daf 19
bdcb-daf 12
fbb-daf 5
jae-daf 1
306
3
eb-dag 5
jg-dag 5
hcd-dag 28
307
4
cgi-dah 2
ihj-dah 5
ggg-dah 15
ehc-dah 15
308
6
dhc-dai 1
chh-dai 1
ebd-dai 1
bafa-dai 11
ejb-dai 3
bchi-dai 20
309
5
dce-daj 3
fae-daj 1
fhj-daj 7
dhe-daj 3
geh-daj 24
310
3
hhj-dba 33
bff-dba 2
gdh-dba 4
311
2
eaa-dbb 38
cjb-dbb 1
312
2
dah-dbc 13
hca-dbc 26
313
3
gcb-dbd 28
bfg-dbd 2
bdjf-dbd 7
314
3
dfh-dbe 2
dac-dbe 2
bcaf-dbe 34
315
2
gib-dbf 36
baad-dbf 1
316
2
iag-dbg 37
dab-dbg 2
317
5
cid-dbh 1
cdb-dbh 2
caa-dbh 4
gfj-dbh 1
fha-dbh 30
318
5
ch-dbi 3
eia-dbi 3
fah-dbi 3
edd-dbi 18
bcaa-dbi 11
319
6
cgb-dbj 1
cg-dbj 1
dad-dbj 8
gjf-dbj 8
dhd-dbj 14
bb-dbj 4
320
3
bdii-dca 7
jbi-dca 25
bda-dca 5
321
6
fi-dcb 4
efg-dcb 1
gbj-dcb 2
eda-dcb 14
gad-dcb 15
jia-dcb 1
322
5
chf-dcc 7
di-dcc 10
ddf-dcc 1
jah-dcc 16
heg-dcc 2
323
4
gda-dcd 7
gjc-dcd 3
cg-dcd 15
cfg-dcd 11
324
1
jef-dce 38
325
5
bhe-dcf 2
fce-dcf 1
fea-dcf 4
cgb-dcf 6
bbja-dcf 24
326
3
cd-dcg 2
dca-dcg 34
jjj-dcg 2
327
3
dh-dch 1
bdgc-dch 2
jai-dch 36
328
5
ehi-dci 7
cge-dci 1
ddg-dci 5
bcef-dci 18
dae-dci 5
329
2
jcg-dcj 30
begb-dcj 6
330
4
dai-dda 10
cea-dda 3
bjj-dda 21
fjj-dda 3
331
6
bbdj-ddb 6
cjb-ddb 3
ddd-ddb 6
eig-ddb 3
bcea-ddb 6
bdge-ddb 15
332
4
bfjb-ddc 22
beg-ddc 2
bja-ddc 9
dac-ddc 4
333
4
bci-ddd 3
gfa-ddd 1
hed-ddd 1
beef-ddd 33
334
6
fbe-dde 1
d-dde 12
ejf-dde 3
bbj-dde 1
ghh-dde 18
dbe-dde 1
335
5
bei-ddf 1
id-ddf 3
eij-ddf 9
eb-ddf 6
fcf-ddf 17
336
3
cdi-ddg 4
eid-ddg 30
cgc-ddg 4
337
3
baa-ddh 30
ech-ddh 3
ef-ddh 5
338
6
cfa-ddi 5
ehd-ddi 14
fib-ddi 2
bjc-ddi 2
ef-ddi 11
jja-ddi 2
339
4
haa-ddj 12
ecg-ddj 22
ihj-ddj 2
dia-ddj 1
340
6
dia-dea 1
bgi-dea 3
ejd-dea 17
edh-dea 5
ief-dea 8
ebe-dea 1
341
4
hgj-deb 1
cbi-deb 29
fei-deb 4
hfg-deb 3
342
4
fdc-dec 4
bg-dec 1
bcgh-dec 6
bfg-dec 26
343
5
ihf-ded 19
gij-ded 15
bdbb-ded 1
ddc-ded 2
jab-ded 1
344
5
cia-dee 10
fhb-dee 3
dhc-dee 3
dej-dee 3
fji-dee 18
345
3
ceb-def 1
jfi-def 32
bajh-def 5
346
6
fhd-deg 20
cdh-deg 1
cfb-deg 3
eec-deg 7
hia-deg 7
bceg-deg 1
347
4
dj-deh 16
gcf-deh 3
ifa-deh 6
iji-deh 13
348
2
gjc-dei 9
fif-dei 29
349
2
bcah-dej 37
fda-dej 1
350
5
fie-dfa 11
hab-dfa 9
bfb-dfa 4
eai-dfa 4
ege-dfa 9
351
3
bde-dfb 1
ehb-dfb 3
e-dfb 34
352
7
fgg-dfc 5
ddc-dfc 3
cjc-dfc 1
eb-dfc 5
ghb-dfc 1
ca-dfc 7
fgj-dfc 13
353
6
idj-dfd 27
bga-dfd 1
da-dfd 3
gcb-dfd 1
bbae-dfd 1
bfcc-dfd 4
354
4
baac-dfe 28
ii-dfe 6
badc-dfe 1
ejd-dfe 3
355
3
heg-dff 2
hii-dff 27
gie-dff 8
356
1
eib-dfg 38
357
4
beci-dfh 8
fee-dfh 9
fhb-dfh 13
bbcb-dfh 7
358
2
egd-dfi 5
hgh-dfi 34
359
3
eb-dfj 3
ejd-dfj 1
bbah-dfj 35
360
2
fff-dga 8
bcdg-dga 29
361
2
cad-dgb 1
bcae-dgb 38
362
6
bdbb-dgc 1
bc-dgc 2
c-dgc 1
jic-dgc 18
fib-dgc 14
jja-dgc 1
363
6
bfa-dgd 2
feh-dgd 1
badi-dgd 8
bajj-dgd 6
bbjf-dgd 13
ifb-dgd 3
364
6
ifc-dge 1
dc-dge 4
hcj-dge 3
bccf-dge 20
ef-dge 4
beaa-dge 6
365
4
bffd-dgf 2
dhf-dgf 1
jfj-dgf 2
bbba-dgf 34
366
3
dce-dgg 5
bg-dgg 17
bced-dgg 17
367
2
dff-dgh 1
idi-dgh 38
368
5
cgg-dgi 3
deb-dgi 21
bbf-dgi 3
ibf-dgi 10
ceb-dgi 1
369
4
gg-dgj 20
bea-dgj 10
bcab-dgj 6
ghb-dgj 2
370
4
dji-dha 13
dij-dha 13
ecg-dha 6
jhi-dha 6
371
3
ebh-dhb 16
d-dhb 7
bajb-dhb 16
372
4
bbce-dhc 4
jii-dhc 2
bdab-dhc 2
dbg-dhc 29
373
5
dgh-dhd 11
baeg-dhd 12
cdi-dhd 3
hfh-dhd 2
ije-dhd 9
374
5
dca-dhe 3
ieg-dhe 2
bbhi-dhe 17
bbii-dhe 11
bbhb-dhe 5
375
4
baga-dhf 23
cjd-dhf 3
ebj-dhf 9
ich-dhf 1
376
4
begf-dhg 1
bfe-dhg 27
ida-dhg 3
beab-dhg 7
377
5
dgf-dhh 8
bbb-dhh 3
bbh-dhh 6
bdac-dhh 16
gbg-dhh 3
378
6
ihg-dhi 27
ebh-dhi 2
fhf-dhi 4
fjf-dhi 1
bbbb-dhi 2
bcab-dhi 2
379
6
ddj-dhj 18
icc-dhj 1
begh-dhj 2
fce-dhj 2
idc-dhj 1
idf-dhj 12
380
1
ecg-dia 39
381
4
cfd-dib 7
bgg-dib 5
dhj-dib 23
ffd-dib 1
382
8
hc-dic 1
dih-dic 1
fh-dic 4
ebi-dic 5
hhd-dic 4
jff-dic 3
edj-dic 18
bbgj-dic 1
383
6
bab-did 12
ccj-did 3
dhg-did 9
hid-did 6
bgj-did 6
eii-did 3
384
3
fac-die 8
fea-die 1
baag-die 27
385
1
bbdh-dif 39
386
3
edj-dig 8
fcd-dig 26
hih-dig 5
387
2
fdg-dih 32
bbjg-dih 7
388
2
bage-dii 27
bdeg-dii 11
389
2
hhe-dij 3
ici-dij 34
390
2
bhe-dja 19
bdhi-dja 19
391
2
eee-djb 3
jjj-djb 36
392
3
dba-djc 5
ddi-djc 6
jaj-djc 28
393
6
cie-djd 7
ceb-djd 1
jdd-djd 1
jif-djd 1
ifd-djd 13
bejh-djd 11
394
2
bbj-dje 2
beaj-dje 34
395
2
di-djf 19
eha-djf 19
396
7
bceg-djg 6
baa-djg 3
cji-djg 3
bcc-djg 1
jbc-djg 1
hca-djg 15
efi-djg 9
397
5
beca-djh 2
ebi-djh 4
gdg-djh 1
cjc-djh 17
bdef-djh 12
398
4
cha-dji 7
cic-dji 5
hhj-dji 21
bahj-dji 5
399
4
dec-djj 7
dda-djj 1
bbc-djj 12
jib-djj 17
400
2
hjj-eaa 4
bee-eaa 34
401
3
bbga-eab 31
chi-eab 4
bdha-eab 3
402
2
bagg-eac 7
cej-eac 29
403
4
chj-ead 2
dce-ead 7
caf-ead 26
dj-ead 2
404
1
icb-eae 37
405
4
jc-eaf 9
ghj-eaf 3
fde-eaf 9
fgj-eaf 18
406
5
ca-eag 3
hea-eag 7
gff-eag 23
cfa-eag 1
hgb-eag 3
407
3
bbcf-eah 33
eca-eah 3
bcaj-eah 1
408
2
efh-eai 1
bbec-eai 37
409
4
eae-eaj 3
dfj-eaj 1
jfa-eaj 3
beec-eaj 30
410
3
bebc-eba 1
feb-eba 1
bif-eba 34
411
5
iij-ebb 16
ffd-ebb 10
fff-ebb 4
beb-ebb 4
ggb-ebb 2
412
3
ecb-ebc 7
baej-ebc 23
bjg-ebc 7
413
6
badb-ebd 13
ejb-ebd 1
had-ebd 1
dgi-ebd 2
bcce-ebd 2
bdae-ebd 17
414
6
ebb-ebe 7
dgb-ebe 1
ceb-ebe 1
hfg-ebe 1
df-ebe 17
bfhc-ebe 10
415
4
fhf-ebf 11
bfd-ebf 5
bge-ebf 5
ijf-ebf 17
416
3
dcf-ebg 13
fga-ebg 19
ghg-ebg 6
417
2
bahf-ebh 1
icg-ebh 37
418
3
ebd-ebi 2
ebc-ebi 1
hfe-ebi 35
419
4
jgc-ebj 24
ghd-ebj 1
ehi-ebj 6
djj-ebj 7
420
3
eh-eca 3
jga-eca 34
dbf-eca 1
421
2
daj-ecb 1
bchc-ecb 38
422
6
bdch-ecc 30
cd-ecc 1
edi-ecc 2
idf-ecc 1
babd-ecc 1
fbe-ecc 1
423
1
jfj-ecd 39
424
4
ecd-ece 2
eaa-ece 28
ici-ece 5
eeh-ece 2
425
6
dh-ecf 1
eed-ecf 1
dgb-ecf 5
dc-ecf 1
cib-ecf 5
beh-ecf 25
426
1
bcca-ecg 38
427
3
dbh-ech 1
jjc-ech 2
hcd-ech 35
428
3
dh-eci 1
hcg-eci 27
jac-eci 10
429
3
gbj-ecj 3
fbc-ecj 9
ihi-ecj 25
430
5
bdcg-eda 3
dgb-eda 2
igj-eda 1
dhf-eda 21
bbdb-eda 9
431
7
gdd-edb 17
ff-edb 1
fb-edb 3
eci-edb 1
gec-edb 5
jj-edb 7
iia-edb 3
432
5
bhb-edc 2
dci-edc 2
ggi-edc 2
baa-edc 19
ihi-edc 11
433
4
bdh-edd 7
dfa-edd 2
gag-edd 1
cbe-edd 26
434
3
jh-ede 33
ffi-ede 2
jbb-ede 3
435
5
bdag-edf 2
fah-edf 1
dic-edf 2
hba-edf 17
bdfe-edf 14
436
6
bgd-edg 1
ddc-edg 1
ggd-edg 8
jgh-edg 10
cde-edg 14
ie-edg 3
437
5
dah-edh 2
cfj-edh 1
bbgb-edh 25
hcd-edh 7
beb-edh 2
438
9
ccg-edi 1
cfj-edi 1
eja-edi 7
gah-edi 3
gie-edi 7
egf-edi 8
bjd-edi 2
bda-edi 2
baib-edi 3
439
2
egj-edj 3
egf-edj 35
440
4
djh-eea 3
gcc-eea 15
igj-eea 3
bgj-eea 15
441
4
hei-eeb 10
dec-eeb 6
hgh-eeb 18
bab-eeb 4
442
3
bha-eec 3
hci-eec 18
dge-eec 17
443
2
fcg-eed 3
iaa-eed 34
444
3
fgi-eee 12
idg-eee 25
chb-eee 2
445
4
dej-eef 1
bdg-eef 30
bie-eef 1
bdcd-eef 4
446
6
dji-eeg 8
chg-eeg 2
cfe-eeg 4
dcc-eeg 4
bfc-eeg 15
badg-eeg 4
447
3
bcc-eeh 4
fbd-eeh 8
gbb-eeh 26
448
2
bih-eei 1
beed-eei 37
449
3
bbif-eej 7
bcag-eej 6
bcih-eej 25
450
3
hch-efa 14
jia-efa 15
bccg-efa 7
451
3
eib-efb 5
ehc-efb 28
bbgj-efb 5
452
4
hd-efc 1
bhh-efc 6
fdg-efc 6
ehd-efc 24
453
2
fei-efd 38
iac-efd 1
454
1
bcdb-efe 39
455
3
hgf-eff 2
jge-eff 4
bjf-eff 32
456
3
bcad-efg 19
bbj-efg 1
iib-efg 18
457
5
dci-efh 1
bbeg-efh 1
ded-efh 13
iic-efh 16
igc-efh 6
458
3
eec-efi 24
eed-efi 11
icc-efi 4
459
6
efe-efj 4
gde-efj 4
fhc-efj 4
fje-efj 1
bbfa-efj 12
bbca-efj 11
460
4
bja-ega 26
feh-ega 1
bac-ega 3
jca-ega 5
461
3
bcdf-egb 28
hic-egb 7
jg-egb 1
462
2
ddc-egc 29
ccj-egc 9
463
2
bdhg-egd 2
cfa-egd 36
464
6
ifi-ege 13
ecb-ege 9
fdb-ege 5
bg-ege 1
dbb-ege 3
dib-ege 3
465
3
fge-egf 7
eae-egf 13
ifd-egf 18
466
4
die-egg 3
eaj-egg 11
jia-egg 5
idd-egg 17
467
3
iid-egh 33
gah-egh 3
cii-egh 3
468
4
cdi-egi 7
hef-egi 19
efa-egi 7
ghc-egi 3
469
5
dbi-egj 4
ibi-egj 1
jj-egj 3
baih-egj 8
jdg-egj 20
470
1
cgh-eha 38
471
2
bfc-ehb 1
hib-ehb 37
472
2
cdh-ehc 8
iad-ehc 31
473
3
hcb-ehd 36
hjj-ehd 1
bffb-ehd 2
474
4
di-ehe 1
hje-ehe 3
ibh-ehe 29
bebj-ehe 5
475
5
jgj-ehf 9
caa-ehf 3
fag-ehf 9
hgh-ehf 9
cac-ehf 6
476
3
hda-ehg 10
edf-ehg 19
bdgh-ehg 8
477
5
dad-ehh 3
dcc-ehh 1
gcc-ehh 3
had-ehh 1
ecf-ehh 30
478
3
jfd-ehi 33
fef-ehi 1
bbeg-ehi 4
479
4
hbj-ehj 7
baeh-ehj 1
bcgj-ehj 19
eci-ehj 11
480
5
ddb-eia 10
efb-eia 3
bfa-eia 10
efc-eia 7
cjj-eia 7
481
2
iih-eib 28
bbbe-eib 10
482
3
fhi-eic 1
bdfb-eic 23
bfef-eic 14
483
6
hc-eid 4
bdg-eid 10
fbg-eid 1
ejg-eid 1
bddi-eid 4
bfhj-eid 16
484
5
gbb-eie 20
baf-eie 2
gcf-eie 2
bbaf-eie 1
ffj-eie 13
485
4
djj-eif 3
daa-eif 7
fdf-eif 25
hac-eif 3
486
4
ede-eig 4
edi-eig 10
fdf-eig 6
bfeh-eig 18
487
5
efh-eih 6
cag-eih 9
jc-eih 3
ifi-eih 13
daa-eih 6
488
3
bgb-eii 3
cfd-eii 2
bfdi-eii 32
489
4
jae-eij 18
dfg-eij 5
ief-eij 4
dcc-eij 9
490
3
iaj-eja 4
hej-eja 2
babi-eja 33
491
3
cdi-ejb 1
ibd-ejb 31
bhc-ejb 6
492
6
bcbe-ejc 19
gji-ejc 1
ggd-ejc 9
eia-ejc 1
daj-ejc 3
hgb-ejc 3
493
2
iic-ejd 1
ige-ejd 38
494
6
bfj-eje 6
gic-eje 3
ebj-eje 7
cif-eje 4
ege-eje 3
iei-eje 12
495
3
bfja-ejf 32
bgb-ejf 5
ecf-ejf 1
496
4
chd-ejg 9
eb-ejg 1
ghb-ejg 1
feg-ejg 28
497
4
bbi-ejh 7
egb-ejh 15
iaa-ejh 7
idi-ejh 7
498
5
cgh-eji 6
cdd-eji 6
dih-eji 3
hfb-eji 12
d-eji 10
499
2
chf-ejj 35
hif-ejj 4
500
5
dfb-faa 1
deg-faa 4
dhg-faa 3
ice-faa 8
bbba-faa 22
501
2
dbf-fab 26
dda-fab 13
502
5
cbh-fac 1
cbi-fac 2
hdh-fac 3
bbii-fac 21
hbc-fac 11
503
4
bdjg-fad 4
fgd-fad 4
iej-fad 5
baei-fad 24
504
2
baba-fae 21
bdia-fae 17
505
3
ice-faf 3
bcja-faf 19
hid-faf 15
506
3
bahb-fag 1
dbf-fag 37
hcd-fag 1
507
2
bjf-fah 9
jbj-fah 29
508
5
bcj-fai 1
eff-fai 1
gdj-fai 1
fdh-fai 28
badj-fai 6
509
6
ggb-faj 14
fgi-faj 1
ghi-faj 1
iii-faj 2
bhe-faj 17
ga-faj 2
510
2
bbdb-fba 37
dii-fba 1
511
5
fic-fbb 1
fid-fbb 3
geh-fbb 1
jih-fbb 3
jgi-fbb 31
512
4
eeg-fbc 11
fej-fbc 8
ejh-fbc 8
baag-fbc 11
513
5
bih-fbd 9
eai-fbd 2
hej-fbd 9
ejj-fbd 1
jhc-fbd 16
514
3
bceh-fbe 33
fgi-fbe 2
bajc-fbe 2
515
1
jbh-fbf 39
516
2
edb-fbg 28
dff-fbg 11
517
6
fdh-fbh 14
fgb-fbh 4
hca-fbh 3
ib-fbh 1
bc-fbh 9
bcjg-fbh 6
518
5
ebf-fbi 10
cfg-fbi 3
eah-fbi 3
dcc-fbi 1
bjb-fbi 20
519
3
hdc-fbj 33
fch-fbj 1
beig-fbj 1
520
5
dce-fca 2
gaj-fca 16
bcie-fca 1
bccg-fca 15
jib-fca 4
521
4
bhb-fcb 1
h-fcb 1
bcdf-fcb 32
hbb-fcb 4
522
4
bfca-fcc 30
gbd-fcc 3
gic-fcc 3
fjh-fcc 1
523
1
cba-fcd 37
524
2
gia-fce 7
baec-fce 31
525
6
baib-fcf 8
ehe-fcf 22
ebi-fcf 4
bff-fcf 1
cgf-fcf 1
cce-fcf 1
526
4
gcc-fcg 34
bbe-fcg 1
bcah-fcg 1
eig-fcg 1
527
5
bcee-fch 7
ecb-fch 11
fcf-fch 3
eae-fch 11
beaj-fch 3
528
5
fhg-fci 1
iba-fci 12
dei-fci 2
dfh-fci 12
bbea-fci 8
529
6
egd-fcj 5
ffb-fcj 7
ghc-fcj 7
fcg-fcj 2
hge-fcj 13
heb-fcj 2
530
5
bhj-fda 1
edf-fda 7
bhi-fda 7
cfd-fda 9
bbbd-fda 13
531
2
eha-fdb 35
def-fdb 3
532
6
bahi-fdc 22
dad-fdc 2
cif-fdc 7
eg-fdc 1
bbjb-fdc 2
dhh-fdc 5
533
6
eaf-fdd 1
hid-fdd 3
bfha-fdd 2
bei-fdd 1
baei-fdd 16
edd-fdd 12
534
3
egb-fde 17
fih-fde 5
jj-fde 17
535
5
fbj-fdf 1
cgg-fdf 2
gdc-fdf 4
fdg-fdf 3
ibe-fdf 27
536
5
bhi-fdg 1
gje-fdg 2
gbh-fdg 3
bach-fdg 21
bdhg-fdg 9
537
6
bcjh-fdh 1
deb-fdh 24
cdc-fdh 2
cjd-fdh 2
ffa-fdh 5
hjd-fdh 1
538
2
bh-fdi 1
jii-fdi 38
539
2
bdfh-fdj 35
hbh-fdj 4
540
3
bbia-fea 16
bceb-fea 5
bdcd-fea 17
541
3
ieb-feb 25
ibd-feb 5
dfh-feb 6
542
2
bfcg-fec 34
bfij-fec 4
543
3
hdi-fed 21
fdh-fed 1
bbhb-fed 14
544
5
fff-fee 3
be-fee 1
ihf-fee 9
bbaa-fee 15
ecb-fee 9
545
3
je-fef 5
bbfh-fef 1
bfdg-fef 31
546
2
hgh-feg 36
bcgj-feg 1
547
5
djg-feh 28
bch-feh 2
bbdc-feh 1
hei-feh 6
chc-feh 1
548
4
ffc-fei 1
eeg-fei 3
bcgi-fei 2
begd-fei 31
549
4
eji-fej 3
gcg-fej 13
hhe-fej 9
dfe-fej 13
550
3
bfef-ffa 21
idb-ffa 5
gch-ffa 11
551
5
cfd-ffb 2
dab-ffb 19
ica-ffb 10
i-ffb 2
jfe-ffb 3
552
4
bdj-ffc 2
ejg-ffc 1
bgc-ffc 7
hbb-ffc 29
553
3
jaf-ffd 1
dij-ffd 35
eia-ffd 2
554
2
baba-ffe 9
hdc-ffe 30
555
6
hfd-fff 11
edi-fff 3
fgj-fff 2
jbf-fff 5
baae-fff 10
baj-fff 5
556
1
ffi-ffg 39
557
2
e-ffh 37
fja-ffh 1
558
5
cdj-ffi 10
fed-ffi 1
gaj-ffi 3
bcdd-ffi 16
cif-ffi 7
559
4
dfd-ffj 4
gih-ffj 4
gfi-ffj 24
baid-ffj 6
560
5
igi-fga 3
bhe-fga 18
cie-fga 2
gei-fga 4
eae-fga 9
561
2
gff-fgb 37
dba-fgb 1
562
4
dbd-fgc 2
cjb-fgc 1
dgd-fgc 1
bagf-fgc 33
563
5
dij-fgd 2
ffa-fgd 2
fb-fgd 1
bfff-fgd 9
bfic-fgd 22
564
2
gjf-fge 38
ibf-fge 1
565
2
def-fgf 11
ha-fgf 27
566
2
bih-fgg 15
ice-fgg 23
567
3
dbh-fgh 7
jcf-fgh 23
jjf-fgh 8
568
2
dfg-fgi 37
eeh-fgi 1
569
2
bdc-fgj 3
ghj-fgj 35
570
3
bfig-fha 1
bfi-fha 4
fhc-fha 33
571
2
beeb-fhb 8
bfcb-fhb 30
572
3
bgea-fhc 1
bbi-fhc 2
bfed-fhc 34
573
4
dgi-fhd 3
dea-fhd 3
cih-fhd 17
hic-fhd 13
574
5
dic-fhe 3
ebh-fhe 15
gge-fhe 4
hci-fhe 12
jbe-fhe 4
575
2
gad-fhf 29
ffb-fhf 9
576
4
bbfh-fhg 22
da-fhg 3
fjc-fhg 12
jbb-fhg 1
577
1
cba-fhh 39
578
3
bja-fhi 26
jcb-fhi 8
bcgj-fhi 4
579
5
ii-fhj 11
fgf-fhj 1
gaj-fhj 3
fag-fhj 15
bgde-fhj 5
580
2
gcc-fia 32
hga-fia 5
581
3
gjb-fib 3
fgb-fib 32
bag-fib 3
582
3
bgaj-fic 24
cea-fic 12
hgg-fic 1
583
3
bbaa-fid 33
cih-fid 4
gif-fid 1
584
3
efe-fie 23
ffb-fie 1
bccf-fie 14
585
3
ibj-fif 4
bfcg-fif 8
gge-fif 26
586
6
bjc-fig 1
gfa-fig 1
eib-fig 18
dec-fig 7
ejg-fig 6
bfj-fig 4
587
3
ed-fih 7
id-fih 23
bcc-fih 7
588
4
haf-fii 5
bagb-fii 15
gde-fii 11
bcfh-fii 6
589
3
fdf-fij 7
ebj-fij 23
bdfi-fij 7
590
3
cih-fja 1
bhf-fja 1
edj-fja 37
591
5
cij-fjb 1
caa-fjb 1
hae-fjb 19
gef-fjb 12
bggb-fjb 2
592
2
hdf-fjc 3
cie-fjc 34
593
2
ecc-fjd 7
cif-fjd 31
594
4
fba-fje 11
hdj-fje 1
hci-fje 13
bbac-fje 13
595
3
fhc-fjf 14
jhf-fjf 9
bahg-fjf 14
596
2
bcfe-fjg 35
bhg-fjg 4
597
6
fdf-fjh 2
ei-fjh 2
babb-fjh 2
ddd-fjh 2
baij-fjh 19
g-fjh 8
598
7
bddi-fji 2
fij-fji 3
ejc-fji 3
ehf-fji 1
iga-fji 10
cdf-fji 3
jbi-fji 14
599
3
ddi-fjj 8
bbg-fjj 24
gj-fjj 6
600
1
bacj-gaa 38
601
1
gdh-gab 39
602
1
cca-gac 39
603
5
bdfe-gad 22
bf-gad 1
bjc-gad 1
hij-gad 11
jjh-gad 2
604
7
ceb-gae 1
bd-gae 4
jci-gae 3
hca-gae 6
bfi-gae 16
eig-gae 1
ghc-gae 6
605
1
bjh-gaf 39
606
5
jij-gag 11
dgc-gag 11
dff-gag 3
bahg-gag 7
bcba-gag 3
607
5
iaf-gah 25
cjc-gah 2
fac-gah 5
cdd-gah 3
ici-gah 2
608
2
daa-gai 13
gff-gai 26
609
2
di-gaj 33
bcde-gaj 5
610
4
hgc-gba 1
bbge-gba 21
fdi-gba 1
bbib-gba 14
611
5
bfjj-gbb 9
eja-gbb 16
cgb-gbb 5
dhf-gbb 7
becb-gbb 1
612
6
bbh-gbc 2
ga-gbc 1
baab-gbc 26
bej-gbc 1
bbhc-gbc 5
hb-gbc 4
613
4
gca-gbd 2
fcb-gbd 17
cg-gbd 3
bbcd-gbd 17
614
1
bgfd-gbe 39
615
4
bdcf-gbf 10
fgd-gbf 10
bbeh-gbf 6
ccj-gbf 12
616
4
dga-gbg 4
hhb-gbg 5
bbcb-gbg 7
dhh-gbg 21
617
3
ff-gbh 33
dje-gbh 4
ejj-gbh 1
618
5
ej-gbi 2
dbi-gbi 2
ifc-gbi 15
bacg-gbi 3
bbeh-gbi 14
619
4
gch-gbj 4
eaa-gbj 1
jej-gbj 2
bbfi-gbj 31
620
7
ddd-gca 4
gfd-gca 4
hbg-gca 12
iid-gca 2
haj-gca 9
jig-gca 2
bbfc-gca 2
621
4
cab-gcb 12
bafh-gcb 2
jca-gcb 1
bfbd-gcb 21
622
6
baee-gcc 2
baad-gcc 1
bbii-gcc 1
ejb-gcc 1
bafc-gcc 13
cdh-gcc 18
623
4
ja-gcd 2
egf-gcd 30
bbjd-gcd 4
bgbi-gcd 2
624
3
fai-gce 23
dhb-gce 7
bdfi-gce 7
625
3
daf-gcf 5
cgj-gcf 18
baii-gcf 15
626
4
chg-gcg 1
hgd-gcg 3
cce-gcg 1
ijg-gcg 31
627
4
eja-gch 1
cih-gch 3
fjh-gch 1
bdc-gch 32
628
4
bga-gci 7
gid-gci 1
cea-gci 9
igb-gci 21
629
2
ebb-gcj 32
ged-gcj 7
630
2
bdcf-gda 9
ihh-gda 30
631
2
bbg-gdb 1
eah-gdb 37
632
5
cah-gdc 7
gbe-gdc 5
ifc-gdc 14
igj-gdc 4
babf-gdc 7
633
4
dgb-gdd 9
hfi-gdd 4
efh-gdd 4
bcag-gdd 21
634
3
gah-gde 1
baeb-gde 27
cdd-gde 7
635
4
bhc-gdf 2
gfe-gdf 15
hjh-gdf 1
bchf-gdf 20
636
4
bajh-gdg 2
db-gdg 1
hag-gdg 7
bddj-gdg 27
637
1
jci-gdh 38
638
1
jcc-gdi 39
639
3
gjg-gdj 28
cei-gdj 2
dib-gdj 9
640
5
edi-gea 7
eaa-gea 6
jh-gea 1
cda-gea 2
dea-gea 21
641
5
eff-geb 1
fcb-geb 1
hfa-geb 3
hhd-geb 26
begg-geb 6
642
2
ffc-gec 7
ihd-gec 31
643
1
bdbj-ged 39
644
1
dda-gee 39
645
3
bdgj-gef 6
gfh-gef 1
dfi-gef 31
646
4
bfcj-geg 21
baaa-geg 3
cie-geg 10
gaj-geg 5
647
2
iai-geh 1
jg-geh 37
648
3
iba-gei 11
daf-gei 22
ffa-gei 5
649
5
bge-gej 1
gda-gej 1
hgi-gej 22
fec-gej 12
cab-gej 1
650
2
hbc-gfa 19
bgeg-gfa 19
651
1
jhj-gfb 38
652
4
bcb-gfc 14
ccf-gfc 2
baha-gfc 14
bche-gfc 9
653
3
gch-gfd 10
hjb-gfd 1
bdbg-gfd 27
654
3
baci-gfe 35
bif-gfe 2
hfa-gfe 1
655
3
idi-gff 34
ehe-gff 2
egf-gff 1
656
4
cef-gfg 1
chc-gfg 1
jaj-gfg 1
bahh-gfg 34
657
4
bi-gfh 2
ffb-gfh 8
iga-gfh 17
jaj-gfh 11
658
2
ech-gfi 1
becd-gfi 37
659
1
bdba-gfj 39
660
3
bhe-gga 36
hhe-gga 1
gbc-gga 1
661
4
bee-ggb 9
eae-ggb 26
igf-ggb 1
bej-ggb 1
662
2
id-ggc 9
bgae-ggc 30
663
4
jhh-ggd 28
djj-ggd 5
igd-ggd 4
cjh-ggd 1
664
6
efd-gge 25
bfid-gge 2
ehc-gge 2
bdc-gge 3
beai-gge 1
ifg-gge 1
665
5
hab-ggf 2
feh-ggf 5
ibj-ggf 1
jfj-ggf 28
bcdj-ggf 2
666
2
die-ggg 1
dij-ggg 37
667
1
cab-ggh 39
668
3
bfc-ggi 8
cbc-ggi 1
cgh-ggi 29
670
3
gdh-gha 12
ifc-gha 21
gii-gha 4
671
5
bgef-ghb 4
bbff-ghb 2
bbfg-ghb 15
idb-ghb 11
bgae-ghb 6
672
5
fhi-ghc 6
cib-ghc 7
begg-ghc 1
beid-ghc 17
bch-ghc 5
673
3
did-ghd 6
egj-ghd 30
bae-ghd 2
674
3
cji-ghe 15
ccb-ghe 12
ggg-ghe 12
675
1
ggb-ghf 39
676
4
fhb-ghg 25
dhh-ghg 4
cej-ghg 7
fdj-ghg 2
677
3
bacj-ghh 5
fdi-ghh 2
cbc-ghh 31
678
3
hai-ghi 5
cic-ghi 3
daf-ghi 30
679
3
bcbc-ghj 34
fcd-ghj 2
hec-ghj 1
680
4
ccg-gia 1
ied-gia 10
hbf-gia 12
egg-gia 14
681
1
bbhf-gib 39
682
5
fed-gic 5
gge-gic 2
bjc-gic 2
bbga-gic 2
dhi-gic 28
683
1
cjj-gid 39
684
2
iih-gie 34
ici-gie 5
685
4
jea-gif 8
hge-gif 26
bcdi-gif 1
bcig-gif 3
686
4
cec-gig 7
bbe-gig 7
gj-gig 7
ijf-gig 15
687
3
baai-gih 1
die-gih 7
badc-gih 29
688
3
baab-gii 30
cgf-gii 1
ib-gii 8
689
5
ehf-gij 5
bei-gij 10
fgh-gij 2
ibd-gij 18
ehh-gij 4
690
2
ecd-gja 35
bajc-gja 4
691
1
ebc-gjb 39
692
3
hji-gjc 9
gbe-gjc 16
behb-gjc 13
693
1
gad-gjd 39
694
4
b-gje 2
eca-gje 2
bhc-gje 25
bbdf-gje 9
695
3
dig-gjf 12
hdh-gjf 5
ieg-gjf 21
696
5
egg-gjg 4
bbic-gjg 6
bdda-gjg 10
behg-gjg 13
bfb-gjg 3
697
2
cbg-gjh 34
dfd-gjh 4
698
2
ghe-gji 26
bbgf-gji 13
699
4
iii-gjj 28
cg-gjj 2
fbi-gjj 2
hhe-gjj 6
700
4
bcea-haa 21
bjj-haa 10
dg-haa 3
dbe-haa 4
701
3
bcfg-hab 18
gc-hab 10
fij-hab 10
702
4
gid-hac 3
gdb-hac 21
eif-hac 3
bcbg-hac 12
703
1
iec-had 39
704
5
ije-hae 1
idb-hae 2
chi-hae 12
bbic-hae 18
hea-hae 4
705
1
jda-haf 39
706
6
dfg-hag 1
dic-hag 3
hje-hag 23
bcgb-hag 5
beje-hag 2
ecj-hag 2
707
2
efj-hah 9
fda-hah 29
708
3
bfh-hai 1
hfh-hai 29
bce-hai 7
709
1
bdjj-haj 39
710
2
bdbi-hba 27
bega-hba 11
711
4
eee-hbb 3
cfb-hbb 8
cgj-hbb 4
fac-hbb 23
712
2
ffc-hbc 19
jdg-hbc 19
713
3
eij-hbd 2
bei-hbd 3
bdff-hbd 32
714
2
fc-hbe 24
fji-hbe 15
715
3
jf-hbf 5
fcf-hbf 31
dga-hbf 2
716
5
gde-hbg 8
ife-hbg 10
egh-hbg 4
jh-hbg 3
bdjf-hbg 12
717
2
babe-hbh 26
ci-hbh 12
718
2
egd-hbi 12
jfh-hbi 27
719
2
jge-hbj 9
bedf-hbj 30
720
5
hcf-hca 7
cib-hca 4
jid-hca 6
ead-hca 4
ibe-hca 13
721
3
bahd-hcb 37
bdfa-hcb 1
ffe-hcb 1
722
2
iee-hcc 15
cie-hcc 23
723
3
jee-hcd 29
bgi-hcd 7
bdhb-hcd 1
724
5
beaf-hce 5
eab-hce 7
dha-hce 1
ejf-hce 12
bchf-hce 11
725
5
gad-hcf 24
cih-hcf 2
b-hcf 6
hhc-hcf 2
bbae-hcf 3
726
4
ibf-hcg 22
ja-hcg 6
jjg-hcg 1
baed-hcg 10
727
4
fci-hch 13
jcb-hch 4
gdg-hch 16
ghe-hch 4
728
5
geh-hci 7
baef-hci 1
bdff-hci 7
fbf-hci 2
ggi-hci 19
729
4
jd-hcj 1
eec-hcj 11
ejb-hcj 1
bbgd-hcj 24
730
4
dec-hda 18
ffb-hda 13
ea-hda 1
idc-hda 6
731
2
bejg-hdb 9
bfhg-hdb 29
732
4
cbi-hdc 1
jbf-hdc 11
bdac-hdc 10
befb-hdc 16
733
4
ejb-hdd 1
bdg-hdd 34
cih-hdd 1
bcf-hdd 1
734
2
bbjf-hde 10
jfh-hde 28
735
4
gbh-hdf 9
bbha-hdf 21
dci-hdf 6
bcfg-hdf 1
736
2
fjc-hdg 37
dac-hdg 1
737
3
fec-hdh 25
ihb-hdh 12
baga-hdh 1
738
3
beah-hdi 35
bic-hdi 1
iae-hdi 2
739
4
bci-hdj 1
eci-hdj 11
haa-hdj 23
jbj-hdj 2
740
6
befg-hea 15
fdf-hea 6
jjg-hea 2
djb-hea 9
bdfd-hea 2
bcji-hea 1
741
2
fab-heb 3
icg-heb 35
742
4
fai-hec 5
bdda-hec 5
bdhc-hec 21
bfjg-hec 7
743
3
ffe-hed 10
bcbg-hed 25
bfei-hed 3
744
2
gbf-hee 11
bfhd-hee 27
745
2
bjd-hef 33
bfch-hef 4
746
3
ceb-heg 1
bcdd-heg 35
fid-heg 1
747
4
hii-heh 27
ggc-heh 4
ed-heh 1
dcb-heh 6
748
3
ie-hei 2
fad-hei 11
if-hei 25
749
4
bgbd-hej 16
gcc-hej 2
cec-hej 13
ccd-hej 7
750
5
dgc-hfa 18
jga-hfa 2
jhg-hfa 5
bdi-hfa 2
befe-hfa 10
751
5
egc-hfb 3
icd-hfb 19
gc-hfb 5
beh-hfb 3
bff-hfb 8
752
3
gab-hfc 5
gjh-hfc 25
bcdc-hfc 9
753
4
bcec-hfd 4
ddc-hfd 2
bad-hfd 7
eih-hfd 24
754
4
gac-hfe 2
dfb-hfe 1
bahd-hfe 24
ejg-hfe 12
755
3
hge-hff 15
bacc-hff 15
bbci-hff 7
756
2
bbac-hfg 38
gfd-hfg 1
757
4
bbaj-hfh 2
ihf-hfh 4
ede-hfh 30
ibb-hfh 1
758
2
eci-hfi 1
beih-hfi 37
759
3
bfhi-hfj 33
gaa-hfj 4
jfc-hfj 1
760
2
bbg-hga 33
fdb-hga 6
761
6
iaj-hgb 3
bdf-hgb 4
gcc-hgb 5
dfj-hgb 3
hfc-hgb 16
bccd-hgb 5
762
4
dej-hgc 2
hje-hgc 18
fea-hgc 4
fia-hgc 13
763
2
bedb-hgd 16
bbfa-hgd 23
764
2
efg-hge 3
beff-hge 36
765
4
bci-hgf 1
fea-hgf 5
icd-hgf 11
bafe-hgf 20
766
3
ddc-hgg 10
baib-hgg 14
ehf-hgg 14
767
2
dej-hgh 38
deg-hgh 1
768
3
baai-hgi 1
cdb-hgi 7
baja-hgi 30
769
1
bbjj-hgj 39
770
5
ii-hha 3
ihj-hha 22
hdd-hha 5
bi-hha 2
baad-hha 4
771
5
fj-hhb 1
dfa-hhb 6
bbaa-hhb 19
bbaj-hhb 2
gfa-hhb 9
772
2
fhc-hhc 1
beff-hhc 37
773
2
gaa-hhd 34
bdec-hhd 4
774
5
gja-hhe 2
fcd-hhe 1
dji-hhe 3
eff-hhe 26
bdfa-hhe 5
775
4
ed-hhf 1
dag-hhf 5
bafj-hhf 16
bcf-hhf 16
776
4
bcd-hhg 1
hbb-hhg 11
ga-hhg 1
dgd-hhg 23
777
2
ebd-hhh 15
haa-hhh 23
778
2
dcj-hhi 1
bdci-hhi 38
779
4
jec-hhj 7
bfag-hhj 24
beb-hhj 3
hie-hhj 2
780
3
dbf-hia 3
bbie-hia 6
jdd-hia 29
781
2
bbi-hib 36
bbfb-hib 2
782
3
bgcf-hic 29
dhd-hic 5
dcc-hic 4
783
1
bgdg-hid 39
784
2
bjg-hie 7
bgbb-hie 31
785
3
fje-hif 17
cii-hif 9
ggc-hif 12
786
3
gb-hig 1
fig-hig 34
che-hig 3
787
5
ddh-hih 28
eii-hih 1
iaf-hih 6
bfg-hih 2
bdbe-hih 1
788
3
djb-hii 1
jaj-hii 1
cgi-hii 36
789
6
fj-hij 1
hag-hij 2
dif-hij 13
bbbd-hij 1
jff-hij 3
bji-hij 17
790
2
fae-hja 22
gbd-hja 16
791
2
cfh-hjb 37
cbb-hjb 1
792
2
bbfi-hjc 18
bfhe-hjc 18
793
1
fef-hjd 39
794
2
bdja-hje 24
fgj-hje 15
795
2
beji-hjf 6
edj-hjf 32
796
7
jdh-hjg 3
cfa-hjg 11
gci-hjg 5
eda-hjg 5
igd-hjg 1
jgg-hjg 6
gdj-hjg 5
797
2
caj-hjh 28
bcg-hjh 11
798
1
hfj-hji 38
799
6
bgc-hjj 2
fe-hjj 1
bace-hjj 2
fgd-hjj 16
gah-hjj 15
cjf-hjj 1
800
2
jcg-iaa 17
dhc-iaa 21
801
3
cdh-iab 1
ech-iab 32
bdbh-iab 5
802
3
eic-iac 6
hbi-iac 25
hia-iac 7
803
5
cba-iad 3
d-iad 4
jcd-iad 1
cgd-iad 28
dd-iad 1
804
2
cdf-iae 36
bcd-iae 2
805
3
ejf-iaf 2
gjf-iaf 33
ecj-iaf 2
806
3
bage-iag 36
ihd-iag 1
ejg-iag 1
807
2
fei-iah 7
dad-iah 32
808
2
dje-iai 35
beja-iai 2
809
3
gbh-iaj 3
gci-iaj 5
bddg-iaj 31
810
4
bbbj-iba 1
bcb-iba 5
bafb-iba 16
bbba-iba 16
811
2
iha-ibb 37
bead-ibb 2
812
2
egb-ibc 11
bbgf-ibc 28
813
2
bgcj-ibd 28
bdhd-ibd 11
814
2
fba-ibe 14
bbcc-ibe 24
815
3
bffh-ibf 19
dih-ibf 12
dje-ibf 7
816
4
efj-ibg 1
ceb-ibg 3
fhg-ibg 25
bafg-ibg 7
817
2
eja-ibh 16
babb-ibh 22
818
4
fii-ibi 3
bjc-ibi 9
jib-ibi 3
fdi-ibi 22
819
4
bbcd-ibj 8
hae-ibj 2
bbdb-ibj 10
dfd-ibj 18
820
5
dgi-ica 10
becf-ica 22
jde-ica 1
bcfh-ica 4
edc-ica 2
821
1
hfi-icb 38
822
2
fdh-icc 19
edb-icc 19
823
4
hj-icd 19
jaa-icd 2
hcd-icd 4
jaj-icd 13
824
2
ehd-ice 37
jfh-ice 1
825
4
cih-icf 4
dbb-icf 6
bcha-icf 1
fce-icf 27
826
3
bjj-icg 31
gcg-icg 1
bcdi-icg 6
827
2
djd-ich 2
beei-ich 37
828
3
jc-ici 37
dfa-ici 1
cj-ici 1
829
2
jie-icj 36
hbe-icj 3
830
2
bcfd-ida 35
hee-ida 2
831
6
ghi-idb 13
fce-idb 6
cdh-idb 2
bach-idb 12
bfjd-idb 1
cii-idb 2
832
2
gjg-idc 36
iij-idc 2
833
4
bfda-idd 28
fj-idd 3
bbah-idd 5
fih-idd 2
834
1
fgc-ide 39
835
4
dh-idf 16
jhi-idf 1
efa-idf 9
dii-idf 10
836
3
dhd-idg 32
bfi-idg 6
bagf-idg 1
837
3
bad-idh 13
gdg-idh 13
hhg-idh 13
838
3
bgfa-idi 26
ech-idi 9
bbdd-idi 2
839
2
bcc-idj 20
fdj-idj 18
840
2
bij-iea 2
bebf-iea 37
841
3
fhb-ieb 30
bdaj-ieb 1
bbie-ieb 7
842
2
hfg-iec 37
bbca-iec 1
843
4
jac-ied 16
bbid-ied 19
hhb-ied 2
bche-ied 1
844
3
efc-iee 16
baje-iee 16
bdcd-iee 6
845
4
ea-ief 2
hag-ief 4
bfc-ief 18
bbah-ief 15
846
4
ffh-ieg 7
hcd-ieg 4
fjj-ieg 2
idd-ieg 24
847
3
caj-ieh 3
bge-ieh 2
bchj-ieh 32
848
4
efg-iei 16
hgi-iei 16
behf-iei 3
bcgb-iei 2
849
1
bbh-iej 39
850
4
ccc-ifa 9
hcf-ifa 22
bbbi-ifa 5
bdbe-ifa 1
851
2
dfh-ifb 24
bagh-ifb 13
852
5
ejj-ifc 3
bchg-ifc 27
cee-ifc 1
gfa-ifc 1
jid-ifc 5
853
2
cf-ifd 11
bbhd-ifd 27
854
2
dad-ife 10
hjf-ife 28
855
5
fb-iff 1
bjb-iff 1
jgf-iff 3
cgi-iff 1
efe-iff 32
856
2
bgeb-ifg 24
be-ifg 14
857
3
baga-ifh 6
baai-ifh 7
cid-ifh 25
858
2
bcci-ifi 29
badf-ifi 9
859
1
chb-ifj 39
860
2
gfj-iga 6
ebb-iga 33
861
2
gb-igb 1
cif-igb 38
862
2
eaf-igc 5
bcgi-igc 33
863
3
ife-igd 14
ggg-igd 22
hfd-igd 3
864
3
dbi-ige 3
hjc-ige 29
dbj-ige 7
865
1
egi-igf 39
866
1
babd-igg 39
867
1
hag-igh 39
868
3
gag-igi 2
bcbj-igi 19
bbg-igi 17
869
3
dde-igj 8
jba-igj 18
bdie-igj 12
870
3
hgf-iha 5
jfa-iha 2
bcdj-iha 30
871
2
eii-ihb 3
bbcj-ihb 36
872
3
eba-ihc 5
jfd-ihc 5
ehj-ihc 29
873
2
bbdd-ihd 18
behh-ihd 20
874
3
hdi-ihe 13
hdj-ihe 3
hdg-ihe 23
875
4
bbad-ihf 31
eh-ihf 1
ijj-ihf 3
bfcc-ihf 2
876
3
gbf-ihg 3
cdj-ihg 13
gij-ihg 21
877
3
eef-ihh 2
cib-ihh 29
gih-ihh 7
878
1
bdgf-ihi 37
879
2
caf-ihj 30
cef-ihj 9
880
2
fgb-iia 36
fid-iia 2
881
4
id-iib 7
bafa-iib 1
baeb-iib 29
chd-iib 1
882
4
jje-iic 17
iie-iic 3
fag-iic 17
gfa-iic 1
883
4
cej-iid 4
ffa-iid 25
iae-iid 7
bfei-iid 2
884
5
cbb-iie 4
bec-iie 4
jee-iie 13
bgc-iie 2
bejf-iie 15
885
2
hif-iif 16
bbei-iif 23
886
3
hcg-iig 35
hjb-iig 1
ddg-iig 2
887
1
hbj-iih 39
888
1
bbib-iii 39
889
1
baaa-iij 39
890
3
dbj-ija 15
iaa-ija 15
bcfe-ija 7
891
1
ega-ijb 39
892
4
bbf-ijc 11
hg-ijc 8
cgi-ijc 14
bcij-ijc 5
893
3
hfi-ijd 4
gdh-ijd 1
beda-ijd 34
894
3
beef-ije 27
bef-ije 2
bbbj-ije 9
895
2
hei-ijf 4
bj-ijf 34
896
2
ig-ijg 1
behi-ijg 38
897
2
hhg-ijh 10
bii-ijh 29
898
1
gd-iji 39
899
2
cff-ijj 9
iaf-ijj 30
900
3
cf-jaa 2
jbg-jaa 3
bbjh-jaa 34
901
3
djh-jab 4
baej-jab 9
gbe-jab 24
902
5
ghg-jac 9
hca-jac 5
ejj-jac 8
ibb-jac 8
bgg-jac 7
903
3
djc-jad 3
bcij-jad 31
dgj-jad 3
904
3
cja-jae 3
ee-jae 1
bbih-jae 35
905
2
bgd-jaf 8
bdig-jaf 31
906
3
cg-jag 13
cbc-jag 22
bdij-jag 3
907
3
fie-jah 5
bchh-jah 17
baia-jah 15
908
5
gbj-jai 16
hah-jai 1
efa-jai 4
bbbg-jai 14
bffi-jai 2
909
2
iic-jaj 2
ebd-jaj 37
910
3
gej-jba 31
cgd-jba 3
bdef-jba 5
911
2
gjc-jbb 15
dhg-jbb 24
912
2
gbg-jbc 7
jca-jbc 32
913
3
bfad-jbd 19
dij-jbd 13
bgh-jbd 7
914
3
de-jbe 8
fbj-jbe 26
bbig-jbe 4
915
4
gfg-jbf 2
bedi-jbf 33
hai-jbf 2
cc-jbf 1
916
3
baie-jbg 14
ehd-jbg 20
bdid-jbg 4
917
3
bji-jbh 1
babf-jbh 18
dbd-jbh 19
918
1
bdcc-jbi 39
919
5
ieg-jbj 3
hdc-jbj 10
jhb-jbj 7
ejd-jbj 10
daa-jbj 7
920
4
idf-jca 7
jde-jca 1
jfg-jca 28
fdh-jca 2
921
4
faj-jcb 16
gae-jcb 14
ihh-jcb 2
hhf-jcb 6
922
3
fjg-jcc 2
fej-jcc 4
gfb-jcc 32
923
4
jcc-jcd 15
ied-jcd 3
bagh-jcd 2
hgh-jcd 18
924
1
bafi-jce 39
925
3
igj-jcf 27
djc-jcf 6
ghe-jcf 5
926
1
ggg-jcg 38
927
1
hhh-jch 39
928
2
bfbf-jci 30
gih-jci 8
930
2
bgdf-jda 1
bdig-jda 38
931
5
bbaj-jdb 2
jji-jdb 2
cgf-jdb 11
hge-jdb 15
jhc-jdb 7
932
3
hbh-jdc 5
gdh-jdc 26
jc-jdc 7
933
3
dic-jdd 9
dhc-jdd 27
ffh-jdd 2
934
3
bi-jde 35
bcjb-jde 1
bdgi-jde 1
936
7
ibi-jdg 7
fbf-jdg 1
dhj-jdg 16
gea-jdg 5
bhb-jdg 5
bh-jdg 1
cjh-jdg 2
937
1
ea-jdh 39
938
1
dfb-jdi 39
939
4
ja-jdj 2
eic-jdj 7
jfj-jdj 28
dhb-jdj 2
940
1
ije-jea 39
941
1
jad-jeb 39
942
5
badg-jec 6
ehc-jec 18
bgb-jec 1
dae-jec 6
bdfg-jec 6
943
1
djc-jed 39
944
2
cfg-jee 1
hjb-jee 36
945
3
bbje-jef 12
badj-jef 22
fad-jef 4
946
2
bbj-jeg 35
baib-jeg 3
947
3
ddj-jeh 12
bafe-jeh 4
bgdb-jeh 22
948
2
eff-jei 26
jja-jei 13
949
2
dch-jej 19
ehb-jej 19
950
4
fdj-jfa 19
bhe-jfa 10
iec-jfa 6
chb-jfa 2
951
3
cge-jfb 5
bbdb-jfb 9
ebb-jfb 25
952
2
cgh-jfc 5
jgb-jfc 34
953
2
fbd-jfd 10
babc-jfd 29
954
2
bfgb-jfe 34
c-jfe 4
955
2
egg-jff 22
bfeb-jff 16
956
3
fic-jfg 1
bccb-jfg 20
ega-jfg 17
957
4
fdf-jfh 6
bffj-jfh 4
gfb-jfh 27
eij-jfh 1
958
3
dii-jfi 1
bbj-jfi 17
befa-jfi 20
959
2
bcc-jfj 1
bdhe-jfj 37
960
3
fdf-jga 1
bagg-jga 1
bfcd-jga 36
961
1
ecd-jgb 39
962
5
babj-jgc 6
ibd-jgc 21
ied-jgc 7
bba-jgc 2
cfa-jgc 1
963
1
ghb-jgd 39
964
5
dda-jge 1
bagf-jge 2
gbf-jge 2
bedj-jge 7
bcgj-jge 26
965
5
i-jgf 24
fbf-jgf 1
hhj-jgf 10
fjd-jgf 1
bhg-jgf 2
966
3
cfd-jgg 4
bajc-jgg 15
heh-jgg 19
967
2
dfc-jgh 22
jcb-jgh 17
968
1
iae-jgi 39
970
3
bea-jha 1
ghd-jha 16
jia-jha 21
971
1
ejg-jhb 39
972
4
eej-jhc 25
ced-jhc 7
gga-jhc 2
hei-jhc 4
973
2
geb-jhd 4
gba-jhd 35
974
3
bbai-jhe 26
jae-jhe 9
jih-jhe 3
975
3
bajj-jhf 25
fch-jhf 2
behe-jhf 11
976
2
fbi-jhg 6
hde-jhg 33
977
3
gab-jhh 7
gej-jhh 2
bfia-jhh 29
978
3
fca-jhi 1
bagi-jhi 8
bcj-jhi 30
979
1
eei-jhj 39
980
5
baac-jia 3
bje-jia 2
bded-jia 23
ecc-jia 4
ddg-jia 3
981
4
iac-jib 18
bab-jib 7
gda-jib 3
bjf-jib 10
982
2
igj-jic 35
hff-jic 4
983
4
jff-jid 12
cag-jid 3
bdgd-jid 3
bgfj-jid 20
984
3
hdb-jie 6
baih-jie 27
cij-jie 5
985
3
bb-jif 15
hah-jif 19
dge-jif 4
986
3
gha-jig 30
bbe-jig 2
bafi-jig 6
987
3
jhi-jih 7
gfi-jih 7
bfa-jih 25
988
2
cei-jii 4
ddf-jii 34
989
2
ge-jij 29
bah-jij 9
990
1
idh-jja 39
991
6
ihg-jjb 1
bdi-jjb 6
jif-jjb 3
hja-jjb 19
ieg-jjb 3
cjc-jjb 6
992
3
jhg-jjc 3
jbg-jjc 5
bcgb-jjc 30
993
1
daj-jjd 39
994
4
bbcg-jje 19
badd-jje 3
baig-jje 14
ej-jje 1
995
2
hja-jjf 32
ccf-jjf 6
996
2
efa-jjg 13
gfc-jjg 26
997
1
geh-jjh 39
998
2
hef-jji 36
j-jji 3
999
2
edg-jjj 1
bcci-jjj 37
1000
1
fgi-baaa 39
1001
4
jeg-baab 21
ifd-baab 12
bc-baab 1
efi-baab 3
1002
2
hig-baac 5
jbh-baac 34
1003
4
bbbh-baad 8
ehj-baad 2
jcd-baad 2
ceb-baad 27
1004
2
dib-baae 3
eje-baae 36
1005
2
baae-baaf 35
bdej-baaf 4
1006
3
cdc-baag 1
jci-baag 32
ffj-baag 4
1007
2
baef-baah 36
jab-baah 3
1008
4
dgd-baai 2
bacb-baai 11
baha-baai 21
igj-baai 4
1009
1
ceb-baaj 39
1010
4
dfi-baba 2
haj-baba 1
bbfb-baba 2
ehi-baba 34
1011
3
djh-babb 35
ggi-babb 2
edh-babb 1
1012
4
baif-babc 3
if-babc 7
jga-babc 2
beag-babc 25
1013
2
dfe-babd 35
gec-babd 4
1014
2
ebj-babe 34
ije-babe 4
1015
2
begj-babf 38
ceg-babf 1
1016
2
beba-babg 23
bdhd-babg 16
1017
2
cbg-babh 20
baia-babh 19
1018
2
cdb-babi 11
baij-babi 27
1019
3
bbcg-babj 17
fdc-babj 19
bfib-babj 2
1020
1
igh-baca 39
1021
5
bgbj-bacb 12
jg-bacb 10
heb-bacb 5
jce-bacb 1
bcje-bacb 9
1022
2
hbc-bacc 1
gdb-bacc 37
1023
1
jgf-bacd 39
1024
2
dhb-bace 17
bbcd-bace 22
1025
1
ifd-bacf 39
1026
2
cja-bacg 15
bgdb-bacg 23
1027
3
bih-bach 34
fdd-bach 1
baag-bach 3
1028
2
egi-baci 1
ejc-baci 38
1029
3
bada-bacj 2
iha-bacj 35
ibj-bacj 1
1030
4
bbcf-bada 13
hej-bada 8
gdb-bada 14
ecj-bada 3
1031
3
bddf-badb 8
bdf-badb 26
dcd-badb 4
1032
3
cad-badc 1
hfg-badc 4
ifg-badc 34
1033
3
jc-badd 1
bcac-badd 36
gh-badd 1
1034
1
ega-bade 39
1035
1
fgh-badf 39
1036
2
jhi-badg 22
bbbf-badg 17
1037
2
fhe-badh 9
bbgj-badh 29
1038
1
bbdi-badi 39
1039
4
ff-badj 1
ijj-badj 1
bbhf-badj 3
bjf-badj 34
1040
4
jgg-baea 1
cid-baea 4
he-baea 1
hdd-baea 32
1041
3
iag-baeb 3
bbaf-baeb 1
bdcj-baeb 34
1042
3
jha-baec 22
hbg-baec 12
jaa-baec 4
1043
1
djc-baed 39
1044
1
baeg-baee 39
1045
4
efd-baef 7
bdbf-baef 2
fi-baef 28
gj-baef 2
1046
3
bcef-baeg 22
hhd-baeg 7
jdc-baeg 8
1047
2
dfd-baeh 29
ihg-baeh 9
1048
3
bagg-baei 17
bcig-baei 20
bhc-baei 1
1049
2
bbhh-baej 23
bdfj-baej 16
1050
4
jdj-bafa 7
babe-bafa 14
cff-bafa 1
dgj-bafa 15
1051
3
baah-bafb 2
bbbd-bafb 9
gdg-bafb 26
1052
3
hii-bafc 32
gfg-bafc 2
bbef-bafc 4
1053
2
fei-bafd 2
cfa-bafd 37
1054
1
fdd-bafe 38
1055
1
bfif-baff 39
1056
1
fdd-bafg 39
1057
1
jbd-bafh 39
1058
4
bhj-bafi 21
chi-bafi 8
bbgf-bafi 1
bag-bafi 8
1059
1
hef-bafj 38
1060
2
bbag-baga 35
ded-baga 3
1061
1
fhb-bagb 39
1062
1
gie-bagc 39
1063
3
beg-bagd 7
hgd-bagd 28
ibg-bagd 4
1064
2
jfb-bage 3
jhf-bage 36
1065
2
bede-bagf 36
bgd-bagf 3
1066
3
hgb-bagg 8
baie-bagg 6
fcb-bagg 23
1067
5
cde-bagh 4
gje-bagh 12
ijg-bagh 5
cgf-bagh 12
eab-bagh 3
1068
3
ehh-bagi 2
ggh-bagi 2
bcac-bagi 34
1069
1
jhd-bagj 39
1070
2
bcgf-baha 11
bgcc-baha 28
1071
2
cgc-bahb 7
bgah-bahb 31
1072
1
hbg-bahc 39
1073
4
behd-bahd 1
efa-bahd 1
beij-bahd 5
dbb-bahd 30
1074
1
bcdi-bahe 39
1075
2
bagd-bahf 29
ffi-bahf 9
1076
1
gjc-bahg 39
1077
4
bedg-bahh 15
hea-bahh 6
bahg-bahh 17
jab-bahh 1
1078
4
hab-bahi 4
ceh-bahi 2
ghc-bahi 31
ia-bahi 1
1079
2
ghi-bahj 17
fbe-bahj 22
1080
2
jif-baia 1
bgg-baia 37
1081
2
iac-baib 24
hih-baib 15
1082
3
babi-baic 9
iaa-baic 19
bcgg-baic 9
1083
2
ib-baid 13
bejd-baid 26
1084
5
chg-baie 4
iaf-baie 12
bade-baie 9
efc-baie 8
bai-baie 4
1085
1
jcb-baif 39
1086
4
hif-baig 13
edd-baig 13
jgh-baig 8
ihc-baig 3
1087
6
gcf-baih 7
bbgd-baih 2
eea-baih 1
bcej-baih 2
becj-baih 24
bcgf-baih 1
1088
2
ffj-baii 8
bbab-baii 30
1089
2
bha-baij 5
ife-baij 34
1090
4
bif-baja 7
cgg-baja 1
bcfj-baja 19
cdh-baja 11
1091
3
ji-bajb 12
bdfg-bajb 7
bafj-bajb 20
1092
3
dhb-bajc 20
hih-bajc 2
bbae-bajc 16
1093
4
hha-bajd 28
hhg-bajd 2
edc-bajd 3
bfjc-bajd 6
1094
4
gfi-baje 21
iej-baje 13
hhe-baje 1
bdab-baje 2
1095
2
bbgi-bajf 35
jcd-bajf 2
1096
2
cgf-bajg 19
fi-bajg 19
1097
2
bia-bajh 17
hba-bajh 22
1098
1
baje-baji 39
1099
2
eci-bajj 1
bajf-bajj 38
1100
1
bcfa-bbaa 39
1101
2
cde-bbab 1
bbfc-bbab 38
1102
4
bejd-bbac 3
dce-bbac 30
iif-bbac 3
fed-bbac 2
1103
2
jbh-bbad 21
bbag-bbad 18
1104
5
gc-bbae 30
gid-bbae 2
bcfc-bbae 1
hg-bbae 1
bgba-bbae 2
1105
2
eff-bbaf 34
hhg-bbaf 5
1106
1
gff-bbag 39
1107
4
cja-bbah 13
bfjh-bbah 1
fhe-bbah 8
beci-bbah 16
1108
3
bafj-bbai 1
bhj-bbai 35
bdch-bbai 2
1109
1
ich-bbaj 39
1110
4
babb-bbba 1
cgd-bbba 2
hdb-bbba 33
jid-bbba 2
1111
1
hed-bbbb 39
1113
3
baec-bbbd 19
bbh-bbbd 3
bgab-bbbd 16
1114
3
bcc-bbbe 9
bccj-bbbe 24
dhj-bbbe 6
1115
3
gej-bbbf 7
faj-bbbf 7
cef-bbbf 23
1116
2
ief-bbbg 23
icb-bbbg 15
1117
2
ehg-bbbh 29
bagc-bbbh 9
1118
2
bac-bbbi 36
gee-bbbi 3
1119
3
big-bbbj 5
bahe-bbbj 9
bgdj-bbbj 24
1120
2
bdd-bbca 2
jcc-bbca 36
1121
5
djj-bbcb 8
jfd-bbcb 12
fbc-bbcb 1
iee-bbcb 4
hih-bbcb 12
1122
2
hbd-bbcc 37
bgf-bbcc 2
1123
3
baii-bbcd 19
jjd-bbcd 2
gje-bbcd 17
1124
2
iff-bbce 26
gde-bbce 12
1125
1
fhc-bbcf 39
1126
3
fcg-bbcg 3
bdid-bbcg 10
ccj-bbcg 25
1127
1
icb-bbch 39
1128
2
bie-bbci 1
babh-bbci 38
1129
2
hee-bbcj 32
bbbb-bbcj 7
1130
3
jde-bbda 36
ehh-bbda 1
bbji-bbda 2
1131
4
bfdj-bbdb 3
ifa-bbdb 17
hjj-bbdb 3
idc-bbdb 15
1132
1
jh-bbdc 39
1133
5
beb-bbdd 5
fgh-bbdd 1
gid-bbdd 5
bci-bbdd 22
eii-bbdd 4
1134
1
jif-bbde 39
1135
3
baed-bbdf 5
gbi-bbdf 32
gbc-bbdf 1
1136
3
bhc-bbdg 13
bid-bbdg 2
bgdc-bbdg 23
1137
3
eef-bbdh 1
bcjd-bbdh 10
ghb-bbdh 28
1138
3
bcba-bbdi 2
baee-bbdi 8
hbh-bbdi 28
1139
1
ghi-bbdj 39
1140
3
dfh-bbea 1
cga-bbea 7
df-bbea 31
1141
4
bbae-bbeb 9
bbde-bbeb 7
ihd-bbeb 20
ji-bbeb 1
1142
1
bcie-bbec 39
1143
1
jc-bbed 39
1144
2
bdee-bbee 37
gcj-bbee 2
1145
4
fjf-bbef 1
badd-bbef 4
ce-bbef 1
fjb-bbef 32
1146
3
bgbc-bbeg 5
eca-bbeg 18
bcjg-bbeg 15
1147
2
ghj-bbeh 2
eg-bbeh 37
1148
2
eif-bbei 15
gej-bbei 24
1149
3
fci-bbej 6
bcbb-bbej 27
fja-bbej 6
1150
2
jf-bbfa 1
bacc-bbfa 38
1151
3
bdah-bbfb 3
bbgg-bbfb 13
baji-bbfb 21
1152
2
ibh-bbfc 38
bfej-bbfc 1
1153
3
eaa-bbfd 25
bdcj-bbfd 12
bdje-bbfd 2
1154
2
chg-bbfe 3
bbgi-bbfe 36
1155
5
hg-bbff 2
bdjd-bbff 14
fcc-bbff 14
dbh-bbff 1
ihi-bbff 6
1156
3
bfee-bbfg 34
fea-bbfg 3
eee-bbfg 1
1157
2
gec-bbfh 5
bbjg-bbfh 33
1158
2
bbej-bbfi 31
bfhb-bbfi 7
1159
2
cbc-bbfj 7
ifc-bbfj 31
1160
2
jbc-bbga 34
eji-bbga 5
1161
4
hgd-bbgb 5
iic-bbgb 2
jff-bbgb 2
hi-bbgb 28
1162
1
bafa-bbgc 39
1163
1
bgag-bbgd 39
1164
3
ddd-bbge 2
eb-bbge 17
bbff-bbge 18
1165
1
fcj-bbgf 39
1166
4
bcde-bbgg 9
bdai-bbgg 21
ca-bbgg 3
gfh-bbgg 5
1167
1
bbei-bbgh 39
1168
2
jgi-bbgi 37
bfi-bbgi 2
1169
3
bbcj-bbgj 3
eah-bbgj 16
bejh-bbgj 19
1170
2
begi-bbha 35
fbe-bbha 4
1171
2
djd-bbhb 1
iec-bbhb 38
1172
3
cbh-bbhc 34
jdi-bbhc 1
bca-bbhc 3
1173
4
bced-bbhd 6
bdb-bbhd 12
ece-bbhd 2
j-bbhd 18
1174
3
gfe-bbhe 3
id-bbhe 3
bbgb-bbhe 31
1175
2
dia-bbhf 37
baif-bbhf 1
1177
2
bcjf-bbhh 2
beee-bbhh 36
1178
2
hgi-bbhi 35
bfge-bbhi 4
1179
1
c-bbhj 39
1180
3
ei-bbia 16
edb-bbia 17
ij-bbia 6
1181
1
bdi-bbib 39
1182
2
befc-bbic 1
iab-bbic 38
1183
1
bbdd-bbid 39
1184
3
dee-bbie 12
bbhj-bbie 2
def-bbie 25
1185
2
bij-bbif 4
dcj-bbif 35
1186
1
cig-bbig 39
1187
2
bfd-bbih 3
gc-bbih 35
1188
1
bfgf-bbii 39
1189
2
beci-bbij 2
bbdf-bbij 36
1190
2
bacb-bbja 7
fec-bbja 32
1191
2
gje-bbjb 9
ffj-bbjb 29
1192
3
ii-bbjc 35
bbha-bbjc 2
bhc-bbjc 2
1193
1
jig-bbjd 39
1194
1
cbd-bbje 39
1195
2
jbg-bbjf 10
haj-bbjf 28
1196
2
bagj-bbjg 31
bbfe-bbjg 7
1197
2
jih-bbjh 5
bcjb-bbjh 33
1198
3
bch-bbji 12
hhi-bbji 16
ijh-bbji 11
1199
1
cig-bbjj 39
1200
2
bbie-bcaa 4
bgb-bcaa 35
1201
4
gce-bcab 14
jjj-bcab 7
dfi-bcab 7
bchi-bcab 10
1202
3
fa-bcac 29
had-bcac 3
hac-bcac 7
1203
2
bgcb-bcad 27
bdf-bcad 12
1204
2
ibg-bcae 29
bdaj-bcae 10
1205
2
bbha-bcaf 9
bcda-bcaf 29
1206
2
bgch-bcag 36
babb-bcag 2
1207
1
eed-bcah 39
1208
1
bbcj-bcai 39
1209
1
bbji-bcaj 39
1210
2
ejb-bcba 26
gfc-bcba 13
1211
3
hag-bcbb 2
bdbj-bcbb 16
die-bcbb 20
1212
5
dbe-bcbc 6
bafj-bcbc 27
ef-bcbc 2
bbai-bcbc 2
bcij-bcbc 1
1213
1
baca-bcbd 39
1214
2
gda-bcbe 14
bdd-bcbe 25
1215
2
igc-bcbf 17
bged-bcbf 22
1216
3
behc-bcbg 5
dbh-bcbg 2
iea-bcbg 31
1217
1
bhg-bcbh 39
1218
3
jcf-bcbi 6
jdd-bcbi 28
bfcf-bcbi 4
1219
3
hgc-bcbj 9
bcch-bcbj 4
hjj-bcbj 24
1220
1
jfe-bcca 37
1221
2
egb-bccb 17
cid-bccb 21
1222
1
edj-bccc 39
1223
3
ced-bccd 1
behg-bccd 12
bfed-bccd 26
1224
2
eci-bcce 27
iib-bcce 12
1225
2
bajb-bccf 2
bfhd-bccf 37
1226
2
badf-bccg 8
begg-bccg 30
1227
1
hjg-bcch 39
1228
2
hjd-bcci 36
bcae-bcci 2
1229
5
hci-bccj 9
cfg-bccj 6
bg-bccj 2
dci-bccj 1
gbe-bccj 20
1230
3
dh-bcda 29
beii-bcda 1
ijd-bcda 8
1231
2
bbeb-bcdb 37
baci-bcdb 1
1232
2
bccd-bcdc 35
bcj-bcdc 3
1233
3
bdid-bcdd 7
bagh-bcdd 25
bbfh-bcdd 6
1234
5
beje-bcde 14
bcha-bcde 3
gic-bcde 4
cba-bcde 4
baji-bcde 12
1235
1
bbef-bcdf 39
1236
3
chc-bcdg 8
jje-bcdg 5
hjc-bcdg 25
1237
2
faf-bcdh 28
bchf-bcdh 11
1238
3
hee-bcdi 14
cfg-bcdi 24
becb-bcdi 1
1239
1
fdb-bcdj 39
1240
1
becb-bcea 39
1241
2
idj-bceb 36
bfcf-bceb 3
1242
1
dgj-bcec 39
1243
1
bcjd-bced 39
1244
6
ejh-bcee 4
gdf-bcee 4
bdca-bcee 2
bdja-bcee 12
ffd-bcee 8
iai-bcee 8
1245
2
fbj-bcef 37
fbb-bcef 2
1246
1
cca-bceg 39
1247
4
bge-bceh 1
bbdf-bceh 15
bdae-bceh 20
fab-bceh 2
1248
1
bci-bcei 39
1249
3
jfh-bcej 26
ef-bcej 3
gif-bcej 9
1250
2
djh-bcfa 1
jfh-bcfa 38
1252
2
cig-bcfc 34
jbj-bcfc 5
1253
3
beie-bcfd 1
idg-bcfd 37
jeh-bcfd 1
1254
1
jh-bcfe 39
1255
4
ddd-bcff 2
hfh-bcff 7
iie-bcff 7
begg-bcff 22
1256
2
fjj-bcfg 36
bcje-bcfg 3
1257
1
egd-bcfh 39
1258
1
ihe-bcfi 39
1259
3
bchb-bcfj 35
cig-bcfj 1
ibc-bcfj 2
1260
1
ghc-bcga 39
1261
2
eai-bcgb 29
jae-bcgb 10
1262
2
bahc-bcgc 3
beih-bcgc 36
1263
1
gba-bcgd 39
1264
3
baih-bcge 28
bddi-bcge 3
bgh-bcge 8
1265
1
bbga-bcgf 39
1266
1
bfhf-bcgg 39
1267
2
cbj-bcgh 5
bdjg-bcgh 34
1268
4
bfh-bcgi 1
hce-bcgi 15
bge-bcgi 5
fca-bcgi 16
1269
3
beae-bcgj 20
bdbg-bcgj 13
bfci-bcgj 6
1270
2
dgg-bcha 8
deh-bcha 30
1271
2
hhd-bchb 5
bdfj-bchb 34
1272
2
bdb-bchc 3
cej-bchc 36
1273
2
jbd-bchd 20
bdaf-bchd 18
1274
2
gcd-bche 19
becg-bche 19
1275
2
hdj-bchf 6
bfag-bchf 33
1276
4
hhj-bchg 6
hga-bchg 8
idc-bchg 1
bebi-bchg 23
1277
5
bbij-bchh 7
cjb-bchh 1
bcjb-bchh 2
bcjj-bchh 21
hhi-bchh 5
1278
2
bcdj-bchi 22
ifh-bchi 17
1279
1
jcd-bchj 39
1280
5
hid-bcia 3
hhg-bcia 3
ibc-bcia 1
baid-bcia 3
bgec-bcia 29
1281
3
dde-bcib 5
bfgd-bcib 17
bje-bcib 16
1283
1
bede-bcid 39
1284
2
bbgh-bcie 2
eic-bcie 36
1285
2
jhh-bcif 9
bdjb-bcif 29
1286
1
fae-bcig 39
1287
1
cae-bcih 39
1288
3
bafh-bcii 4
jeh-bcii 20
cga-bcii 14
1289
1
ebd-bcij 39
1290
3
ica-bcja 3
hhd-bcja 23
bbfi-bcja 13
1291
2
bcaa-bcjb 13
dba-bcjb 26
1292
2
bbdg-bcjc 19
bbaf-bcjc 19
1293
1
hdf-bcjd 39
1294
1
bbfh-bcje 39
1295
3
dde-bcjf 12
bdjc-bcjf 21
bedc-bcjf 4
1296
2
jce-bcjg 5
eii-bcjg 34
1297
1
dch-bcjh 39
1298
2
ida-bcji 36
dg-bcji 3
1299
2
fig-bcjj 15
bfgi-bcjj 24
1300
3
edh-bdaa 30
eba-bdaa 3
gcj-bdaa 6
1301
2
iji-bdab 22
bdib-bdab 16
1302
2
cgb-bdac 22
gba-bdac 16
1303
3
dja-bdad 13
ch-bdad 23
jdi-bdad 3
1304
2
bbif-bdae 19
bahi-bdae 20
1305
1
ga-bdaf 39
1306
1
badg-bdag 39
1307
2
ibd-bdah 25
beeg-bdah 14
1308
2
bajh-bdai 12
baij-bdai 27
1309
2
hed-bdaj 20
je-bdaj 18
1310
1
bbch-bdba 39
1311
1
jeh-bdbb 39
1312
1
bcgf-bdbc 39
1314
1
hh-bdbe 39
1315
1
hf-bdbf 39
1316
3
bfii-bdbg 14
hdj-bdbg 12
ddc-bdbg 12
1317
1
jhg-bdbh 39
1318
2
dbc-bdbi 31
bfbc-bdbi 8
1319
4
jfa-bdbj 13
bbci-bdbj 2
dhe-bdbj 6
gid-bdbj 17
1320
1
fej-bdca 39
1321
2
cii-bdcb 8
ibj-bdcb 31
1322
2
iig-bdcc 5
bdhf-bdcc 34
1323
2
bbcb-bdcd 16
bdgd-bdcd 23
1324
1
jfc-bdce 39
1325
1
faa-bdcf 39
1326
1
bce-bdcg 39
1327
2
cac-bdch 14
hgc-bdch 25
1328
2
efh-bdci 31
ci-bdci 8
1329
2
feb-bdcj 17
jjc-bdcj 22
1330
2
efh-bdda 33
bebj-bdda 6
1331
1
bbbg-bddb 39
1333
2
bcbf-bddd 25
daa-bddd 14
1334
2
jif-bdde 34
bid-bdde 5
1335
3
gig-bddf 3
bbbg-bddf 14
bbcc-bddf 21
1336
1
badj-bddg 39
1337
1
bffa-bddh 39
1338
1
fjg-bddi 39
1339
2
bcaf-bddj 18
bbbe-bddj 20
1340
1
dc-bdea 39
1341
2
jaf-bdeb 13
bdif-bdeb 25
1342
2
bfaf-bdec 36
ida-bdec 2
1343
2
befd-bded 37
bbbi-bded 2
1344
3
gii-bdee 24
bcie-bdee 11
cgc-bdee 3
1345
2
hbe-bdef 35
bbeg-bdef 4
1346
3
bgfb-bdeg 15
hdh-bdeg 15
iai-bdeg 7
1347
2
cfc-bdeh 29
ecj-bdeh 9
1348
1
bccd-bdei 39
1349
2
jag-bdej 22
bfaa-bdej 17
1350
3
jjf-bdfa 2
hdb-bdfa 22
bje-bdfa 15
1351
1
ijg-bdfb 39
1352
1
hdc-bdfc 39
1353
2
bec-bdfd 33
efb-bdfd 6
1354
2
gdf-bdfe 24
bfeg-bdfe 15
1355
1
jga-bdff 39
1356
2
bib-bdfg 3
bdic-bdfg 36
1357
2
bacc-bdfh 28
bege-bdfh 11
1358
2
jcf-bdfi 1
becc-bdfi 38
1359
2
hae-bdfj 31
bbjf-bdfj 8
1360
4
bafa-bdga 10
ihf-bdga 20
begc-bdga 3
ehh-bdga 5
1361
2
bead-bdgb 36
hig-bdgb 2
1362
1
eba-bdgc 39
1363
2
gga-bdgd 2
gbc-bdgd 37
1364
1
baej-bdge 39
1365
2
fcc-bdgf 6
bfbe-bdgf 32
1366
1
fbh-bdgg 39
1367
2
ghj-bdgh 26
eea-bdgh 13
1368
2
bdjb-bdgi 16
bdj-bdgi 23
1369
2
hhh-bdgj 7
bgdi-bdgj 31
1370
3
gfj-bdha 4
daj-bdha 8
behi-bdha 26
1371
2
hbh-bdhb 36
haf-bdhb 3
1372
1
bahg-bdhc 39
1373
2
bae-bdhd 8
bcbg-bdhd 30
1374
3
ecc-bdhe 2
bagb-bdhe 32
jjj-bdhe 4
1375
2
bcdh-bdhf 2
bfae-bdhf 37
1376
1
efd-bdhg 39
1377
1
bdfd-bdhh 39
1378
3
ccf-bdhi 33
ihe-bdhi 3
hb-bdhi 2
1379
1
iah-bdhj 39
1380
2
jgg-bdia 27
bgff-bdia 12
1381
1
bcfi-bdib 39
1382
1
hhg-bdic 39
1383
1
beh-bdid 39
1384
1
igc-bdie 39
1385
2
f-bdif 15
fgc-bdif 24
1386
1
bdge-bdig 39
1387
1
ijf-bdih 39
1388
1
cch-bdii 39
1389
1
fbg-bdij 39
1390
2
bbhb-bdja 38
bdeb-bdja 1
1391
1
bchd-bdjb 39
1392
2
ifh-bdjc 15
bfbb-bdjc 24
1393
1
eca-bdjd 39
1394
3
cge-bdje 3
bacj-bdje 33
bbjb-bdje 3
1395
1
jig-bdjf 39
1396
1
bdef-bdjg 39
1397
2
bfdf-bdjh 34
baj-bdjh 4
1398
2
bej-bdji 2
egb-bdji 37
1399
1
bccf-bdjj 39
1400
2
bcfj-beaa 21
eeb-beaa 18
1401
2
baai-beab 18
bdde-beab 21
1403
2
bib-bead 32
bafg-bead 6
1404
1
bdch-beae 39
1405
1
geb-beaf 39
1406
1
cci-beag 39
1407
3
bgfc-beah 29
jie-beah 3
bche-beah 7
1408
1
ida-beai 39
1409
2
bcea-beaj 2
dea-beaj 37
1410
3
bbf-beba 25
bbcb-beba 11
bfg-beba 3
1411
1
bgf-bebb 39
1412
1
bbah-bebc 39
1413
2
babc-bebd 2
bejj-bebd 37
1414
1
bccd-bebe 39
1415
2
bbfj-bebf 36
ghb-bebf 3
1416
1
idj-bebg 39
1417
2
bbgc-bebh 19
dag-bebh 19
1418
1
fad-bebi 39
1419
1
bbec-bebj 39
1420
2
ddg-beca 12
jjf-beca 27
1421
3
jed-becb 1
bcg-becb 5
bfbj-becb 33
1422
2
bcc-becc 4
haf-becc 35
1423
2
bbii-becd 26
fba-becd 13
1424
1
fii-bece 39
1425
2
hce-becf 31
fed-becf 7
1426
1
bagi-becg 39
1427
1
dfj-bech 39
1428
1
bbgj-beci 39
1429
2
hec-becj 38
bdbi-becj 1
1430
3
cbd-beda 17
bc-beda 1
bfhh-beda 20
1431
1
bebd-bedb 39
1432
2
baic-bedc 6
bfaj-bedc 33
1433
1
ceg-bedd 39
1434
2
hf-bede 2
bbda-bede 36
1435
1
ebh-bedf 39
1436
2
jbg-bedg 38
gfg-bedg 1
1437
2
baha-bedh 16
bgai-bedh 23
1438
1
iib-bedi 39
1439
1
igd-bedj 39
1441
2
bbee-beeb 7
hcf-beeb 32
1442
1
jba-beec 39
1443
2
bfih-beed 14
becd-beed 25
1444
2
hhc-beee 5
eff-beee 34
1445
2
hhf-beef 3
icf-beef 36
1446
3
he-beeg 13
bdeb-beeg 24
befc-beeg 1
1447
1
bdgc-beeh 39
1448
1
bdcg-beei 39
1449
1
cge-beej 39
1450
2
cbc-befa 35
ebe-befa 4
1451
1
babd-befb 39
1452
1
bchf-befc 39
1453
3
dci-befd 9
iia-befd 27
chj-befd 2
1454
1
fif-befe 39
1455
1
fid-beff 38
1456
1
bah-befg 39
1457
1
heh-befh 39
1458
1
bahf-befi 39
1459
1
bdgc-befj 39
1460
1
gca-bega 39
1461
1
iie-begb 39
1462
2
bgad-begc 21
ghf-begc 18
1463
1
bdgi-begd 39
1464
2
babb-bege 26
bdci-bege 13
1465
1
dfc-begf 39
1466
2
bfai-begg 7
ifb-begg 31
1467
1
eac-begh 39
1468
1
cff-begi 39
1469
1
bbfb-begj 38
1470
3
hcj-beha 30
bebd-beha 1
cji-beha 7
1471
1
bfdh-behb 39
1472
1
ifa-behc 39
1473
1
eda-behd 39
1474
3
baja-behe 6
ihd-behe 6
bgaa-behe 27
1475
1
hdf-behf 39
1476
1
iei-behg 39
1477
1
bcgg-behh 39
1478
2
bgde-behi 35
bjh-behi 4
1479
3
dcd-behj 13
ihb-behj 6
dbd-behj 19
1480
1
ffd-beia 39
1481
1
bdaj-beib 39
1482
3
bbb-beic 3
ec-beic 3
dg-beic 31
1483
2
iai-beid 28
bdje-beid 11
1484
1
cgc-beie 39
1485
3
gab-beif 35
hfb-beif 2
cii-beif 1
1486
2
bedd-beig 26
baf-beig 13
1487
2
dcc-beih 6
ijd-beih 33
1488
1
cbe-beii 39
1489
1
bah-beij 38
1490
1
cid-beja 39
1491
1
bace-bejb 39
1493
1
badc-bejd 39
1494
1
baag-beje 39
1495
1
jhi-bejf 39
1496
2
cha-bejg 6
bcag-bejg 33
1497
1
bdaa-bejh 39
1498
2
dcf-beji 27
ifa-beji 11
1499
1
cdg-bejj 39
1500
2
bhf-bfaa 12
ccd-bfaa 27
1501
1
fbi-bfab 39
1503
1
jhc-bfad 39
1504
3
ecc-bfae 19
bfah-bfae 18
bai-bfae 1
1505
1
bedh-bfaf 39
1506
2
jai-bfag 36
bdad-bfag 3
1507
1
jbf-bfah 39
1508
1
bcaj-bfai 39
1509
1
bcjd-bfaj 39
1510
1
bdgg-bfba 39
1511
1
hda-bfbb 39
1512
1
ijd-bfbc 39
1513
3
bbjd-bfbd 2
fia-bfbd 22
dcg-bfbd 15
1514
1
behh-bfbe 39
1515
2
efe-bfbf 25
bdga-bfbf 14
1516
1
hih-bfbg 39
1518
1
jjc-bfbi 39
1519
1
beif-bfbj 39
1520
1
ghc-bfca 39
1521
2
bbba-bfcb 10
gaj-bfcb 28
1522
1
gga-bfcc 39
1523
2
bdbj-bfcd 22
bcdc-bfcd 16
1524
1
jh-bfce 39
1525
1
bca-bfcf 39
1526
3
cjc-bfcg 25
bfgg-bfcg 2
bgdj-bfcg 11
1527
1
bafe-bfch 39
1528
1
fjb-bfci 39
1529
2
gh-bfcj 17
dif-bfcj 21
1530
1
baai-bfda 39
1531
1
iih-bfdb 39
1532
1
bfbc-bfdc 39
1533
1
bcgh-bfdd 39
1534
1
jgf-bfde 39
1535
1
ddf-bfdf 39
1536
1
bdfi-bfdg 39
1537
1
bdec-bfdh 39
1538
2
ihc-bfdi 5
fgc-bfdi 34
1539
2
bddd-bfdj 35
dgg-bfdj 4
1540
1
jdg-bfea 39
1541
1
ggf-bfeb 39
1542
2
bdge-bfec 19
edg-bfec 19
1543
2
iia-bfed 20
iea-bfed 19
1544
2
dae-bfee 18
fhi-bfee 21
1545
4
faa-bfef 6
ied-bfef 27
bgaf-bfef 2
bgda-bfef 2
1546
1
dfb-bfeg 39
1547
1
fdc-bfeh 39
1548
1
cbf-bfei 39
1549
1
bdia-bfej 39
1550
1
iab-bffa 39
1551
1
bda-bffb 39
1552
1
iai-bffc 39
1553
1
egi-bffd 39
1554
1
jai-bffe 39
1555
1
becg-bfff 39
1556
1
gci-bffg 39
1557
1
ghi-bffh 39
1558
1
ed-bffi 39
1559
1
eda-bffj 39
1560
2
dcg-bfga 19
bfj-bfga 19
1561
2
beif-bfgb 35
bcfj-bfgb 3
1562
1
bdac-bfgc 39
1563
1
ihj-bfgd 39
1564
1
chj-bfge 39
1565
1
bgga-bfgf 39
1566
1
ec-bfgg 39
1567
1
bbie-bfgh 39
1568
2
bgej-bfgi 35
fea-bfgi 3
1570
1
cga-bfha 39
1571
1
bhg-bfhb 39
1572
1
dgd-bfhc 39
1573
1
bdgb-bfhd 39
1574
1
bfi-bfhe 39
1575
2
jjj-bfhf 38
ded-bfhf 1
1576
2
ibi-bfhg 7
bfhi-bfhg 32
1577
1
ibh-bfhh 39
1578
1
ice-bfhi 39
1579
2
gih-bfhj 9
bejj-bfhj 29
1580
1
df-bfia 39
1581
1
bdca-bfib 39
1582
2
igc-bfic 22
bgfg-bfic 17
1583
1
hfa-bfid 39
1584
1
ceh-bfie 39
1585
1
dfi-bfif 39
1587
1
cif-bfih 39
1588
2
hjg-bfii 31
edc-bfii 8
1589
1
gih-bfij 39
1590
1
bie-bfja 39
1591
1
icj-bfjb 39
1592
1
bej-bfjc 39
1593
1
bajd-bfjd 39
1594
1
bfba-bfje 39
1595
1
cdg-bfjf 39
1596
1
bdej-bfjg 39
1597
1
bcga-bfjh 39
1598
1
bebd-bfji 39
1599
1
hhg-bfjj 39
1600
1
bcdd-bgaa 39
1601
1
fga-bgab 39
1602
1
babg-bgac 39
1603
1
bdba-bgad 39
1604
1
bajd-bgae 39
1605
1
beab-bgaf 39
1606
1
bed-bgag 39
1607
1
bdhi-bgah 39
1608
1
baji-bgai 39
1609
1
egb-bgaj 39
1610
1
ddd-bgba 39
1611
1
dib-bgbb 39
1612
1
bba-bgbc 39
1613
2
bfje-bgbd 29
bfb-bgbd 9
1614
1
bfhe-bgbe 39
1615
1
bbfa-bgbf 39
1616
1
dff-bgbg 39
1617
2
ece-bgbh 10
bgfh-bgbh 29
1618
1
bfjc-bgbi 39
1619
1
cbj-bgbj 39
1620
1
hjh-bgca 39
1621
1
icd-bgcb 39
1622
2
bdbe-bgcc 2
dga-bgcc 37
1624
1
bacd-bgce 39
1625
1
cib-bgcf 39
1626
1
cba-bgcg 39
1627
1
cga-bgch 39
1628
2
hje-bgci 35
bda-bgci 4
1629
1
beeg-bgcj 39
1630
1
bcai-bgda 39
1631
1
jdd-bgdb 39
1632
1
gbb-bgdc 39
1633
2
ede-bgdd 36
bhf-bgdd 3
1634
1
beic-bgde 39
1635
1
bbia-bgdf 39
1636
1
baf-bgdg 39
1637
1
hhh-bgdh 39
1638
2
jdi-bgdi 4
bach-bgdi 34
1639
1
jdb-bgdj 39
1640
1
bcia-bgea 39
1641
1
ega-bgeb 39
1642
2
bacg-bgec 14
djd-bgec 25
1643
1
behi-bged 39
1644
1
hjf-bgee 39
1645
1
fed-bgef 39
1646
1
baca-bgeg 39
1647
1
bece-bgeh 39
1648
1
bgca-bgei 39
1649
1
jej-bgej 39
1650
1
bddj-bgfa 39
1651
1
bhh-bgfb 39
1652
1
bfjg-bgfc 39
1653
1
gif-bgfd 39
1654
1
bfcf-bgfe 39
1655
1
bcgh-bgff 39
1656
1
bce-bgfg 39
1657
1
bgbi-bgfh 39
1658
1
bie-bgfi 39
1659
1
eef-bgfj 39
1660
1
bdhi-bgga 39
1661
1
bdhg-bggb 39
