754
SantaTrackerProv9
PrzemekV
ClassroomXv9
LarryG StepanK
ChromeLitev4
LarryU MichalY PrabhakarA
ScholarXv6
SundarD StefanK PrabhakarC LarryJ RuthB SundarA RuthF JenL MatasK BakhodirG JenR TatiyanaP
StreetViewXv9
ThomasN StefanX MaxH ThomasU NellyI
CurrentsProv2
StepanJ
KeepXv1
PrabhakarA
NewsXv5
SundarV PrzemekH
DatasetSearchXv2
MaxZ PrzemekM StefanK StefanA SundarX SusanD
WearOSZv5
LarryI BakhodirB PetarK LarryS SundarH NellyI BenjaminG SusanA BakhodirG HiroshiD TatiyanaB BakhodirF MaxZ BakhodirQ HiroshiJ LarryJ TatiyanaM ThomasI
PatentsMaxv2
PhilippO NellyU MatasR MatasP TatiyanaO RuthJ MichalV BakhodirG ThomasE LarryC
TravelProv6
PhilippJ
StreetViewXv2
StepanJ PrzemekF PetarM
DocsUltrav2
BakhodirB NellyM BakhodirQ NellyW PrzemekM PrabhakarM FionaA JenL
GroupsZv8
BakhodirL PetarI TatiyanaC MichalV ThomasE
DatasetSearchLitev6
PrzemekP MaxA BenjaminJ ClementJ TatiyanaC SundarI PhilippK PetarN HiroshiM
AndroidTVLitev7
StepanJ LarryO JenE ThomasI MatasH NellyM BakhodirM PrzemekM StefanA
StreetViewMaxv8
PetarA
CollectionsProv5
HiroshiT SundarD MaxE
LearnUltrav6
ClementJ HiroshiJ
CurrentsXv1
BakhodirF
ChromecastSv1
FionaH PrzemekM
DaydreamMaxv4
ThomasQ
DreamNextv8
SundarD LarryJ
SearchUltrav8
SergeyG PhilippI HiroshiL
DataNextv9
ClementO SergeyR HiroshiI JenE PrzemekM FionaZ JenF StepanK PrzemekH BenjaminR LarryZ TatiyanaI NellyU SergeyA PrzemekW HiroshiD PetarV BenjaminY SergeyQ SergeyK LarryD TatiyanaX PhilippC JenS ThomasI
TravelUltrav3
PetarR JenE
MoonXv3
SergeyY PetarM
ScholarSv9
ThomasD ClementX BakhodirM SergeyR MaxB SergeyJ StefanU PrzemekU ThomasN SusanK FionaZ
LoggingXv4
SergeyJ BakhodirF MaxK
TravelZv6
ThomasL PetarA LarryI NellyI NellyC PrzemekF
MarsUltrav4
PhilippY SergeyA TatiyanaT BenjaminY PetarG TatiyanaC StepanU MichalQ PhilippE LarryG ClementV MichalF SusanC BakhodirB PetarA ClementX RuthP
NewsMaxv1
TatiyanaT
CalendarLitev5
ThomasN TatiyanaO PrabhakarB BakhodirA
SheetsZv4
RuthF SergeyR
ScholarZv1
SusanR MichalQ PrzemekP LarryU
CultureNextv2
PetarM TatiyanaI
PixelSv6
PrzemekF ThomasN SundarM
PixelProv1
MatasF
PatentsNextv4
ClementX TatiyanaG
ChatLitev6
NellyV MaxM NellyD ClementI ThomasO StefanH ThomasE PrabhakarB PetarJ SusanY StepanK LarryC
StorageSv6
SundarM TatiyanaT StefanA PrabhakarL BakhodirO RuthB StefanM RuthQ PetarK StefanY FionaK HiroshiW PetarI FionaH JenE MaxK LarryW TatiyanaI FionaT SergeyK MatasR
LearnProv8
PetarK
FinanceXv5
ClementV
CollectionsUltrav9
StefanK SundarA
StadiaProv5
HiroshiD MaxA FionaA
StreamLitev8
StefanK LarryW LarryN SundarH StepanG BakhodirG PetarQ SusanR
BloggerProv9
ThomasE
DataSv9
FionaK RuthF TatiyanaX MaxA PrabhakarA SundarX BenjaminN TatiyanaG BakhodirD PhilippJ
CastOSSv6
SusanH HiroshiI HiroshiT
FinanceMaxv7
LarryN StepanU HiroshiL ThomasT SusanT
FeedBurnerLitev8
SundarX BenjaminL PrabhakarE
MoonUltrav4
LarryN
SkyProv4
MichalZ ThomasQ
CodeZv4
SusanR BenjaminR
BloggerNextv5
ThomasN StefanA PrabhakarL RuthQ
MapsNextv5
PrzemekR FionaZ
DocsXv8
SusanC PrzemekF BakhodirG SergeyL SergeyQ MatasK NellyD PetarM LarryC MatasS MaxK SusanH JenQ NellyG TatiyanaJ SergeyJ ClementX PetarN SusanY SundarX ThomasT SusanK StefanK PrabhakarE
SkyZv5
SundarM
ClassroomSv2
RuthX
ConnectXv3
StefanG
SlidesProv5
SergeyQ LarryZ
VoiceZv6
HiroshiQ HiroshiL
KeepNextv4
PrabhakarN
LoggingMaxv5
PetarA BakhodirG PrabhakarL StepanD MaxB BakhodirL LarryZ PhilippK SundarV BakhodirA
DreamNextv6
PrzemekC StepanU StefanA PrzemekP MatasY
FuchsiaProv7
BenjaminJ ClementI BakhodirQ
ChartsMaxv5
HiroshiR StefanY MichalY SusanK FionaT
BuildUltrav6
PhilippK MaxE BakhodirG SundarV
ReleaseLitev7
RuthT SergeyW FionaV RuthF
AndroidAutoZv1
PetarV HiroshiL
AssistantMaxv9
ThomasQ
CurrentsProv7
SusanT
StorageNextv9
BenjaminD NellyV PhilippK SergeyY PetarV ThomasI BenjaminV StepanW StepanK MaxE BenjaminY
CurrentsProv9
MaxA StepanN MichalZ BakhodirD SundarX PrzemekF LarryC StefanY LarryI
FormsUltrav3
ThomasL MatasF HiroshiI NellyU StepanG PetarN TatiyanaA MatasR
SecureSv2
NellyV TatiyanaC MatasF
OsZv3
SusanR PrzemekM LarryS HiroshiD
ConnectUltrav7
StefanA MichalV HiroshiB FionaK BakhodirO JenL PetarH RuthO
CollectionsLitev3
ThomasN
SitesXv7
HiroshiD NellyI ClementO SusanU
FeedBurnerProv6
SusanR NellyI BakhodirD SergeyY BakhodirA
BuildProv1
TatiyanaT
LearnZv3
StepanK JenQ RuthF FionaH PrabhakarA
DrawingsLitev6
MaxM PhilippI PrzemekM BakhodirB JenF TatiyanaM
FormsNextv1
HiroshiL BakhodirF FionaZ LarryV
SkyLitev2
ThomasN FionaL
DrawingsZv1
BakhodirA PhilippJ StepanJ StefanA PrzemekF RuthP
LearnUltrav4
StefanK SergeyG PetarK StefanA ThomasN JenF LarryJ FionaT HiroshiI PetarA BenjaminF StepanG PhilippY
FuchsiaProv4
FionaL PrabhakarL FionaQ
ConnectLitev9
SundarM
FormsProv5
ThomasO SergeyY
CultureUltrav4
SundarV
NewsNextv1
RuthQ FionaL BenjaminF PrzemekP JenL MatasK TatiyanaB StefanZ MatasP SergeyY BenjaminG MaxB StepanC PetarF SergeyW StefanK ThomasQ BenjaminY MaxH BenjaminN ClementI StepanG ClementX StefanQ
ShoppingUltrav9
TatiyanaJ FionaV JenQ RuthO
SnapshotUltrav2
SundarM ThomasQ
ArtsNextv5
StepanD HiroshiQ ClementJ TatiyanaG FionaA TatiyanaC TatiyanaB RuthO FionaT StefanG
AndroidTVUltrav1
SusanK LarryT RuthJ NellyW TatiyanaB BakhodirL MatasP TatiyanaK BakhodirG StefanA PetarA StefanQ TatiyanaO FionaT RuthB FionaQ MichalY PrzemekT PetarH SergeyG
SnapshotXv9
PhilippJ StepanJ LarryW NellyM MaxK
CollectionsNextv5
SergeyG PrzemekC TatiyanaG PrzemekR RuthQ ClementI PrzemekF StefanZ StefanA MatasF
ConnectMaxv3
MatasS PrzemekM PrabhakarL SundarD SergeyK LarryT MaxE FionaH TatiyanaC MichalQ FionaL SergeyY HiroshiJ TatiyanaK PetarN PhilippI FionaV ClementO PrzemekC MaxZ TatiyanaO MaxA StefanG PetarH MatasM
PhoneSv9
SundarI PrabhakarA PrabhakarB
ChromeOSProv7
ClementI BakhodirD HiroshiQ
BuildMaxv3
BenjaminY
FeedBurnerNextv9
BenjaminD PrzemekR
MapsLitev3
PhilippY PetarK SergeyW SusanH ClementO PhilippI JenI BenjaminF MichalJ NellyV PetarA ThomasO PrzemekV StepanC
GroupsSv3
BakhodirO BenjaminG MaxK MatasF LarryZ HiroshiT ThomasE MichalQ SusanC
PatentsMaxv7
ClementI PetarA RuthX LarryG HiroshiR PrabhakarM
GroupsXv5
ThomasQ
SitesSv2
RuthB
WearOSSv4
LarryO RuthP RuthO BakhodirM PetarR FionaQ JenR MaxE ClementJ PrzemekP StefanH HiroshiL PhilippE PrabhakarA NellyV MaxZ PetarM MatasS PhilippJ MatasK PrzemekM
CodeProv1
ClementJ HiroshiQ BenjaminN StepanC
GameNextv9
LarryN StefanY ThomasO SundarH TatiyanaC NellyU TatiyanaI StefanT LarryD ThomasN JenQ HiroshiJ ClementB MichalR LarryJ MichalJ HiroshiD JenY PhilippE SundarX PrzemekC
WebserverProv7
MatasK MatasF
PhotoNextv4
BakhodirD PrabhakarM HiroshiI
PhotoUltrav3
PetarI TatiyanaK
SkyLitev3
NellyD StepanJ StefanG RuthO PrabhakarA SergeyQ BenjaminJ
YouTubeNextv1
MichalZ BakhodirG HiroshiJ FionaZ TatiyanaX SusanU PhilippI LarryJ RuthB BakhodirQ PetarA JenL TatiyanaK StepanU SergeyL HiroshiD HiroshiQ PrzemekF
DuoProv5
MaxM TatiyanaG PrabhakarC MaxE BenjaminF
ArtsLitev2
StefanP StepanW PetarK SergeyW LarryR MaxZ TatiyanaC PrzemekM LarryG
CultureZv3
TatiyanaK LarryJ StefanH SergeyR PetarN StefanG NellyD StepanW
NewsProv6
BakhodirB BenjaminF SergeyR JenS NellyD StepanC PetarK ThomasM ThomasO MaxM NellyI TatiyanaP
GameXv1
SusanR StefanK
PhoneSv4
HiroshiW PrzemekU SusanC BenjaminG StepanC TatiyanaC HiroshiT SusanD BakhodirM JenQ JenS StefanP RuthT LarryG TatiyanaW TatiyanaG BenjaminJ BenjaminD BenjaminL RuthF
PhotoLitev2
RuthP ThomasN ThomasQ
ChromecastNextv8
SusanC SusanP JenS ClementO HiroshiJ PrabhakarB PetarK MaxE MichalQ MaxZ
ShortsSv2
BakhodirM SundarB PetarA StefanY LarryW LarryR PetarF
BloggerProv2
ThomasD FionaV SundarM
SearchMaxv5
StefanH MatasO NellyI PrzemekM LarryJ BenjaminN PrabhakarN PhilippJ HiroshiR ClementX ClementV BakhodirM MichalY SergeyQ
MeetLitev6
PhilippO StepanK PrzemekU HiroshiW StepanD ClementO HiroshiI SundarI
KeepSv3
BenjaminN NellyD MaxM
CastOSXv6
ThomasE HiroshiR PrzemekC PetarA StepanW BakhodirF PrzemekH StepanJ BakhodirM SundarD FionaV ThomasL PetarM LarryD SundarI FionaL FionaK NellyA TatiyanaX BenjaminF PhilippO MichalY
SecureSv5
StepanU SergeyQ MatasY
ReleaseXv3
StepanD NellyC
DreamNextv1
StefanY PrabhakarL PetarK
GroupsZv7
PhilippC MatasY BakhodirM BenjaminF BakhodirG PhilippE StefanK
DaydreamSv8
SergeyG PhilippO BenjaminN TatiyanaT SergeyW
VideoLitev6
PetarQ LarryI
CodeSv4
TatiyanaP
StorageUltrav8
RuthP StefanX ThomasU SundarH NellyD RuthO LarryG BenjaminD RuthM PrzemekH PrabhakarB TatiyanaK LarryS ThomasE LarryJ ClementI TatiyanaB StefanA StepanW LarryN LarryR ThomasN BenjaminJ PrabhakarE TatiyanaC
FinanceXv9
StepanZ HiroshiR BakhodirP FionaK PrzemekH RuthO MaxH MaxB BakhodirD SundarM BakhodirA SundarD RuthB SusanU HiroshiL BenjaminF TatiyanaK PetarQ MatasR
WebserverMaxv1
MatasS PrabhakarL RuthB StefanP HiroshiI ClementV StefanU FionaV
AlertsLitev9
BakhodirM PetarA StepanN StepanW LarryJ TatiyanaB LarryI NellyU RuthB TatiyanaI HiroshiD SusanT StefanK SusanC TatiyanaC StefanQ MaxB BakhodirL PrzemekF ClementO StefanP PhilippC
NewsSv8
SergeyQ PetarH BenjaminY PrabhakarB StefanT TatiyanaI ThomasI ThomasN ThomasE BenjaminJ FionaK BakhodirM RuthB LarryJ PrzemekU MichalY SundarH PhilippC PrabhakarC MatasS
ShortsXv7
SundarD PhilippO SergeyA NellyM JenS TatiyanaC HiroshiQ ThomasC LarryR
DuoMaxv1
BenjaminL PetarJ TatiyanaX BenjaminG TatiyanaT LarryD ClementV NellyD MatasY PrabhakarN
DatabaseSv9
RuthO PrabhakarL BenjaminG SusanH
YouTubeUltrav7
ThomasO SusanR
BooksMaxv9
SundarA
BooksLitev3
TatiyanaK ThomasO
DataMaxv3
RuthP FionaA SergeyQ SundarV ClementV RuthO PrzemekH JenU ClementJ
DocsLitev7
PrzemekR LarryN StepanD
CurrentsMaxv1
PetarI SundarI FionaT TatiyanaK SergeyW PetarQ BakhodirO HiroshiG FionaA StepanN
ScholarNextv9
SundarD LarryS BakhodirD BakhodirB PetarV StepanZ SergeyJ PrabhakarE MichalR PrzemekM NellyQ SusanP HiroshiQ FionaZ PetarI ThomasI BenjaminF SusanT
DaydreamLitev3
PhilippC PetarH NellyM MatasP ClementO HiroshiD StepanD
AlertsMaxv6
MaxZ PrabhakarC StefanY SergeyW
ChartsSv3
PetarI FionaT ThomasN HiroshiG PetarK RuthB PetarH PhilippY NellyD SundarH BakhodirG ThomasL LarryT TatiyanaK
SlidesSv9
StepanC LarryO LarryZ
CultureXv2
PrzemekP StepanJ RuthW NellyU RuthP
GameXv6
BenjaminG StepanD TatiyanaX MaxK SusanU PetarA LarryN SusanR PrabhakarA StepanC PrzemekM ClementI PetarM RuthO FionaH SusanP HiroshiM MaxZ BakhodirA StefanQ
StadiaSv5
BakhodirL PrabhakarL NellyG PetarF MatasY SergeyK PhilippQ PhilippE
CalendarUltrav7
MaxK MatasP LarryD TatiyanaC TatiyanaB ClementI PetarJ FionaT
WearOSSv1
TatiyanaX
DaydreamSv1
TatiyanaC TatiyanaK PetarN
FlightsLitev8
PrzemekF ThomasC BenjaminJ HiroshiL SergeyK PetarV StefanQ PetarN BakhodirF PrabhakarQ HiroshiT ThomasM HiroshiW PetarJ LarryU SundarL SergeyA
LearnLitev7
PrzemekH LarryI NellyV PetarV RuthP
GroupsProv4
BakhodirO SundarH PhilippY PrzemekF BenjaminF PrzemekH
NewsMaxv9
LarryJ PrabhakarE PhilippL SergeyW MichalZ PhilippO PrabhakarN StepanC BenjaminD
ShoppingUltrav8
TatiyanaK NellyD JenE PrzemekR
DuoXv2
SundarD PrabhakarE StefanX JenL PrzemekU FionaH
SlidesXv7
ThomasE PrabhakarA PetarH StefanH StefanY StepanX PrzemekR TatiyanaC StepanU LarryC ThomasL NellyC BenjaminR PrzemekV MichalR PrabhakarC PetarN TatiyanaM HiroshiR NellyI SergeyJ
MeetLitev8
FionaZ BenjaminV LarryO TatiyanaX RuthO SusanK ClementJ SergeyK SundarI BakhodirP
LearnMaxv9
MatasP
PhotoSv7
TatiyanaO MaxE StepanK StefanK
ChromeOSSv8
PrabhakarM LarryI TatiyanaG MatasO ClementX SusanY ThomasC TatiyanaC JenR MichalV
PixelXv7
PhilippJ NellyD TatiyanaJ StepanG
WebserverXv9
PrzemekR MichalV
OsUltrav1
JenQ MatasP ClementI NellyG StepanN PetarM NellyU SusanY PrzemekR BenjaminJ RuthQ PetarN SundarV JenM LarryU FionaL HiroshiT TatiyanaC TatiyanaO MatasY
TravelXv3
SusanY
ScholarProv3
FionaZ MatasR PrzemekC BenjaminF MaxE RuthB PetarH
BuildZv3
TatiyanaO StefanY ThomasC PrabhakarE JenQ
MoonZv4
RuthT NellyI
VoiceUltrav3
MichalR SusanT BenjaminJ StepanJ
FormsXv6
JenE PrzemekF FionaV StepanC MichalY RuthF PrabhakarL SusanY NellyI StepanG BenjaminF
StreamZv9
HiroshiW RuthF SergeyG PetarV BakhodirQ MatasY LarryJ PhilippC
ShortsUltrav3
ThomasL MichalY SergeyA SundarH FionaK PhilippC SundarV FionaQ SusanC JenQ HiroshiQ MatasT HiroshiI ThomasO
ShoppingSv2
StepanD TatiyanaB PrzemekC
DrawingsSv2
LarryZ PhilippY StepanN MaxZ ClementJ FionaV SundarI JenL MaxB PrabhakarA
MeetLitev1
JenS LarryS JenL PrzemekP ThomasM BenjaminY SergeyR TatiyanaB StepanJ MatasY StepanU
StorageZv3
ThomasC HiroshiJ LarryJ StefanX PhilippI LarryI LarryT StepanN MaxZ NellyQ BakhodirD LarryW SusanH JenQ BenjaminL BenjaminJ LarryO ThomasO
TravelProv9
TatiyanaO ThomasM RuthX
StreetViewZv8
BakhodirM BenjaminG JenL LarryG JenR FionaA PhilippC PetarA LarryN StepanW MatasK ClementJ HiroshiB JenE
ReleaseProv9
RuthF ClementJ MichalQ PhilippC LarryW PhilippI JenE MatasS ThomasQ BakhodirG ThomasL RuthT StepanC NellyI PrzemekU BakhodirL HiroshiL SergeyJ RuthJ SundarV TatiyanaK NellyG
GameUltrav3
LarryC PrzemekR ThomasN HiroshiT SusanH PhilippC RuthQ NellyV ClementO HiroshiW
FuchsiaUltrav9
LarryD ThomasE MaxZ JenE SergeyQ PrabhakarE ThomasL BakhodirF SergeyJ
GmailMaxv9
FionaH MatasS BakhodirD LarryC MichalQ LarryG ThomasN PrzemekU RuthX StefanP ThomasO StefanX PrabhakarB SusanC LarryJ BenjaminN
MarsSv4
RuthX NellyY StefanQ FionaL HiroshiL LarryN ThomasM PrzemekH HiroshiI MatasK MaxZ BenjaminJ FionaZ JenQ BakhodirL LarryK TatiyanaM MichalY PetarV
CultureMaxv5
NellyM MaxB PrabhakarL JenS StefanU MichalV StepanD StefanK FionaL HiroshiM StepanJ PhilippO LarryO HiroshiR MaxM PrzemekM RuthT BakhodirP StefanG JenE PrzemekR PetarK MaxV PetarF LarryG
DataNextv6
SusanA BakhodirB TatiyanaK StepanG SundarD ThomasO FionaL MichalR SundarL PrzemekU HiroshiG
DrawingsMaxv8
LarryD RuthJ
TravelLitev9
SundarV MichalY MaxZ
FlightsLitev4
HiroshiJ TatiyanaM PetarK PrabhakarE ClementX PrabhakarC
DatabaseLitev2
MaxZ BenjaminN BakhodirP PetarV NellyI HiroshiL
LearnLitev4
ClementO
BooksXv8
PrabhakarL FionaQ HiroshiL LarryJ PrzemekH SusanT
DrawingsUltrav4
PhilippK PetarN SundarM LarryN ClementW PrzemekV
SitesUltrav7
ClementI MatasY SusanT PrzemekU StefanH SundarV FionaK LarryN LarryC PetarA StefanX TatiyanaX MatasO PrabhakarA StepanG PrabhakarM NellyM
SlidesUltrav2
BenjaminF FionaL MaxK HiroshiJ
BooksMaxv7
LarryR MichalV RuthF PetarH MichalQ MatasY
ShortsProv5
RuthB PrzemekH SusanR MatasR MichalQ MaxK
MeetXv6
NellyY BenjaminY NellyQ LarryT ThomasQ NellyD BakhodirB StefanP MaxB StepanJ TatiyanaJ BenjaminF SergeyL ClementX HiroshiW BakhodirP
ArtsNextv2
LarryS TatiyanaX PrzemekR HiroshiI SusanK MaxE LarryC TatiyanaT StefanX ClementS
SkyMaxv9
BakhodirM SundarD NellyQ StefanG SergeyY LarryS JenE SusanR LarryZ RuthP HiroshiJ ThomasI FionaH SergeyK MaxZ
FeedBurnerZv6
StefanQ PrzemekV PetarH LarryS SusanH
DocsMaxv3
PetarV BenjaminV MatasH LarryG HiroshiR BenjaminG StepanN MichalP LarryW PetarA MichalY PrabhakarB
TranslateUltrav5
SusanK StepanU RuthX PetarI FionaQ NellyU PetarV LarryO StefanK PrabhakarL BenjaminF SundarM BakhodirF PhilippY StepanX ThomasO MichalV
AndroidAutoLitev2
LarryR SergeyK PhilippJ PrabhakarL SundarA MatasR PetarN LarryO JenE StefanY NellyV NellyQ SergeyW BenjaminV StepanJ BakhodirL PetarM FionaJ StefanH BakhodirP
PhoneProv2
PrabhakarL BakhodirM SundarH StepanD SusanY
DataXv5
BakhodirT SusanY StepanC SusanH BakhodirM MaxK
ClassroomMaxv4
StepanJ NellyV BakhodirL RuthT
PatentsProv3
MaxK BenjaminJ FionaT MatasK NellyG PrabhakarB HiroshiJ SusanU
AssistantSv5
JenU HiroshiW PrzemekR SusanT SusanK PrabhakarE LarryD BakhodirM SundarI StepanG StefanQ NellyI SusanP
DrawingsXv5
FionaT PhilippJ PetarH BakhodirQ StepanC MaxK SergeyQ TatiyanaP BakhodirO JenS TatiyanaM TatiyanaC PrzemekH TatiyanaO HiroshiI PrzemekF
SnapshotXv7
TatiyanaM SusanT TatiyanaG LarryT MaxZ NellyI BakhodirF SusanU SergeyQ PrzemekU TatiyanaX PrzemekF PetarA StefanA PetarW MichalQ FionaQ StepanZ StefanK LarryO LarryJ BakhodirB
CalendarUltrav3
StepanD PrabhakarA PetarK
ShoppingXv1
MaxB MichalJ HiroshiI BenjaminG SusanK
PatentsNextv8
PrzemekR
CultureMaxv9
PhilippJ MaxZ RuthF TatiyanaO BakhodirO MaxK StepanX PetarA HiroshiE RuthJ SergeyJ LarryT SergeyY BakhodirG BakhodirM
DatabaseProv4
SusanR BenjaminJ ClementX BenjaminN StepanX BakhodirA PrabhakarA JenL TatiyanaK ClementW RuthX MichalZ SergeyW
ChromeLitev5
PhilippK NellyI MaxM PetarN SergeyQ JenS LarryC StefanX BenjaminG BenjaminD PrzemekH StepanN ThomasN StefanH
StorageZv4
StepanK SundarI BakhodirD MatasS BakhodirP MatasK ThomasI BakhodirO MatasR PrabhakarE StepanW PhilippK MatasT
StorageXv3
HiroshiW MatasS MatasO NellyD HiroshiT FionaA
StreamNextv7
BenjaminL LarryO HiroshiB JenQ SergeyW SundarH MatasF FionaH TatiyanaM StepanN MatasO StefanQ SergeyQ
StorageNextv7
BenjaminD FionaT TatiyanaG SundarD HiroshiW MichalZ ThomasO HiroshiJ PrzemekH RuthB StefanY MichalY PrabhakarE RuthF BenjaminQ NellyG SusanP SusanR NellyD PetarO PhilippO
ArtsZv4
ThomasC MatasF RuthT NellyQ
SantaTrackerSv6
NellyI StefanU BakhodirD BakhodirM StefanG FionaL MaxE StefanH HiroshiR
OsLitev3
ClementQ JenL NellyI RuthP PhilippY ThomasN FionaQ
DriveLitev7
BakhodirO LarryT FionaH ClementW MatasS
FeedBurnerUltrav9
HiroshiG FionaA FionaQ BakhodirM PetarA PrzemekH ClementV
ScholarLitev1
StepanX ThomasE NellyQ ClementX TatiyanaG ThomasM MaxZ PrzemekR MatasY PrabhakarL MichalV FionaH StepanD StefanZ HiroshiR TatiyanaX SusanU ThomasL HiroshiD
FuchsiaXv5
SergeyY PhilippJ LarryT PrabhakarA MichalQ BakhodirA MaxM PhilippC RuthM TatiyanaG PrzemekH MichalZ HiroshiI PhilippE ThomasI TatiyanaX PrzemekC LarryO RuthF BakhodirL MichalV StepanN TatiyanaT
NewsLitev2
ThomasL MichalV PrabhakarA PetarV SergeyJ PhilippJ StefanH SundarM NellyQ LarryO FionaL ThomasI PrabhakarB StepanC
ChromeOSProv2
HiroshiQ HiroshiR PrabhakarQ MichalZ StepanG JenL MatasT TatiyanaO MichalF PrzemekM SusanU PhilippY SundarX SusanY BakhodirB SergeyK
SantaTrackerSv7
StepanK SundarX SergeyG ThomasC RuthT
WearOSNextv1
BenjaminL BenjaminG TatiyanaM LarryT MatasR ClementJ NellyG SergeyL BenjaminF RuthO JenR BenjaminY MichalR StefanK FionaQ PrzemekR PrzemekC
PhotoProv1
JenL JenR RuthP
MarsProv9
HiroshiJ ThomasE MaxB LarryS
SnapshotXv4
MichalR HiroshiL NellyI MichalQ MichalJ PrzemekC PhilippI MatasR
ResearchZv3
FionaV NellyQ NellyU MatasF JenE MatasR SusanU
ShortsUltrav5
FionaZ MatasK BenjaminJ LarryO BakhodirD StepanN NellyC MichalR LarryT HiroshiJ SusanT TatiyanaB
StorageSv5
PhilippJ RuthF BenjaminJ SundarH LarryD ThomasN PrabhakarE TatiyanaX
KeepSv1
StepanJ PrabhakarL LarryI BenjaminY ThomasN NellyQ MatasF SergeyG StepanP SusanP SundarV
CollectionsMaxv2
BakhodirO NellyG BenjaminY HiroshiW SundarI StepanG FionaV
PixelLitev7
TatiyanaG LarryS SundarM SundarA StepanK BakhodirB TatiyanaT PetarV FionaA JenR JenQ TatiyanaX FionaK HiroshiQ RuthP
ScholarMaxv3
FionaA RuthX NellyV RuthO RuthM SundarI ThomasI StepanW
BloggerProv1
StepanW BakhodirL ThomasM PrzemekM LarryS StefanA TatiyanaC StefanK JenS ClementJ
DrawingsSv8
TatiyanaC BenjaminG SundarV NellyU HiroshiQ TatiyanaT PetarV LarryO ClementW RuthM SusanY ClementI StefanA
FlightsProv2
TatiyanaB
NewsXv6
SergeyA JenU SergeyK TatiyanaG StefanK JenR ThomasU MaxK StefanX MatasR PetarT
MarsLitev9
ThomasC ThomasD MichalR MaxZ HiroshiW PetarQ StepanC StepanD MatasT StefanP RuthX StepanX SusanR MatasS FionaV BakhodirL
SearchNextv2
PrzemekC StepanD TatiyanaX ThomasC RuthA HiroshiI BakhodirO MaxH StefanQ LarryC PetarK NellyI PrabhakarL HiroshiM MatasP ThomasW BakhodirP PhilippE
ShortsXv1
SundarD MatasF MichalQ SusanK LarryW FionaK HiroshiT SusanH FionaH
ExploreXv9
BakhodirQ MaxE LarryR
DocsUltrav4
BenjaminN
CultureProv9
JenQ LarryG SusanH NellyC FionaA
SmartXv3
ThomasD HiroshiM LarryN PhilippI SergeyJ PetarR StefanQ SusanT ClementX PrabhakarL JenQ FionaA NellyD StepanW ThomasO StefanP LarryJ TatiyanaO
ReleaseUltrav1
ThomasC MichalG TatiyanaB PhilippT PrzemekU PrzemekM
SheetsLitev5
PhilippE SusanY PrabhakarN MichalV HiroshiB StefanQ StepanZ PrzemekV BakhodirP BakhodirQ TatiyanaG PhilippK PhilippC BakhodirF MatasH BakhodirL RuthO StefanG MatasM PhilippJ JenQ PrzemekM
PatentsProv1
SusanP PetarK RuthQ StepanZ SundarL HiroshiT SusanU PrabhakarL StefanX SusanH StefanG
SmartMaxv7
PhilippO MatasF MatasR HiroshiW StepanJ PrabhakarM
StadiaUltrav4
HiroshiG StepanZ FionaV SergeyJ NellyG NellyU FionaQ HiroshiD NellyD
StorageProv2
LarryW LarryS
AndroidAutoUltrav7
SusanY TatiyanaM ThomasI FionaK ClementV LarryW FionaL HiroshiI PhilippO
DaydreamUltrav2
MichalQ RuthM SundarL ThomasD MatasO StefanZ BenjaminN SundarS SusanT SergeyG StepanG StepanN HiroshiD NellyC MatasS TatiyanaX HiroshiJ SergeyK
SecureNextv8
SundarI SundarA StefanX StepanD BenjaminO MatasK SusanH ThomasE
OsUltrav8
BakhodirB PrzemekU SusanU LarryN ClementQ StepanJ PhilippO StefanA
FeedBurnerProv5
PrzemekV NellyU LarryC MatasR TatiyanaO PetarA PetarH
LearnUltrav5
SergeyW LarryS PrabhakarB RuthT NellyU StepanD
DreamMaxv2
BakhodirD MatasK RuthX StefanK MichalY SergeyY
ReleaseSv1
ThomasN RuthJ LarryN StefanZ BakhodirM HiroshiQ StefanV PrzemekF RuthB MaxB PrzemekV StepanC LarryD TatiyanaO
SnapshotZv7
FionaT PrabhakarM HiroshiG StefanU LarryZ NellyQ LarryS StepanC StefanA SusanY StefanH PetarQ JenQ SergeyW
ShortsNextv6
BakhodirB FionaT ThomasD SusanC HiroshiI TatiyanaG ThomasW MatasF FionaA TatiyanaX SusanU LarryD PrzemekC StepanJ MatasS SundarH
YouTubeUltrav3
RuthO NellyI StefanK HiroshiB ThomasD SundarA
CollectionsXv5
TatiyanaT BakhodirA HiroshiL MichalQ ThomasD SundarM SusanU FionaV MaxB ClementW ClementX
TravelZv7
PrzemekP StefanH FionaA HiroshiJ StepanN HiroshiB ClementI FionaQ SusanC SergeyG LarryK StepanW MatasK SusanH StefanA SusanR BakhodirB
PhoneNextv4
BenjaminL PhilippO FionaK
DuoUltrav9
BakhodirL SundarX SergeyK HiroshiR JenS JenE MatasY TatiyanaB LarryG SundarA HiroshiQ SundarV LarryN
ClassroomMaxv9
PrzemekH LarryY RuthQ ThomasO StepanD SundarH MatasO LarryW ThomasM NellyI BakhodirM PetarA FionaL LarryT FionaQ StepanZ SusanT FionaA NellyY HiroshiD TatiyanaT BenjaminY
StadiaXv5
SergeyK NellyC SergeyY StefanU StepanK RuthO SundarX ThomasQ BenjaminV StepanG BakhodirF StepanX JenS LarryC StefanK PrzemekR SusanK
VoiceProv1
LarryO PrabhakarN PhilippT NellyG ThomasN SusanK SundarD HiroshiL PetarM LarryC BenjaminJ LarryR
CodeSv6
LarryS PrzemekF PhilippT PetarV SergeyA ThomasI HiroshiL LarryG JenE MatasT RuthQ SundarI HiroshiT StepanC PrzemekV PetarH SusanC MatasP BakhodirB LarryC
TravelSv2
PrabhakarA BenjaminF PetarK JenL NellyC SusanD PrzemekC JenS MichalZ MatasT SundarV StepanG MaxA HiroshiB HiroshiT ThomasN ClementJ SergeyA PhilippO MichalY
SkyXv7
SergeyW BenjaminJ NellyI MatasP
MeetSv8
ThomasL
PatentsUltrav5
ThomasZ HiroshiL TatiyanaK PrzemekF HiroshiR SergeyA BenjaminV FionaA ThomasD HiroshiM NellyC StefanQ HiroshiB SusanH
SantaTrackerProv5
FionaH ClementJ ThomasM SundarV NellyD NellyI PhilippY HiroshiR
SlidesXv2
NellyC JenS ThomasO BenjaminN
ScholarNextv4
StefanA PrabhakarA
StreetViewUltrav9
JenR PetarV LarryG SusanH MatasT StepanD SundarL TatiyanaM StepanC BakhodirO BenjaminY StefanQ NellyV StepanX RuthT SusanY MaxE PetarK
FlightsZv4
HiroshiI LarryZ RuthT PhilippK ThomasL SusanH StefanU PrzemekC SergeyQ PrabhakarE MichalY
WearOSMaxv3
NellyC SundarM LarryT TatiyanaG FionaZ HiroshiT RuthT StefanU SergeyJ LarryV FionaH
FormsNextv7
NellyD ClementJ SusanD PetarQ PhilippY SundarL PetarR FionaV BakhodirT StefanH
PixelUltrav1
StefanU ClementW SusanK SergeyQ ThomasQ SundarX SergeyJ BenjaminF SusanT TatiyanaB NellyD
AndroidAutoXv8
LarryD SusanU PrabhakarN HiroshiL BakhodirO
DocsLitev8
PrzemekF BenjaminG BenjaminJ TatiyanaB SusanK PetarM SundarL TatiyanaM MatasS MatasP LarryR RuthF FionaA PrabhakarE PrzemekH BakhodirL TatiyanaT
NewsSv9
SundarV HiroshiD MichalQ StefanV JenQ RuthB SusanT BenjaminN PrzemekM
FlightsZv2
FionaV FionaH
SkyZv9
StefanA StefanQ PetarA SundarS MaxZ StefanH SergeyW NellyY SusanU ClementW SusanC NellyQ SergeyQ PetarH
SearchSv1
MichalY BenjaminL StefanX NellyD MaxK PetarM SundarX HiroshiQ BenjaminD PrzemekN PhilippE ThomasM SundarD FionaA ThomasO
FlightsProv8
BenjaminL LarryR MatasR SusanP PhilippE MichalV RuthO JenQ LarryG LarryJ PrzemekF SundarD BakhodirM StepanC ThomasO StefanH ClementJ StefanX JenS
CastOSMaxv2
NellyQ MatasK FionaT ClementI ThomasO SundarL RuthF SundarM PrabhakarQ HiroshiR TatiyanaB SundarV MichalR PetarN MatasY SergeyG SusanH BakhodirF HiroshiQ LarryR BakhodirQ HiroshiG
AndroidAutoSv4
LarryG PhilippY PetarK LarryZ NellyD StepanG StepanJ ThomasC PetarQ HiroshiW MatasK ThomasI
SitesSv7
HiroshiT LarryJ SergeyL PhilippT JenJ PrabhakarB TatiyanaM PrzemekH JenQ LarryR FionaT SergeyJ BenjaminD SergeyK PrzemekU SundarV MaxK LarryG PhilippK SusanU SergeyY BenjaminY SusanT FionaZ JenS
ChromeOSNextv2
StefanU StefanX MatasT BakhodirD PrzemekF MichalJ HiroshiD SergeyY HiroshiI PrabhakarA PetarA FionaT MaxE MichalQ StepanZ
MarsXv4
PhilippO NellyD SundarL BenjaminL SundarM MatasS StepanG TatiyanaC
PixelProv2
PrzemekU LarryN JenR FionaH JenU PrzemekC MatasS SundarI HiroshiW PrabhakarJ BenjaminL MichalQ SundarV PhilippK
CollectionsZv3
MatasR SusanD FionaZ PetarH FionaQ StepanJ PrzemekU
GlassOSProv6
JenQ LarryD RuthT PrabhakarB PrzemekU HiroshiQ BakhodirA
MarsLitev4
HiroshiQ NellyI ClementW PrzemekH StepanG BakhodirL LarryD LarryR FionaL MichalV SundarA LarryG SundarX StepanD BakhodirM
SheetsMaxv7
StepanK FionaT PetarM TatiyanaM BakhodirL SergeyQ NellyV LarryI TatiyanaB StepanZ NellyU PetarQ FionaZ SergeyA PhilippC
AndroidUltrav5
MaxE MatasP MatasS PhilippY ClementX JenS ThomasL RuthB BakhodirM MatasO BenjaminR StefanY SergeyJ
StorageProv9
TatiyanaG SergeyW BakhodirG SundarD NellyC PrzemekV ThomasD ClementX StefanK LarryR JenL HiroshiG MatasR
AssistantSv9
MichalZ JenR ThomasO BakhodirT BenjaminG SergeyJ LarryT TatiyanaB
DriveXv7
NellyV PhilippO RuthP LarryN PetarN MatasS RuthJ
CodeUltrav9
PetarH BenjaminF NellyV PhilippO SundarM
DrawingsProv6
SundarV SusanC PetarH StepanN MaxH HiroshiL FionaH HiroshiD PrabhakarQ SusanD LarryZ MichalQ TatiyanaT TatiyanaI ThomasE PetarN StefanU MatasR SusanI FionaK
DataZv9
TatiyanaC
ArtsLitev1
BakhodirD SusanD TatiyanaK SundarA PrzemekF
VoiceSv5
BakhodirD LarryG PrzemekF MatasT BakhodirB BakhodirA ClementJ SergeyA MatasR TatiyanaI RuthB ThomasN PrabhakarM
FuchsiaNextv4
ThomasI PetarM BenjaminV PrzemekU LarryD StefanU BenjaminD PrabhakarL ClementI SergeyA PrzemekF
GameUltrav5
LarryO StefanH FionaQ TatiyanaB MatasP ClementX PetarV PhilippK LarryW MichalV MaxK PhilippT PhilippY HiroshiG LarryR TatiyanaC StepanL PrzemekW HiroshiR StefanT MaxZ
StadiaMaxv2
PrabhakarN SusanD SergeyA BenjaminV
StadiaNextv3
MaxE MichalZ HiroshiW ThomasE ThomasN TatiyanaG ThomasM PrzemekP ClementW PrabhakarB RuthT BakhodirQ NellyQ MaxA MatasK BenjaminJ NellyY StefanK BenjaminL BenjaminV ClementI SergeyJ
StorageZv5
RuthT SusanD MichalV BenjaminN PhilippI ThomasC PhilippJ SusanT FionaV
StreamNextv2
StefanY ThomasQ SundarD HiroshiJ SergeyA BakhodirD FionaZ PrabhakarL RuthT BenjaminL MatasM TatiyanaC PrzemekM SundarI
AndroidTVXv7
SundarV SusanT ThomasD BenjaminN TatiyanaG SergeyG PrabhakarN PrabhakarA MaxA HiroshiG NellyU BenjaminY ThomasN LarryJ PrzemekH SundarD MichalI BenjaminD StepanI StepanJ MaxK
MarsXv1
NellyC TatiyanaK MaxB SergeyL HiroshiR NellyQ BenjaminN NellyY PetarV BenjaminJ MatasP StefanX PrzemekH JenQ
DatasetSearchNextv1
BenjaminG MatasF TatiyanaG BenjaminY HiroshiR TatiyanaX NellyU ThomasE StefanU
SmartNextv2
ThomasZ MichalR TatiyanaG BenjaminJ LarryZ JenE ClementX LarryT JenQ
PhotoNextv6
StepanG MichalR PetarA SundarS ClementV PrzemekU BakhodirG MaxH StefanX StefanH SundarX MaxA TatiyanaM SergeyA LarryD TatiyanaG FionaA RuthJ MichalQ PrzemekM HiroshiR
AlertsProv6
SergeyW SundarA PetarQ TatiyanaG HiroshiQ PrzemekC JenQ PrabhakarE NellyU PetarA SundarL MaxK TatiyanaO MaxZ BakhodirF BenjaminF SundarX PrzemekR
KeepXv7
FionaA StepanW HiroshiM PrzemekM ThomasL MatasT PhilippI StefanK PhilippJ StepanC NellyD BenjaminL StepanK PhilippO MichalQ ClementI ThomasQ
DriveLitev5
HiroshiW LarryJ TatiyanaO MaxE PetarQ
TranslateNextv5
BenjaminL MichalQ LarryO BakhodirL StepanW StefanZ
StadiaUltrav1
MichalF MatasS BakhodirL ThomasN MaxZ PetarV BakhodirP HiroshiW StepanX StepanD PrabhakarE BenjaminG FionaD SergeyY PhilippO MatasF ThomasI LarryJ RuthJ BakhodirM HiroshiI StepanR
LoggingNextv2
TatiyanaG LarryW PrzemekC PhilippO LarryC StefanQ MaxB PrzemekR TatiyanaK PhilippK SergeyW
DataUltrav7
ClementW SundarS PrabhakarQ StepanX PhilippJ ClementI NellyD PrzemekR HiroshiQ BakhodirQ MatasT
DatasetSearchZv3
PrzemekV LarryS SergeyA StefanA BakhodirP PhilippC NellyC PrzemekC StefanH SundarM BakhodirF StefanV NellyQ MaxK SundarV SundarL PetarR TatiyanaX MatasH LarryK
FuchsiaMaxv4
MatasP SergeyQ SusanP SusanY PhilippO StepanJ HiroshiW
ScholarNextv3
PetarK LarryZ FionaQ MaxH MatasT LarryR PhilippO BenjaminG SergeyA PetarN SundarX PhilippY PhilippC PetarV StefanY PhilippJ BakhodirL SusanT SusanR ClementQ
AndroidAutoNextv5
StefanA NellyD BakhodirO SundarS MatasY PrabhakarN PetarK PhilippO
AndroidAutoZv3
SundarS LarryR LarryS SergeyA SergeyY TatiyanaI StepanW PrabhakarA SundarD SundarM MatasM FionaK SusanR SergeyJ FionaQ MaxA SusanD
SkyNextv1
ThomasQ SundarI RuthB StepanD HiroshiD StefanX SusanK PhilippE MatasR
DuoMaxv4
BakhodirP MichalZ SergeyQ FionaZ HiroshiT LarryD BakhodirL HiroshiQ StepanW SusanY PhilippO StepanK StepanX StefanV MatasF RuthJ
PixelProv4
ClementI BenjaminN HiroshiQ PetarA BakhodirP MichalQ TatiyanaO PrzemekU MatasS PhilippT
LearnProv1
FionaL BakhodirO NellyY SundarA StepanX FionaV SusanT PetarM PrabhakarC ThomasN BenjaminF SundarS HiroshiI
ReleaseSv6
StepanX BenjaminN SundarA PrabhakarA BenjaminJ JenE BakhodirG FionaL SergeyG SergeyL PetarH
SantaTrackerSv3
MatasT SusanU PrzemekF StefanP ThomasE PrabhakarB SundarV SusanH SusanP StepanC PrabhakarC HiroshiI LarryZ ClementI RuthX LarryK
GameNextv4
ClementV ThomasZ SergeyA NellyQ TatiyanaT StefanY PetarM BakhodirF JenQ
SitesSv9
LarryC ClementX MichalV HiroshiG ThomasC LarryK PetarR RuthF PhilippT LarryD SergeyK TatiyanaC BenjaminY StefanK SundarV StefanU PrzemekV
GameZv6
StepanN ClementI StepanW PetarK SundarV
PhotoMaxv3
RuthB PetarH HiroshiL PrzemekR
SitesZv7
StefanH MatasR FionaT BakhodirO NellyY PrzemekC ThomasC StefanY JenS SusanT NellyC PrzemekU MichalQ TatiyanaG StepanK MatasH PrzemekN SusanU PhilippY JenR MaxH MatasS PhilippI
ResearchUltrav6
MichalR RuthT HiroshiQ SusanP PrabhakarQ SusanT ThomasI SergeyQ MatasK BenjaminY FionaT ThomasN ThomasL SundarA PhilippY StepanG MaxA LarryR SergeyK LarryS PetarN MatasH MatasT StefanZ
ChromecastSv9
JenL SusanP SundarA PrzemekH FionaL PhilippI ThomasM ThomasL ClementO FionaV PrabhakarQ HiroshiQ HiroshiL BakhodirM LarryC ThomasI SundarX
AndroidTVSv4
SergeyX PrzemekV StefanH PetarQ BenjaminL ThomasZ HiroshiW BakhodirQ
ChatNextv7
StepanN StepanC NellyQ PetarN TatiyanaX SergeyJ MatasH FionaY
FlightsSv1
ClementV JenQ LarryI StepanD
SantaTrackerNextv3
ThomasM StepanX ThomasL TatiyanaO MichalG LarryI SergeyQ PrabhakarA HiroshiQ ThomasQ SundarV TatiyanaK StepanK StefanX LarryO PhilippJ BakhodirA PetarH TatiyanaX HiroshiB BakhodirG ClementW NellyQ SundarL LarryJ
FuchsiaLitev8
TatiyanaM HiroshiR ClementJ StepanZ HiroshiT MaxE TatiyanaG ThomasQ LarryJ StepanG RuthT PrabhakarB SergeyK RuthP TatiyanaO SundarM BakhodirP MaxB MatasF BakhodirA SundarS
StorageZv6
PrabhakarN ClementJ StefanY StepanN PrabhakarE BakhodirO SusanU RuthP
AlertsLitev3
HiroshiM MatasY MaxA PhilippJ LarryN RuthB SergeyX ClementV
MoonLitev2
SundarM HiroshiT BenjaminV LarryC SergeyN
CastOSUltrav5
LarryR LarryZ LarryK PrabhakarQ NellyI FionaA ThomasL PrabhakarL
GroupsLitev1
SergeyL PhilippJ PhilippK StepanX ThomasE StepanK TatiyanaC
FeedBurnerUltrav4
ClementJ MichalQ LarryR BenjaminG HiroshiB BakhodirP
CodeProv6
BakhodirP ThomasO LarryT RuthJ SundarS BakhodirG ClementJ HiroshiG LarryD HiroshiR SusanH LarryR PetarK RuthT MatasS StepanC TatiyanaC PhilippO RuthO SusanR TatiyanaX MatasH NellyQ FionaZ
KeepXv5
SusanY SergeyK PhilippT MaxK MaxB MatasS ClementW PrabhakarN StepanD StefanY PetarK StefanA TatiyanaO SundarV StepanX LarryS MichalV SundarL JenU PrzemekU
SitesSv3
PetarH MichalV PrzemekN MaxB HiroshiT MatasO FionaH LarryT RuthM StefanK StefanV TatiyanaC NellyY MichalQ SusanY MaxE SergeyJ TatiyanaA ThomasD StepanJ BenjaminL
TranslateZv1
LarryN StepanJ FionaH RuthB PrzemekN ThomasM MatasP StepanZ ThomasL RuthM MichalZ BenjaminR BenjaminD SergeyK MatasM SergeyA PhilippT BakhodirP LarryW TatiyanaG StefanK StefanV PetarV
ImagesLitev4
NellyI BenjaminF SundarL PrzemekC
ImagesXv2
NellyQ StepanW ClementX MatasH PhilippI NellyC LarryJ BenjaminY SusanC BakhodirF PrzemekR StepanD HiroshiB FionaK TatiyanaB PrabhakarE FionaQ TatiyanaI SundarI
DrawingsMaxv4
BenjaminJ SusanA NellyU PrabhakarA ThomasI FionaQ MatasH SusanU BakhodirT PhilippY MatasF PhilippT MaxH MaxM RuthQ MaxA LarryD StefanA PetarK HiroshiJ ClementV
FinanceUltrav1
SusanK PhilippT RuthT MaxH SusanA BenjaminV BenjaminN SergeyX NellyI SusanD BakhodirT MatasT HiroshiJ PetarM TatiyanaI LarryD
ChromeMaxv9
SundarL FionaH MichalZ StefanZ RuthX SundarM HiroshiM LarryW StepanN BenjaminN HiroshiJ BakhodirA ClementW ThomasE RuthO MatasT
PhotoProv5
FionaT ThomasN SusanU
AlertsUltrav5
MatasH PhilippO MatasK ThomasI HiroshiM HiroshiT PetarQ MichalJ SundarM StefanX PrzemekM LarryY SusanK RuthO StepanZ PhilippT BenjaminG SergeyQ TatiyanaK
CultureXv9
BenjaminD RuthO BenjaminV RuthX StefanA HiroshiG RuthF LarryC LarryG
StadiaLitev1
NellyD PetarV LarryN StefanX SusanH NellyU NellyI JenU PetarH FionaT MaxM BenjaminF ThomasI HiroshiD
AssistantLitev4
LarryZ StepanD SusanP ClementI PrabhakarN PetarQ MichalQ MichalV MatasY HiroshiI NellyG StefanV SusanT StefanZ ThomasZ LarryY RuthM PrzemekR
ImagesNextv6
NellyI SundarX RuthM SergeyL LarryC LarryT HiroshiI MaxK HiroshiR MatasY RuthX MichalV HiroshiB ThomasD MatasP BenjaminD HiroshiT
SlidesZv9
RuthF NellyQ HiroshiM ThomasO LarryR TatiyanaX MatasM MichalV TatiyanaC HiroshiT SusanR PrzemekM StefanK
MarsMaxv4
RuthJ BakhodirM StefanH PetarA
WearOSXv5
SusanT StepanD RuthM MaxA PetarR StepanW LarryJ MaxH ThomasL SundarX RuthQ MaxZ PrzemekM PrabhakarB ThomasO NellyC PetarN MichalQ FionaL FionaZ PrzemekR PrabhakarC MichalR LarryW LarryO
PixelZv4
SusanA BenjaminV LarryJ MichalV PrabhakarL NellyI NellyQ PrzemekM PrabhakarE ClementW MichalZ BakhodirO PetarV
CalendarUltrav8
MatasO MaxZ SundarB BakhodirM SergeyK BenjaminF PhilippO RuthT RuthM HiroshiD ThomasI PhilippY NellyG LarryG SusanK BenjaminN RuthJ PrabhakarB
SitesMaxv1
MichalG MatasP TatiyanaI HiroshiG PhilippJ FionaQ
DreamMaxv1
ClementV
CodeNextv4
ClementI SundarS HiroshiG BenjaminJ MichalJ SergeyG LarryT NellyG JenR MichalY BakhodirA
PatentsProv4
LarryS StefanV RuthT StefanQ LarryD SundarX BakhodirL MatasR SusanY NellyI StefanH
CalendarXv3
ThomasO ClementW BenjaminG RuthT PrzemekR SergeyY MichalZ MaxA BenjaminV FionaZ PetarM MatasR HiroshiW SundarL TatiyanaG SusanT HiroshiB PetarK NellyG SergeyJ SusanA FionaT MaxB
SantaTrackerLitev6
JenU NellyQ StefanU JenS BakhodirA SusanR MaxH StefanQ SundarM MichalQ LarryS
PhoneZv2
PetarK BenjaminF MaxE HiroshiI LarryN
YouTubeXv5
BakhodirA HiroshiL HiroshiR
YouTubeMaxv6
PrzemekC MichalZ JenL ThomasC LarryT HiroshiB MatasK TatiyanaO PrzemekH ThomasN RuthM BakhodirQ SundarD
FormsNextv6
LarryO PrabhakarL PrzemekC MaxK MaxB FionaQ BakhodirT HiroshiB HiroshiL RuthO PetarH StefanM NellyC LarryD MichalR ThomasE TatiyanaM MatasY HiroshiM ThomasL LarryG
PhoneMaxv8
TatiyanaT SundarX PhilippI StepanG StepanK SusanP ClementV SergeyQ BakhodirA StepanC BakhodirG ThomasM LarryR StepanX SergeyW PrzemekC SundarV
ScholarLitev9
StepanW HiroshiQ BakhodirA MaxE PrzemekH StefanV MatasR FionaK StefanQ ThomasE MatasY SundarI MaxH SundarL
YouTubeUltrav8
BenjaminJ StefanQ SusanU BenjaminF MatasP MichalZ BakhodirP MatasH TatiyanaC StepanX SergeyK PrabhakarA MatasO RuthT LarryW SergeyW FionaZ RuthB PhilippO ClementX
SearchUltrav6
BenjaminR LarryZ SundarV SergeyK
VideoXv7
ThomasC PetarQ RuthX NellyC PetarN LarryC HiroshiR PrabhakarQ RuthQ BenjaminG
DataLitev6
ThomasO RuthF MichalZ LarryK SusanA PrabhakarN FionaQ StepanG HiroshiR SergeyQ SundarV PhilippK StepanD LarryW PrabhakarB FionaT
MoonXv7
BakhodirO SundarA MatasK BakhodirM StepanJ NellyV SusanC HiroshiI PhilippI LarryT BenjaminY StepanC PrabhakarQ StefanX SergeyJ PrabhakarA
YouTubeProv8
MaxE SusanP RuthP ThomasC MichalV TatiyanaM RuthM MaxM MatasO SundarV PetarK StepanK NellyD PetarW
SmartNextv7
SundarS BakhodirL BenjaminV MaxB BenjaminN LarryG StepanN FionaH HiroshiG TatiyanaM MatasH FionaZ TatiyanaK BenjaminG BakhodirQ SundarD MaxK LarryC StepanZ HiroshiQ PetarK SergeyW BakhodirT
GameMaxv9
PrzemekC FionaK TatiyanaM ThomasC JenU MichalJ LarryT LarryW RuthJ TatiyanaX LarryN MatasK JenL NellyQ
FormsXv8
FionaV PrabhakarN PetarR SundarS MatasS JenL LarryY StefanH PetarM PetarQ StepanD ClementI SusanU TatiyanaO SergeyA
KeepSv9
BenjaminY StefanU BenjaminV PrzemekR
KeepSv6
LarryO HiroshiT TatiyanaI SusanT ThomasZ HiroshiQ RuthB FionaL SusanC PetarH HiroshiJ NellyU
DrawingsSv6
PetarV PrzemekU PrzemekH TatiyanaB PetarM ClementQ LarryG HiroshiL LarryR BakhodirA MatasT PhilippT SergeyG FionaZ
TravelSv4
PrzemekF FionaQ MaxA HiroshiD PhilippC StepanJ PrzemekU NellyI
FormsMaxv9
ThomasQ PetarA NellyD HiroshiQ LarryS TatiyanaK SusanH SundarI BakhodirO SergeyQ StepanD LarryZ SusanA BakhodirP
BuildXv6
PhilippO MichalY PrabhakarB BenjaminG LarryR HiroshiQ SundarM MatasF ClementJ StefanX TatiyanaM StefanY NellyC StefanA StefanZ StepanZ MichalV LarryS TatiyanaI NellyV PhilippJ SundarA LarryC SundarS SergeyQ
ResearchProv3
SusanH SusanU LarryG StefanH HiroshiM BenjaminG HiroshiJ SundarD BakhodirB BenjaminR ThomasI BakhodirM PhilippK BenjaminF BakhodirT StefanX ThomasD HiroshiW FionaT
VideoUltrav8
BenjaminG MichalQ StefanX HiroshiI PetarA LarryC SusanD BakhodirL StefanU ThomasO SusanR RuthO
MeetXv8
FionaT SundarV SergeyW SusanT MichalQ StepanN HiroshiR PrabhakarN SusanY BenjaminV SundarL StefanY NellyV RuthJ NellyQ
GmailUltrav2
BenjaminL LarryG StefanQ SundarA HiroshiW PhilippI StefanV BenjaminF RuthT PhilippJ FionaA ClementV HiroshiL
YouTubeUltrav4
LarryJ StepanD BakhodirP NellyQ PhilippO TatiyanaX StepanX RuthB LarryT MaxE
VideoZv8
ClementI LarryZ ThomasQ BakhodirO MichalJ ThomasC SergeyA ClementJ
DataMaxv1
StepanJ PrzemekC FionaL PhilippC NellyG FionaQ LarryW ClementQ MatasT
ImagesNextv7
LarryJ ThomasL SusanU BakhodirL PhilippO StefanY MichalR FionaK StefanA SergeyQ LarryS NellyY BakhodirP StepanZ
ChromeOSLitev5
TatiyanaO NellyG SergeyL RuthJ BenjaminJ
GroupsUltrav2
SundarV BakhodirQ NellyG BakhodirL SundarD
AndroidMaxv3
HiroshiB PrzemekC PrzemekF NellyC LarryY BakhodirP SergeyQ LarryT
NewsMaxv7
HiroshiG BenjaminG StepanW MaxH HiroshiJ StepanZ StefanV RuthX RuthF SundarL LarryY SergeyL MichalR MichalX StepanK TatiyanaP StepanX BakhodirL LarryZ SusanD TatiyanaO LarryD LarryO
PixelMaxv7
ThomasZ RuthP MatasP PetarR MichalQ MichalR StefanH LarryZ
AndroidTVZv4
HiroshiQ JenS MatasO StefanX
VoiceProv9
ThomasL ThomasC PetarH BakhodirL PrzemekC
KeepXv4
PrzemekU MaxB NellyD MaxH StefanQ BenjaminF
PhoneXv5
BenjaminD PrabhakarE ThomasO NellyD TatiyanaT MatasT PhilippJ SundarL PetarR ThomasD BakhodirP MaxA MichalR SergeyQ
ExploreSv3
BenjaminV PrabhakarE HiroshiD StepanZ ThomasE PetarV JenL BenjaminL SusanU FionaZ BakhodirM TatiyanaK MaxZ StefanZ SusanT SundarI BakhodirL PrabhakarL StepanD
ArtsLitev8
LarryS NellyG MatasP FionaL TatiyanaI LarryT PetarA BakhodirP PetarQ BakhodirM TatiyanaG
AssistantProv8
PhilippK HiroshiQ PrabhakarN PhilippJ MaxZ PetarN BakhodirL SusanP MaxA BakhodirB NellyV NellyU MatasK JenU ThomasD
ReleaseMaxv2
StepanG PrabhakarL NellyD SundarD TatiyanaT SergeyY HiroshiT StepanZ RuthM MatasT FionaT RuthT MaxR
LoggingProv1
StepanX MaxK TatiyanaK SergeyW MaxA MichalZ HiroshiB FionaT SundarA FionaQ StefanM NellyD StepanZ StefanX RuthP LarryC SundarS SundarD PhilippJ SergeyY
VideoProv2
StefanZ HiroshiT SundarD SergeyJ StefanV ClementX MaxH
DatabaseLitev8
RuthB StefanV MaxA SundarA ThomasE ClementI SundarS FionaQ RuthX PrzemekC BakhodirA ClementV MaxZ FionaD
PhotoLitev1
RuthT TatiyanaG SundarA NellyD SundarD LarryD SusanR TatiyanaO FionaT StefanK MaxA MatasY PrabhakarC MatasO FionaA TatiyanaX PetarI HiroshiW MichalQ
CastOSXv2
PetarV MichalQ HiroshiT SergeyJ LarryN BakhodirP PetarH LarryY
ConnectLitev4
MatasR ThomasN MatasT LarryY ThomasC StepanZ PetarQ RuthP BakhodirG MatasK StepanD MatasY PhilippY ThomasD
DaydreamProv6
StepanZ PhilippT SundarL StepanC ClementI MaxE MatasY HiroshiW ThomasI ClementV StefanU NellyC FionaZ SundarM SusanC BakhodirO ThomasC BakhodirB StefanM HiroshiR StefanX NellyQ StefanY
WebserverLitev8
LarryW PrzemekC LarryY JenS ThomasL PrabhakarA HiroshiG
VoiceLitev2
MatasY StefanK MaxK TatiyanaT SusanK StepanC ThomasC PetarV RuthJ MatasF
ShortsNextv3
SusanP BakhodirT PetarA SusanY SundarL StepanW SusanK BenjaminG TatiyanaM TatiyanaB StefanK HiroshiT RuthX
FuchsiaMaxv3
RuthQ MichalY StefanH
WearOSUltrav7
PetarA TatiyanaO ThomasZ MatasO MichalR MichalQ MichalV NellyU
ImagesXv7
PhilippC MatasS MaxE TatiyanaX JenS BenjaminD SusanU HiroshiB BenjaminL PetarQ ThomasE PrabhakarB
ConnectProv2
SusanT LarryN ThomasZ
ResearchSv4
StepanX LarryR SundarL StepanC BenjaminD FionaQ HiroshiB ClementW BenjaminF RuthQ SergeyJ RuthM
SitesUltrav1
SundarI LarryS SundarM ClementX StepanG PhilippJ ThomasE PetarV MatasR MatasT MaxS StefanZ JenQ PetarQ StefanK HiroshiB ClementQ LarryG
ChromecastUltrav6
ThomasD BenjaminN MatasR BakhodirB JenQ SusanT
VoiceSv8
NellyG PetarV PetarM StefanU BenjaminG SundarI SundarL TatiyanaC SusanH PrzemekR ClementI PrabhakarL BakhodirP SergeyA StepanX
AlertsLitev1
StefanQ SergeyQ NellyI StefanV BakhodirQ NellyG FionaQ PrzemekV RuthO StepanZ PrzemekC MatasK SergeyY BenjaminN HiroshiR ThomasC PetarQ PetarH MaxH MatasP ClementI LarryR BenjaminJ SusanP
DaydreamXv9
PrzemekU JenS LarryT BenjaminD MatasP JenL SusanY MatasT NellyC SergeyW ThomasZ StepanJ PrabhakarQ BenjaminL
CurrentsZv5
SusanP SergeyG StefanZ RuthO HiroshiB MatasP
FormsSv5
PhilippO BenjaminN ThomasC LarryO TatiyanaX
LoggingMaxv9
PrzemekV BenjaminR MatasS RuthF BenjaminV ClementI HiroshiD PetarN StepanW MatasH MatasT
CultureMaxv8
NellyG MatasR LarryN StefanQ HiroshiG HiroshiD SusanK PetarH LarryK FionaA StepanJ
ChromecastMaxv5
HiroshiD NellyQ ThomasO BakhodirO SundarI MaxH SundarX JenQ
DriveNextv4
StepanX PrabhakarE FionaQ SusanT StefanH
ChromeSv6
MatasF HiroshiL RuthQ BenjaminF SusanK
MapsMaxv2
StefanK RuthJ LarryY ThomasL NellyD RuthT PhilippY PhilippO BenjaminV SundarS MichalZ SergeyK ThomasN SundarD StefanH JenS HiroshiR PhilippT SergeyJ HiroshiT LarryD HiroshiM RuthQ TatiyanaT
DriveZv4
ClementV SergeyW FionaZ PetarR
StorageProv3
SundarA PrzemekF TatiyanaG BakhodirG PhilippY BakhodirA LarryR StefanX MaxK MaxZ BenjaminV StepanD PhilippO FionaL FionaA MichalQ NellyC
PhoneSv1
SusanC HiroshiB PhilippC MatasF
SmartXv9
MaxH JenS ThomasN PhilippY
AndroidAutoProv3
BakhodirQ JenU StefanV MatasM HiroshiM BakhodirF SundarL StefanY SusanR PrzemekN MaxM MaxA ClementQ ClementX SusanA MaxH StefanK LarryW SusanY SusanT PrabhakarL MatasR
DuoXv6
TatiyanaT StefanV ClementQ MichalY RuthP
AssistantMaxv6
SergeyW MatasH SusanC MichalG BenjaminJ ThomasZ BenjaminV StefanK JenQ
GameProv9
LarryR HiroshiR BenjaminL PetarA MaxB SergeyK BenjaminF PetarV SundarL
DreamSv6
RuthM PetarA StefanK RuthF PrzemekM
FormsZv3
MichalR SusanR SundarD HiroshiM MatasS NellyC MaxA
CodeXv4
StefanX ClementJ MichalV ClementX MatasO SergeyL ClementV StepanG LarryO BakhodirG TatiyanaC StepanC TatiyanaB
DaydreamZv9
TatiyanaM MatasS PrzemekR BakhodirM RuthF StepanW SusanH RuthP MaxH
MarsZv3
SundarL HiroshiR PetarR LarryN StefanU ThomasI LarryC HiroshiQ ThomasD StefanH BenjaminG JenQ SusanD PrabhakarC BakhodirL SusanT
SnapshotProv6
SergeyL PetarA StepanN RuthX MaxA PhilippK SusanR MatasP SusanD ThomasL PetarR HiroshiI LarryS
CalendarUltrav1
HiroshiJ HiroshiW LarryY SusanK LarryK PetarM SergeyL SundarS MaxK MichalX MatasP PhilippO
AndroidAutoLitev3
MatasY
DocsProv3
SusanA MatasP PhilippJ RuthT PrabhakarB ClementV MatasZ NellyG HiroshiT RuthP SergeyQ
ChatMaxv5
RuthB PhilippJ BakhodirO BenjaminY
NewsXv4
RuthJ SergeyJ MaxM ClementV PrzemekV BakhodirG ThomasE RuthX MaxB PrzemekM LarryO StefanQ ThomasZ
ChromecastZv6
MichalY MatasS SundarA BakhodirB BenjaminV SusanR HiroshiD MichalR
GameNextv5
MaxK ThomasL SusanY ThomasZ LarryO BakhodirL HiroshiG ClementW PrabhakarB BenjaminR BenjaminL
WearOSZv2
PrabhakarQ SergeyY MatasO StefanA PrabhakarE StepanD
StreetViewNextv1
SusanY SusanH LarryJ MaxK ClementQ MichalV PrabhakarB TatiyanaM SundarV MichalJ NellyD
ChromecastLitev2
MichalF PrzemekV SusanY StefanX TatiyanaX PhilippK MichalR FionaK
VoiceNextv2
MichalZ PhilippO MaxZ LarryS LarryT
StadiaUltrav2
BenjaminN RuthT FionaL SundarD
FeedBurnerUltrav3
SergeyY MatasS HiroshiG BenjaminF LarryG SundarM BenjaminJ HiroshiM StefanQ PrabhakarA PrzemekR SundarX TatiyanaO SusanD
CollectionsLitev5
PhilippT SusanC LarryN TatiyanaI NellyV StepanW PrzemekU SundarA TatiyanaM MatasS SusanA SundarM FionaL ClementX StepanC ThomasZ StepanN StefanH BakhodirT RuthJ SusanR NellyI SergeyX PrabhakarB LarryC
SlidesUltrav5
ThomasZ StefanU TatiyanaC LarryN MatasT MatasS PhilippC SergeyK LarryT BakhodirM BakhodirF MaxK PrabhakarA
AlertsProv3
PetarQ HiroshiG LarryT
ExploreZv9
LarryZ MichalQ SusanP ThomasN SundarI StepanX MatasY SusanA ClementO LarryT
DriveUltrav8
ThomasZ LarryZ ThomasC SundarI ThomasQ StepanN SergeyJ MatasM PrabhakarQ StepanG JenU PetarV SundarA MichalZ MaxA SusanC StepanX FionaZ NellyD PetarR
LoggingUltrav7
LarryN NellyI MaxZ ClementV SundarM MatasO StepanJ BenjaminV MatasR LarryW ThomasD SundarB MatasS
PatentsProv2
StefanK SergeyJ
MoonZv8
PrabhakarB FionaZ BakhodirA ThomasD PhilippT PrzemekA StefanZ RuthQ ClementJ ThomasE PrzemekC ThomasQ
ClassroomSv1
PhilippT LarryR SergeyG FionaZ PetarH MichalQ StefanU BakhodirM SergeyX SundarS MatasM ThomasQ HiroshiJ ThomasD TatiyanaX RuthP TatiyanaI FionaA
PhotoZv5
SundarS BakhodirA BakhodirG BakhodirP BenjaminJ LarryT FionaH SundarL NellyU NellyI TatiyanaM JenQ ClementX BenjaminD StefanA HiroshiR
ChromeOSMaxv5
StefanA BakhodirF RuthX PetarA SergeyX SergeyW NellyU JenQ LarryS PhilippY BenjaminN PetarK PrabhakarE PhilippJ TatiyanaO ThomasZ SundarO
ReleaseXv9
MatasO StepanW RuthP MatasS StefanX NellyV MatasH PrabhakarA LarryS BakhodirL BenjaminG StefanH BakhodirM RuthX FionaT PrzemekV MaxM ClementJ MaxB JenU StepanZ HiroshiG SergeyG MaxZ
SearchProv1
LarryT StepanN MaxA MatasO BenjaminY JenS FionaT TatiyanaO PrzemekM NellyU
FlightsLitev6
ClementX SergeyJ SergeyL BenjaminD PetarH MatasO RuthB RuthT RuthX BenjaminG BakhodirQ SusanK MatasF RuthM NellyD PetarK HiroshiG NellyC StefanW
ChatSv6
RuthF MatasM MatasO ClementW MatasT HiroshiB StefanK PrzemekH StepanD StepanK
CultureXv7
HiroshiI FionaT LarryT StefanZ TatiyanaT StefanA
AndroidTVZv9
SergeyX SusanP NellyU MaxM BakhodirP HiroshiL PetarK JenQ PrabhakarQ TatiyanaO StefanX FionaL BakhodirF
StreamProv9
MatasO PhilippY PhilippT PetarQ MaxH TatiyanaG NellyC PrabhakarL FionaA
StreetViewUltrav5
PrabhakarC RuthP SusanU MatasR JenU HiroshiI StefanH JenQ MaxZ BakhodirQ TatiyanaI BakhodirM LarryW SergeyK
DaydreamSv3
PrzemekN SergeyJ StepanJ FionaQ MaxM StefanH LarryS HiroshiI HiroshiT PrabhakarC PrzemekR LarryZ RuthQ JenS MatasK PrzemekC FionaK StefanY StefanA MatasF
CalendarXv2
HiroshiW BakhodirL MatasT PhilippO PrabhakarC MatasY BenjaminY ClementJ StefanK NellyU StepanW MichalY PrzemekV SusanR TatiyanaX ThomasO PhilippT
TravelXv4
SundarL SundarS PrabhakarB StepanD PrzemekH PhilippC ThomasC MaxH PetarA HiroshiT SergeyK
MoonSv2
NellyQ BakhodirT SergeyG MaxZ TatiyanaC LarryD LarryJ JenS RuthP SergeyK
ShortsSv8
ThomasD PhilippC PrabhakarB MichalY SusanC SergeyX ThomasC FionaA BenjaminV ThomasE RuthF SundarL NellyI NellyM LarryY
DreamSv5
TatiyanaT SundarD PhilippT JenU RuthB SusanH SergeyJ NellyG SergeyA PrabhakarQ BakhodirT ThomasC SundarI PrzemekC StepanK
VoiceLitev7
SusanA MaxM ThomasN PetarR ThomasO TatiyanaX HiroshiW RuthB PetarQ JenQ MaxE PrzemekC ClementX
DaydreamLitev9
PrzemekM PrabhakarN StepanN HiroshiT SergeyA FionaL LarryD StepanX HiroshiM PhilippJ SundarD BakhodirP HiroshiL MichalY BakhodirT SusanK MaxE BakhodirA LarryY
DatasetSearchMaxv2
RuthO SusanH MaxE FionaQ BakhodirP PetarR LarryT SusanP LarryJ RuthQ PrabhakarQ MatasM SusanT JenM TatiyanaM SusanU SundarL StepanJ LarryO PhilippL JenL
SmartXv7
SergeyJ
DocsLitev6
BakhodirL TatiyanaK SergeyW StefanZ TatiyanaC RuthT BenjaminJ MichalR RuthF StefanH SergeyJ BakhodirA SundarL RuthX SergeyY MichalQ StepanG HiroshiL
CultureXv6
TatiyanaC RuthO SergeyA FionaL StefanZ NellyD PrabhakarA MatasY BakhodirT BenjaminD TatiyanaI BakhodirM FionaK HiroshiM PhilippC BakhodirQ
CodeLitev4
LarryC MatasF StefanH SundarM NellyU PhilippT LarryD SusanU PetarH FionaT NellyG HiroshiM PhilippO HiroshiJ HiroshiT StepanK ThomasZ PrabhakarA BenjaminG BakhodirA MichalP BakhodirG MatasR MatasO
MoonProv6
RuthO TatiyanaX
ConnectXv4
MichalZ LarryG TatiyanaM SusanC SundarI StefanU SundarH
DatasetSearchUltrav3
StefanY BakhodirT StepanX
DaydreamXv7
TatiyanaI SusanR StefanY ClementJ TatiyanaM LarryC StepanC PetarR
SnapshotSv9
PrzemekR NellyU PhilippT SergeyG StepanK PrzemekV MaxM PrabhakarN MichalV ClementX
AndroidXv8
HiroshiB SusanR PrabhakarB MichalF
ConnectNextv7
LarryY BakhodirM MatasM SusanU
FeedBurnerNextv2
TatiyanaT BenjaminJ
MapsXv7
FionaZ NellyV StefanV BenjaminD ThomasI PhilippJ TatiyanaX SusanT MaxA SergeyJ BakhodirT TatiyanaC MatasT MatasY
VoiceMaxv8
PrabhakarE BakhodirF PetarV StepanZ NellyQ BakhodirA BakhodirG PrabhakarA PetarM PetarK StepanG RuthF LarryW StefanV StepanN SundarX ClementV RuthP PetarJ HiroshiB LarryR JenQ StepanD
CastOSZv5
RuthO PetarM LarryK RuthT StepanD MaxM StefanH SundarM BakhodirQ SundarI PetarH SundarS StefanY TatiyanaX PrzemekH StepanX BenjaminD MatasS LarryJ
YouTubeNextv4
SergeyQ StepanD PetarN RuthP LarryW PrzemekU SusanK
DuoZv1
MatasT TatiyanaX MatasS SusanA SundarS ThomasE StefanP PrabhakarL SundarD PhilippT BakhodirA LarryN ThomasZ RuthQ StefanV FionaA BenjaminN PrzemekM TatiyanaB
StadiaProv6
HiroshiD MaxK TatiyanaX NellyQ MatasM BenjaminJ BenjaminD ThomasI HiroshiJ StepanD StepanX PrzemekU PetarQ StepanZ LarryZ
BuildSv7
MichalV SusanA
GameSv1
HiroshiT HiroshiJ PhilippY PrabhakarN HiroshiR
SitesUltrav2
JenU BakhodirM StepanD BakhodirQ LarryJ LarryY LarryC PhilippI
SheetsMaxv8
StefanV
KeepLitev7
BakhodirT SusanC PhilippC ClementX PrzemekM SergeyW JenU MatasR NellyD SundarD BenjaminJ MaxB FionaG BakhodirL SundarS PrabhakarA StefanY BakhodirP StefanU StefanA SergeyJ MaxM PhilippE
StorageProv6
PrzemekH TatiyanaB BakhodirQ RuthQ SundarI TatiyanaK StepanN ClementX PhilippO MaxZ NellyC MaxH SusanY
SlidesLitev4
PrzemekF TatiyanaX ThomasO MaxH SundarM PhilippO
StreetViewSv4
SusanK StefanZ BakhodirQ MatasT RuthQ StepanC MatasH MaxH MichalZ
AlertsMaxv1
JenQ SundarL HiroshiW PrabhakarL BakhodirG FionaZ LarryR JenU HiroshiD SundarI TatiyanaT PhilippT RuthJ
SitesLitev9
RuthF JenL ClementW SundarM StepanC ThomasZ HiroshiR FionaH SergeyY BenjaminJ HiroshiC ClementQ BenjaminF HiroshiJ
PhoneSv3
PetarQ StefanA LarryZ MichalR
WearOSXv6
PhilippY PrabhakarE MaxB HiroshiW LarryT SergeyJ SusanC PetarM StepanN BakhodirQ BakhodirP SusanK SundarX MatasK
DreamXv8
SergeyQ LarryN SusanH BakhodirF
GroupsZv6
MaxB ClementI BenjaminY JenR PetarR PhilippA PrabhakarL PrzemekU BakhodirF SundarM SundarV ThomasD LarryK PhilippJ StefanH HiroshiL StepanV StepanK SundarJ MatasF
SecureUltrav1
TatiyanaM BakhodirL LarryR StefanX LarryJ SergeyY BenjaminJ StepanK PhilippT StepanG JenQ MaxK ClementI BakhodirM SusanP TatiyanaC StepanN PhilippK SergeyQ MatasF PetarH RuthT
CollectionsUltrav5
MichalY PrzemekU StepanG BakhodirG LarryK HiroshiI PrabhakarM PrabhakarE SergeyW PrzemekH ClementV BakhodirA StefanH
SnapshotZv6
ClementX PrzemekM SusanU RuthF StefanM PrabhakarL SergeyQ ThomasI BenjaminN NellyC SundarS PetarQ FionaL PhilippO
ArtsProv8
SergeyA MatasH SergeyY MaxA BakhodirL MatasK SundarS SusanK TatiyanaM BakhodirD SusanU RuthJ SundarA MatasS ClementW LarryD StefanM BenjaminV ThomasZ PetarW HiroshiG
DriveMaxv1
BakhodirF ThomasL ThomasD LarryR StepanX HiroshiL
SecureXv4
LarryT StepanZ
WearOSUltrav1
SergeyY LarryZ MatasK SundarA HiroshiG BenjaminO StepanK PrabhakarC PetarM BenjaminL BakhodirP StefanH MichalY SusanR LarryK BakhodirT StepanN BenjaminG SusanK
YouTubeNextv7
MaxB SergeyQ SusanH MatasM BenjaminF TatiyanaM SergeyJ ThomasI ClementV StepanD NellyU MichalQ SundarI ClementX SergeyY
ChromeMaxv8
RuthJ SusanK PrzemekV NellyU HiroshiI TatiyanaK HiroshiW MatasO PetarR
ShortsProv4
NellyI MatasY SergeyL HiroshiG BenjaminL LarryT RuthP RuthQ SergeyJ TatiyanaB StefanZ PetarV StepanC PrabhakarA ThomasE StefanQ StepanW BenjaminF StefanU LarryY
ConnectProv8
HiroshiB ThomasD BakhodirP MatasF MatasH PrzemekF SergeyL PrzemekR
FeedBurnerUltrav1
RuthM PrzemekN StepanW MichalR PetarQ StepanZ RuthF PrzemekC NellyG MatasH LarryT ThomasD PrabhakarE JenR HiroshiW HiroshiD MatasM PrzemekM
MoonNextv5
PetarA MaxM LarryK StefanZ MichalR StepanG StepanZ LarryT
FlightsSv7
MatasO PrzemekM PetarR SundarM BenjaminV FionaK MichalR StefanH JenS SergeyQ SergeyK
DaydreamProv9
LarryZ HiroshiJ MaxK RuthT SusanA PrzemekC PrzemekM PetarK StefanM
FuchsiaUltrav7
SergeyL SergeyQ PetarN MaxB SundarS MatasM PhilippC BakhodirT BakhodirO StefanU
TranslateProv9
BakhodirM MatasO
ShoppingMaxv1
BenjaminG JenU SergeyK PrzemekN JenS LarryJ LarryO
SantaTrackerXv8
MaxA BakhodirM PrzemekM JenS StefanV SergeyA SergeyK RuthQ MaxB MichalY JenQ FionaQ HiroshiG BakhodirA
WearOSProv6
SusanK ThomasQ TatiyanaX FionaA LarryW RuthT RuthX MichalV RuthP MaxZ ThomasI StepanW MaxB PrabhakarN PetarN MatasY
ChatSv1
ClementW HiroshiB RuthT PetarI MaxM PhilippK SergeyQ RuthQ StefanU MatasF
VideoNextv2
SundarS PetarN PhilippE MaxM
SlidesNextv6
TatiyanaO FionaL ClementI RuthF SusanC PrabhakarN MaxE BakhodirQ
KeepLitev3
TatiyanaM RuthQ LarryW FionaZ NellyV SusanP ClementJ MichalV PhilippO LarryV PhilippJ HiroshiT RuthJ
CalendarXv8
StefanH PetarV RuthP PrzemekR PetarA HiroshiG HiroshiM LarryZ NellyD HiroshiI RuthF SergeyY StepanR LarryS MatasO FionaZ ThomasE SundarL
AndroidNextv8
StefanU NellyV RuthO MichalY PetarK ThomasC MatasS LarryC BenjaminD JenQ PrzemekC FionaA SundarL PhilippK BakhodirM FionaT StepanG NellyG ThomasE RuthX RuthM StepanD SundarM NellyD
KeepUltrav5
LarryY PrabhakarA ThomasL LarryC FionaL
WebserverZv3
MaxM BenjaminJ SundarD RuthM LarryO StepanJ LarryY SergeyA PetarM RuthB TatiyanaX
DuoNextv1
SusanU StefanQ MichalF HiroshiT PetarM PhilippJ LarryZ BenjaminD PrabhakarC
SecureLitev1
RuthX SundarV SusanU FionaL PrabhakarC RuthQ PetarV PhilippT PrzemekR PhilippO ThomasZ ThomasO SusanH TatiyanaK MichalY
ScholarZv6
StefanQ BakhodirG NellyD TatiyanaI TatiyanaC HiroshiR PetarH LarryG MaxH PetarV HiroshiL ThomasZ
TravelSv1
SundarV StefanX SusanU SergeyJ StepanG RuthT LarryG TatiyanaL MatasT SusanC PetarI PhilippT
ClassroomUltrav5
BakhodirG BenjaminF NellyD FionaT SergeyW HiroshiD BakhodirL StefanX StefanA
FormsMaxv3
ThomasQ StepanD RuthM StepanX ThomasD MaxB BenjaminV NellyV MatasM MatasT PrabhakarQ MatasO StefanH FionaZ PrzemekV SundarL TatiyanaM TatiyanaI
SheetsProv1
RuthX SusanK StefanK HiroshiW StepanJ BenjaminD SergeyG FionaA TatiyanaO BenjaminY
SkyXv3
MaxK SergeyL PhilippK PrzemekH StefanZ MichalQ NellyD LarryY LarryZ LarryN PrabhakarB BakhodirF MaxA ClementI HiroshiQ
BloggerMaxv4
StefanK SusanH ClementI PrabhakarA MatasM FionaQ SundarX ClementJ RuthX PetarQ StepanD BakhodirM
ChromeProv8
BakhodirA StefanZ HiroshiT PetarN ClementI JenS MatasM PrzemekV SundarI MaxE MatasT JenQ MaxA NellyU StefanA BakhodirF LarryR MichalR BenjaminG PrzemekA PrzemekN SergeyA
AndroidTVNextv1
HiroshiG StefanT PhilippJ PrzemekC RuthX StefanX BakhodirM MaxM ClementX ThomasQ TatiyanaB StefanU LarryT PrzemekF NellyC StepanZ PetarA
ArtsUltrav1
SergeyL JenS PetarN PrzemekF MaxA ThomasD SusanH PetarR FionaZ HiroshiD LarryJ ClementI StefanH SundarD LarryN ThomasL PrzemekC PrabhakarL LarryO NellyG
DrawingsXv4
MichalV ClementW JenS StefanQ LarryT TatiyanaM StefanM SusanA SusanT PetarN RuthJ FionaZ ThomasC MichalR FionaA PrzemekF BakhodirO
SheetsLitev8
BenjaminF SusanH StepanD BakhodirL SundarD HiroshiW RuthT StepanW HiroshiB ThomasZ SergeyY SusanT FionaV LarryO SusanP ThomasQ StefanU MatasY
GameSv6
PrabhakarN MatasM SusanC StefanZ ClementQ SergeyK PrzemekN MatasR RuthQ ThomasC NellyQ StefanX HiroshiQ MatasK FionaT
MapsUltrav2
HiroshiW LarryN BakhodirF NellyG FionaK RuthT SundarI SusanR PrabhakarE
ChromeMaxv2
MatasP BenjaminN MichalR MatasH PrabhakarL TatiyanaB StefanX PrabhakarQ RuthM PetarK BakhodirM MaxZ PhilippO JenU PhilippC StepanD ClementI PrabhakarA
SheetsLitev7
RuthF SergeyQ RuthX HiroshiJ ThomasZ FionaA NellyG PrabhakarE SusanT MaxO PetarM StepanG
MarsUltrav9
SusanK SergeyW PetarM StefanK PrzemekR MatasO TatiyanaO BakhodirA HiroshiE FionaZ SundarD PhilippO MaxE SundarM MatasK LarryC HiroshiQ MatasY ThomasO MaxA HiroshiG FionaA MichalV StepanW
SlidesSv2
PhilippO LarryC FionaK LarryO LarryT ThomasZ PrzemekF PrzemekV SusanH PrzemekU TatiyanaK NellyG PhilippT SundarV LarryN BenjaminF ThomasE PrzemekR StefanX StefanZ ClementV
ChatSv4
ThomasC PhilippT StefanK JenU SusanU SergeyJ MichalG PrabhakarL TatiyanaO HiroshiG TatiyanaT PrabhakarC MichalF PhilippK HiroshiJ HiroshiW MatasY LarryK MatasH
CultureXv4
HiroshiT BakhodirM PrzemekR SundarX StefanK StepanR StefanH NellyV StefanU
ChromeOSSv5
MaxH StefanK StepanG SusanI StefanQ MatasO HiroshiB HiroshiM StepanC LarryZ BakhodirT MaxK HiroshiG PrzemekM SusanK MichalZ NellyD FionaZ PrzemekH
SlidesXv6
BakhodirL SusanR NellyG MatasK HiroshiQ FionaQ PetarH MatasH ThomasC SundarS ClementJ MaxZ TatiyanaG MaxM
SearchZv1
SusanD PrzemekC SusanU MichalY ThomasE TatiyanaX LarryN MatasK MaxM PrabhakarB StepanC
GameZv7
HiroshiG MaxK LarryG PetarN PhilippT PhilippJ BenjaminF ClementQ MichalR HiroshiI NellyG PrzemekN MatasP MatasO PrzemekR PrzemekM SusanP BakhodirG StepanW HiroshiM StefanQ ThomasZ ClementO
FinanceXv7
LarryD NellyD SusanP MaxZ PrabhakarE BakhodirQ FionaK BakhodirP SergeyL SergeyW PetarF RuthJ RuthQ ClementW LarryW
MapsSv3
MatasO
GlassOSNextv9
HiroshiB SusanP NellyC SusanU BenjaminN MaxZ HiroshiW LarryJ PetarK BakhodirQ ThomasE
SearchLitev7
StepanC LarryJ StepanK StefanM MichalR PetarH ThomasO
DriveUltrav3
StefanH StepanZ HiroshiG PhilippJ SusanH HiroshiQ ClementQ
GmailSv2
BakhodirT BakhodirL PetarH StefanQ MatasK ClementX BenjaminL StepanZ ClementV StefanX RuthX LarryY MatasY ThomasO RuthB SergeyA ThomasE TatiyanaI StefanM
SheetsZv3
MaxH PetarM MatasT LarryC PrabhakarQ SusanK TatiyanaK SundarA RuthF ClementQ LarryN
ChatNextv1
MaxZ SusanA RuthP ClementJ
SlidesZv5
PrabhakarN NellyQ SusanY StepanC SergeyY
ChatXv8
LarryG MatasH MaxH HiroshiW JenQ MichalQ BakhodirA SundarX HiroshiT SergeyK StefanV
GmailProv3
TatiyanaT PrabhakarA PhilippY RuthO PrzemekV SusanR BakhodirT FionaQ ThomasO LarryO StefanU MatasF SundarD SergeyQ PrzemekC BenjaminG MichalZ StefanM
CultureSv1
SusanD SusanU HiroshiW PhilippJ PrabhakarE StepanK MatasY StepanJ NellyG MaxH PhilippY FionaT HiroshiT
DatasetSearchLitev7
ThomasC NellyV MatasP FionaQ FionaT PetarA FionaL StefanZ PhilippO SergeyJ BenjaminD ThomasE MatasT SusanU LarryK
SheetsNextv4
TatiyanaT ThomasZ SusanH PetarA ClementX SundarS HiroshiW HiroshiB BakhodirO BakhodirA PetarK LarryY StepanC MichalZ TatiyanaX LarryG FionaK PrzemekC
VoiceXv1
PhilippJ BenjaminY PrzemekN PrabhakarB SergeyX HiroshiR PrzemekU StefanA ThomasI SergeyY MichalZ BenjaminG
SearchZv6
MatasK BakhodirM StefanV ClementW BenjaminY FionaQ LarryC StefanK SergeyY BenjaminV SundarI
DataProv8
JenL PrabhakarB StepanJ NellyQ SergeyY LarryC FionaZ MichalQ SundarS SergeyK MaxZ HiroshiD HiroshiI MaxB BenjaminJ HiroshiT SundarA NellyI PrabhakarC StefanY LarryS StepanK TatiyanaI
FeedBurnerNextv5
MichalQ MatasP StefanH ThomasN RuthB HiroshiB JenL PrzemekN NellyC PhilippT LarryE LarryR SundarD
SitesProv8
PrzemekM TatiyanaM SusanC LarryK ThomasQ StepanG SundarV ThomasO StepanK
BuildMaxv2
StefanY StefanU MaxK LarryC StepanC TatiyanaM MaxE FionaL NellyQ StepanG ClementW StepanK BakhodirT
FlightsProv7
StefanK PhilippY MichalY SundarX SusanY StefanZ FionaA NellyG RuthQ BakhodirO StepanN MaxE
PhoneNextv6
FionaH HiroshiQ PrabhakarE StefanH PhilippY MichalR SusanR ThomasL HiroshiR NellyC SusanH HiroshiM HiroshiB PrabhakarL StefanA ClementQ MatasO NellyQ HiroshiD PetarR NellyV MatasY RuthJ PhilippT
BooksNextv5
StepanD StefanV SusanA MatasT
LearnUltrav9
RuthO TatiyanaB RuthM PrabhakarN
AndroidTVMaxv7
PetarV LarryZ PetarR StepanR MichalG HiroshiB MatasH SundarX StepanJ ThomasL
BloggerProv5
LarryZ HiroshiD RuthJ BenjaminF PrzemekM SusanK JenL StefanQ
CurrentsUltrav8
MatasY SusanC StefanA JenS MaxE MatasF NellyQ PetarK JenQ PrabhakarA RuthJ LarryO BakhodirT PrabhakarN SusanR StepanK ClementQ MaxZ FionaL SergeyQ
WebserverSv8
PetarH StepanJ StepanN SusanK TatiyanaT FionaL
FuchsiaXv4
PhilippT BakhodirO MichalQ SundarD MaxA
FormsMaxv7
MatasT PetarH MaxH StefanA PrzemekN HiroshiT StefanM MatasR
FlightsMaxv7
LarryS BakhodirG PrzemekH RuthO MaxK MatasP PhilippO SundarI PrzemekR LarryT MichalV ClementV SusanY JenQ FionaK ThomasN MatasH PhilippS TatiyanaK SundarM SusanR HiroshiJ NellyR
CollectionsLitev4
ThomasZ PrzemekV SundarX SusanK NellyV RuthX StepanC SundarA PhilippJ PrabhakarA ClementX BakhodirT
DrawingsLitev8
TatiyanaI SusanT MichalY PetarK BakhodirG PrzemekT StefanA SundarL
LearnSv2
PetarV NellyQ StepanD ThomasD PhilippK MatasR JenQ StefanM StepanN StefanZ SergeyL SundarD LarryD PhilippO TatiyanaI
VideoSv8
StefanQ HiroshiG MatasF StefanA SergeyJ PhilippJ FionaQ MatasY PhilippC MaxZ PhilippY StefanX
CastOSNextv9
BenjaminJ NellyV LarryD MatasH PhilippK FionaZ SusanP StepanX SundarL RuthQ SergeyG
BuildXv3
PhilippO LarryJ MatasP MichalR RuthP MichalG StefanZ SergeyY PetarM PhilippJ PetarV ThomasE StepanD BakhodirT StepanW SergeyW SundarX SusanR ThomasZ StefanK TatiyanaK MatasT SusanK
DaydreamNextv3
RuthX MichalV SundarA ThomasZ PetarH BakhodirM PrzemekV ThomasD SergeyJ SergeyX PrzemekN StepanX TatiyanaT BakhodirG PrabhakarE
StorageUltrav3
MatasF RuthM PrabhakarN FionaZ ClementQ PrzemekU BenjaminV MatasS SergeyJ PetarV PetarR SergeyY MatasP MatasT NellyD BakhodirL RuthP
FuchsiaXv6
LarryG ThomasO HiroshiW StepanX LarryC StepanN HiroshiR
SearchNextv7
LarryK PrabhakarC ThomasE MaxB JenS PetarA SergeyG SusanK MichalQ
BloggerMaxv8
FionaA FionaZ MichalF RuthO StefanA MatasF TatiyanaG MatasH MatasO MichalQ StepanW FionaK PhilippO MatasR LarryO StefanY StefanK ClementV LarryG SusanD MaxH RuthQ
YouTubeLitev1
BakhodirP StepanK StefanU BakhodirO LarryN BakhodirG StepanX ClementQ ThomasE StepanZ ClementW StefanX PetarQ MichalZ LarryO MichalJ BenjaminJ BenjaminY ClementI SusanY SergeyW MatasM SusanP PetarV ThomasC
SantaTrackerMaxv6
SusanR PhilippY ClementJ SundarL FionaT ThomasE SergeyG
FinanceProv3
ClementQ LarryC BenjaminV StefanM SusanH StepanC FionaK
ConnectZv9
PrabhakarC MaxH SundarA TatiyanaO SusanA PrabhakarQ RuthF ThomasL ThomasZ PrzemekU ClementV TatiyanaB PrabhakarB RuthQ PetarM SundarX ThomasC StepanK NellyG
ArtsSv1
FionaK ClementX SusanP TatiyanaM
ScholarUltrav3
ThomasO MichalQ PhilippJ StepanC BakhodirQ PhilippO RuthQ ClementA TatiyanaX NellyG SusanT FionaL BakhodirM PetarQ LarryO SergeyL PrabhakarB BenjaminV LarryY
PixelNextv8
HiroshiB TatiyanaB SergeyG PrabhakarL BakhodirP BakhodirO SundarM JenL StepanZ BakhodirQ ThomasO TatiyanaG MatasY ThomasC PetarF HiroshiQ PetarH FionaL SergeyK SundarL ThomasE BakhodirM
FeedBurnerXv9
StepanD StepanX StefanU FionaQ SergeyA
AlertsProv1
JenQ RuthT TatiyanaI PrzemekU LarryD PrzemekV BenjaminY MatasS HiroshiM SergeyJ JenL SergeyX
NewsXv7
SundarV SusanH PhilippC StefanH TatiyanaK MichalF TatiyanaO SusanA
VoiceMaxv2
PetarV SergeyY HiroshiL
BooksProv9
PetarR BenjaminY ClementX PrabhakarL LarryG SusanH JenS BenjaminN TatiyanaB StepanZ PrabhakarQ
VideoProv1
MaxK PrabhakarA LarryD PrabhakarQ PetarH BakhodirM FionaT JenU MichalF TatiyanaM StefanZ PrzemekW StefanH StepanD StepanN TatiyanaX FionaA SusanY
BloggerProv3
MaxK HiroshiB LarryR FionaQ StepanF PetarM BakhodirA SergeyG MatasK ThomasN MichalV LarryO NellyU PhilippT TatiyanaH StefanY HiroshiM PrzemekN
PixelNextv9
MaxE SergeyY StefanU LarryK RuthF SusanH SundarH StefanQ LarryY ThomasM StefanX MaxM NellyG BakhodirA
ImagesUltrav9
BakhodirA ThomasO MatasK BakhodirQ PrzemekM ThomasD SusanR PrzemekR RuthT TatiyanaK SusanA MaxK MaxH SergeyJ LarryJ StepanZ JenS PetarK
GroupsLitev4
BenjaminL SergeyL MichalQ PrabhakarC BenjaminF SundarL MichalR
DrawingsProv5
BenjaminV StepanJ SergeyW StefanK StefanZ ThomasL StepanW TatiyanaK StepanC BakhodirP PetarF ClementV LarryS NellyT TatiyanaM SundarA StefanH ThomasZ
BooksLitev1
StepanX PetarK StefanK SergeyY BakhodirT StepanJ PhilippK MichalR ClementV StepanK BenjaminY NellyV FionaK NellyG ClementW BenjaminD StepanU MaxE
GroupsMaxv4
FionaL MatasP MichalZ PhilippK SundarV PhilippY SundarL PrabhakarL
SantaTrackerMaxv4
ThomasQ StefanZ NellyQ TatiyanaI PetarA PrzemekF TatiyanaO MichalV PrzemekN
StreetViewUltrav7
SergeyG MaxH NellyQ StefanX SundarX MaxE LarryD ThomasQ RuthO SundarS RuthJ HiroshiQ PrzemekN HiroshiD SundarM PhilippE PhilippJ MatasM ThomasD MichalQ SergeyJ PrzemekH ClementV PrzemekF BenjaminR
FlightsSv9
NellyD SergeyW TatiyanaI PetarV ThomasC PrabhakarN PhilippT TatiyanaT ClementJ RuthX BenjaminN SusanR
ChartsLitev8
LarryS StefanZ LarryT MatasO JenL PrzemekV PrabhakarN BenjaminJ MatasP FionaZ
OsProv3
PrabhakarQ FionaK MaxB PhilippK ClementQ StepanZ SergeyJ StefanY MaxA HiroshiJ
AndroidProv8
TatiyanaC RuthQ HiroshiI BenjaminF NellyQ BenjaminY SundarD BakhodirT ClementV StefanX LarryR LarryT MatasM LarryC BenjaminG PrabhakarC StepanR RuthJ PhilippT NellyD
ConnectNextv2
BakhodirL ThomasN HiroshiJ MaxJ MichalQ PrabhakarL SusanP StepanK StepanR SusanR MatasS NellyD PetarQ LarryG SusanA ThomasQ NellyQ JenQ MichalR HiroshiG RuthX LarryS PetarK
VideoMaxv2
HiroshiG SergeyL SergeyJ BenjaminY MichalY TatiyanaG MichalZ StepanW NellyD PrabhakarQ HiroshiW MichalI BenjaminN LarryC BakhodirL
ShoppingUltrav3
HiroshiI PrzemekV PhilippC BakhodirT RuthX HiroshiR MichalV StefanH SusanR PrzemekC MatasP ThomasO HiroshiQ JenQ SusanC PrabhakarE HiroshiW BakhodirM PetarH
SitesLitev3
BakhodirT HiroshiG RuthQ MatasO PhilippY BenjaminG StepanC RuthT PhilippT ClementJ SundarD
ConnectZv4
LarryY SundarS HiroshiT FionaL ThomasI PrzemekN MatasO TatiyanaB PhilippT SergeyG ClementI StepanG ThomasQ HiroshiW SusanK FionaQ ThomasO FionaT TatiyanaC
PhotoNextv8
LarryC StefanQ MichalZ BenjaminN ThomasO SundarM ThomasD SusanY PrzemekU PetarM TatiyanaO PhilippO StepanN StepanG HiroshiQ PrzemekN SundarA BakhodirG PhilippT PrzemekC BakhodirA
SlidesMaxv2
SundarL SergeyK BakhodirT NellyC PrabhakarA SergeyJ BenjaminY PetarQ BakhodirQ MatasR SusanY BenjaminD MatasT HiroshiD ThomasL HiroshiL LarryE ThomasO TatiyanaT LarryR BenjaminJ LarryG StefanK
DrawingsProv2
JenU MatasS SusanA TatiyanaO
FuchsiaNextv3
LarryO HiroshiB SundarS LarryS StefanU SundarD RuthF ClementX ThomasL PhilippK StefanQ StepanC BenjaminF SusanK ClementU HiroshiT BakhodirP TatiyanaX BakhodirG TatiyanaG SergeyG
DreamXv7
NellyG StefanM MatasT SundarV TatiyanaO ClementX FionaL NellyD SusanT FionaA ClementV PrzemekN BenjaminL MatasH
FinanceNextv6
PetarH MatasO ThomasC SusanA RuthB FionaA StefanM ClementJ HiroshiL NellyG MaxE BakhodirT MatasY MatasS RuthO ClementX MichalG StefanK MichalY SusanC
ReleaseZv6
PetarN StefanH StepanG MatasF SergeyW TatiyanaM SusanH StefanY SundarL ThomasQ SusanK BakhodirL LarryW PhilippK JenU TatiyanaG BakhodirG
SheetsNextv8
FionaT SergeyL FionaK PhilippJ MatasH MatasR LarryZ BenjaminJ BenjaminV SusanY NellyU ClementJ BakhodirD MichalZ SergeyW HiroshiL SusanT StepanD SergeyN
SecureProv5
MatasF PrzemekU TatiyanaK FionaA StefanZ PetarM HiroshiW ThomasI PhilippY BakhodirF PhilippK ThomasL LarryC SusanA PhilippO
StreamSv6
TatiyanaK PrabhakarE StepanZ StefanH
ExploreXv6
ThomasE BakhodirG MatasF BenjaminN ClementX TatiyanaK PrzemekH MatasO SergeyQ MichalR MaxH SergeyW MaxE MichalZ MaxK ClementQ RuthT NellyD RuthK SergeyX
MoonUltrav2
LarryY PrzemekN StefanU BenjaminV RuthM NellyQ MatasP HiroshiT StepanZ SusanU FionaQ BenjaminD PrabhakarB ClementX MatasO PrabhakarA TatiyanaK TatiyanaT
ResearchNextv9
SusanY SundarL MatasH SergeyL PhilippJ BakhodirT StepanC RuthO FionaT ThomasE SundarA BenjaminO NellyD MatasS LarryG BenjaminL NellyC PrabhakarB FionaZ ThomasI BakhodirL LarryN ClementV HiroshiI
StreetViewSv9
PrabhakarL BenjaminL LarryG StepanC PrabhakarE TatiyanaX SergeyX SusanK PetarK RuthM TatiyanaT StefanQ SundarM StefanH StefanX HiroshiL
FuchsiaNextv5
TatiyanaT MatasP BakhodirG StepanX MatasF JenQ ThomasC SundarM PhilippJ StepanR TatiyanaK SusanA BakhodirA SusanR PetarR StefanH HiroshiD JenU
DatabaseSv1
StepanX BenjaminD LarryN HiroshiB TatiyanaB StepanD SundarV PrabhakarQ RuthT LarryC PetarM StefanQ NellyC BakhodirT ClementQ ClementX MatasO SusanC TatiyanaX
DrawingsUltrav7
TatiyanaM PrabhakarB LarryK MichalR PrzemekM TatiyanaT BakhodirG PrzemekN PhilippO ThomasD SergeyK TatiyanaG ClementI RuthO NellyU MatasY SundarM FionaQ SergeyW MatasS MatasK LarryJ StepanG BakhodirM
ShortsProv9
FionaK RuthM BenjaminL StefanX MichalZ BakhodirP StefanH MatasT TatiyanaB PetarQ SundarM PrzemekH StepanW MichalR HiroshiQ BenjaminJ HiroshiG BenjaminD
FlightsZv9
LarryT SusanK NellyG MichalY BakhodirF SergeyY
MeetXv5
MaxK HiroshiL HiroshiT JenS SusanR PrzemekU NellyD SusanA StefanK FionaZ StepanZ MichalG MichalQ BakhodirQ ThomasI RuthM PrabhakarL HiroshiG LarryY ThomasM PrabhakarB SundarL ThomasO PetarK PrzemekN
SantaTrackerXv6
PhilippJ ClementV HiroshiJ SusanY JenS StepanW BakhodirO PrabhakarC PrzemekN PrabhakarE HiroshiW ThomasN ClementI TatiyanaM PrabhakarQ SundarX SundarD TatiyanaC
SecureNextv1
LarryZ FionaK HiroshiL PrzemekV StepanR SusanU LarryR SundarM RuthO PhilippT ClementX LarryC PrabhakarA ThomasE StefanQ MaxH MatasY LarryK BakhodirQ HiroshiW RuthQ HiroshiO BakhodirL HiroshiR MaxE
TranslateZv6
MichalF MichalG PetarV NellyD BenjaminF MichalV
StorageUltrav9
HiroshiG ThomasI BenjaminF BenjaminD SusanR NellyD ThomasD MaxK BenjaminG PrzemekF PhilippT BakhodirO StefanQ MichalY MaxZ StepanJ PrzemekH PrzemekN
ClassroomProv6
SergeyK SergeyJ SusanU PrzemekU ThomasE PetarH HiroshiD NellyC MaxB LarryR LarryN TatiyanaB MaxM HiroshiI PhilippO SusanY
GameZv4
SergeyL FionaL MaxB RuthM HiroshiJ SergeyJ PrzemekF LarryJ MichalR StepanN RuthJ MichalY PetarM ThomasC
FlightsUltrav2
RuthB SundarL LarryN NellyD SusanU TatiyanaC StefanU PrabhakarQ
PatentsXv2
SergeyG SusanH PrzemekF LarryW MatasY PhilippC BakhodirF FionaK MaxZ ClementX SusanK MichalG PetarA LarryZ HiroshiM JenL MichalM ThomasZ HiroshiO ThomasN BakhodirP
ArtsUltrav6
SergeyY LarryR LarryK PetarN StepanG HiroshiM BakhodirF PrabhakarB BakhodirA MichalQ MaxE PetarK LarryY RuthT MichalY TatiyanaI
PatentsZv1
FionaT SusanU ThomasE LarryR RuthJ StepanZ MatasY StefanM MichalR LarryY ThomasM PhilippY NellyQ FionaL LarryD MichalV
BooksNextv2
BakhodirA PetarK FionaQ PetarR StepanZ LarryO SundarX StefanZ StefanH TatiyanaT MichalR ThomasD MatasH BakhodirF StefanK PrzemekA StepanW BakhodirQ
BuildMaxv9
LarryJ NellyG HiroshiJ BakhodirM SergeyK MichalG MatasO BakhodirA BenjaminD HiroshiM SusanU ClementQ
SmartSv5
SergeyA BenjaminG MichalG SusanP LarryR SergeyQ PetarV BenjaminJ PrzemekV MichalR FionaL NellyD SundarA SusanU PrzemekH PrzemekF FionaT HiroshiL PhilippT TatiyanaC SusanY
AndroidUltrav2
PetarK PrabhakarB BenjaminY BakhodirL MichalG LarryC BenjaminV ThomasD HiroshiL SusanR SundarL ThomasI PrabhakarA TatiyanaK NellyQ LarryR StefanX ThomasL MatasK PhilippK StepanG SergeyK PrabhakarE
DocsLitev4
StefanU MatasH LarryY SergeyW StepanZ SundarH SergeyG JenL StefanH MatasM TatiyanaI StepanG PetarR SusanC LarryO
BuildSv6
StefanH PetarH RuthJ MichalV PetarQ TatiyanaB TatiyanaC StefanM ThomasL BenjaminY BenjaminN StefanV TatiyanaM ThomasI PetarK MatasS LarryO TatiyanaI
ChromeOSLitev2
StefanM StefanU MaxA MichalQ StefanA PetarM ThomasO StepanJ RuthJ TatiyanaC PrabhakarQ PhilippJ SusanH PrzemekR HiroshiB StepanX
SheetsProv6
BakhodirQ ClementI SergeyX TatiyanaB PhilippT BenjaminN MichalG TatiyanaX NellyG StefanA RuthX LarryJ BenjaminL
ExploreNextv9
StepanZ StefanU SusanR ClementV FionaL RuthM LarryD MatasM BenjaminY SergeyK BakhodirA ClementI NellyI HiroshiW PhilippT StefanY SundarS ThomasC PhilippC TatiyanaB TatiyanaK ThomasZ SusanP JenQ
AndroidXv3
HiroshiW TatiyanaK HiroshiR BakhodirT LarryK PrabhakarM SusanP BakhodirP TatiyanaG ThomasD NellyU
DuoMaxv6
ThomasN RuthP SusanA HiroshiB PrabhakarC PrzemekN JenQ LarryJ TatiyanaK PrabhakarE
FormsUltrav1
StefanX MichalG BakhodirP HiroshiM BakhodirF FionaA StepanW StefanH ClementX HiroshiJ SundarA LarryZ HiroshiI StefanK FionaH PrabhakarN PhilippY TatiyanaX PetarQ ClementY PetarA MatasH LarryG TatiyanaO TatiyanaK
ChartsSv5
SergeyJ MaxH BakhodirO MatasK MaxK SergeyY SusanI SusanC FionaA ClementQ ClementX TatiyanaM SundarL PetarN MaxM
ChromeXv1
SundarX PrabhakarN TatiyanaM HiroshiG StefanZ LarryO HiroshiL StefanT RuthB RuthT SundarS SergeyL SundarL FionaA MatasP PrzemekV StefanM PhilippE BakhodirP StefanQ
DrawingsLitev2
MichalF PrzemekV ClementW RuthQ StepanK BenjaminV
WearOSXv7
BakhodirF MatasF HiroshiB SusanT JenL PhilippK PrzemekU StefanQ MichalZ TatiyanaC SergeyL PetarK HiroshiK PetarH PhilippT PhilippO RuthJ BenjaminF LarryY NellyI ThomasM ThomasZ StepanX NellyC
PhoneSv6
SergeyY BenjaminD ThomasZ SergeyX BakhodirL SergeyG LarryG SergeyQ ClementJ StefanM LarryC PrabhakarE SundarL LarryJ PrabhakarC BakhodirA MaxB LarryN StefanZ RuthQ
PhotoLitev4
SergeyQ HiroshiM MaxZ MatasY TatiyanaI StefanU FionaD TatiyanaX NellyV SusanH MatasH StefanA
StreetViewUltrav2
RuthB MichalG StefanM PrabhakarQ BenjaminV HiroshiL MatasP MatasF StepanN SundarS MatasM SundarM SundarA StefanZ MaxE BakhodirB HiroshiR LarryJ ClementV FionaT
DatasetSearchProv5
JenS RuthQ HiroshiD PrzemekU StefanX NellyV HiroshiB TatiyanaO FionaT TatiyanaK
TranslateNextv7
RuthJ NellyV MatasT StefanQ PhilippJ BenjaminL ThomasE HiroshiQ MatasK NellyC PrzemekN FionaL StepanN SusanK StefanM MatasR PrzemekR StepanD TatiyanaK PhilippO
FlightsNextv4
SusanC BenjaminV BakhodirQ PrabhakarE ClementQ ThomasV PrabhakarC
DatabaseSv8
BenjaminY BakhodirT StefanQ FionaZ NellyI MichalQ StefanZ SusanY
AssistantNextv4
LarryS MichalZ BenjaminV StepanW ClementW StepanD SergeyL PetarH
GlassOSUltrav3
LarryC PrabhakarL StefanH RuthF PrabhakarC BakhodirO PetarK SusanH SergeyK ClementI JenS SusanU BakhodirT
TranslateXv3
PetarV PrabhakarE HiroshiJ RuthX StefanQ PrzemekF BenjaminV LarryN NellyI
SkyProv7
HiroshiJ RuthO PrabhakarQ StefanM RuthX BenjaminN MichalG PhilippO BenjaminD FionaH SusanY JenS MichalZ ThomasI PhilippT TatiyanaW MatasY StefanU BakhodirB
ClassroomNextv9
LarryO PhilippO HiroshiT SergeyX HiroshiG StepanW MichalY SusanC LarryG MaxH MaxM StefanY SusanY StefanA ClementQ SusanK PetarH PrzemekP NellyI
LearnSv3
ThomasD RuthX RuthF MichalZ HiroshiL ClementX NellyQ SundarJ BakhodirL FionaA NellyV PhilippC LarryD NellyD BenjaminV HiroshiB SergeyQ BakhodirT SergeyL ClementQ MatasH JenE MaxO
SkySv6
SergeyA HiroshiW MaxH SergeyL RuthX MatasS SundarL LarryZ StepanJ MaxM ClementQ ThomasZ PrzemekU PrzemekR PhilippC RuthP MaxE StefanQ SundarA HiroshiO ClementJ SundarD
StadiaXv3
PrzemekC StepanW PetarQ MatasY PrabhakarC StepanJ StefanM MatasO MichalY StefanV HiroshiD SergeyK LarryC SusanC RuthT MichalZ PhilippC JenQ
CastOSUltrav4
BakhodirT JenE RuthB ClementV LarryR StefanU PrzemekM RuthT LarryO ClementI HiroshiD RuthP FionaT PrabhakarQ PrzemekH NellyI ClementQ FionaQ FionaG NellyV
DaydreamUltrav4
HiroshiD BakhodirO PetarK StepanW MichalG MatasR BakhodirQ RuthQ HiroshiL RuthJ LarryW BakhodirA StefanM MaxM StefanV StepanC FionaT StepanN
ChatZv3
MichalG NellyQ PrzemekV SergeyY PetarH PrzemekU TatiyanaX BakhodirM MatasP PrzemekN ClementX PhilippJ MatasY PrabhakarE StefanC PrabhakarQ ClementU SundarX SusanU MichalY ClementI PhilippC
SearchZv8
TatiyanaT MaxM BenjaminG BenjaminF ThomasI HiroshiI MatasO PhilippY PetarM MichalR MichalP NellyV StepanW MatasT MatasF PetarV FionaZ MaxZ LarryT FionaA
GlassOSLitev5
SergeyL PrzemekH MatasH SergeyG FionaQ LarryW MichalV HiroshiB MaxH StepanG SergeyA SusanI HiroshiV MaxK
SkyLitev8
MatasK BenjaminD RuthO SusanT HiroshiD LarryJ PhilippT ThomasZ MichalZ PrzemekU PetarV MaxH FionaA JenU HiroshiT MatasR StefanH MaxZ PrzemekC ClementQ TatiyanaT FionaK TatiyanaH
GroupsMaxv5
HiroshiT HiroshiG ThomasE TatiyanaK SusanY FionaT SusanC SusanU BakhodirM BakhodirT SergeyG NellyG PrzemekB HiroshiD BakhodirP StepanZ PetarF MaxH MatasS ClementX HiroshiW
